Fitter report for FNGDAS8
Fri Jul 11 16:36:46 2008
Version 6.0 Build 178 04/27/2006 SJ Full Version


---------------------
; Table of Contents ;
---------------------
  1. Legal Notice
  2. Fitter Summary
  3. Fitter Settings
  4. Pin-Out File
  5. Fitter Resource Usage Summary
  6. Input Pins
  7. Output Pins
  8. I/O Bank Usage
  9. All Package Pins
 10. Output Pin Default Load For Reported TCO
 11. Fitter Resource Utilization by Entity
 12. Delay Chain Summary
 13. Pad To Core Delay Chain Fanout
 14. Control Signals
 15. Global & Other Fast Signals
 16. Non-Global High Fan-Out Signals
 17. Fitter RAM Summary
 18. Interconnect Usage Summary
 19. LAB Logic Elements
 20. LAB-wide Signals
 21. LAB Signals Sourced
 22. LAB Signals Sourced Out
 23. LAB Distinct Inputs
 24. Fitter Device Options
 25. Advanced Data - General
 26. Advanced Data - Placement Preparation
 27. Advanced Data - Placement
 28. Advanced Data - Routing
 29. Fitter Messages



----------------
; Legal Notice ;
----------------
Copyright (C) 1991-2006 Altera Corporation
Your use of Altera Corporation's design tools, logic functions 
and other software and tools, and its AMPP partner logic 
functions, and any output files any of the foregoing 
(including device programming or simulation files), and any 
associated documentation or information are expressly subject 
to the terms and conditions of the Altera Program License 
Subscription Agreement, Altera MegaCore Function License 
Agreement, or other applicable license agreement, including, 
without limitation, that your use is for the sole purpose of 
programming logic devices manufactured by Altera and sold by 
Altera or its authorized distributors.  Please refer to the 
applicable agreement for further details.



+------------------------------------------------------------------+
; Fitter Summary                                                   ;
+-----------------------+------------------------------------------+
; Fitter Status         ; Successful - Fri Jul 11 16:36:46 2008    ;
; Quartus II Version    ; 6.0 Build 178 04/27/2006 SJ Full Version ;
; Revision Name         ; FNGDAS8                                  ;
; Top-level Entity Name ; fngdas8                                  ;
; Family                ; Cyclone                                  ;
; Device                ; EP1C12Q240C8                             ;
; Timing Models         ; Final                                    ;
; Total logic elements  ; 54 / 12,060 ( < 1 % )                    ;
; Total pins            ; 36 / 173 ( 21 % )                        ;
; Total virtual pins    ; 0                                        ;
; Total memory bits     ; 2,048 / 239,616 ( < 1 % )                ;
; Total PLLs            ; 0 / 2 ( 0 % )                            ;
+-----------------------+------------------------------------------+


+----------------------------------------------------------------------------------------------------------------------+
; Fitter Settings                                                                                                      ;
+----------------------------------------------------+--------------------------------+--------------------------------+
; Option                                             ; Setting                        ; Default Value                  ;
+----------------------------------------------------+--------------------------------+--------------------------------+
; Device                                             ; EP1C12Q240C8                   ;                                ;
; Use smart compilation                              ; On                             ; Off                            ;
; Router Timing Optimization Level                   ; Normal                         ; Normal                         ;
; Placement Effort Multiplier                        ; 1.0                            ; 1.0                            ;
; Router Effort Multiplier                           ; 1.0                            ; 1.0                            ;
; Optimize Hold Timing                               ; IO Paths and Minimum TPD Paths ; IO Paths and Minimum TPD Paths ;
; Optimize Fast-Corner Timing                        ; Off                            ; Off                            ;
; Optimize Timing                                    ; Normal compilation             ; Normal compilation             ;
; Optimize IOC Register Placement for Timing         ; On                             ; On                             ;
; Limit to One Fitting Attempt                       ; Off                            ; Off                            ;
; Final Placement Optimizations                      ; Automatically                  ; Automatically                  ;
; Fitter Aggressive Routability Optimizations        ; Automatically                  ; Automatically                  ;
; Fitter Initial Placement Seed                      ; 1                              ; 1                              ;
; Slow Slew Rate                                     ; Off                            ; Off                            ;
; PCI I/O                                            ; Off                            ; Off                            ;
; Weak Pull-Up Resistor                              ; Off                            ; Off                            ;
; Enable Bus-Hold Circuitry                          ; Off                            ; Off                            ;
; Auto Global Memory Control Signals                 ; Off                            ; Off                            ;
; Auto Packed Registers -- Cyclone                   ; Auto                           ; Auto                           ;
; Auto Delay Chains                                  ; On                             ; On                             ;
; Auto Merge PLLs                                    ; On                             ; On                             ;
; Perform Physical Synthesis for Combinational Logic ; Off                            ; Off                            ;
; Perform Register Duplication                       ; Off                            ; Off                            ;
; Perform Register Retiming                          ; Off                            ; Off                            ;
; Perform Asynchronous Signal Pipelining             ; Off                            ; Off                            ;
; Fitter Effort                                      ; Auto Fit                       ; Auto Fit                       ;
; Physical Synthesis Effort Level                    ; Normal                         ; Normal                         ;
; Logic Cell Insertion - Logic Duplication           ; Auto                           ; Auto                           ;
; Auto Register Duplication                          ; Auto                           ; Auto                           ;
; Auto Global Clock                                  ; On                             ; On                             ;
; Auto Global Register Control Signals               ; On                             ; On                             ;
+----------------------------------------------------+--------------------------------+--------------------------------+


+--------------+
; Pin-Out File ;
+--------------+
The pin-out file can be found in E:/Projects/CIC-560/6-9 fngdas8/FNGDAS8.pin.


+-------------------------------------------------------------------------+
; Fitter Resource Usage Summary                                           ;
+---------------------------------------------+---------------------------+
; Resource                                    ; Usage                     ;
+---------------------------------------------+---------------------------+
; Total logic elements                        ; 54 / 12,060 ( < 1 % )     ;
;     -- Combinational with no register       ; 19                        ;
;     -- Register only                        ; 0                         ;
;     -- Combinational with a register        ; 35                        ;
;                                             ;                           ;
; Logic element usage by number of LUT inputs ;                           ;
;     -- 4 input functions                    ; 0                         ;
;     -- 3 input functions                    ; 27                        ;
;     -- 2 input functions                    ; 25                        ;
;     -- 1 input functions                    ; 2                         ;
;     -- 0 input functions                    ; 0                         ;
;                                             ;                           ;
; Logic elements by mode                      ;                           ;
;     -- normal mode                          ; 23                        ;
;     -- arithmetic mode                      ; 31                        ;
;     -- qfbk mode                            ; 1                         ;
;     -- register cascade mode                ; 0                         ;
;     -- synchronous clear/load mode          ; 1                         ;
;     -- asynchronous clear/load mode         ; 0                         ;
;                                             ;                           ;
; Total LABs                                  ; 8 / 1,206 ( < 1 % )       ;
; Logic elements in carry chains              ; 33                        ;
; User inserted logic elements                ; 0                         ;
; Virtual pins                                ; 0                         ;
; I/O pins                                    ; 36 / 173 ( 21 % )         ;
;     -- Clock pins                           ; 1 / 2 ( 50 % )            ;
; Global signals                              ; 2                         ;
; M4Ks                                        ; 1 / 52 ( 2 % )            ;
; Total memory bits                           ; 2,048 / 239,616 ( < 1 % ) ;
; Total RAM block bits                        ; 4,608 / 239,616 ( 2 % )   ;
; PLLs                                        ; 0 / 2 ( 0 % )             ;
; Global clocks                               ; 2 / 8 ( 25 % )            ;
; Maximum fan-out node                        ; cnt[6]                    ;
; Maximum fan-out                             ; 21                        ;
; Highest non-global fan-out signal           ; sweep                     ;
; Highest non-global fan-out                  ; 16                        ;
; Total fan-out                               ; 209                       ;
; Average fan-out                             ; 2.30                      ;
+---------------------------------------------+---------------------------+


+----------------------------------------------------------------------------------------------------------------------------------------------------------------------------------------------------------------------------------------------------------------+
; Input Pins                                                                                                                                                                                                                                                     ;
+----------+-------+----------+--------------+--------------+-------------+-----------------------+--------------------+--------+----------------+---------------+-----------------+----------+--------------+--------------+-------------+----------------------+
; Name     ; Pin # ; I/O Bank ; X coordinate ; Y coordinate ; Cell number ; Combinational Fan-Out ; Registered Fan-Out ; Global ; Input Register ; Power Up High ; PCI I/O Enabled ; Bus Hold ; Weak Pull Up ; I/O Standard ; Termination ; Location assigned by ;
+----------+-------+----------+--------------+--------------+-------------+-----------------------+--------------------+--------+----------------+---------------+-----------------+----------+--------------+--------------+-------------+----------------------+
; a[0]     ; 166   ; 3        ; 53           ; 22           ; 1           ; 1                     ; 0                  ; no     ; no             ; no            ; no              ; no       ; Off          ; LVTTL        ; Off         ; User                 ;
; a[1]     ; 165   ; 3        ; 53           ; 22           ; 2           ; 1                     ; 0                  ; no     ; no             ; no            ; no              ; no       ; Off          ; LVTTL        ; Off         ; User                 ;
; a[2]     ; 164   ; 3        ; 53           ; 21           ; 0           ; 1                     ; 0                  ; no     ; no             ; no            ; no              ; no       ; Off          ; LVTTL        ; Off         ; User                 ;
; clock    ; 28    ; 1        ; 0            ; 15           ; 2           ; 19                    ; 0                  ; yes    ; no             ; no            ; no              ; no       ; Off          ; LVTTL        ; Off         ; User                 ;
; freq[0]  ; 1     ; 1        ; 0            ; 26           ; 0           ; 1                     ; 0                  ; no     ; no             ; no            ; no              ; no       ; Off          ; LVTTL        ; Off         ; User                 ;
; freq[10] ; 47    ; 1        ; 0            ; 5            ; 2           ; 1                     ; 0                  ; no     ; no             ; no            ; no              ; no       ; Off          ; LVTTL        ; Off         ; User                 ;
; freq[11] ; 48    ; 1        ; 0            ; 4            ; 0           ; 1                     ; 0                  ; no     ; no             ; no            ; no              ; no       ; Off          ; LVTTL        ; Off         ; User                 ;
; freq[12] ; 49    ; 1        ; 0            ; 4            ; 1           ; 1                     ; 0                  ; no     ; no             ; no            ; no              ; no       ; Off          ; LVTTL        ; Off         ; User                 ;
; freq[13] ; 50    ; 1        ; 0            ; 4            ; 2           ; 1                     ; 0                  ; no     ; no             ; no            ; no              ; no       ; Off          ; LVTTL        ; Off         ; User                 ;
; freq[14] ; 53    ; 1        ; 0            ; 3            ; 0           ; 1                     ; 0                  ; no     ; no             ; no            ; no              ; no       ; Off          ; LVTTL        ; Off         ; User                 ;
; freq[15] ; 54    ; 1        ; 0            ; 3            ; 1           ; 1                     ; 0                  ; no     ; no             ; no            ; no              ; no       ; Off          ; LVTTL        ; Off         ; User                 ;
; freq[1]  ; 2     ; 1        ; 0            ; 26           ; 1           ; 1                     ; 0                  ; no     ; no             ; no            ; no              ; no       ; Off          ; LVTTL        ; Off         ; User                 ;
; freq[2]  ; 3     ; 1        ; 0            ; 25           ; 0           ; 1                     ; 0                  ; no     ; no             ; no            ; no              ; no       ; Off          ; LVTTL        ; Off         ; User                 ;
; freq[3]  ; 4     ; 1        ; 0            ; 25           ; 1           ; 1                     ; 0                  ; no     ; no             ; no            ; no              ; no       ; Off          ; LVTTL        ; Off         ; User                 ;
; freq[4]  ; 5     ; 1        ; 0            ; 25           ; 2           ; 1                     ; 0                  ; no     ; no             ; no            ; no              ; no       ; Off          ; LVTTL        ; Off         ; User                 ;
; freq[5]  ; 6     ; 1        ; 0            ; 24           ; 0           ; 1                     ; 0                  ; no     ; no             ; no            ; no              ; no       ; Off          ; LVTTL        ; Off         ; User                 ;
; freq[6]  ; 7     ; 1        ; 0            ; 24           ; 1           ; 1                     ; 0                  ; no     ; no             ; no            ; no              ; no       ; Off          ; LVTTL        ; Off         ; User                 ;
; freq[7]  ; 8     ; 1        ; 0            ; 24           ; 2           ; 1                     ; 0                  ; no     ; no             ; no            ; no              ; no       ; Off          ; LVTTL        ; Off         ; User                 ;
; freq[8]  ; 45    ; 1        ; 0            ; 5            ; 0           ; 1                     ; 0                  ; no     ; no             ; no            ; no              ; no       ; Off          ; LVTTL        ; Off         ; User                 ;
; freq[9]  ; 46    ; 1        ; 0            ; 5            ; 1           ; 1                     ; 0                  ; no     ; no             ; no            ; no              ; no       ; Off          ; LVTTL        ; Off         ; User                 ;
; frqm[0]  ; 173   ; 3        ; 53           ; 24           ; 2           ; 1                     ; 0                  ; no     ; no             ; no            ; no              ; no       ; Off          ; LVTTL        ; Off         ; User                 ;
; frqm[1]  ; 170   ; 3        ; 53           ; 23           ; 0           ; 1                     ; 0                  ; no     ; no             ; no            ; no              ; no       ; Off          ; LVTTL        ; Off         ; User                 ;
; setab    ; 169   ; 3        ; 53           ; 23           ; 1           ; 1                     ; 0                  ; no     ; no             ; no            ; no              ; no       ; Off          ; LVTTL        ; Off         ; User                 ;
; sweep    ; 168   ; 3        ; 53           ; 23           ; 2           ; 16                    ; 0                  ; no     ; no             ; no            ; no              ; no       ; Off          ; LVTTL        ; Off         ; User                 ;
+----------+-------+----------+--------------+--------------+-------------+-----------------------+--------------------+--------+----------------+---------------+-----------------+----------+--------------+--------------+-------------+----------------------+


+-----------------------------------------------------------------------------------------------------------------------------------------------------------------------------------------------------------------------------------------------------------------------------------------------------------+
; Output Pins                                                                                                                                                                                                                                                                                               ;
+--------+-------+----------+--------------+--------------+-------------+-----------------+------------------------+---------------+----------------+-----------------+------------+---------------+----------+--------------+--------------+------------------+-------------+----------------------+-------+
; Name   ; Pin # ; I/O Bank ; X coordinate ; Y coordinate ; Cell number ; Output Register ; Output Enable Register ; Power Up High ; Slow Slew Rate ; PCI I/O Enabled ; Open Drain ; TRI Primitive ; Bus Hold ; Weak Pull Up ; I/O Standard ; Current Strength ; Termination ; Location assigned by ; Load  ;
+--------+-------+----------+--------------+--------------+-------------+-----------------+------------------------+---------------+----------------+-----------------+------------+---------------+----------+--------------+--------------+------------------+-------------+----------------------+-------+
; cs     ; 195   ; 2        ; 44           ; 27           ; 0           ; no              ; no                     ; no            ; no             ; no              ; no         ; no            ; no       ; Off          ; LVTTL        ; 24mA             ; Off         ; User                 ; 10 pF ;
; fout   ; 163   ; 3        ; 53           ; 21           ; 1           ; no              ; no                     ; no            ; no             ; no              ; no         ; no            ; no       ; Off          ; LVTTL        ; 24mA             ; Off         ; User                 ; 10 pF ;
; pdo[0] ; 180   ; 3        ; 53           ; 26           ; 0           ; no              ; no                     ; no            ; no             ; no              ; no         ; no            ; no       ; Off          ; LVTTL        ; 24mA             ; Off         ; User                 ; 10 pF ;
; pdo[1] ; 181   ; 2        ; 52           ; 27           ; 0           ; no              ; no                     ; no            ; no             ; no              ; no         ; no            ; no       ; Off          ; LVTTL        ; 24mA             ; Off         ; User                 ; 10 pF ;
; pdo[2] ; 182   ; 2        ; 52           ; 27           ; 1           ; no              ; no                     ; no            ; no             ; no              ; no         ; no            ; no       ; Off          ; LVTTL        ; 24mA             ; Off         ; User                 ; 10 pF ;
; pdo[3] ; 183   ; 2        ; 50           ; 27           ; 0           ; no              ; no                     ; no            ; no             ; no              ; no         ; no            ; no       ; Off          ; LVTTL        ; 24mA             ; Off         ; User                 ; 10 pF ;
; pdo[4] ; 184   ; 2        ; 50           ; 27           ; 1           ; no              ; no                     ; no            ; no             ; no              ; no         ; no            ; no       ; Off          ; LVTTL        ; 24mA             ; Off         ; User                 ; 10 pF ;
; pdo[5] ; 185   ; 2        ; 50           ; 27           ; 2           ; no              ; no                     ; no            ; no             ; no              ; no         ; no            ; no       ; Off          ; LVTTL        ; 24mA             ; Off         ; User                 ; 10 pF ;
; pdo[6] ; 186   ; 2        ; 48           ; 27           ; 0           ; no              ; no                     ; no            ; no             ; no              ; no         ; no            ; no       ; Off          ; LVTTL        ; 24mA             ; Off         ; User                 ; 10 pF ;
; pdo[7] ; 187   ; 2        ; 48           ; 27           ; 1           ; no              ; no                     ; no            ; no             ; no              ; no         ; no            ; no       ; Off          ; LVTTL        ; 24mA             ; Off         ; User                 ; 10 pF ;
; selab  ; 193   ; 2        ; 46           ; 27           ; 0           ; no              ; no                     ; no            ; no             ; no              ; no         ; no            ; no       ; Off          ; LVTTL        ; 24mA             ; Off         ; User                 ; 10 pF ;
; wr     ; 188   ; 2        ; 48           ; 27           ; 2           ; no              ; no                     ; no            ; no             ; no              ; no         ; no            ; no       ; Off          ; LVTTL        ; 24mA             ; Off         ; User                 ; 10 pF ;
+--------+-------+----------+--------------+--------------+-------------+-----------------+------------------------+---------------+----------------+-----------------+------------+---------------+----------+--------------+--------------+------------------+-------------+----------------------+-------+


+------------------------------------------------------------+
; I/O Bank Usage                                             ;
+----------+------------------+---------------+--------------+
; I/O Bank ; Usage            ; VCCIO Voltage ; VREF Voltage ;
+----------+------------------+---------------+--------------+
; 1        ; 17 / 44 ( 39 % ) ; 3.3V          ; --           ;
; 2        ; 10 / 42 ( 24 % ) ; 3.3V          ; --           ;
; 3        ; 9 / 45 ( 20 % )  ; 3.3V          ; --           ;
; 4        ; 0 / 42 ( 0 % )   ; 3.3V          ; --           ;
+----------+------------------+---------------+--------------+


+----------------------------------------------------------------------------------------------------------------------------------------------+
; All Package Pins                                                                                                                             ;
+----------+------------+----------+----------------+--------+--------------+---------+------------+-----------------+----------+--------------+
; Location ; Pad Number ; I/O Bank ; Pin Name/Usage ; Dir.   ; I/O Standard ; Voltage ; I/O Type   ; User Assignment ; Bus Hold ; Weak Pull Up ;
+----------+------------+----------+----------------+--------+--------------+---------+------------+-----------------+----------+--------------+
; 1        ; 0          ; 1        ; freq[0]        ; input  ; LVTTL        ;         ; Row I/O    ; Y               ; no       ; Off          ;
; 2        ; 1          ; 1        ; freq[1]        ; input  ; LVTTL        ;         ; Row I/O    ; Y               ; no       ; Off          ;
; 3        ; 2          ; 1        ; freq[2]        ; input  ; LVTTL        ;         ; Row I/O    ; Y               ; no       ; Off          ;
; 4        ; 3          ; 1        ; freq[3]        ; input  ; LVTTL        ;         ; Row I/O    ; Y               ; no       ; Off          ;
; 5        ; 4          ; 1        ; freq[4]        ; input  ; LVTTL        ;         ; Row I/O    ; Y               ; no       ; Off          ;
; 6        ; 5          ; 1        ; freq[5]        ; input  ; LVTTL        ;         ; Row I/O    ; Y               ; no       ; Off          ;
; 7        ; 6          ; 1        ; freq[6]        ; input  ; LVTTL        ;         ; Row I/O    ; Y               ; no       ; Off          ;
; 8        ; 7          ; 1        ; freq[7]        ; input  ; LVTTL        ;         ; Row I/O    ; Y               ; no       ; Off          ;
; 9        ;            ; 1        ; VCCIO1         ; power  ;              ; 3.3V    ; --         ;                 ; --       ; --           ;
; 10       ;            ;          ; GND            ; gnd    ;              ;         ; --         ;                 ; --       ; --           ;
; 11       ; 8          ; 1        ; GND*           ;        ;              ;         ; Row I/O    ;                 ; no       ; Off          ;
; 12       ; 9          ; 1        ; GND*           ;        ;              ;         ; Row I/O    ;                 ; no       ; Off          ;
; 13       ; 10         ; 1        ; GND*           ;        ;              ;         ; Row I/O    ;                 ; no       ; Off          ;
; 14       ; 11         ; 1        ; GND*           ;        ;              ;         ; Row I/O    ;                 ; no       ; Off          ;
; 15       ; 12         ; 1        ; GND*           ;        ;              ;         ; Row I/O    ;                 ; no       ; Off          ;
; 16       ; 13         ; 1        ; GND*           ;        ;              ;         ; Row I/O    ;                 ; no       ; Off          ;
; 17       ; 14         ; 1        ; GND*           ;        ;              ;         ; Row I/O    ;                 ; no       ; Off          ;
; 18       ; 15         ; 1        ; GND*           ;        ;              ;         ; Row I/O    ;                 ; no       ; Off          ;
; 19       ; 16         ; 1        ; GND*           ;        ;              ;         ; Row I/O    ;                 ; no       ; Off          ;
; 20       ; 17         ; 1        ; GND*           ;        ;              ;         ; Row I/O    ;                 ; no       ; Off          ;
; 21       ; 18         ; 1        ; GND*           ;        ;              ;         ; Row I/O    ;                 ; no       ; Off          ;
; 22       ;            ; 1        ; VCCIO1         ; power  ;              ; 3.3V    ; --         ;                 ; --       ; --           ;
; 23       ; 28         ; 1        ; GND*           ;        ;              ;         ; Row I/O    ;                 ; no       ; Off          ;
; 24       ; 29         ; 1        ; GND*           ;        ;              ;         ; Row I/O    ;                 ; no       ; Off          ;
; 25       ; 30         ; 1        ; ^DATA0         ; input  ;              ;         ; --         ;                 ; --       ; --           ;
; 26       ; 31         ; 1        ; ^nCONFIG       ;        ;              ;         ; --         ;                 ; --       ; --           ;
; 27       ;            ;          ; VCCA_PLL1      ; power  ;              ; 1.5V    ; --         ;                 ; --       ; --           ;
; 28       ; 32         ; 1        ; clock          ; input  ; LVTTL        ;         ; Row I/O    ; Y               ; no       ; Off          ;
; 29       ; 33         ; 1        ; GND+           ;        ;              ;         ; Row I/O    ;                 ; --       ; --           ;
; 30       ;            ;          ; GNDA_PLL1      ; gnd    ;              ;         ; --         ;                 ; --       ; --           ;
; 31       ;            ;          ; GNDG_PLL1      ; gnd    ;              ;         ; --         ;                 ; --       ; --           ;
; 32       ; 34         ; 1        ; ^nCEO          ;        ;              ;         ; --         ;                 ; --       ; --           ;
; 33       ; 35         ; 1        ; ^nCE           ;        ;              ;         ; --         ;                 ; --       ; --           ;
; 34       ; 36         ; 1        ; ^MSEL0         ;        ;              ;         ; --         ;                 ; --       ; --           ;
; 35       ; 37         ; 1        ; ^MSEL1         ;        ;              ;         ; --         ;                 ; --       ; --           ;
; 36       ; 38         ; 1        ; ^DCLK          ; bidir  ;              ;         ; --         ;                 ; --       ; --           ;
; 37       ; 39         ; 1        ; GND*           ;        ;              ;         ; Row I/O    ;                 ; no       ; Off          ;
; 38       ; 40         ; 1        ; GND*           ;        ;              ;         ; Row I/O    ;                 ; no       ; Off          ;
; 39       ; 41         ; 1        ; GND*           ;        ;              ;         ; Row I/O    ;                 ; no       ; Off          ;
; 40       ;            ;          ; GND            ; gnd    ;              ;         ; --         ;                 ; --       ; --           ;
; 41       ; 52         ; 1        ; GND*           ;        ;              ;         ; Row I/O    ;                 ; no       ; Off          ;
; 42       ; 53         ; 1        ; GND*           ;        ;              ;         ; Row I/O    ;                 ; no       ; Off          ;
; 43       ; 54         ; 1        ; GND*           ;        ;              ;         ; Row I/O    ;                 ; no       ; Off          ;
; 44       ; 55         ; 1        ; GND*           ;        ;              ;         ; Row I/O    ;                 ; no       ; Off          ;
; 45       ; 56         ; 1        ; freq[8]        ; input  ; LVTTL        ;         ; Row I/O    ; Y               ; no       ; Off          ;
; 46       ; 57         ; 1        ; freq[9]        ; input  ; LVTTL        ;         ; Row I/O    ; Y               ; no       ; Off          ;
; 47       ; 58         ; 1        ; freq[10]       ; input  ; LVTTL        ;         ; Row I/O    ; Y               ; no       ; Off          ;
; 48       ; 59         ; 1        ; freq[11]       ; input  ; LVTTL        ;         ; Row I/O    ; Y               ; no       ; Off          ;
; 49       ; 60         ; 1        ; freq[12]       ; input  ; LVTTL        ;         ; Row I/O    ; Y               ; no       ; Off          ;
; 50       ; 61         ; 1        ; freq[13]       ; input  ; LVTTL        ;         ; Row I/O    ; Y               ; no       ; Off          ;
; 51       ;            ; 1        ; VCCIO1         ; power  ;              ; 3.3V    ; --         ;                 ; --       ; --           ;
; 52       ;            ;          ; GND            ; gnd    ;              ;         ; --         ;                 ; --       ; --           ;
; 53       ; 62         ; 1        ; freq[14]       ; input  ; LVTTL        ;         ; Row I/O    ; Y               ; no       ; Off          ;
; 54       ; 63         ; 1        ; freq[15]       ; input  ; LVTTL        ;         ; Row I/O    ; Y               ; no       ; Off          ;
; 55       ; 64         ; 1        ; GND*           ;        ;              ;         ; Row I/O    ;                 ; no       ; Off          ;
; 56       ; 65         ; 1        ; GND*           ;        ;              ;         ; Row I/O    ;                 ; no       ; Off          ;
; 57       ; 66         ; 1        ; GND*           ;        ;              ;         ; Row I/O    ;                 ; no       ; Off          ;
; 58       ; 67         ; 1        ; GND*           ;        ;              ;         ; Row I/O    ;                 ; no       ; Off          ;
; 59       ; 68         ; 1        ; GND*           ;        ;              ;         ; Row I/O    ;                 ; no       ; Off          ;
; 60       ; 69         ; 1        ; GND*           ;        ;              ;         ; Row I/O    ;                 ; no       ; Off          ;
; 61       ; 70         ; 4        ; GND*           ;        ;              ;         ; Column I/O ;                 ; no       ; Off          ;
; 62       ; 71         ; 4        ; GND*           ;        ;              ;         ; Column I/O ;                 ; no       ; Off          ;
; 63       ; 72         ; 4        ; GND*           ;        ;              ;         ; Column I/O ;                 ; no       ; Off          ;
; 64       ; 73         ; 4        ; GND*           ;        ;              ;         ; Column I/O ;                 ; no       ; Off          ;
; 65       ; 74         ; 4        ; GND*           ;        ;              ;         ; Column I/O ;                 ; no       ; Off          ;
; 66       ; 75         ; 4        ; GND*           ;        ;              ;         ; Column I/O ;                 ; no       ; Off          ;
; 67       ; 76         ; 4        ; GND*           ;        ;              ;         ; Column I/O ;                 ; no       ; Off          ;
; 68       ; 77         ; 4        ; GND*           ;        ;              ;         ; Column I/O ;                 ; no       ; Off          ;
; 69       ;            ;          ; GND            ; gnd    ;              ;         ; --         ;                 ; --       ; --           ;
; 70       ;            ; 4        ; VCCIO4         ; power  ;              ; 3.3V    ; --         ;                 ; --       ; --           ;
; 71       ;            ;          ; GND            ; gnd    ;              ;         ; --         ;                 ; --       ; --           ;
; 72       ;            ;          ; VCCINT         ; power  ;              ; 1.5V    ; --         ;                 ; --       ; --           ;
; 73       ; 78         ; 4        ; GND*           ;        ;              ;         ; Column I/O ;                 ; no       ; Off          ;
; 74       ; 79         ; 4        ; GND*           ;        ;              ;         ; Column I/O ;                 ; no       ; Off          ;
; 75       ; 80         ; 4        ; GND*           ;        ;              ;         ; Column I/O ;                 ; no       ; Off          ;
; 76       ; 81         ; 4        ; GND*           ;        ;              ;         ; Column I/O ;                 ; no       ; Off          ;
; 77       ; 82         ; 4        ; GND*           ;        ;              ;         ; Column I/O ;                 ; no       ; Off          ;
; 78       ; 83         ; 4        ; GND*           ;        ;              ;         ; Column I/O ;                 ; no       ; Off          ;
; 79       ; 84         ; 4        ; GND*           ;        ;              ;         ; Column I/O ;                 ; no       ; Off          ;
; 80       ;            ;          ; GND            ; gnd    ;              ;         ; --         ;                 ; --       ; --           ;
; 81       ;            ;          ; VCCINT         ; power  ;              ; 1.5V    ; --         ;                 ; --       ; --           ;
; 82       ; 86         ; 4        ; GND*           ;        ;              ;         ; Column I/O ;                 ; no       ; Off          ;
; 83       ; 87         ; 4        ; GND*           ;        ;              ;         ; Column I/O ;                 ; no       ; Off          ;
; 84       ; 88         ; 4        ; GND*           ;        ;              ;         ; Column I/O ;                 ; no       ; Off          ;
; 85       ; 89         ; 4        ; GND*           ;        ;              ;         ; Column I/O ;                 ; no       ; Off          ;
; 86       ; 90         ; 4        ; GND*           ;        ;              ;         ; Column I/O ;                 ; no       ; Off          ;
; 87       ; 91         ; 4        ; GND*           ;        ;              ;         ; Column I/O ;                 ; no       ; Off          ;
; 88       ; 92         ; 4        ; GND*           ;        ;              ;         ; Column I/O ;                 ; no       ; Off          ;
; 89       ;            ;          ; GND            ; gnd    ;              ;         ; --         ;                 ; --       ; --           ;
; 90       ;            ;          ; VCCINT         ; power  ;              ; 1.5V    ; --         ;                 ; --       ; --           ;
; 91       ;            ;          ; GND            ; gnd    ;              ;         ; --         ;                 ; --       ; --           ;
; 92       ;            ; 4        ; VCCIO4         ; power  ;              ; 3.3V    ; --         ;                 ; --       ; --           ;
; 93       ; 100        ; 4        ; GND*           ;        ;              ;         ; Column I/O ;                 ; no       ; Off          ;
; 94       ; 103        ; 4        ; GND*           ;        ;              ;         ; Column I/O ;                 ; no       ; Off          ;
; 95       ; 104        ; 4        ; GND*           ;        ;              ;         ; Column I/O ;                 ; no       ; Off          ;
; 96       ;            ;          ; GND            ; gnd    ;              ;         ; --         ;                 ; --       ; --           ;
; 97       ;            ;          ; VCCINT         ; power  ;              ; 1.5V    ; --         ;                 ; --       ; --           ;
; 98       ; 106        ; 4        ; GND*           ;        ;              ;         ; Column I/O ;                 ; no       ; Off          ;
; 99       ; 107        ; 4        ; GND*           ;        ;              ;         ; Column I/O ;                 ; no       ; Off          ;
; 100      ; 108        ; 4        ; GND*           ;        ;              ;         ; Column I/O ;                 ; no       ; Off          ;
; 101      ; 109        ; 4        ; GND*           ;        ;              ;         ; Column I/O ;                 ; no       ; Off          ;
; 102      ;            ;          ; GND            ; gnd    ;              ;         ; --         ;                 ; --       ; --           ;
; 103      ;            ;          ; VCCINT         ; power  ;              ; 1.5V    ; --         ;                 ; --       ; --           ;
; 104      ; 118        ; 4        ; GND*           ;        ;              ;         ; Column I/O ;                 ; no       ; Off          ;
; 105      ; 119        ; 4        ; GND*           ;        ;              ;         ; Column I/O ;                 ; no       ; Off          ;
; 106      ; 120        ; 4        ; GND*           ;        ;              ;         ; Column I/O ;                 ; no       ; Off          ;
; 107      ; 121        ; 4        ; GND*           ;        ;              ;         ; Column I/O ;                 ; no       ; Off          ;
; 108      ; 122        ; 4        ; GND*           ;        ;              ;         ; Column I/O ;                 ; no       ; Off          ;
; 109      ;            ;          ; GND            ; gnd    ;              ;         ; --         ;                 ; --       ; --           ;
; 110      ;            ;          ; VCCINT         ; power  ;              ; 1.5V    ; --         ;                 ; --       ; --           ;
; 111      ;            ;          ; GND            ; gnd    ;              ;         ; --         ;                 ; --       ; --           ;
; 112      ;            ; 4        ; VCCIO4         ; power  ;              ; 3.3V    ; --         ;                 ; --       ; --           ;
; 113      ; 123        ; 4        ; GND*           ;        ;              ;         ; Column I/O ;                 ; no       ; Off          ;
; 114      ; 124        ; 4        ; GND*           ;        ;              ;         ; Column I/O ;                 ; no       ; Off          ;
; 115      ; 125        ; 4        ; GND*           ;        ;              ;         ; Column I/O ;                 ; no       ; Off          ;
; 116      ; 126        ; 4        ; GND*           ;        ;              ;         ; Column I/O ;                 ; no       ; Off          ;
; 117      ; 127        ; 4        ; GND*           ;        ;              ;         ; Column I/O ;                 ; no       ; Off          ;
; 118      ; 128        ; 4        ; GND*           ;        ;              ;         ; Column I/O ;                 ; no       ; Off          ;
; 119      ; 129        ; 4        ; GND*           ;        ;              ;         ; Column I/O ;                 ; no       ; Off          ;
; 120      ; 130        ; 4        ; GND*           ;        ;              ;         ; Column I/O ;                 ; no       ; Off          ;
; 121      ; 131        ; 3        ; GND*           ;        ;              ;         ; Row I/O    ;                 ; no       ; Off          ;
; 122      ; 132        ; 3        ; GND*           ;        ;              ;         ; Row I/O    ;                 ; no       ; Off          ;
; 123      ; 133        ; 3        ; GND*           ;        ;              ;         ; Row I/O    ;                 ; no       ; Off          ;
; 124      ; 134        ; 3        ; GND*           ;        ;              ;         ; Row I/O    ;                 ; no       ; Off          ;
; 125      ; 135        ; 3        ; GND*           ;        ;              ;         ; Row I/O    ;                 ; no       ; Off          ;
; 126      ; 136        ; 3        ; GND*           ;        ;              ;         ; Row I/O    ;                 ; no       ; Off          ;
; 127      ; 137        ; 3        ; GND*           ;        ;              ;         ; Row I/O    ;                 ; no       ; Off          ;
; 128      ; 138        ; 3        ; GND*           ;        ;              ;         ; Row I/O    ;                 ; no       ; Off          ;
; 129      ;            ;          ; GND            ; gnd    ;              ;         ; --         ;                 ; --       ; --           ;
; 130      ;            ; 3        ; VCCIO3         ; power  ;              ; 3.3V    ; --         ;                 ; --       ; --           ;
; 131      ; 139        ; 3        ; GND*           ;        ;              ;         ; Row I/O    ;                 ; no       ; Off          ;
; 132      ; 140        ; 3        ; GND*           ;        ;              ;         ; Row I/O    ;                 ; no       ; Off          ;
; 133      ; 141        ; 3        ; GND*           ;        ;              ;         ; Row I/O    ;                 ; no       ; Off          ;
; 134      ; 142        ; 3        ; GND*           ;        ;              ;         ; Row I/O    ;                 ; no       ; Off          ;
; 135      ; 143        ; 3        ; GND*           ;        ;              ;         ; Row I/O    ;                 ; no       ; Off          ;
; 136      ; 144        ; 3        ; GND*           ;        ;              ;         ; Row I/O    ;                 ; no       ; Off          ;
; 137      ; 145        ; 3        ; GND*           ;        ;              ;         ; Row I/O    ;                 ; no       ; Off          ;
; 138      ; 146        ; 3        ; GND*           ;        ;              ;         ; Row I/O    ;                 ; no       ; Off          ;
; 139      ; 147        ; 3        ; GND*           ;        ;              ;         ; Row I/O    ;                 ; no       ; Off          ;
; 140      ; 148        ; 3        ; GND*           ;        ;              ;         ; Row I/O    ;                 ; no       ; Off          ;
; 141      ; 149        ; 3        ; GND*           ;        ;              ;         ; Row I/O    ;                 ; no       ; Off          ;
; 142      ;            ;          ; GND            ; gnd    ;              ;         ; --         ;                 ; --       ; --           ;
; 143      ; 160        ; 3        ; GND*           ;        ;              ;         ; Row I/O    ;                 ; no       ; Off          ;
; 144      ; 161        ; 3        ; GND*           ;        ;              ;         ; Row I/O    ;                 ; no       ; Off          ;
; 145      ; 162        ; 3        ; ^CONF_DONE     ;        ;              ;         ; --         ;                 ; --       ; --           ;
; 146      ; 163        ; 3        ; ^nSTATUS       ;        ;              ;         ; --         ;                 ; --       ; --           ;
; 147      ; 164        ; 3        ; #TCK           ; input  ;              ;         ; --         ;                 ; --       ; --           ;
; 148      ; 165        ; 3        ; #TMS           ; input  ;              ;         ; --         ;                 ; --       ; --           ;
; 149      ; 166        ; 3        ; #TDO           ; output ;              ;         ; --         ;                 ; --       ; --           ;
; 150      ;            ;          ; GNDG_PLL2      ; gnd    ;              ;         ; --         ;                 ; --       ; --           ;
; 151      ;            ;          ; GNDA_PLL2      ; gnd    ;              ;         ; --         ;                 ; --       ; --           ;
; 152      ; 167        ; 3        ; GND+           ;        ;              ;         ; Row I/O    ;                 ; --       ; --           ;
; 153      ; 168        ; 3        ; GND+           ;        ;              ;         ; Row I/O    ;                 ; --       ; --           ;
; 154      ;            ;          ; VCCA_PLL2      ; power  ;              ; 1.5V    ; --         ;                 ; --       ; --           ;
; 155      ; 169        ; 3        ; #TDI           ; input  ;              ;         ; --         ;                 ; --       ; --           ;
; 156      ; 170        ; 3        ; GND*           ;        ;              ;         ; Row I/O    ;                 ; no       ; Off          ;
; 157      ;            ; 3        ; VCCIO3         ; power  ;              ; 3.3V    ; --         ;                 ; --       ; --           ;
; 158      ; 180        ; 3        ; GND*           ;        ;              ;         ; Row I/O    ;                 ; no       ; Off          ;
; 159      ; 181        ; 3        ; GND*           ;        ;              ;         ; Row I/O    ;                 ; no       ; Off          ;
; 160      ; 182        ; 3        ; GND*           ;        ;              ;         ; Row I/O    ;                 ; no       ; Off          ;
; 161      ; 183        ; 3        ; GND*           ;        ;              ;         ; Row I/O    ;                 ; no       ; Off          ;
; 162      ; 184        ; 3        ; GND*           ;        ;              ;         ; Row I/O    ;                 ; no       ; Off          ;
; 163      ; 185        ; 3        ; fout           ; output ; LVTTL        ;         ; Row I/O    ; Y               ; no       ; Off          ;
; 164      ; 186        ; 3        ; a[2]           ; input  ; LVTTL        ;         ; Row I/O    ; Y               ; no       ; Off          ;
; 165      ; 187        ; 3        ; a[1]           ; input  ; LVTTL        ;         ; Row I/O    ; Y               ; no       ; Off          ;
; 166      ; 188        ; 3        ; a[0]           ; input  ; LVTTL        ;         ; Row I/O    ; Y               ; no       ; Off          ;
; 167      ; 189        ; 3        ; GND*           ;        ;              ;         ; Row I/O    ;                 ; no       ; Off          ;
; 168      ; 190        ; 3        ; sweep          ; input  ; LVTTL        ;         ; Row I/O    ; Y               ; no       ; Off          ;
; 169      ; 191        ; 3        ; setab          ; input  ; LVTTL        ;         ; Row I/O    ; Y               ; no       ; Off          ;
; 170      ; 192        ; 3        ; frqm[1]        ; input  ; LVTTL        ;         ; Row I/O    ; Y               ; no       ; Off          ;
; 171      ;            ;          ; GND            ; gnd    ;              ;         ; --         ;                 ; --       ; --           ;
; 172      ;            ; 3        ; VCCIO3         ; power  ;              ; 3.3V    ; --         ;                 ; --       ; --           ;
; 173      ; 193        ; 3        ; frqm[0]        ; input  ; LVTTL        ;         ; Row I/O    ; Y               ; no       ; Off          ;
; 174      ; 194        ; 3        ; GND*           ;        ;              ;         ; Row I/O    ;                 ; no       ; Off          ;
; 175      ; 195        ; 3        ; GND*           ;        ;              ;         ; Row I/O    ;                 ; no       ; Off          ;
; 176      ; 196        ; 3        ; GND*           ;        ;              ;         ; Row I/O    ;                 ; no       ; Off          ;
; 177      ; 197        ; 3        ; GND*           ;        ;              ;         ; Row I/O    ;                 ; no       ; Off          ;
; 178      ; 198        ; 3        ; GND*           ;        ;              ;         ; Row I/O    ;                 ; no       ; Off          ;
; 179      ; 199        ; 3        ; GND*           ;        ;              ;         ; Row I/O    ;                 ; no       ; Off          ;
; 180      ; 200        ; 3        ; pdo[0]         ; output ; LVTTL        ;         ; Row I/O    ; Y               ; no       ; Off          ;
; 181      ; 201        ; 2        ; pdo[1]         ; output ; LVTTL        ;         ; Column I/O ; Y               ; no       ; Off          ;
; 182      ; 202        ; 2        ; pdo[2]         ; output ; LVTTL        ;         ; Column I/O ; Y               ; no       ; Off          ;
; 183      ; 203        ; 2        ; pdo[3]         ; output ; LVTTL        ;         ; Column I/O ; Y               ; no       ; Off          ;
; 184      ; 204        ; 2        ; pdo[4]         ; output ; LVTTL        ;         ; Column I/O ; Y               ; no       ; Off          ;
; 185      ; 205        ; 2        ; pdo[5]         ; output ; LVTTL        ;         ; Column I/O ; Y               ; no       ; Off          ;
; 186      ; 206        ; 2        ; pdo[6]         ; output ; LVTTL        ;         ; Column I/O ; Y               ; no       ; Off          ;
; 187      ; 207        ; 2        ; pdo[7]         ; output ; LVTTL        ;         ; Column I/O ; Y               ; no       ; Off          ;
; 188      ; 208        ; 2        ; wr             ; output ; LVTTL        ;         ; Column I/O ; Y               ; no       ; Off          ;
; 189      ;            ; 2        ; VCCIO2         ; power  ;              ; 3.3V    ; --         ;                 ; --       ; --           ;
; 190      ;            ;          ; GND            ; gnd    ;              ;         ; --         ;                 ; --       ; --           ;
; 191      ;            ;          ; VCCINT         ; power  ;              ; 1.5V    ; --         ;                 ; --       ; --           ;
; 192      ;            ;          ; GND            ; gnd    ;              ;         ; --         ;                 ; --       ; --           ;
; 193      ; 209        ; 2        ; selab          ; output ; LVTTL        ;         ; Column I/O ; Y               ; no       ; Off          ;
; 194      ; 210        ; 2        ; GND*           ;        ;              ;         ; Column I/O ;                 ; no       ; Off          ;
; 195      ; 211        ; 2        ; cs             ; output ; LVTTL        ;         ; Column I/O ; Y               ; no       ; Off          ;
; 196      ; 212        ; 2        ; GND*           ;        ;              ;         ; Column I/O ;                 ; no       ; Off          ;
; 197      ; 213        ; 2        ; GND*           ;        ;              ;         ; Column I/O ;                 ; no       ; Off          ;
; 198      ;            ;          ; VCCINT         ; power  ;              ; 1.5V    ; --         ;                 ; --       ; --           ;
; 199      ;            ;          ; GND            ; gnd    ;              ;         ; --         ;                 ; --       ; --           ;
; 200      ; 222        ; 2        ; GND*           ;        ;              ;         ; Column I/O ;                 ; no       ; Off          ;
; 201      ; 223        ; 2        ; GND*           ;        ;              ;         ; Column I/O ;                 ; no       ; Off          ;
; 202      ; 224        ; 2        ; GND*           ;        ;              ;         ; Column I/O ;                 ; no       ; Off          ;
; 203      ; 225        ; 2        ; GND*           ;        ;              ;         ; Column I/O ;                 ; no       ; Off          ;
; 204      ;            ;          ; VCCINT         ; power  ;              ; 1.5V    ; --         ;                 ; --       ; --           ;
; 205      ;            ;          ; GND            ; gnd    ;              ;         ; --         ;                 ; --       ; --           ;
; 206      ; 227        ; 2        ; GND*           ;        ;              ;         ; Column I/O ;                 ; no       ; Off          ;
; 207      ; 228        ; 2        ; GND*           ;        ;              ;         ; Column I/O ;                 ; no       ; Off          ;
; 208      ; 231        ; 2        ; GND*           ;        ;              ;         ; Column I/O ;                 ; no       ; Off          ;
; 209      ;            ; 2        ; VCCIO2         ; power  ;              ; 3.3V    ; --         ;                 ; --       ; --           ;
; 210      ;            ;          ; GND            ; gnd    ;              ;         ; --         ;                 ; --       ; --           ;
; 211      ;            ;          ; VCCINT         ; power  ;              ; 1.5V    ; --         ;                 ; --       ; --           ;
; 212      ;            ;          ; GND            ; gnd    ;              ;         ; --         ;                 ; --       ; --           ;
; 213      ; 239        ; 2        ; GND*           ;        ;              ;         ; Column I/O ;                 ; no       ; Off          ;
; 214      ; 240        ; 2        ; GND*           ;        ;              ;         ; Column I/O ;                 ; no       ; Off          ;
; 215      ; 241        ; 2        ; GND*           ;        ;              ;         ; Column I/O ;                 ; no       ; Off          ;
; 216      ; 242        ; 2        ; GND*           ;        ;              ;         ; Column I/O ;                 ; no       ; Off          ;
; 217      ; 243        ; 2        ; GND*           ;        ;              ;         ; Column I/O ;                 ; no       ; Off          ;
; 218      ; 244        ; 2        ; GND*           ;        ;              ;         ; Column I/O ;                 ; no       ; Off          ;
; 219      ; 245        ; 2        ; GND*           ;        ;              ;         ; Column I/O ;                 ; no       ; Off          ;
; 220      ;            ;          ; VCCINT         ; power  ;              ; 1.5V    ; --         ;                 ; --       ; --           ;
; 221      ;            ;          ; GND            ; gnd    ;              ;         ; --         ;                 ; --       ; --           ;
; 222      ; 247        ; 2        ; GND*           ;        ;              ;         ; Column I/O ;                 ; no       ; Off          ;
; 223      ; 248        ; 2        ; GND*           ;        ;              ;         ; Column I/O ;                 ; no       ; Off          ;
; 224      ; 249        ; 2        ; GND*           ;        ;              ;         ; Column I/O ;                 ; no       ; Off          ;
; 225      ; 250        ; 2        ; GND*           ;        ;              ;         ; Column I/O ;                 ; no       ; Off          ;
; 226      ; 251        ; 2        ; GND*           ;        ;              ;         ; Column I/O ;                 ; no       ; Off          ;
; 227      ; 252        ; 2        ; GND*           ;        ;              ;         ; Column I/O ;                 ; no       ; Off          ;
; 228      ; 253        ; 2        ; GND*           ;        ;              ;         ; Column I/O ;                 ; no       ; Off          ;
; 229      ;            ;          ; VCCINT         ; power  ;              ; 1.5V    ; --         ;                 ; --       ; --           ;
; 230      ;            ;          ; GND            ; gnd    ;              ;         ; --         ;                 ; --       ; --           ;
; 231      ;            ; 2        ; VCCIO2         ; power  ;              ; 3.3V    ; --         ;                 ; --       ; --           ;
; 232      ;            ;          ; GND            ; gnd    ;              ;         ; --         ;                 ; --       ; --           ;
; 233      ; 254        ; 2        ; GND*           ;        ;              ;         ; Column I/O ;                 ; no       ; Off          ;
; 234      ; 255        ; 2        ; GND*           ;        ;              ;         ; Column I/O ;                 ; no       ; Off          ;
; 235      ; 256        ; 2        ; GND*           ;        ;              ;         ; Column I/O ;                 ; no       ; Off          ;
; 236      ; 257        ; 2        ; GND*           ;        ;              ;         ; Column I/O ;                 ; no       ; Off          ;
; 237      ; 258        ; 2        ; GND*           ;        ;              ;         ; Column I/O ;                 ; no       ; Off          ;
; 238      ; 259        ; 2        ; GND*           ;        ;              ;         ; Column I/O ;                 ; no       ; Off          ;
; 239      ; 260        ; 2        ; GND*           ;        ;              ;         ; Column I/O ;                 ; no       ; Off          ;
; 240      ; 261        ; 2        ; GND*           ;        ;              ;         ; Column I/O ;                 ; no       ; Off          ;
+----------+------------+----------+----------------+--------+--------------+---------+------------+-----------------+----------+--------------+


+------------------------------------------------------------------+
; Output Pin Default Load For Reported TCO                         ;
+---------------------+-------+------------------------------------+
; I/O Standard        ; Load  ; Termination Resistance             ;
+---------------------+-------+------------------------------------+
; LVTTL               ; 10 pF ; Not Available                      ;
; LVCMOS              ; 10 pF ; Not Available                      ;
; 2.5 V               ; 10 pF ; Not Available                      ;
; 1.8 V               ; 10 pF ; Not Available                      ;
; 1.5 V               ; 10 pF ; Not Available                      ;
; SSTL-3 Class I      ; 30 pF ; 50 Ohm (Parallel), 25 Ohm (Serial) ;
; SSTL-3 Class II     ; 30 pF ; 25 Ohm (Parallel), 25 Ohm (Serial) ;
; SSTL-2 Class I      ; 30 pF ; 50 Ohm (Parallel), 25 Ohm (Serial) ;
; SSTL-2 Class II     ; 30 pF ; 25 Ohm (Parallel), 25 Ohm (Serial) ;
; Differential SSTL-2 ; 10 pF ; (See SSTL-2)                       ;
; 3.3-V PCI           ; 10 pF ; 25 Ohm (Parallel)                  ;
; LVDS                ; 4 pF  ; 100 Ohm (Differential)             ;
; RSDS                ; 10 pF ; 100 Ohm (Differential)             ;
+---------------------+-------+------------------------------------+
Note: User assignments will override these defaults. The user specified values are listed in the Output Pins and Bidir Pins tables.


+---------------------------------------------------------------------------------------------------------------------------------------------------------------------------------------------------------------------------------------------------------------+
; Fitter Resource Utilization by Entity                                                                                                                                                                                                                         ;
+----------------------------------------+-------------+--------------+-------------+------+------+--------------+--------------+-------------------+------------------+-----------------+------------+---------------------------------------------------------+
; Compilation Hierarchy Node             ; Logic Cells ; LC Registers ; Memory Bits ; M4Ks ; Pins ; Virtual Pins ; LUT-Only LCs ; Register-Only LCs ; LUT/Register LCs ; Carry Chain LCs ; Packed LCs ; Full Hierarchy Name                                     ;
+----------------------------------------+-------------+--------------+-------------+------+------+--------------+--------------+-------------------+------------------+-----------------+------------+---------------------------------------------------------+
; |fngdas8                               ; 54 (54)     ; 35           ; 2048        ; 1    ; 36   ; 0            ; 19 (19)      ; 0 (0)             ; 35 (35)          ; 33 (33)         ; 1 (1)      ; |fngdas8                                                ;
;    |altsyncram:prom|                   ; 0 (0)       ; 0            ; 2048        ; 1    ; 0    ; 0            ; 0 (0)        ; 0 (0)             ; 0 (0)            ; 0 (0)           ; 0 (0)      ; |fngdas8|altsyncram:prom                                ;
;       |altsyncram_2fv2:auto_generated| ; 0 (0)       ; 0            ; 2048        ; 1    ; 0    ; 0            ; 0 (0)        ; 0 (0)             ; 0 (0)            ; 0 (0)           ; 0 (0)      ; |fngdas8|altsyncram:prom|altsyncram_2fv2:auto_generated ;
+----------------------------------------+-------------+--------------+-------------+------+------+--------------+--------------+-------------------+------------------+-----------------+------------+---------------------------------------------------------+
Note: For table entries with two numbers listed, the numbers in parentheses indicate the number of resources of the given type used by the specific entity alone. The numbers listed outside of parentheses indicate the total resources of the given type used by the specific entity and all of its sub-entities in the hierarchy.


+-----------------------------------------------------------------------------------+
; Delay Chain Summary                                                               ;
+----------+----------+---------------+---------------+-----------------------+-----+
; Name     ; Pin Type ; Pad to Core 0 ; Pad to Core 1 ; Pad to Input Register ; TCO ;
+----------+----------+---------------+---------------+-----------------------+-----+
; setab    ; Input    ; ON            ; ON            ; --                    ; --  ;
; a[0]     ; Input    ; ON            ; ON            ; --                    ; --  ;
; a[2]     ; Input    ; ON            ; ON            ; --                    ; --  ;
; a[1]     ; Input    ; ON            ; ON            ; --                    ; --  ;
; freq[15] ; Input    ; ON            ; ON            ; --                    ; --  ;
; sweep    ; Input    ; ON            ; ON            ; --                    ; --  ;
; clock    ; Input    ; OFF           ; OFF           ; --                    ; --  ;
; frqm[0]  ; Input    ; ON            ; ON            ; --                    ; --  ;
; frqm[1]  ; Input    ; ON            ; ON            ; --                    ; --  ;
; freq[14] ; Input    ; ON            ; ON            ; --                    ; --  ;
; freq[10] ; Input    ; ON            ; ON            ; --                    ; --  ;
; freq[11] ; Input    ; ON            ; ON            ; --                    ; --  ;
; freq[12] ; Input    ; ON            ; ON            ; --                    ; --  ;
; freq[13] ; Input    ; ON            ; ON            ; --                    ; --  ;
; freq[9]  ; Input    ; ON            ; ON            ; --                    ; --  ;
; freq[8]  ; Input    ; ON            ; ON            ; --                    ; --  ;
; freq[7]  ; Input    ; ON            ; ON            ; --                    ; --  ;
; freq[6]  ; Input    ; ON            ; ON            ; --                    ; --  ;
; freq[5]  ; Input    ; ON            ; ON            ; --                    ; --  ;
; freq[4]  ; Input    ; ON            ; ON            ; --                    ; --  ;
; freq[3]  ; Input    ; ON            ; ON            ; --                    ; --  ;
; freq[2]  ; Input    ; ON            ; ON            ; --                    ; --  ;
; freq[1]  ; Input    ; ON            ; ON            ; --                    ; --  ;
; freq[0]  ; Input    ; ON            ; ON            ; --                    ; --  ;
; fout     ; Output   ; --            ; --            ; --                    ; --  ;
; wr       ; Output   ; --            ; --            ; --                    ; --  ;
; selab    ; Output   ; --            ; --            ; --                    ; --  ;
; cs       ; Output   ; --            ; --            ; --                    ; --  ;
; pdo[0]   ; Output   ; --            ; --            ; --                    ; --  ;
; pdo[1]   ; Output   ; --            ; --            ; --                    ; --  ;
; pdo[2]   ; Output   ; --            ; --            ; --                    ; --  ;
; pdo[3]   ; Output   ; --            ; --            ; --                    ; --  ;
; pdo[4]   ; Output   ; --            ; --            ; --                    ; --  ;
; pdo[5]   ; Output   ; --            ; --            ; --                    ; --  ;
; pdo[6]   ; Output   ; --            ; --            ; --                    ; --  ;
; pdo[7]   ; Output   ; --            ; --            ; --                    ; --  ;
+----------+----------+---------------+---------------+-----------------------+-----+


+--------------------------------------------------------------------------------------------------+
; Pad To Core Delay Chain Fanout                                                                   ;
+--------------------------------------------------------------------+-------------------+---------+
; Source Pin / Fanout                                                ; Pad To Core Index ; Setting ;
+--------------------------------------------------------------------+-------------------+---------+
; setab                                                              ;                   ;         ;
;      - selab                                                       ; 1                 ; ON      ;
; a[0]                                                               ;                   ;         ;
;      - cs~22                                                       ; 1                 ; ON      ;
; a[2]                                                               ;                   ;         ;
;      - cs~22                                                       ; 0                 ; ON      ;
; a[1]                                                               ;                   ;         ;
;      - cs~22                                                       ; 0                 ; ON      ;
; freq[15]                                                           ;                   ;         ;
;      - freqs[15]~136                                               ; 1                 ; ON      ;
; sweep                                                              ;                   ;         ;
;      - freqs[15]~136                                               ; 0                 ; ON      ;
;      - freqs[14]~137                                               ; 0                 ; ON      ;
;      - freqs[10]~138                                               ; 0                 ; ON      ;
;      - freqs[11]~139                                               ; 0                 ; ON      ;
;      - freqs[12]~140                                               ; 0                 ; ON      ;
;      - freqs[13]~141                                               ; 0                 ; ON      ;
;      - freqs[9]~142                                                ; 0                 ; ON      ;
;      - freqs[8]~143                                                ; 0                 ; ON      ;
;      - freqs[7]~144                                                ; 0                 ; ON      ;
;      - freqs[6]~145                                                ; 0                 ; ON      ;
;      - freqs[5]~146                                                ; 0                 ; ON      ;
;      - freqs[4]~147                                                ; 0                 ; ON      ;
;      - freqs[3]~148                                                ; 0                 ; ON      ;
;      - freqs[2]~149                                                ; 0                 ; ON      ;
;      - freqs[1]~150                                                ; 0                 ; ON      ;
;      - freqs[0]~151                                                ; 0                 ; ON      ;
; clock                                                              ;                   ;         ;
; frqm[0]                                                            ;                   ;         ;
;      - altsyncram:prom|altsyncram_2fv2:auto_generated|ram_block1a0 ; 0                 ; ON      ;
; frqm[1]                                                            ;                   ;         ;
;      - altsyncram:prom|altsyncram_2fv2:auto_generated|ram_block1a0 ; 0                 ; ON      ;
; freq[14]                                                           ;                   ;         ;
;      - freqs[14]~137                                               ; 0                 ; ON      ;
; freq[10]                                                           ;                   ;         ;
;      - freqs[10]~138                                               ; 0                 ; ON      ;
; freq[11]                                                           ;                   ;         ;
;      - freqs[11]~139                                               ; 0                 ; ON      ;
; freq[12]                                                           ;                   ;         ;
;      - freqs[12]~140                                               ; 1                 ; ON      ;
; freq[13]                                                           ;                   ;         ;
;      - freqs[13]~141                                               ; 0                 ; ON      ;
; freq[9]                                                            ;                   ;         ;
;      - freqs[9]~142                                                ; 1                 ; ON      ;
; freq[8]                                                            ;                   ;         ;
;      - freqs[8]~143                                                ; 0                 ; ON      ;
; freq[7]                                                            ;                   ;         ;
;      - freqs[7]~144                                                ; 0                 ; ON      ;
; freq[6]                                                            ;                   ;         ;
;      - freqs[6]~145                                                ; 1                 ; ON      ;
; freq[5]                                                            ;                   ;         ;
;      - freqs[5]~146                                                ; 1                 ; ON      ;
; freq[4]                                                            ;                   ;         ;
;      - freqs[4]~147                                                ; 0                 ; ON      ;
; freq[3]                                                            ;                   ;         ;
;      - freqs[3]~148                                                ; 1                 ; ON      ;
; freq[2]                                                            ;                   ;         ;
;      - freqs[2]~149                                                ; 1                 ; ON      ;
; freq[1]                                                            ;                   ;         ;
;      - freqs[1]~150                                                ; 1                 ; ON      ;
; freq[0]                                                            ;                   ;         ;
;      - freqs[0]~151                                                ; 1                 ; ON      ;
+--------------------------------------------------------------------+-------------------+---------+


+--------------------------------------------------------------------------------------------+
; Control Signals                                                                            ;
+--------+--------------+---------+-------+--------+----------------------+------------------+
; Name   ; Location     ; Fan-Out ; Usage ; Global ; Global Resource Used ; Global Line Name ;
+--------+--------------+---------+-------+--------+----------------------+------------------+
; clock  ; PIN_28       ; 19      ; Clock ; yes    ; Global clock         ; GCLK2            ;
; cnt[6] ; LC_X8_Y17_N7 ; 20      ; Clock ; yes    ; Global clock         ; GCLK3            ;
+--------+--------------+---------+-------+--------+----------------------+------------------+


+---------------------------------------------------------------------------+
; Global & Other Fast Signals                                               ;
+--------+--------------+---------+----------------------+------------------+
; Name   ; Location     ; Fan-Out ; Global Resource Used ; Global Line Name ;
+--------+--------------+---------+----------------------+------------------+
; clock  ; PIN_28       ; 19      ; Global clock         ; GCLK2            ;
; cnt[6] ; LC_X8_Y17_N7 ; 20      ; Global clock         ; GCLK3            ;
+--------+--------------+---------+----------------------+------------------+


+---------------------------------+
; Non-Global High Fan-Out Signals ;
+-------------------+-------------+
; Name              ; Fan-Out     ;
+-------------------+-------------+
; sweep             ; 16          ;
; cnt[8]~125        ; 5           ;
; sum[2]~77         ; 5           ;
; sum[7]~72         ; 5           ;
; cnt[3]~113        ; 5           ;
; cnt[13]~120       ; 4           ;
; sum[15]           ; 4           ;
; sum[12]~68        ; 3           ;
; cnt[8]            ; 2           ;
; cnt[9]            ; 2           ;
; cnt[10]           ; 2           ;
; cnt[11]           ; 2           ;
; cnt[12]           ; 2           ;
; cnt[13]           ; 2           ;
; cnt[0]            ; 2           ;
; cnt[14]           ; 2           ;
; cnt[15]           ; 2           ;
; cnt[17]           ; 2           ;
; cnt[16]           ; 2           ;
; sum[13]           ; 2           ;
; sum[12]           ; 2           ;
; sum[11]           ; 2           ;
; sum[10]           ; 2           ;
; sum[14]           ; 2           ;
; cnt[5]            ; 2           ;
; co~DELAY_CELL     ; 1           ;
; freq[0]           ; 1           ;
; freq[1]           ; 1           ;
; freq[2]           ; 1           ;
; freq[3]           ; 1           ;
; freq[4]           ; 1           ;
; freq[5]           ; 1           ;
; freq[6]           ; 1           ;
; freq[7]           ; 1           ;
; freq[8]           ; 1           ;
; freq[9]           ; 1           ;
; freq[13]          ; 1           ;
; freq[12]          ; 1           ;
; freq[11]          ; 1           ;
; freq[10]          ; 1           ;
; freq[14]          ; 1           ;
; frqm[1]           ; 1           ;
; frqm[0]           ; 1           ;
; freq[15]          ; 1           ;
; a[1]              ; 1           ;
; a[2]              ; 1           ;
; a[0]              ; 1           ;
; setab             ; 1           ;
; freqs[0]~151      ; 1           ;
; sum[0]~79COUT1_81 ; 1           ;
+-------------------+-------------+


+---------------------------------------------------------------------------------------------------------------------------------------------------------------------------------------------------------------------------------------------------------------------------------------------------------------------------------------------------------------------------------------------------------------------------------+
; Fitter RAM Summary                                                                                                                                                                                                                                                                                                                                                                                                              ;
+-----------------------------------------------------------+------+------+--------------+--------------+--------------+--------------+------------------------+-------------------------+------------------------+-------------------------+------+-----------------------------+-----------------------------+-----------------------------+-----------------------------+---------------------+------+-----------+-------------+
; Name                                                      ; Type ; Mode ; Port A Depth ; Port A Width ; Port B Depth ; Port B Width ; Port A Input Registers ; Port A Output Registers ; Port B Input Registers ; Port B Output Registers ; Size ; Implementation Port A Depth ; Implementation Port A Width ; Implementation Port B Depth ; Implementation Port B Width ; Implementation Bits ; M4Ks ; MIF       ; Location    ;
+-----------------------------------------------------------+------+------+--------------+--------------+--------------+--------------+------------------------+-------------------------+------------------------+-------------------------+------+-----------------------------+-----------------------------+-----------------------------+-----------------------------+---------------------+------+-----------+-------------+
; altsyncram:prom|altsyncram_2fv2:auto_generated|ALTSYNCRAM ; AUTO ; ROM  ; 256          ; 8            ; --           ; --           ; yes                    ; no                      ; --                     ; --                      ; 2048 ; 256                         ; 8                           ; --                          ; --                          ; 2048                ; 1    ; pfgn8.mif ; M4K_X33_Y21 ;
+-----------------------------------------------------------+------+------+--------------+--------------+--------------+--------------+------------------------+-------------------------+------------------------+-------------------------+------+-----------------------------+-----------------------------+-----------------------------+-----------------------------+---------------------+------+-----------+-------------+
Note: Fitter may spread logical memories into multiple blocks to improve timing. The actual required RAM blocks can be found in the Fitter Resource Usage section.


+----------------------------------------------------+
; Interconnect Usage Summary                         ;
+----------------------------+-----------------------+
; Interconnect Resource Type ; Usage                 ;
+----------------------------+-----------------------+
; C4s                        ; 99 / 30,600 ( < 1 % ) ;
; Direct links               ; 5 / 43,552 ( < 1 % )  ;
; Global clocks              ; 2 / 8 ( 25 % )        ;
; LAB clocks                 ; 6 / 312 ( 2 % )       ;
; LUT chains                 ; 1 / 10,854 ( < 1 % )  ;
; Local interconnects        ; 72 / 43,552 ( < 1 % ) ;
; M4K buffers                ; 8 / 1,872 ( < 1 % )   ;
; R4s                        ; 343 / 28,560 ( 1 % )  ;
+----------------------------+-----------------------+


+--------------------------------------------------------------------------+
; LAB Logic Elements                                                       ;
+--------------------------------------------+-----------------------------+
; Number of Logic Elements  (Average = 6.75) ; Number of LABs  (Total = 8) ;
+--------------------------------------------+-----------------------------+
; 1                                          ; 2                           ;
; 2                                          ; 1                           ;
; 3                                          ; 0                           ;
; 4                                          ; 0                           ;
; 5                                          ; 0                           ;
; 6                                          ; 0                           ;
; 7                                          ; 0                           ;
; 8                                          ; 0                           ;
; 9                                          ; 0                           ;
; 10                                         ; 5                           ;
+--------------------------------------------+-----------------------------+


+------------------------------------------------------------------+
; LAB-wide Signals                                                 ;
+------------------------------------+-----------------------------+
; LAB-wide Signals  (Average = 0.50) ; Number of LABs  (Total = 8) ;
+------------------------------------+-----------------------------+
; 1 Clock                            ; 4                           ;
+------------------------------------+-----------------------------+


+---------------------------------------------------------------------------+
; LAB Signals Sourced                                                       ;
+---------------------------------------------+-----------------------------+
; Number of Signals Sourced  (Average = 6.75) ; Number of LABs  (Total = 8) ;
+---------------------------------------------+-----------------------------+
; 0                                           ; 0                           ;
; 1                                           ; 2                           ;
; 2                                           ; 1                           ;
; 3                                           ; 0                           ;
; 4                                           ; 0                           ;
; 5                                           ; 0                           ;
; 6                                           ; 0                           ;
; 7                                           ; 0                           ;
; 8                                           ; 0                           ;
; 9                                           ; 0                           ;
; 10                                          ; 5                           ;
+---------------------------------------------+-----------------------------+


+-------------------------------------------------------------------------------+
; LAB Signals Sourced Out                                                       ;
+-------------------------------------------------+-----------------------------+
; Number of Signals Sourced Out  (Average = 4.13) ; Number of LABs  (Total = 8) ;
+-------------------------------------------------+-----------------------------+
; 0                                               ; 1                           ;
; 1                                               ; 2                           ;
; 2                                               ; 1                           ;
; 3                                               ; 1                           ;
; 4                                               ; 0                           ;
; 5                                               ; 0                           ;
; 6                                               ; 0                           ;
; 7                                               ; 1                           ;
; 8                                               ; 0                           ;
; 9                                               ; 1                           ;
; 10                                              ; 1                           ;
+-------------------------------------------------+-----------------------------+


+---------------------------------------------------------------------------+
; LAB Distinct Inputs                                                       ;
+---------------------------------------------+-----------------------------+
; Number of Distinct Inputs  (Average = 6.75) ; Number of LABs  (Total = 8) ;
+---------------------------------------------+-----------------------------+
; 0                                           ; 0                           ;
; 1                                           ; 0                           ;
; 2                                           ; 1                           ;
; 3                                           ; 3                           ;
; 4                                           ; 1                           ;
; 5                                           ; 0                           ;
; 6                                           ; 0                           ;
; 7                                           ; 0                           ;
; 8                                           ; 0                           ;
; 9                                           ; 0                           ;
; 10                                          ; 1                           ;
; 11                                          ; 0                           ;
; 12                                          ; 1                           ;
; 13                                          ; 0                           ;
; 14                                          ; 0                           ;
; 15                                          ; 0                           ;
; 16                                          ; 0                           ;
; 17                                          ; 1                           ;
+---------------------------------------------+-----------------------------+


+-------------------------------------------------------------------------+
; Fitter Device Options                                                   ;
+----------------------------------------------+--------------------------+
; Option                                       ; Setting                  ;
+----------------------------------------------+--------------------------+
; Enable user-supplied start-up clock (CLKUSR) ; Off                      ;
; Enable device-wide reset (DEV_CLRn)          ; Off                      ;
; Enable device-wide output enable (DEV_OE)    ; Off                      ;
; Enable INIT_DONE output                      ; Off                      ;
; Configuration scheme                         ; Passive Serial           ;
; Error detection CRC                          ; Off                      ;
; Reserve all unused pins                      ; As output driving ground ;
; Base pin-out file on sameframe device        ; Off                      ;
+----------------------------------------------+--------------------------+


+----------------------------+
; Advanced Data - General    ;
+--------------------+-------+
; Name               ; Value ;
+--------------------+-------+
; Status Code        ; 0     ;
; Desired User Slack ; 0     ;
; Fit Attempts       ; 1     ;
+--------------------+-------+


+----------------------------------------------------------------------------------------------+
; Advanced Data - Placement Preparation                                                        ;
+--------------------------------------------------------------------------------+-------------+
; Name                                                                           ; Value       ;
+--------------------------------------------------------------------------------+-------------+
; Auto Fit Point 1 - Fit Attempt 1                                               ; ff          ;
; Mid Wire Use - Fit Attempt 1                                                   ; 1           ;
; Mid Slack - Fit Attempt 1                                                      ; -5109       ;
; Internal Atom Count - Fit Attempt 1                                            ; 55          ;
; LE/ALM Count - Fit Attempt 1                                                   ; 55          ;
; LAB Count - Fit Attempt 1                                                      ; 9           ;
; Outputs per Lab - Fit Attempt 1                                                ; 3.778       ;
; Inputs per LAB - Fit Attempt 1                                                 ; 5.444       ;
; Global Inputs per LAB - Fit Attempt 1                                          ; 0.444       ;
; LAB Constraint 'non-global clock / CE pair + async load' - Fit Attempt 1       ; 0:9         ;
; LAB Constraint 'ce + sync load' - Fit Attempt 1                                ; 0:9         ;
; LAB Constraint 'non-global controls' - Fit Attempt 1                           ; 0:9         ;
; LAB Constraint 'un-route combination' - Fit Attempt 1                          ; 0:9         ;
; LAB Constraint 'non-global with asyn_clear' - Fit Attempt 1                    ; 0:9         ;
; LAB Constraint 'un-route with async_clear' - Fit Attempt 1                     ; 0:9         ;
; LAB Constraint 'non-global async clear + sync clear' - Fit Attempt 1           ; 0:9         ;
; LAB Constraint 'global non-clock/non-asynch_clear' - Fit Attempt 1             ; 0:8;1:1     ;
; LAB Constraint 'ygr_cl_ngclk_gclkce_sload_aload_constraint' - Fit Attempt 1    ; 0:9         ;
; LAB Constraint 'global control signals' - Fit Attempt 1                        ; 0:5;1:3;2:1 ;
; LAB Constraint 'clock / ce pair constraint' - Fit Attempt 1                    ; 0:5;1:4     ;
; LAB Constraint 'aload_aclr pair with aload used' - Fit Attempt 1               ; 0:9         ;
; LAB Constraint 'aload_aclr pair' - Fit Attempt 1                               ; 0:5;1:4     ;
; LAB Constraint 'sload_sclear pair' - Fit Attempt 1                             ; 0:8;1:1     ;
; LAB Constraint 'invert_a constraint' - Fit Attempt 1                           ; 0:5;1:4     ;
; LAB Constraint 'has placement constraint' - Fit Attempt 1                      ; 0:5;1:4     ;
; LAB Constraint 'use of ADATA or SDATA by registers constraint' - Fit Attempt 1 ; 0:9         ;
; LEs in Chains - Fit Attempt 1                                                  ; 33          ;
; LEs in Long Chains - Fit Attempt 1                                             ; 33          ;
; LABs with Chains - Fit Attempt 1                                               ; 4           ;
; LABs with Multiple Chains - Fit Attempt 1                                      ; 0           ;
; Time - Fit Attempt 1                                                           ; 0           ;
+--------------------------------------------------------------------------------+-------------+


+----------------------------------------------+
; Advanced Data - Placement                    ;
+-------------------------------------+--------+
; Name                                ; Value  ;
+-------------------------------------+--------+
; Auto Fit Point 2 - Fit Attempt 1    ; ff     ;
; Early Wire Use - Fit Attempt 1      ; 0      ;
; Early Slack - Fit Attempt 1         ; -13265 ;
; Auto Fit Point 3 - Fit Attempt 1    ; ff     ;
; Auto Fit Point 4 - Fit Attempt 1    ; ff     ;
; Mid Wire Use - Fit Attempt 1        ; 1      ;
; Mid Slack - Fit Attempt 1           ; -8536  ;
; Late Wire Use - Fit Attempt 1       ; 1      ;
; Late Slack - Fit Attempt 1          ; -8536  ;
; Auto Fit Point 5 - Fit Attempt 1    ; ff     ;
; Time - Fit Attempt 1                ; 0      ;
; Time in tsm_tan.dll - Fit Attempt 1 ; 0.051  ;
+-------------------------------------+--------+


+---------------------------------------------+
; Advanced Data - Routing                     ;
+-------------------------------------+-------+
; Name                                ; Value ;
+-------------------------------------+-------+
; Early Slack - Fit Attempt 1         ; -7888 ;
; Early Wire Use - Fit Attempt 1      ; 1     ;
; Peak Regional Wire - Fit Attempt 1  ; 2     ;
; Mid Slack - Fit Attempt 1           ; -7892 ;
; Late Slack - Fit Attempt 1          ; -7892 ;
; Late Slack - Fit Attempt 1          ; -7892 ;
; Late Wire Use - Fit Attempt 1       ; 1     ;
; Time - Fit Attempt 1                ; 0     ;
; Time in tsm_tan.dll - Fit Attempt 1 ; 0.130 ;
+-------------------------------------+-------+


+-----------------+
; Fitter Messages ;
+-----------------+
Info: *******************************************************************
Info: Running Quartus II Fitter
    Info: Version 6.0 Build 178 04/27/2006 SJ Full Version
    Info: Processing started: Fri Jul 11 16:36:41 2008
Info: Command: quartus_fit --read_settings_files=off --write_settings_files=off FNGDAS8 -c FNGDAS8
Info: Selected device EP1C12Q240C8 for design "FNGDAS8"
Info: Fitter is performing an Auto Fit compilation, which may decrease Fitter effort to reduce compilation time
Info: Device migration not selected. If you intend to use device migration later, you may need to change the pin assignments as they may be incompatible with other devices
    Info: Device EP1C6Q240C8 is compatible
Info: Timing requirements not specified -- quality metrics such as performance and power consumption may be sacrificed to reduce compilation time.
Extra Info: Performing register packing on registers with non-logic cell location assignments
Extra Info: Completed register packing on registers with non-logic cell location assignments
Info: Completed User Assigned Global Signals Promotion Operation
Info: DQS I/O pins require 0 global routing resources
Info: Automatically promoted signal "clock" to use Global clock in PIN 28
Info: Automatically promoted some destinations of signal "cnt[6]" to use Global clock
    Info: Destination "cnt[6]" may be non-global or may not use global clock
    Info: Destination "cout~1" may be non-global or may not use global clock
    Info: Destination "strb" may be non-global or may not use global clock
Info: Completed Auto Global Promotion Operation
Info: Starting register packing
Extra Info: Started Fast Input/Output/OE register processing
Extra Info: Finished Fast Input/Output/OE register processing
Info: Fitter is using Normal packing mode for logic elements with Auto setting for Auto Packed Registers logic option
Extra Info: Moving registers into I/O cells, LUTs, and RAM blocks to improve timing and density
Info: Finished moving registers into I/O cells, LUTs, and RAM blocks
Info: Finished register packing: elapsed time is 00:00:00
Info: Following DDIO Output nodes are constrained by the Fitter to improve DDIO timing
    Info: Node "sum[15]" is constrained to location LAB_X52_Y21 to improve DDIO timing
    Info: Node "co" is constrained to location LAB_X52_Y21 to improve DDIO timing
    Info: Node "fout" is constrained to location PIN 163 to improve DDIO timing
Info: Design uses memory blocks. Violating setup or hold times of memory block address registers could cause memory contents to be corrupted. Make sure that all memory block address registers meet the setup and hold time requirements.
Info: Fitter placement preparation operations beginning
Info: Fitter placement preparation operations ending: elapsed time is 00:00:00
Info: Fitter placement operations beginning
Info: Fitter placement was successful
Info: Fitter placement operations ending: elapsed time is 00:00:00
Info: Estimated most critical path is register to memory delay of 2.962 ns
    Info: 1: + IC(0.000 ns) + CELL(0.000 ns) = 0.000 ns; Loc. = LAB_X52_Y21; Fanout = 11; REG Node = 'sum[10]'
    Info: 2: + IC(2.579 ns) + CELL(0.383 ns) = 2.962 ns; Loc. = M4K_X33_Y21; Fanout = 1; MEM Node = 'altsyncram:prom|altsyncram_2fv2:auto_generated|ram_block1a0~porta_address_reg0'
    Info: Total cell delay = 0.383 ns ( 12.93 % )
    Info: Total interconnect delay = 2.579 ns ( 87.07 % )
Info: Fitter routing operations beginning
Info: Average interconnect usage is 0% of the available device resources. Peak interconnect usage is 2%
    Info: The peak interconnect region extends from location x43_y14 to location x53_y27
Info: Fitter routing operations ending: elapsed time is 00:00:00
Info: The Fitter performed an Auto Fit compilation.  Optimizations were skipped to reduce compilation time.
    Info: Optimizations that may affect the design's routability were skipped
    Info: Optimizations that may affect the design's timing were skipped
Info: Completed Fixed Delay Chain Operation
Info: Started post-fitting delay annotation
Info: Delay annotation completed successfully
Info: Completed Auto Delay Chain Operation
Info: Design uses memory blocks. Violating setup or hold times of memory block address registers could cause memory contents to be corrupted. Make sure that all memory block address registers meet the setup and hold time requirements.
Info: Quartus II Fitter was successful. 0 errors, 0 warnings
    Info: Processing ended: Fri Jul 11 16:36:46 2008
    Info: Elapsed time: 00:00:06


