Analysis & Synthesis report for adc8dp
Wed Jun 23 14:01:58 2021
Quartus II Version 9.0 Build 235 06/17/2009 Service Pack 2 SJ Web Edition


---------------------
; Table of Contents ;
---------------------
  1. Legal Notice
  2. Analysis & Synthesis Summary
  3. Analysis & Synthesis Settings
  4. Analysis & Synthesis Source Files Read
  5. Analysis & Synthesis Resource Usage Summary
  6. Analysis & Synthesis Resource Utilization by Entity
  7. Registers Removed During Synthesis
  8. General Register Statistics
  9. Multiplexer Restructuring Statistics (Restructuring Performed)
 10. Source assignments for hexdec8:inst|LPM_ADD_SUB:madd|addcore:adder
 11. Source assignments for hexdec8:inst|LPM_ADD_SUB:ladd|addcore:adder
 12. Parameter Settings for User Entity Instance: hexdec8:inst|LPM_ADD_SUB:madd
 13. Parameter Settings for User Entity Instance: hexdec8:inst|LPM_ADD_SUB:ladd
 14. Parameter Settings for User Entity Instance: hexdec8:inst|74163:bcnt1
 15. Analysis & Synthesis Messages



----------------
; Legal Notice ;
----------------
Copyright (C) 1991-2009 Altera Corporation
Your use of Altera Corporation's design tools, logic functions 
and other software and tools, and its AMPP partner logic 
functions, and any output files from any of the foregoing 
(including device programming or simulation files), and any 
associated documentation or information are expressly subject 
to the terms and conditions of the Altera Program License 
Subscription Agreement, Altera MegaCore Function License 
Agreement, or other applicable license agreement, including, 
without limitation, that your use is for the sole purpose of 
programming logic devices manufactured by Altera and sold by 
Altera or its authorized distributors.  Please refer to the 
applicable agreement for further details.



+----------------------------------------------------------------------------+
; Analysis & Synthesis Summary                                               ;
+-----------------------------+----------------------------------------------+
; Analysis & Synthesis Status ; Successful - Wed Jun 23 14:01:58 2021        ;
; Quartus II Version          ; 9.0 Build 235 06/17/2009 SP 2 SJ Web Edition ;
; Revision Name               ; adc8dp                                       ;
; Top-level Entity Name       ; adc8dp                                       ;
; Family                      ; Cyclone                                      ;
; Total logic elements        ; 156                                          ;
; Total pins                  ; 31                                           ;
; Total virtual pins          ; 0                                            ;
; Total memory bits           ; 0                                            ;
; Total PLLs                  ; 0                                            ;
+-----------------------------+----------------------------------------------+


+--------------------------------------------------------------------------------------------------------+
; Analysis & Synthesis Settings                                                                          ;
+--------------------------------------------------------------+--------------------+--------------------+
; Option                                                       ; Setting            ; Default Value      ;
+--------------------------------------------------------------+--------------------+--------------------+
; Device                                                       ; EP1C12Q240C8       ;                    ;
; Top-level entity name                                        ; adc8dp             ; adc8dp             ;
; Family name                                                  ; Cyclone            ; Stratix            ;
; Use smart compilation                                        ; Off                ; Off                ;
; Restructure Multiplexers                                     ; Auto               ; Auto               ;
; Create Debugging Nodes for IP Cores                          ; Off                ; Off                ;
; Preserve fewer node names                                    ; On                 ; On                 ;
; Disable OpenCore Plus hardware evaluation                    ; Off                ; Off                ;
; Verilog Version                                              ; Verilog_2001       ; Verilog_2001       ;
; VHDL Version                                                 ; VHDL93             ; VHDL93             ;
; State Machine Processing                                     ; Auto               ; Auto               ;
; Safe State Machine                                           ; Off                ; Off                ;
; Extract Verilog State Machines                               ; On                 ; On                 ;
; Extract VHDL State Machines                                  ; On                 ; On                 ;
; Ignore Verilog initial constructs                            ; Off                ; Off                ;
; Iteration limit for constant Verilog loops                   ; 5000               ; 5000               ;
; Iteration limit for non-constant Verilog loops               ; 250                ; 250                ;
; Add Pass-Through Logic to Inferred RAMs                      ; On                 ; On                 ;
; Parallel Synthesis                                           ; Off                ; Off                ;
; NOT Gate Push-Back                                           ; On                 ; On                 ;
; Power-Up Don't Care                                          ; On                 ; On                 ;
; Remove Redundant Logic Cells                                 ; Off                ; Off                ;
; Remove Duplicate Registers                                   ; On                 ; On                 ;
; Ignore CARRY Buffers                                         ; Off                ; Off                ;
; Ignore CASCADE Buffers                                       ; Off                ; Off                ;
; Ignore GLOBAL Buffers                                        ; Off                ; Off                ;
; Ignore ROW GLOBAL Buffers                                    ; Off                ; Off                ;
; Ignore LCELL Buffers                                         ; Off                ; Off                ;
; Ignore SOFT Buffers                                          ; On                 ; On                 ;
; Limit AHDL Integers to 32 Bits                               ; Off                ; Off                ;
; Optimization Technique                                       ; Balanced           ; Balanced           ;
; Carry Chain Length                                           ; 70                 ; 70                 ;
; Auto Carry Chains                                            ; On                 ; On                 ;
; Auto Open-Drain Pins                                         ; On                 ; On                 ;
; Perform WYSIWYG Primitive Resynthesis                        ; Off                ; Off                ;
; Auto ROM Replacement                                         ; On                 ; On                 ;
; Auto RAM Replacement                                         ; On                 ; On                 ;
; Auto Shift Register Replacement                              ; Auto               ; Auto               ;
; Auto Clock Enable Replacement                                ; On                 ; On                 ;
; Strict RAM Replacement                                       ; Off                ; Off                ;
; Allow Synchronous Control Signals                            ; On                 ; On                 ;
; Force Use of Synchronous Clear Signals                       ; Off                ; Off                ;
; Auto RAM Block Balancing                                     ; On                 ; On                 ;
; Auto RAM to Logic Cell Conversion                            ; Off                ; Off                ;
; Auto Resource Sharing                                        ; Off                ; Off                ;
; Allow Any RAM Size For Recognition                           ; Off                ; Off                ;
; Allow Any ROM Size For Recognition                           ; Off                ; Off                ;
; Allow Any Shift Register Size For Recognition                ; Off                ; Off                ;
; Use LogicLock Constraints during Resource Balancing          ; On                 ; On                 ;
; Maximum Number of M512 Memory Blocks                         ; -1                 ; -1                 ;
; Maximum Number of M4K/M9K Memory Blocks                      ; -1                 ; -1                 ;
; Maximum Number of M-RAM/M144K Memory Blocks                  ; -1                 ; -1                 ;
; Ignore translate_off and synthesis_off directives            ; Off                ; Off                ;
; Show Parameter Settings Tables in Synthesis Report           ; On                 ; On                 ;
; Ignore Maximum Fan-Out Assignments                           ; Off                ; Off                ;
; Synchronization Register Chain Length                        ; 2                  ; 2                  ;
; PowerPlay Power Optimization                                 ; Normal compilation ; Normal compilation ;
; HDL message level                                            ; Level2             ; Level2             ;
; Suppress Register Optimization Related Messages              ; Off                ; Off                ;
; Number of Removed Registers Reported in Synthesis Report     ; 100                ; 100                ;
; Number of Inverted Registers Reported in Synthesis Report    ; 100                ; 100                ;
; Clock MUX Protection                                         ; On                 ; On                 ;
; Block Design Naming                                          ; Auto               ; Auto               ;
; Synthesis Effort                                             ; Auto               ; Auto               ;
; Shift Register Replacement - Allow Asynchronous Clear Signal ; On                 ; On                 ;
; Analysis & Synthesis Message Level                           ; Medium             ; Medium             ;
+--------------------------------------------------------------+--------------------+--------------------+


+-------------------------------------------------------------------------------------------------------------------------------------------------------------------+
; Analysis & Synthesis Source Files Read                                                                                                                            ;
+----------------------------------+-----------------+------------------------------------+-------------------------------------------------------------------------+
; File Name with User-Entered Path ; Used in Netlist ; File Type                          ; File Name with Absolute Path                                            ;
+----------------------------------+-----------------+------------------------------------+-------------------------------------------------------------------------+
; adc8dp.bdf                       ; yes             ; User Block Diagram/Schematic File  ; E:/CIC-560/Examples/Chapter6/6-8 adc8dp/adc8dp.bdf                      ;
; hexdec8/hexdec8.vhd              ; yes             ; User VHDL File                     ; E:/CIC-560/Examples/Chapter6/6-8 adc8dp/hexdec8/hexdec8.vhd             ;
; scndp5/scndp5.vhd                ; yes             ; User VHDL File                     ; E:/CIC-560/Examples/Chapter6/6-8 adc8dp/scndp5/scndp5.vhd               ;
; adc8i.vhd                        ; yes             ; User VHDL File                     ; E:/CIC-560/Examples/Chapter6/6-8 adc8dp/adc8i.vhd                       ;
; LPM_ADD_SUB.tdf                  ; yes             ; Megafunction                       ; c:/altera/90sp2/quartus/libraries/megafunctions/LPM_ADD_SUB.tdf         ;
; addcore.inc                      ; yes             ; Megafunction                       ; c:/altera/90sp2/quartus/libraries/megafunctions/addcore.inc             ;
; look_add.inc                     ; yes             ; Megafunction                       ; c:/altera/90sp2/quartus/libraries/megafunctions/look_add.inc            ;
; bypassff.inc                     ; yes             ; Megafunction                       ; c:/altera/90sp2/quartus/libraries/megafunctions/bypassff.inc            ;
; altshift.inc                     ; yes             ; Megafunction                       ; c:/altera/90sp2/quartus/libraries/megafunctions/altshift.inc            ;
; alt_stratix_add_sub.inc          ; yes             ; Megafunction                       ; c:/altera/90sp2/quartus/libraries/megafunctions/alt_stratix_add_sub.inc ;
; alt_mercury_add_sub.inc          ; yes             ; Megafunction                       ; c:/altera/90sp2/quartus/libraries/megafunctions/alt_mercury_add_sub.inc ;
; aglobal90.inc                    ; yes             ; Megafunction                       ; c:/altera/90sp2/quartus/libraries/megafunctions/aglobal90.inc           ;
; addcore.tdf                      ; yes             ; Megafunction                       ; c:/altera/90sp2/quartus/libraries/megafunctions/addcore.tdf             ;
; a_csnbuffer.inc                  ; yes             ; Megafunction                       ; c:/altera/90sp2/quartus/libraries/megafunctions/a_csnbuffer.inc         ;
; a_csnbuffer.tdf                  ; yes             ; Megafunction                       ; c:/altera/90sp2/quartus/libraries/megafunctions/a_csnbuffer.tdf         ;
; altshift.tdf                     ; yes             ; Megafunction                       ; c:/altera/90sp2/quartus/libraries/megafunctions/altshift.tdf            ;
; 74163.tdf                        ; yes             ; Megafunction                       ; c:/altera/90sp2/quartus/libraries/others/maxplus2/74163.tdf             ;
; aglobal.inc                      ; yes             ; Megafunction                       ; c:/altera/90sp2/quartus/libraries/megafunctions/aglobal.inc             ;
; f74163.bdf                       ; yes             ; Megafunction                       ; c:/altera/90sp2/quartus/libraries/others/maxplus2/f74163.bdf            ;
+----------------------------------+-----------------+------------------------------------+-------------------------------------------------------------------------+


+-----------------------------------------------------+
; Analysis & Synthesis Resource Usage Summary         ;
+---------------------------------------------+-------+
; Resource                                    ; Usage ;
+---------------------------------------------+-------+
; Total logic elements                        ; 156   ;
;     -- Combinational with no register       ; 64    ;
;     -- Register only                        ; 36    ;
;     -- Combinational with a register        ; 56    ;
;                                             ;       ;
; Logic element usage by number of LUT inputs ;       ;
;     -- 4 input functions                    ; 56    ;
;     -- 3 input functions                    ; 40    ;
;     -- 2 input functions                    ; 15    ;
;     -- 1 input functions                    ; 9     ;
;     -- 0 input functions                    ; 0     ;
;                                             ;       ;
; Logic elements by mode                      ;       ;
;     -- normal mode                          ; 154   ;
;     -- arithmetic mode                      ; 2     ;
;     -- qfbk mode                            ; 0     ;
;     -- register cascade mode                ; 0     ;
;     -- synchronous clear/load mode          ; 2     ;
;     -- asynchronous clear/load mode         ; 0     ;
;                                             ;       ;
; Total registers                             ; 92    ;
; Total logic cells in carry chains           ; 4     ;
; I/O pins                                    ; 31    ;
; Maximum fan-out node                        ; sclk  ;
; Maximum fan-out                             ; 72    ;
; Total fan-out                               ; 570   ;
; Average fan-out                             ; 3.05  ;
+---------------------------------------------+-------+


+------------------------------------------------------------------------------------------------------------------------------------------------------------------------------------------------------------------------------------------------------------------------------------------+
; Analysis & Synthesis Resource Utilization by Entity                                                                                                                                                                                                                                      ;
+---------------------------------------+-------------+--------------+-------------+------+--------------+--------------+-------------------+------------------+-----------------+------------+-----------------------------------------------------------------------------+--------------+
; Compilation Hierarchy Node            ; Logic Cells ; LC Registers ; Memory Bits ; Pins ; Virtual Pins ; LUT-Only LCs ; Register-Only LCs ; LUT/Register LCs ; Carry Chain LCs ; Packed LCs ; Full Hierarchy Name                                                         ; Library Name ;
+---------------------------------------+-------------+--------------+-------------+------+--------------+--------------+-------------------+------------------+-----------------+------------+-----------------------------------------------------------------------------+--------------+
; |adc8dp                               ; 156 (0)     ; 92           ; 0           ; 31   ; 0            ; 64 (0)       ; 36 (0)            ; 56 (0)           ; 4 (0)           ; 0 (0)      ; |adc8dp                                                                     ; work         ;
;    |adc8i:inst1|                      ; 49 (49)     ; 38           ; 0           ; 0    ; 0            ; 11 (11)      ; 13 (13)           ; 25 (25)          ; 0 (0)           ; 0 (0)      ; |adc8dp|adc8i:inst1                                                         ; work         ;
;    |hexdec8:inst|                     ; 76 (63)     ; 51           ; 0           ; 0    ; 0            ; 25 (16)      ; 23 (23)           ; 28 (24)          ; 4 (2)           ; 0 (0)      ; |adc8dp|hexdec8:inst                                                        ; work         ;
;       |74163:bcnt1|                   ; 9 (0)       ; 4            ; 0           ; 0    ; 0            ; 5 (0)        ; 0 (0)             ; 4 (0)            ; 0 (0)           ; 0 (0)      ; |adc8dp|hexdec8:inst|74163:bcnt1                                            ; work         ;
;          |f74163:sub|                 ; 9 (9)       ; 4            ; 0           ; 0    ; 0            ; 5 (5)        ; 0 (0)             ; 4 (4)            ; 0 (0)           ; 0 (0)      ; |adc8dp|hexdec8:inst|74163:bcnt1|f74163:sub                                 ; work         ;
;       |lpm_add_sub:ladd|              ; 2 (0)       ; 0            ; 0           ; 0    ; 0            ; 2 (0)        ; 0 (0)             ; 0 (0)            ; 1 (0)           ; 0 (0)      ; |adc8dp|hexdec8:inst|lpm_add_sub:ladd                                       ; work         ;
;          |addcore:adder|              ; 2 (0)       ; 0            ; 0           ; 0    ; 0            ; 2 (0)        ; 0 (0)             ; 0 (0)            ; 1 (0)           ; 0 (0)      ; |adc8dp|hexdec8:inst|lpm_add_sub:ladd|addcore:adder                         ; work         ;
;             |a_csnbuffer:result_node| ; 2 (2)       ; 0            ; 0           ; 0    ; 0            ; 2 (2)        ; 0 (0)             ; 0 (0)            ; 1 (1)           ; 0 (0)      ; |adc8dp|hexdec8:inst|lpm_add_sub:ladd|addcore:adder|a_csnbuffer:result_node ; work         ;
;       |lpm_add_sub:madd|              ; 2 (0)       ; 0            ; 0           ; 0    ; 0            ; 2 (0)        ; 0 (0)             ; 0 (0)            ; 1 (0)           ; 0 (0)      ; |adc8dp|hexdec8:inst|lpm_add_sub:madd                                       ; work         ;
;          |addcore:adder|              ; 2 (0)       ; 0            ; 0           ; 0    ; 0            ; 2 (0)        ; 0 (0)             ; 0 (0)            ; 1 (0)           ; 0 (0)      ; |adc8dp|hexdec8:inst|lpm_add_sub:madd|addcore:adder                         ; work         ;
;             |a_csnbuffer:result_node| ; 2 (2)       ; 0            ; 0           ; 0    ; 0            ; 2 (2)        ; 0 (0)             ; 0 (0)            ; 1 (1)           ; 0 (0)      ; |adc8dp|hexdec8:inst|lpm_add_sub:madd|addcore:adder|a_csnbuffer:result_node ; work         ;
;    |scndp5:inst3|                     ; 31 (31)     ; 3            ; 0           ; 0    ; 0            ; 28 (28)      ; 0 (0)             ; 3 (3)            ; 0 (0)           ; 0 (0)      ; |adc8dp|scndp5:inst3                                                        ; work         ;
+---------------------------------------+-------------+--------------+-------------+------+--------------+--------------+-------------------+------------------+-----------------+------------+-----------------------------------------------------------------------------+--------------+
Note: For table entries with two numbers listed, the numbers in parentheses indicate the number of resources of the given type used by the specific entity alone. The numbers listed outside of parentheses indicate the total resources of the given type used by the specific entity and all of its sub-entities in the hierarchy.


+------------------------------------------------------------+
; Registers Removed During Synthesis                         ;
+---------------------------------------+--------------------+
; Register name                         ; Reason for Removal ;
+---------------------------------------+--------------------+
; adc8i:inst1|scount[21]                ; Lost fanout        ;
; Total Number of Removed Registers = 1 ;                    ;
+---------------------------------------+--------------------+


+------------------------------------------------------+
; General Register Statistics                          ;
+----------------------------------------------+-------+
; Statistic                                    ; Value ;
+----------------------------------------------+-------+
; Total registers                              ; 92    ;
; Number of registers using Synchronous Clear  ; 2     ;
; Number of registers using Synchronous Load   ; 0     ;
; Number of registers using Asynchronous Clear ; 0     ;
; Number of registers using Asynchronous Load  ; 0     ;
; Number of registers using Clock Enable       ; 41    ;
; Number of registers using Preset             ; 0     ;
+----------------------------------------------+-------+


+-------------------------------------------------------------------------------------------------------------------------------------------+
; Multiplexer Restructuring Statistics (Restructuring Performed)                                                                            ;
+--------------------+-----------+---------------+----------------------+------------------------+------------+-----------------------------+
; Multiplexer Inputs ; Bus Width ; Baseline Area ; Area if Restructured ; Saving if Restructured ; Registered ; Example Multiplexer Output  ;
+--------------------+-----------+---------------+----------------------+------------------------+------------+-----------------------------+
; 3:1                ; 2 bits    ; 4 LEs         ; 2 LEs                ; 2 LEs                  ; Yes        ; |adc8dp|hexdec8:inst|dsr[9] ;
; 3:1                ; 2 bits    ; 4 LEs         ; 4 LEs                ; 0 LEs                  ; Yes        ; |adc8dp|hexdec8:inst|dsr[3] ;
; 3:1                ; 7 bits    ; 14 LEs        ; 7 LEs                ; 7 LEs                  ; Yes        ; |adc8dp|hexdec8:inst|hsr[7] ;
; 5:1                ; 2 bits    ; 6 LEs         ; 4 LEs                ; 2 LEs                  ; Yes        ; |adc8dp|hexdec8:inst|dsr[6] ;
; 5:1                ; 2 bits    ; 6 LEs         ; 4 LEs                ; 2 LEs                  ; Yes        ; |adc8dp|hexdec8:inst|dsr[2] ;
; 8:1                ; 2 bits    ; 10 LEs        ; 4 LEs                ; 6 LEs                  ; No         ; |adc8dp|scndp5:inst3|Mux0   ;
; 8:1                ; 2 bits    ; 10 LEs        ; 6 LEs                ; 4 LEs                  ; No         ; |adc8dp|scndp5:inst3|Mux3   ;
+--------------------+-----------+---------------+----------------------+------------------------+------------+-----------------------------+


+--------------------------------------------------------------------+
; Source assignments for hexdec8:inst|LPM_ADD_SUB:madd|addcore:adder ;
+---------------------------+-------+------+-------------------------+
; Assignment                ; Value ; From ; To                      ;
+---------------------------+-------+------+-------------------------+
; SUPPRESS_DA_RULE_INTERNAL ; A103  ; -    ; -                       ;
+---------------------------+-------+------+-------------------------+


+--------------------------------------------------------------------+
; Source assignments for hexdec8:inst|LPM_ADD_SUB:ladd|addcore:adder ;
+---------------------------+-------+------+-------------------------+
; Assignment                ; Value ; From ; To                      ;
+---------------------------+-------+------+-------------------------+
; SUPPRESS_DA_RULE_INTERNAL ; A103  ; -    ; -                       ;
+---------------------------+-------+------+-------------------------+


+----------------------------------------------------------------------------+
; Parameter Settings for User Entity Instance: hexdec8:inst|LPM_ADD_SUB:madd ;
+------------------------+-------------+-------------------------------------+
; Parameter Name         ; Value       ; Type                                ;
+------------------------+-------------+-------------------------------------+
; LPM_WIDTH              ; 4           ; Signed Integer                      ;
; LPM_REPRESENTATION     ; SIGNED      ; Untyped                             ;
; LPM_DIRECTION          ; ADD         ; Untyped                             ;
; ONE_INPUT_IS_CONSTANT  ; NO          ; Untyped                             ;
; LPM_PIPELINE           ; 0           ; Signed Integer                      ;
; MAXIMIZE_SPEED         ; 5           ; Untyped                             ;
; REGISTERED_AT_END      ; 0           ; Untyped                             ;
; OPTIMIZE_FOR_SPEED     ; 5           ; Untyped                             ;
; USE_CS_BUFFERS         ; 1           ; Untyped                             ;
; CARRY_CHAIN            ; MANUAL      ; Untyped                             ;
; CARRY_CHAIN_LENGTH     ; 48          ; CARRY_CHAIN_LENGTH                  ;
; DEVICE_FAMILY          ; Cyclone     ; Untyped                             ;
; USE_WYS                ; OFF         ; Untyped                             ;
; STYLE                  ; FAST        ; Untyped                             ;
; CBXI_PARAMETER         ; add_sub_bvf ; Untyped                             ;
; AUTO_CARRY_CHAINS      ; ON          ; AUTO_CARRY                          ;
; IGNORE_CARRY_BUFFERS   ; OFF         ; IGNORE_CARRY                        ;
; AUTO_CASCADE_CHAINS    ; ON          ; AUTO_CASCADE                        ;
; IGNORE_CASCADE_BUFFERS ; OFF         ; IGNORE_CASCADE                      ;
+------------------------+-------------+-------------------------------------+
Note: In order to hide this table in the UI and the text report file, please set the "Show Parameter Settings Tables in Synthesis Report" option in "Analysis and Synthesis Settings -> More Settings" to "Off".


+----------------------------------------------------------------------------+
; Parameter Settings for User Entity Instance: hexdec8:inst|LPM_ADD_SUB:ladd ;
+------------------------+-------------+-------------------------------------+
; Parameter Name         ; Value       ; Type                                ;
+------------------------+-------------+-------------------------------------+
; LPM_WIDTH              ; 4           ; Signed Integer                      ;
; LPM_REPRESENTATION     ; SIGNED      ; Untyped                             ;
; LPM_DIRECTION          ; ADD         ; Untyped                             ;
; ONE_INPUT_IS_CONSTANT  ; NO          ; Untyped                             ;
; LPM_PIPELINE           ; 0           ; Signed Integer                      ;
; MAXIMIZE_SPEED         ; 5           ; Untyped                             ;
; REGISTERED_AT_END      ; 0           ; Untyped                             ;
; OPTIMIZE_FOR_SPEED     ; 5           ; Untyped                             ;
; USE_CS_BUFFERS         ; 1           ; Untyped                             ;
; CARRY_CHAIN            ; MANUAL      ; Untyped                             ;
; CARRY_CHAIN_LENGTH     ; 48          ; CARRY_CHAIN_LENGTH                  ;
; DEVICE_FAMILY          ; Cyclone     ; Untyped                             ;
; USE_WYS                ; OFF         ; Untyped                             ;
; STYLE                  ; FAST        ; Untyped                             ;
; CBXI_PARAMETER         ; add_sub_bvf ; Untyped                             ;
; AUTO_CARRY_CHAINS      ; ON          ; AUTO_CARRY                          ;
; IGNORE_CARRY_BUFFERS   ; OFF         ; IGNORE_CARRY                        ;
; AUTO_CASCADE_CHAINS    ; ON          ; AUTO_CASCADE                        ;
; IGNORE_CASCADE_BUFFERS ; OFF         ; IGNORE_CASCADE                      ;
+------------------------+-------------+-------------------------------------+
Note: In order to hide this table in the UI and the text report file, please set the "Show Parameter Settings Tables in Synthesis Report" option in "Analysis and Synthesis Settings -> More Settings" to "Off".


+-----------------------------------------------------------------------+
; Parameter Settings for User Entity Instance: hexdec8:inst|74163:bcnt1 ;
+------------------------+---------+------------------------------------+
; Parameter Name         ; Value   ; Type                               ;
+------------------------+---------+------------------------------------+
; DEVICE_FAMILY          ; Cyclone ; Untyped                            ;
; AUTO_CARRY_CHAINS      ; ON      ; AUTO_CARRY                         ;
; IGNORE_CARRY_BUFFERS   ; OFF     ; IGNORE_CARRY                       ;
; AUTO_CASCADE_CHAINS    ; ON      ; AUTO_CASCADE                       ;
; IGNORE_CASCADE_BUFFERS ; OFF     ; IGNORE_CASCADE                     ;
+------------------------+---------+------------------------------------+
Note: In order to hide this table in the UI and the text report file, please set the "Show Parameter Settings Tables in Synthesis Report" option in "Analysis and Synthesis Settings -> More Settings" to "Off".


+-------------------------------+
; Analysis & Synthesis Messages ;
+-------------------------------+
Info: *******************************************************************
Info: Running Quartus II Analysis & Synthesis
    Info: Version 9.0 Build 235 06/17/2009 Service Pack 2 SJ Web Edition
    Info: Processing started: Wed Jun 23 14:01:41 2021
Info: Command: quartus_map --read_settings_files=on --write_settings_files=off adc8dp -c adc8dp
Info: Found 1 design units, including 1 entities, in source file adc8dp.bdf
    Info: Found entity 1: adc8dp
Info: Found 2 design units, including 1 entities, in source file hexdec8/hexdec8.vhd
    Info: Found design unit 1: hexdec8-hexdec8_arch
    Info: Found entity 1: hexdec8
Info: Found 2 design units, including 1 entities, in source file scndp5/scndp5.vhd
    Info: Found design unit 1: scndp5-scndp5_arch
    Info: Found entity 1: scndp5
Info: Found 2 design units, including 1 entities, in source file adc8i.vhd
    Info: Found design unit 1: adc8i-adc8i_arch
    Info: Found entity 1: adc8i
Info: Elaborating entity "adc8dp" for the top level hierarchy
Info: Elaborating entity "adc8i" for hierarchy "adc8i:inst1"
Info: Elaborating entity "hexdec8" for hierarchy "hexdec8:inst"
Info: Elaborating entity "LPM_ADD_SUB" for hierarchy "hexdec8:inst|LPM_ADD_SUB:madd"
Info: Elaborated megafunction instantiation "hexdec8:inst|LPM_ADD_SUB:madd"
Info: Instantiated megafunction "hexdec8:inst|LPM_ADD_SUB:madd" with the following parameter:
    Info: Parameter "LPM_WIDTH" = "4"
    Info: Parameter "LPM_DIRECTION" = "ADD"
    Info: Parameter "LPM_REPRESENTATION" = "SIGNED"
    Info: Parameter "LPM_PIPELINE" = "0"
    Info: Parameter "LPM_TYPE" = "LPM_ADD_SUB"
    Info: Parameter "LPM_HINT" = "UNUSED"
Info: Elaborating entity "addcore" for hierarchy "hexdec8:inst|LPM_ADD_SUB:madd|addcore:adder"
Info: Elaborated megafunction instantiation "hexdec8:inst|LPM_ADD_SUB:madd|addcore:adder", which is child of megafunction instantiation "hexdec8:inst|LPM_ADD_SUB:madd"
Info: Elaborating entity "a_csnbuffer" for hierarchy "hexdec8:inst|LPM_ADD_SUB:madd|addcore:adder|a_csnbuffer:oflow_node"
Info: Elaborated megafunction instantiation "hexdec8:inst|LPM_ADD_SUB:madd|addcore:adder|a_csnbuffer:oflow_node", which is child of megafunction instantiation "hexdec8:inst|LPM_ADD_SUB:madd"
Info: Elaborating entity "a_csnbuffer" for hierarchy "hexdec8:inst|LPM_ADD_SUB:madd|addcore:adder|a_csnbuffer:result_node"
Info: Elaborated megafunction instantiation "hexdec8:inst|LPM_ADD_SUB:madd|addcore:adder|a_csnbuffer:result_node", which is child of megafunction instantiation "hexdec8:inst|LPM_ADD_SUB:madd"
Info: Elaborating entity "altshift" for hierarchy "hexdec8:inst|LPM_ADD_SUB:madd|altshift:result_ext_latency_ffs"
Info: Elaborated megafunction instantiation "hexdec8:inst|LPM_ADD_SUB:madd|altshift:result_ext_latency_ffs", which is child of megafunction instantiation "hexdec8:inst|LPM_ADD_SUB:madd"
Info: Elaborating entity "altshift" for hierarchy "hexdec8:inst|LPM_ADD_SUB:madd|altshift:carry_ext_latency_ffs"
Info: Elaborated megafunction instantiation "hexdec8:inst|LPM_ADD_SUB:madd|altshift:carry_ext_latency_ffs", which is child of megafunction instantiation "hexdec8:inst|LPM_ADD_SUB:madd"
Info: Elaborating entity "74163" for hierarchy "hexdec8:inst|74163:bcnt1"
Info: Elaborated megafunction instantiation "hexdec8:inst|74163:bcnt1"
Info: Elaborating entity "f74163" for hierarchy "hexdec8:inst|74163:bcnt1|f74163:sub"
Info: Elaborated megafunction instantiation "hexdec8:inst|74163:bcnt1|f74163:sub", which is child of megafunction instantiation "hexdec8:inst|74163:bcnt1"
Info: Elaborating entity "scndp5" for hierarchy "scndp5:inst3"
Warning (10492): VHDL Process Statement warning at scndp5.vhd(49): signal "datah" is read inside the Process Statement but isn't in the Process Statement's sensitivity list
Warning (10492): VHDL Process Statement warning at scndp5.vhd(52): signal "datah" is read inside the Process Statement but isn't in the Process Statement's sensitivity list
Info: Ignored 22 buffer(s)
    Info: Ignored 22 SOFT buffer(s)
Warning: Always-enabled tri-state buffer(s) removed
    Warning: Converted the fanout from the always-enabled tri-state buffer "scndp5:inst3|s[0]" to the node "SEG[0]" into a wire
    Warning: Converted the fanout from the always-enabled tri-state buffer "scndp5:inst3|s[1]" to the node "SEG[1]" into a wire
    Warning: Converted the fanout from the always-enabled tri-state buffer "scndp5:inst3|s[2]" to the node "SEG[2]" into a wire
    Warning: Converted the fanout from the always-enabled tri-state buffer "scndp5:inst3|s[3]" to the node "SEG[3]" into a wire
    Warning: Converted the fanout from the always-enabled tri-state buffer "scndp5:inst3|s[4]" to the node "SEG[4]" into a wire
    Warning: Converted the fanout from the always-enabled tri-state buffer "scndp5:inst3|s[5]" to the node "SEG[5]" into a wire
    Warning: Converted the fanout from the always-enabled tri-state buffer "scndp5:inst3|s[6]" to the node "SEG[6]" into a wire
Info: Converted 1 single input CARRY primitives to CARRY_SUM primitives
Warning: Ignored 2 CARRY_SUM primitives
    Warning: Ignored 2 CARRY_SUM primitive(s) -- cannot place fan-out logic in single logic cell
        Warning: Can't place logic fed by CARRY_SUM primitive "hexdec8:inst|74163:bcnt1|f74163:sub|107~0" into a single logic cell
            Warning: Node "hexdec8:inst|74163:bcnt1|f74163:sub|117" of type LUT
            Warning: Node "hexdec8:inst|74163:bcnt1|f74163:sub|120~0" of type LUT
        Warning: Can't place logic fed by CARRY_SUM primitive "hexdec8:inst|74163:bcnt1|f74163:sub|74~0" into a single logic cell
            Warning: Node "hexdec8:inst|74163:bcnt1|f74163:sub|106" of type LUT
            Warning: Node "hexdec8:inst|74163:bcnt1|f74163:sub|109~0" of type LUT
Info: 1 registers lost all their fanouts during netlist optimizations. The first 1 are displayed below.
    Info: Register "adc8i:inst1|scount[21]" lost all its fanouts during netlist optimizations.
Info: Implemented 187 device resources after synthesis - the final resource count might be different
    Info: Implemented 15 input pins
    Info: Implemented 16 output pins
    Info: Implemented 156 logic cells
Info: Quartus II Analysis & Synthesis was successful. 0 errors, 18 warnings
    Info: Peak virtual memory: 249 megabytes
    Info: Processing ended: Wed Jun 23 14:01:58 2021
    Info: Elapsed time: 00:00:17
    Info: Total CPU time (on all processors): 00:00:05


