Fitter report for segb13a
Mon Jun 28 09:46:24 2021
Quartus II Version 9.0 Build 235 06/17/2009 Service Pack 2 SJ Web Edition


---------------------
; Table of Contents ;
---------------------
  1. Legal Notice
  2. Fitter Summary
  3. Fitter Settings
  4. Parallel Compilation
  5. Pin-Out File
  6. Fitter Resource Usage Summary
  7. Input Pins
  8. Output Pins
  9. I/O Bank Usage
 10. All Package Pins
 11. Output Pin Default Load For Reported TCO
 12. Fitter Resource Utilization by Entity
 13. Delay Chain Summary
 14. Pad To Core Delay Chain Fanout
 15. Control Signals
 16. Global & Other Fast Signals
 17. Non-Global High Fan-Out Signals
 18. Interconnect Usage Summary
 19. LAB Logic Elements
 20. LAB-wide Signals
 21. LAB Signals Sourced
 22. LAB Signals Sourced Out
 23. LAB Distinct Inputs
 24. Fitter Device Options
 25. Estimated Delay Added for Hold Timing
 26. Advanced Data - General
 27. Advanced Data - Placement Preparation
 28. Advanced Data - Placement
 29. Advanced Data - Routing
 30. Fitter Messages



----------------
; Legal Notice ;
----------------
Copyright (C) 1991-2009 Altera Corporation
Your use of Altera Corporation's design tools, logic functions 
and other software and tools, and its AMPP partner logic 
functions, and any output files from any of the foregoing 
(including device programming or simulation files), and any 
associated documentation or information are expressly subject 
to the terms and conditions of the Altera Program License 
Subscription Agreement, Altera MegaCore Function License 
Agreement, or other applicable license agreement, including, 
without limitation, that your use is for the sole purpose of 
programming logic devices manufactured by Altera and sold by 
Altera or its authorized distributors.  Please refer to the 
applicable agreement for further details.



+----------------------------------------------------------------------+
; Fitter Summary                                                       ;
+-----------------------+----------------------------------------------+
; Fitter Status         ; Successful - Mon Jun 28 09:46:24 2021        ;
; Quartus II Version    ; 9.0 Build 235 06/17/2009 SP 2 SJ Web Edition ;
; Revision Name         ; segb13a                                      ;
; Top-level Entity Name ; segb13a                                      ;
; Family                ; Cyclone                                      ;
; Device                ; EP1C12Q240C8                                 ;
; Timing Models         ; Final                                        ;
; Total logic elements  ; 125 / 12,060 ( 1 % )                         ;
; Total pins            ; 31 / 173 ( 18 % )                            ;
; Total virtual pins    ; 0                                            ;
; Total memory bits     ; 0 / 239,616 ( 0 % )                          ;
; Total PLLs            ; 0 / 2 ( 0 % )                                ;
+-----------------------+----------------------------------------------+


+--------------------------------------------------------------------------------------------------------------------------------------+
; Fitter Settings                                                                                                                      ;
+--------------------------------------------------------------------+--------------------------------+--------------------------------+
; Option                                                             ; Setting                        ; Default Value                  ;
+--------------------------------------------------------------------+--------------------------------+--------------------------------+
; Device                                                             ; EP1C12Q240C8                   ;                                ;
; Use smart compilation                                              ; On                             ; Off                            ;
; Fit Attempts to Skip                                               ; 0                              ; 0.0                            ;
; Device I/O Standard                                                ; 3.3-V LVCMOS                   ;                                ;
; Use TimeQuest Timing Analyzer                                      ; Off                            ; Off                            ;
; Router Timing Optimization Level                                   ; Normal                         ; Normal                         ;
; Placement Effort Multiplier                                        ; 1.0                            ; 1.0                            ;
; Router Effort Multiplier                                           ; 1.0                            ; 1.0                            ;
; Optimize Hold Timing                                               ; IO Paths and Minimum TPD Paths ; IO Paths and Minimum TPD Paths ;
; Optimize Multi-Corner Timing                                       ; Off                            ; Off                            ;
; Optimize Timing                                                    ; Normal compilation             ; Normal compilation             ;
; Optimize Timing for ECOs                                           ; Off                            ; Off                            ;
; Regenerate full fit report during ECO compiles                     ; Off                            ; Off                            ;
; Optimize IOC Register Placement for Timing                         ; On                             ; On                             ;
; Limit to One Fitting Attempt                                       ; Off                            ; Off                            ;
; Final Placement Optimizations                                      ; Automatically                  ; Automatically                  ;
; Fitter Aggressive Routability Optimizations                        ; Automatically                  ; Automatically                  ;
; Fitter Initial Placement Seed                                      ; 1                              ; 1                              ;
; Slow Slew Rate                                                     ; Off                            ; Off                            ;
; PCI I/O                                                            ; Off                            ; Off                            ;
; Weak Pull-Up Resistor                                              ; Off                            ; Off                            ;
; Enable Bus-Hold Circuitry                                          ; Off                            ; Off                            ;
; Auto Global Memory Control Signals                                 ; Off                            ; Off                            ;
; Auto Packed Registers                                              ; Auto                           ; Auto                           ;
; Auto Delay Chains                                                  ; On                             ; On                             ;
; Auto Merge PLLs                                                    ; On                             ; On                             ;
; Perform Physical Synthesis for Combinational Logic for Performance ; Off                            ; Off                            ;
; Perform Register Duplication for Performance                       ; Off                            ; Off                            ;
; Perform Register Retiming for Performance                          ; Off                            ; Off                            ;
; Perform Asynchronous Signal Pipelining                             ; Off                            ; Off                            ;
; Fitter Effort                                                      ; Auto Fit                       ; Auto Fit                       ;
; Physical Synthesis Effort Level                                    ; Normal                         ; Normal                         ;
; Logic Cell Insertion - Logic Duplication                           ; Auto                           ; Auto                           ;
; Auto Register Duplication                                          ; Auto                           ; Auto                           ;
; Auto Global Clock                                                  ; On                             ; On                             ;
; Auto Global Register Control Signals                               ; On                             ; On                             ;
; Stop After Congestion Map Generation                               ; Off                            ; Off                            ;
; Save Intermediate Fitting Results                                  ; Off                            ; Off                            ;
; Force Fitter to Avoid Periphery Placement Warnings                 ; Off                            ; Off                            ;
+--------------------------------------------------------------------+--------------------------------+--------------------------------+


Parallel compilation was disabled, but you have multiple processors available. Enable parallel compilation to reduce compilation time.
+-------------------------------------+
; Parallel Compilation                ;
+----------------------------+--------+
; Processors                 ; Number ;
+----------------------------+--------+
; Number detected on machine ; 2      ;
; Maximum allowed            ; 1      ;
+----------------------------+--------+


+--------------+
; Pin-Out File ;
+--------------+
The pin-out file can be found in E:/CIC-560/Examples/Chapter6/6-4 segb13a/segb13a.pin.


+---------------------------------------------------------------------+
; Fitter Resource Usage Summary                                       ;
+---------------------------------------------+-----------------------+
; Resource                                    ; Usage                 ;
+---------------------------------------------+-----------------------+
; Total logic elements                        ; 125 / 12,060 ( 1 % )  ;
;     -- Combinational with no register       ; 95                    ;
;     -- Register only                        ; 0                     ;
;     -- Combinational with a register        ; 30                    ;
;                                             ;                       ;
; Logic element usage by number of LUT inputs ;                       ;
;     -- 4 input functions                    ; 75                    ;
;     -- 3 input functions                    ; 17                    ;
;     -- 2 input functions                    ; 32                    ;
;     -- 1 input functions                    ; 1                     ;
;     -- 0 input functions                    ; 0                     ;
;                                             ;                       ;
; Logic elements by mode                      ;                       ;
;     -- normal mode                          ; 96                    ;
;     -- arithmetic mode                      ; 29                    ;
;     -- qfbk mode                            ; 0                     ;
;     -- register cascade mode                ; 0                     ;
;     -- synchronous clear/load mode          ; 30                    ;
;     -- asynchronous clear/load mode         ; 0                     ;
;                                             ;                       ;
; Total registers                             ; 30 / 12,567 ( < 1 % ) ;
; Total LABs                                  ; 19 / 1,206 ( 2 % )    ;
; Logic elements in carry chains              ; 30                    ;
; User inserted logic elements                ; 0                     ;
; Virtual pins                                ; 0                     ;
; I/O pins                                    ; 31 / 173 ( 18 % )     ;
;     -- Clock pins                           ; 1 / 2 ( 50 % )        ;
; Global signals                              ; 1                     ;
; M4Ks                                        ; 0 / 52 ( 0 % )        ;
; Total memory bits                           ; 0 / 239,616 ( 0 % )   ;
; Total RAM block bits                        ; 0 / 239,616 ( 0 % )   ;
; PLLs                                        ; 0 / 2 ( 0 % )         ;
; Global clocks                               ; 1 / 8 ( 13 % )        ;
; JTAGs                                       ; 0 / 1 ( 0 % )         ;
; ASMI Blocks                                 ; 0 / 1 ( 0 % )         ;
; CRC blocks                                  ; 0 / 1 ( 0 % )         ;
; Average interconnect usage (total/H/V)      ; 0% / 1% / 0%          ;
; Peak interconnect usage (total/H/V)         ; 2% / 3% / 1%          ;
; Maximum fan-out node                        ; j[2]~2                ;
; Maximum fan-out                             ; 37                    ;
; Highest non-global fan-out signal           ; j[2]~2                ;
; Highest non-global fan-out                  ; 37                    ;
; Total fan-out                               ; 534                   ;
; Average fan-out                             ; 3.42                  ;
+---------------------------------------------+-----------------------+


+-------------------------------------------------------------------------------------------------------------------------------------------------------------------------------------------------------------------------------------------------------------+
; Input Pins                                                                                                                                                                                                                                                  ;
+-------+-------+----------+--------------+--------------+-------------+-----------------------+--------------------+--------+----------------+---------------+-----------------+----------+--------------+--------------+-------------+----------------------+
; Name  ; Pin # ; I/O Bank ; X coordinate ; Y coordinate ; Cell number ; Combinational Fan-Out ; Registered Fan-Out ; Global ; Input Register ; Power Up High ; PCI I/O Enabled ; Bus Hold ; Weak Pull Up ; I/O Standard ; Termination ; Location assigned by ;
+-------+-------+----------+--------------+--------------+-------------+-----------------------+--------------------+--------+----------------+---------------+-----------------+----------+--------------+--------------+-------------+----------------------+
; clr   ; 1     ; 1        ; 0            ; 26           ; 0           ; 1                     ; 0                  ; no     ; no             ; no            ; no              ; no       ; Off          ; 3.3-V LVCMOS ; Off         ; User                 ;
; js[0] ; 3     ; 1        ; 0            ; 25           ; 0           ; 1                     ; 0                  ; no     ; no             ; no            ; no              ; no       ; Off          ; 3.3-V LVCMOS ; Off         ; User                 ;
; js[1] ; 4     ; 1        ; 0            ; 25           ; 1           ; 2                     ; 0                  ; no     ; no             ; no            ; no              ; no       ; Off          ; 3.3-V LVCMOS ; Off         ; User                 ;
; js[2] ; 5     ; 1        ; 0            ; 25           ; 2           ; 2                     ; 0                  ; no     ; no             ; no            ; no              ; no       ; Off          ; 3.3-V LVCMOS ; Off         ; User                 ;
; js[3] ; 6     ; 1        ; 0            ; 24           ; 0           ; 4                     ; 0                  ; no     ; no             ; no            ; no              ; no       ; Off          ; 3.3-V LVCMOS ; Off         ; User                 ;
; js[4] ; 7     ; 1        ; 0            ; 24           ; 1           ; 3                     ; 0                  ; no     ; no             ; no            ; no              ; no       ; Off          ; 3.3-V LVCMOS ; Off         ; User                 ;
; js[5] ; 8     ; 1        ; 0            ; 24           ; 2           ; 4                     ; 0                  ; no     ; no             ; no            ; no              ; no       ; Off          ; 3.3-V LVCMOS ; Off         ; User                 ;
; sclk  ; 28    ; 1        ; 0            ; 15           ; 2           ; 30                    ; 0                  ; yes    ; no             ; no            ; no              ; no       ; Off          ; 3.3-V LVCMOS ; Off         ; User                 ;
; sel   ; 2     ; 1        ; 0            ; 26           ; 1           ; 14                    ; 0                  ; no     ; no             ; no            ; no              ; no       ; Off          ; 3.3-V LVCMOS ; Off         ; User                 ;
+-------+-------+----------+--------------+--------------+-------------+-----------------------+--------------------+--------+----------------+---------------+-----------------+----------+--------------+--------------+-------------+----------------------+


+-------------------------------------------------------------------------------------------------------------------------------------------------------------------------------------------------------------------------------------------------------------------------------------------------------------+
; Output Pins                                                                                                                                                                                                                                                                                                 ;
+----------+-------+----------+--------------+--------------+-------------+-----------------+------------------------+---------------+----------------+-----------------+------------+---------------+----------+--------------+--------------+------------------+-------------+----------------------+-------+
; Name     ; Pin # ; I/O Bank ; X coordinate ; Y coordinate ; Cell number ; Output Register ; Output Enable Register ; Power Up High ; Slow Slew Rate ; PCI I/O Enabled ; Open Drain ; TRI Primitive ; Bus Hold ; Weak Pull Up ; I/O Standard ; Current Strength ; Termination ; Location assigned by ; Load  ;
+----------+-------+----------+--------------+--------------+-------------+-----------------+------------------------+---------------+----------------+-----------------+------------+---------------+----------+--------------+--------------+------------------+-------------+----------------------+-------+
; s[0]     ; 11    ; 1        ; 0            ; 23           ; 0           ; no              ; no                     ; no            ; no             ; no              ; no         ; yes           ; no       ; Off          ; 3.3-V LVCMOS ; 12mA             ; Off         ; User                 ; 10 pF ;
; s[10]    ; 21    ; 1        ; 0            ; 20           ; 1           ; no              ; no                     ; no            ; no             ; no              ; no         ; yes           ; no       ; Off          ; 3.3-V LVCMOS ; 12mA             ; Off         ; User                 ; 10 pF ;
; s[11]    ; 23    ; 1        ; 0            ; 16           ; 0           ; no              ; no                     ; no            ; no             ; no              ; no         ; yes           ; no       ; Off          ; 3.3-V LVCMOS ; 12mA             ; Off         ; User                 ; 10 pF ;
; s[12]    ; 41    ; 1        ; 0            ; 7            ; 1           ; no              ; no                     ; no            ; no             ; no              ; no         ; yes           ; no       ; Off          ; 3.3-V LVCMOS ; 12mA             ; Off         ; User                 ; 10 pF ;
; s[13]    ; 42    ; 1        ; 0            ; 6            ; 0           ; no              ; no                     ; no            ; no             ; no              ; no         ; yes           ; no       ; Off          ; 3.3-V LVCMOS ; 12mA             ; Off         ; User                 ; 10 pF ;
; s[14]    ; 43    ; 1        ; 0            ; 6            ; 1           ; no              ; no                     ; no            ; no             ; no              ; no         ; yes           ; no       ; Off          ; 3.3-V LVCMOS ; 12mA             ; Off         ; User                 ; 10 pF ;
; s[15]    ; 44    ; 1        ; 0            ; 6            ; 2           ; no              ; no                     ; no            ; no             ; no              ; no         ; yes           ; no       ; Off          ; 3.3-V LVCMOS ; 12mA             ; Off         ; User                 ; 10 pF ;
; s[1]     ; 12    ; 1        ; 0            ; 23           ; 1           ; no              ; no                     ; no            ; no             ; no              ; no         ; yes           ; no       ; Off          ; 3.3-V LVCMOS ; 12mA             ; Off         ; User                 ; 10 pF ;
; s[2]     ; 13    ; 1        ; 0            ; 23           ; 2           ; no              ; no                     ; no            ; no             ; no              ; no         ; yes           ; no       ; Off          ; 3.3-V LVCMOS ; 12mA             ; Off         ; User                 ; 10 pF ;
; s[3]     ; 14    ; 1        ; 0            ; 22           ; 0           ; no              ; no                     ; no            ; no             ; no              ; no         ; yes           ; no       ; Off          ; 3.3-V LVCMOS ; 12mA             ; Off         ; User                 ; 10 pF ;
; s[4]     ; 15    ; 1        ; 0            ; 22           ; 1           ; no              ; no                     ; no            ; no             ; no              ; no         ; yes           ; no       ; Off          ; 3.3-V LVCMOS ; 12mA             ; Off         ; User                 ; 10 pF ;
; s[5]     ; 16    ; 1        ; 0            ; 22           ; 2           ; no              ; no                     ; no            ; no             ; no              ; no         ; yes           ; no       ; Off          ; 3.3-V LVCMOS ; 12mA             ; Off         ; User                 ; 10 pF ;
; s[6]     ; 17    ; 1        ; 0            ; 21           ; 0           ; no              ; no                     ; no            ; no             ; no              ; no         ; yes           ; no       ; Off          ; 3.3-V LVCMOS ; 12mA             ; Off         ; User                 ; 10 pF ;
; s[7]     ; 18    ; 1        ; 0            ; 21           ; 1           ; no              ; no                     ; no            ; no             ; no              ; no         ; yes           ; no       ; Off          ; 3.3-V LVCMOS ; 12mA             ; Off         ; User                 ; 10 pF ;
; s[8]     ; 19    ; 1        ; 0            ; 21           ; 2           ; no              ; no                     ; no            ; no             ; no              ; no         ; yes           ; no       ; Off          ; 3.3-V LVCMOS ; 12mA             ; Off         ; User                 ; 10 pF ;
; s[9]     ; 20    ; 1        ; 0            ; 20           ; 0           ; no              ; no                     ; no            ; no             ; no              ; no         ; yes           ; no       ; Off          ; 3.3-V LVCMOS ; 12mA             ; Off         ; User                 ; 10 pF ;
; scndp[0] ; 144   ; 3        ; 53           ; 12           ; 0           ; no              ; no                     ; no            ; no             ; no              ; no         ; no            ; no       ; Off          ; 3.3-V LVCMOS ; 12mA             ; Off         ; User                 ; 10 pF ;
; scndp[1] ; 156   ; 3        ; 53           ; 16           ; 2           ; no              ; no                     ; no            ; no             ; no              ; no         ; no            ; no       ; Off          ; 3.3-V LVCMOS ; 12mA             ; Off         ; User                 ; 10 pF ;
; scndp[2] ; 158   ; 3        ; 53           ; 19           ; 0           ; no              ; no                     ; no            ; no             ; no              ; no         ; no            ; no       ; Off          ; 3.3-V LVCMOS ; 12mA             ; Off         ; User                 ; 10 pF ;
; scndp[3] ; 159   ; 3        ; 53           ; 20           ; 2           ; no              ; no                     ; no            ; no             ; no              ; no         ; no            ; no       ; Off          ; 3.3-V LVCMOS ; 12mA             ; Off         ; User                 ; 10 pF ;
; scndp[4] ; 160   ; 3        ; 53           ; 20           ; 1           ; no              ; no                     ; no            ; no             ; no              ; no         ; no            ; no       ; Off          ; 3.3-V LVCMOS ; 12mA             ; Off         ; User                 ; 10 pF ;
; scndp[5] ; 161   ; 3        ; 53           ; 20           ; 0           ; no              ; no                     ; no            ; no             ; no              ; no         ; no            ; no       ; Off          ; 3.3-V LVCMOS ; 12mA             ; Off         ; User                 ; 10 pF ;
+----------+-------+----------+--------------+--------------+-------------+-----------------+------------------------+---------------+----------------+-----------------+------------+---------------+----------+--------------+--------------+------------------+-------------+----------------------+-------+


+------------------------------------------------------------+
; I/O Bank Usage                                             ;
+----------+------------------+---------------+--------------+
; I/O Bank ; Usage            ; VCCIO Voltage ; VREF Voltage ;
+----------+------------------+---------------+--------------+
; 1        ; 25 / 44 ( 57 % ) ; 3.3V          ; --           ;
; 2        ; 0 / 42 ( 0 % )   ; 3.3V          ; --           ;
; 3        ; 6 / 45 ( 13 % )  ; 3.3V          ; --           ;
; 4        ; 0 / 42 ( 0 % )   ; 3.3V          ; --           ;
+----------+------------------+---------------+--------------+


+----------------------------------------------------------------------------------------------------------------------------------------------+
; All Package Pins                                                                                                                             ;
+----------+------------+----------+----------------+--------+--------------+---------+------------+-----------------+----------+--------------+
; Location ; Pad Number ; I/O Bank ; Pin Name/Usage ; Dir.   ; I/O Standard ; Voltage ; I/O Type   ; User Assignment ; Bus Hold ; Weak Pull Up ;
+----------+------------+----------+----------------+--------+--------------+---------+------------+-----------------+----------+--------------+
; 1        ; 0          ; 1        ; clr            ; input  ; 3.3-V LVCMOS ;         ; Row I/O    ; Y               ; no       ; Off          ;
; 2        ; 1          ; 1        ; sel            ; input  ; 3.3-V LVCMOS ;         ; Row I/O    ; Y               ; no       ; Off          ;
; 3        ; 2          ; 1        ; js[0]          ; input  ; 3.3-V LVCMOS ;         ; Row I/O    ; Y               ; no       ; Off          ;
; 4        ; 3          ; 1        ; js[1]          ; input  ; 3.3-V LVCMOS ;         ; Row I/O    ; Y               ; no       ; Off          ;
; 5        ; 4          ; 1        ; js[2]          ; input  ; 3.3-V LVCMOS ;         ; Row I/O    ; Y               ; no       ; Off          ;
; 6        ; 5          ; 1        ; js[3]          ; input  ; 3.3-V LVCMOS ;         ; Row I/O    ; Y               ; no       ; Off          ;
; 7        ; 6          ; 1        ; js[4]          ; input  ; 3.3-V LVCMOS ;         ; Row I/O    ; Y               ; no       ; Off          ;
; 8        ; 7          ; 1        ; js[5]          ; input  ; 3.3-V LVCMOS ;         ; Row I/O    ; Y               ; no       ; Off          ;
; 9        ;            ; 1        ; VCCIO1         ; power  ;              ; 3.3V    ; --         ;                 ; --       ; --           ;
; 10       ;            ;          ; GND            ; gnd    ;              ;         ; --         ;                 ; --       ; --           ;
; 11       ; 8          ; 1        ; s[0]           ; output ; 3.3-V LVCMOS ;         ; Row I/O    ; Y               ; no       ; Off          ;
; 12       ; 9          ; 1        ; s[1]           ; output ; 3.3-V LVCMOS ;         ; Row I/O    ; Y               ; no       ; Off          ;
; 13       ; 10         ; 1        ; s[2]           ; output ; 3.3-V LVCMOS ;         ; Row I/O    ; Y               ; no       ; Off          ;
; 14       ; 11         ; 1        ; s[3]           ; output ; 3.3-V LVCMOS ;         ; Row I/O    ; Y               ; no       ; Off          ;
; 15       ; 12         ; 1        ; s[4]           ; output ; 3.3-V LVCMOS ;         ; Row I/O    ; Y               ; no       ; Off          ;
; 16       ; 13         ; 1        ; s[5]           ; output ; 3.3-V LVCMOS ;         ; Row I/O    ; Y               ; no       ; Off          ;
; 17       ; 14         ; 1        ; s[6]           ; output ; 3.3-V LVCMOS ;         ; Row I/O    ; Y               ; no       ; Off          ;
; 18       ; 15         ; 1        ; s[7]           ; output ; 3.3-V LVCMOS ;         ; Row I/O    ; Y               ; no       ; Off          ;
; 19       ; 16         ; 1        ; s[8]           ; output ; 3.3-V LVCMOS ;         ; Row I/O    ; Y               ; no       ; Off          ;
; 20       ; 17         ; 1        ; s[9]           ; output ; 3.3-V LVCMOS ;         ; Row I/O    ; Y               ; no       ; Off          ;
; 21       ; 18         ; 1        ; s[10]          ; output ; 3.3-V LVCMOS ;         ; Row I/O    ; Y               ; no       ; Off          ;
; 22       ;            ; 1        ; VCCIO1         ; power  ;              ; 3.3V    ; --         ;                 ; --       ; --           ;
; 23       ; 28         ; 1        ; s[11]          ; output ; 3.3-V LVCMOS ;         ; Row I/O    ; Y               ; no       ; Off          ;
; 24       ; 29         ; 1        ; GND*           ;        ;              ;         ; Row I/O    ;                 ; no       ; Off          ;
; 25       ; 30         ; 1        ; ^DATA0         ; input  ;              ;         ; --         ;                 ; --       ; --           ;
; 26       ; 31         ; 1        ; ^nCONFIG       ;        ;              ;         ; --         ;                 ; --       ; --           ;
; 27       ;            ;          ; VCCA_PLL1      ; power  ;              ; 1.5V    ; --         ;                 ; --       ; --           ;
; 28       ; 32         ; 1        ; sclk           ; input  ; 3.3-V LVCMOS ;         ; Row I/O    ; Y               ; no       ; Off          ;
; 29       ; 33         ; 1        ; GND+           ;        ;              ;         ; Row I/O    ;                 ; --       ; --           ;
; 30       ;            ;          ; GNDA_PLL1      ; gnd    ;              ;         ; --         ;                 ; --       ; --           ;
; 31       ;            ;          ; GNDG_PLL1      ; gnd    ;              ;         ; --         ;                 ; --       ; --           ;
; 32       ; 34         ; 1        ; ^nCEO          ;        ;              ;         ; --         ;                 ; --       ; --           ;
; 33       ; 35         ; 1        ; ^nCE           ;        ;              ;         ; --         ;                 ; --       ; --           ;
; 34       ; 36         ; 1        ; ^MSEL0         ;        ;              ;         ; --         ;                 ; --       ; --           ;
; 35       ; 37         ; 1        ; ^MSEL1         ;        ;              ;         ; --         ;                 ; --       ; --           ;
; 36       ; 38         ; 1        ; ^DCLK          ; bidir  ;              ;         ; --         ;                 ; --       ; --           ;
; 37       ; 39         ; 1        ; GND*           ;        ;              ;         ; Row I/O    ;                 ; no       ; Off          ;
; 38       ; 40         ; 1        ; GND*           ;        ;              ;         ; Row I/O    ;                 ; no       ; Off          ;
; 39       ; 41         ; 1        ; GND*           ;        ;              ;         ; Row I/O    ;                 ; no       ; Off          ;
; 40       ;            ;          ; GND            ; gnd    ;              ;         ; --         ;                 ; --       ; --           ;
; 41       ; 52         ; 1        ; s[12]          ; output ; 3.3-V LVCMOS ;         ; Row I/O    ; Y               ; no       ; Off          ;
; 42       ; 53         ; 1        ; s[13]          ; output ; 3.3-V LVCMOS ;         ; Row I/O    ; Y               ; no       ; Off          ;
; 43       ; 54         ; 1        ; s[14]          ; output ; 3.3-V LVCMOS ;         ; Row I/O    ; Y               ; no       ; Off          ;
; 44       ; 55         ; 1        ; s[15]          ; output ; 3.3-V LVCMOS ;         ; Row I/O    ; Y               ; no       ; Off          ;
; 45       ; 56         ; 1        ; GND*           ;        ;              ;         ; Row I/O    ;                 ; no       ; Off          ;
; 46       ; 57         ; 1        ; GND*           ;        ;              ;         ; Row I/O    ;                 ; no       ; Off          ;
; 47       ; 58         ; 1        ; GND*           ;        ;              ;         ; Row I/O    ;                 ; no       ; Off          ;
; 48       ; 59         ; 1        ; GND*           ;        ;              ;         ; Row I/O    ;                 ; no       ; Off          ;
; 49       ; 60         ; 1        ; GND*           ;        ;              ;         ; Row I/O    ;                 ; no       ; Off          ;
; 50       ; 61         ; 1        ; GND*           ;        ;              ;         ; Row I/O    ;                 ; no       ; Off          ;
; 51       ;            ; 1        ; VCCIO1         ; power  ;              ; 3.3V    ; --         ;                 ; --       ; --           ;
; 52       ;            ;          ; GND            ; gnd    ;              ;         ; --         ;                 ; --       ; --           ;
; 53       ; 62         ; 1        ; GND*           ;        ;              ;         ; Row I/O    ;                 ; no       ; Off          ;
; 54       ; 63         ; 1        ; GND*           ;        ;              ;         ; Row I/O    ;                 ; no       ; Off          ;
; 55       ; 64         ; 1        ; GND*           ;        ;              ;         ; Row I/O    ;                 ; no       ; Off          ;
; 56       ; 65         ; 1        ; GND*           ;        ;              ;         ; Row I/O    ;                 ; no       ; Off          ;
; 57       ; 66         ; 1        ; GND*           ;        ;              ;         ; Row I/O    ;                 ; no       ; Off          ;
; 58       ; 67         ; 1        ; GND*           ;        ;              ;         ; Row I/O    ;                 ; no       ; Off          ;
; 59       ; 68         ; 1        ; GND*           ;        ;              ;         ; Row I/O    ;                 ; no       ; Off          ;
; 60       ; 69         ; 1        ; GND*           ;        ;              ;         ; Row I/O    ;                 ; no       ; Off          ;
; 61       ; 70         ; 4        ; GND*           ;        ;              ;         ; Column I/O ;                 ; no       ; Off          ;
; 62       ; 71         ; 4        ; GND*           ;        ;              ;         ; Column I/O ;                 ; no       ; Off          ;
; 63       ; 72         ; 4        ; GND*           ;        ;              ;         ; Column I/O ;                 ; no       ; Off          ;
; 64       ; 73         ; 4        ; GND*           ;        ;              ;         ; Column I/O ;                 ; no       ; Off          ;
; 65       ; 74         ; 4        ; GND*           ;        ;              ;         ; Column I/O ;                 ; no       ; Off          ;
; 66       ; 75         ; 4        ; GND*           ;        ;              ;         ; Column I/O ;                 ; no       ; Off          ;
; 67       ; 76         ; 4        ; GND*           ;        ;              ;         ; Column I/O ;                 ; no       ; Off          ;
; 68       ; 77         ; 4        ; GND*           ;        ;              ;         ; Column I/O ;                 ; no       ; Off          ;
; 69       ;            ;          ; GND            ; gnd    ;              ;         ; --         ;                 ; --       ; --           ;
; 70       ;            ; 4        ; VCCIO4         ; power  ;              ; 3.3V    ; --         ;                 ; --       ; --           ;
; 71       ;            ;          ; GND            ; gnd    ;              ;         ; --         ;                 ; --       ; --           ;
; 72       ;            ;          ; VCCINT         ; power  ;              ; 1.5V    ; --         ;                 ; --       ; --           ;
; 73       ; 78         ; 4        ; GND*           ;        ;              ;         ; Column I/O ;                 ; no       ; Off          ;
; 74       ; 79         ; 4        ; GND*           ;        ;              ;         ; Column I/O ;                 ; no       ; Off          ;
; 75       ; 80         ; 4        ; GND*           ;        ;              ;         ; Column I/O ;                 ; no       ; Off          ;
; 76       ; 81         ; 4        ; GND*           ;        ;              ;         ; Column I/O ;                 ; no       ; Off          ;
; 77       ; 82         ; 4        ; GND*           ;        ;              ;         ; Column I/O ;                 ; no       ; Off          ;
; 78       ; 83         ; 4        ; GND*           ;        ;              ;         ; Column I/O ;                 ; no       ; Off          ;
; 79       ; 84         ; 4        ; GND*           ;        ;              ;         ; Column I/O ;                 ; no       ; Off          ;
; 80       ;            ;          ; GND            ; gnd    ;              ;         ; --         ;                 ; --       ; --           ;
; 81       ;            ;          ; VCCINT         ; power  ;              ; 1.5V    ; --         ;                 ; --       ; --           ;
; 82       ; 86         ; 4        ; GND*           ;        ;              ;         ; Column I/O ;                 ; no       ; Off          ;
; 83       ; 87         ; 4        ; GND*           ;        ;              ;         ; Column I/O ;                 ; no       ; Off          ;
; 84       ; 88         ; 4        ; GND*           ;        ;              ;         ; Column I/O ;                 ; no       ; Off          ;
; 85       ; 89         ; 4        ; GND*           ;        ;              ;         ; Column I/O ;                 ; no       ; Off          ;
; 86       ; 90         ; 4        ; GND*           ;        ;              ;         ; Column I/O ;                 ; no       ; Off          ;
; 87       ; 91         ; 4        ; GND*           ;        ;              ;         ; Column I/O ;                 ; no       ; Off          ;
; 88       ; 92         ; 4        ; GND*           ;        ;              ;         ; Column I/O ;                 ; no       ; Off          ;
; 89       ;            ;          ; GND            ; gnd    ;              ;         ; --         ;                 ; --       ; --           ;
; 90       ;            ;          ; VCCINT         ; power  ;              ; 1.5V    ; --         ;                 ; --       ; --           ;
; 91       ;            ;          ; GND            ; gnd    ;              ;         ; --         ;                 ; --       ; --           ;
; 92       ;            ; 4        ; VCCIO4         ; power  ;              ; 3.3V    ; --         ;                 ; --       ; --           ;
; 93       ; 100        ; 4        ; GND*           ;        ;              ;         ; Column I/O ;                 ; no       ; Off          ;
; 94       ; 103        ; 4        ; GND*           ;        ;              ;         ; Column I/O ;                 ; no       ; Off          ;
; 95       ; 104        ; 4        ; GND*           ;        ;              ;         ; Column I/O ;                 ; no       ; Off          ;
; 96       ;            ;          ; GND            ; gnd    ;              ;         ; --         ;                 ; --       ; --           ;
; 97       ;            ;          ; VCCINT         ; power  ;              ; 1.5V    ; --         ;                 ; --       ; --           ;
; 98       ; 106        ; 4        ; GND*           ;        ;              ;         ; Column I/O ;                 ; no       ; Off          ;
; 99       ; 107        ; 4        ; GND*           ;        ;              ;         ; Column I/O ;                 ; no       ; Off          ;
; 100      ; 108        ; 4        ; GND*           ;        ;              ;         ; Column I/O ;                 ; no       ; Off          ;
; 101      ; 109        ; 4        ; GND*           ;        ;              ;         ; Column I/O ;                 ; no       ; Off          ;
; 102      ;            ;          ; GND            ; gnd    ;              ;         ; --         ;                 ; --       ; --           ;
; 103      ;            ;          ; VCCINT         ; power  ;              ; 1.5V    ; --         ;                 ; --       ; --           ;
; 104      ; 118        ; 4        ; GND*           ;        ;              ;         ; Column I/O ;                 ; no       ; Off          ;
; 105      ; 119        ; 4        ; GND*           ;        ;              ;         ; Column I/O ;                 ; no       ; Off          ;
; 106      ; 120        ; 4        ; GND*           ;        ;              ;         ; Column I/O ;                 ; no       ; Off          ;
; 107      ; 121        ; 4        ; GND*           ;        ;              ;         ; Column I/O ;                 ; no       ; Off          ;
; 108      ; 122        ; 4        ; GND*           ;        ;              ;         ; Column I/O ;                 ; no       ; Off          ;
; 109      ;            ;          ; GND            ; gnd    ;              ;         ; --         ;                 ; --       ; --           ;
; 110      ;            ;          ; VCCINT         ; power  ;              ; 1.5V    ; --         ;                 ; --       ; --           ;
; 111      ;            ;          ; GND            ; gnd    ;              ;         ; --         ;                 ; --       ; --           ;
; 112      ;            ; 4        ; VCCIO4         ; power  ;              ; 3.3V    ; --         ;                 ; --       ; --           ;
; 113      ; 123        ; 4        ; GND*           ;        ;              ;         ; Column I/O ;                 ; no       ; Off          ;
; 114      ; 124        ; 4        ; GND*           ;        ;              ;         ; Column I/O ;                 ; no       ; Off          ;
; 115      ; 125        ; 4        ; GND*           ;        ;              ;         ; Column I/O ;                 ; no       ; Off          ;
; 116      ; 126        ; 4        ; GND*           ;        ;              ;         ; Column I/O ;                 ; no       ; Off          ;
; 117      ; 127        ; 4        ; GND*           ;        ;              ;         ; Column I/O ;                 ; no       ; Off          ;
; 118      ; 128        ; 4        ; GND*           ;        ;              ;         ; Column I/O ;                 ; no       ; Off          ;
; 119      ; 129        ; 4        ; GND*           ;        ;              ;         ; Column I/O ;                 ; no       ; Off          ;
; 120      ; 130        ; 4        ; GND*           ;        ;              ;         ; Column I/O ;                 ; no       ; Off          ;
; 121      ; 131        ; 3        ; GND*           ;        ;              ;         ; Row I/O    ;                 ; no       ; Off          ;
; 122      ; 132        ; 3        ; GND*           ;        ;              ;         ; Row I/O    ;                 ; no       ; Off          ;
; 123      ; 133        ; 3        ; GND*           ;        ;              ;         ; Row I/O    ;                 ; no       ; Off          ;
; 124      ; 134        ; 3        ; GND*           ;        ;              ;         ; Row I/O    ;                 ; no       ; Off          ;
; 125      ; 135        ; 3        ; GND*           ;        ;              ;         ; Row I/O    ;                 ; no       ; Off          ;
; 126      ; 136        ; 3        ; GND*           ;        ;              ;         ; Row I/O    ;                 ; no       ; Off          ;
; 127      ; 137        ; 3        ; GND*           ;        ;              ;         ; Row I/O    ;                 ; no       ; Off          ;
; 128      ; 138        ; 3        ; GND*           ;        ;              ;         ; Row I/O    ;                 ; no       ; Off          ;
; 129      ;            ;          ; GND            ; gnd    ;              ;         ; --         ;                 ; --       ; --           ;
; 130      ;            ; 3        ; VCCIO3         ; power  ;              ; 3.3V    ; --         ;                 ; --       ; --           ;
; 131      ; 139        ; 3        ; GND*           ;        ;              ;         ; Row I/O    ;                 ; no       ; Off          ;
; 132      ; 140        ; 3        ; GND*           ;        ;              ;         ; Row I/O    ;                 ; no       ; Off          ;
; 133      ; 141        ; 3        ; GND*           ;        ;              ;         ; Row I/O    ;                 ; no       ; Off          ;
; 134      ; 142        ; 3        ; GND*           ;        ;              ;         ; Row I/O    ;                 ; no       ; Off          ;
; 135      ; 143        ; 3        ; GND*           ;        ;              ;         ; Row I/O    ;                 ; no       ; Off          ;
; 136      ; 144        ; 3        ; GND*           ;        ;              ;         ; Row I/O    ;                 ; no       ; Off          ;
; 137      ; 145        ; 3        ; GND*           ;        ;              ;         ; Row I/O    ;                 ; no       ; Off          ;
; 138      ; 146        ; 3        ; GND*           ;        ;              ;         ; Row I/O    ;                 ; no       ; Off          ;
; 139      ; 147        ; 3        ; GND*           ;        ;              ;         ; Row I/O    ;                 ; no       ; Off          ;
; 140      ; 148        ; 3        ; GND*           ;        ;              ;         ; Row I/O    ;                 ; no       ; Off          ;
; 141      ; 149        ; 3        ; GND*           ;        ;              ;         ; Row I/O    ;                 ; no       ; Off          ;
; 142      ;            ;          ; GND            ; gnd    ;              ;         ; --         ;                 ; --       ; --           ;
; 143      ; 160        ; 3        ; GND*           ;        ;              ;         ; Row I/O    ;                 ; no       ; Off          ;
; 144      ; 161        ; 3        ; scndp[0]       ; output ; 3.3-V LVCMOS ;         ; Row I/O    ; Y               ; no       ; Off          ;
; 145      ; 162        ; 3        ; ^CONF_DONE     ;        ;              ;         ; --         ;                 ; --       ; --           ;
; 146      ; 163        ; 3        ; ^nSTATUS       ;        ;              ;         ; --         ;                 ; --       ; --           ;
; 147      ; 164        ; 3        ; #TCK           ; input  ;              ;         ; --         ;                 ; --       ; --           ;
; 148      ; 165        ; 3        ; #TMS           ; input  ;              ;         ; --         ;                 ; --       ; --           ;
; 149      ; 166        ; 3        ; #TDO           ; output ;              ;         ; --         ;                 ; --       ; --           ;
; 150      ;            ;          ; GNDG_PLL2      ; gnd    ;              ;         ; --         ;                 ; --       ; --           ;
; 151      ;            ;          ; GNDA_PLL2      ; gnd    ;              ;         ; --         ;                 ; --       ; --           ;
; 152      ; 167        ; 3        ; GND+           ;        ;              ;         ; Row I/O    ;                 ; --       ; --           ;
; 153      ; 168        ; 3        ; GND+           ;        ;              ;         ; Row I/O    ;                 ; --       ; --           ;
; 154      ;            ;          ; VCCA_PLL2      ; power  ;              ; 1.5V    ; --         ;                 ; --       ; --           ;
; 155      ; 169        ; 3        ; #TDI           ; input  ;              ;         ; --         ;                 ; --       ; --           ;
; 156      ; 170        ; 3        ; scndp[1]       ; output ; 3.3-V LVCMOS ;         ; Row I/O    ; Y               ; no       ; Off          ;
; 157      ;            ; 3        ; VCCIO3         ; power  ;              ; 3.3V    ; --         ;                 ; --       ; --           ;
; 158      ; 180        ; 3        ; scndp[2]       ; output ; 3.3-V LVCMOS ;         ; Row I/O    ; Y               ; no       ; Off          ;
; 159      ; 181        ; 3        ; scndp[3]       ; output ; 3.3-V LVCMOS ;         ; Row I/O    ; Y               ; no       ; Off          ;
; 160      ; 182        ; 3        ; scndp[4]       ; output ; 3.3-V LVCMOS ;         ; Row I/O    ; Y               ; no       ; Off          ;
; 161      ; 183        ; 3        ; scndp[5]       ; output ; 3.3-V LVCMOS ;         ; Row I/O    ; Y               ; no       ; Off          ;
; 162      ; 184        ; 3        ; GND*           ;        ;              ;         ; Row I/O    ;                 ; no       ; Off          ;
; 163      ; 185        ; 3        ; GND*           ;        ;              ;         ; Row I/O    ;                 ; no       ; Off          ;
; 164      ; 186        ; 3        ; GND*           ;        ;              ;         ; Row I/O    ;                 ; no       ; Off          ;
; 165      ; 187        ; 3        ; GND*           ;        ;              ;         ; Row I/O    ;                 ; no       ; Off          ;
; 166      ; 188        ; 3        ; GND*           ;        ;              ;         ; Row I/O    ;                 ; no       ; Off          ;
; 167      ; 189        ; 3        ; GND*           ;        ;              ;         ; Row I/O    ;                 ; no       ; Off          ;
; 168      ; 190        ; 3        ; GND*           ;        ;              ;         ; Row I/O    ;                 ; no       ; Off          ;
; 169      ; 191        ; 3        ; GND*           ;        ;              ;         ; Row I/O    ;                 ; no       ; Off          ;
; 170      ; 192        ; 3        ; GND*           ;        ;              ;         ; Row I/O    ;                 ; no       ; Off          ;
; 171      ;            ;          ; GND            ; gnd    ;              ;         ; --         ;                 ; --       ; --           ;
; 172      ;            ; 3        ; VCCIO3         ; power  ;              ; 3.3V    ; --         ;                 ; --       ; --           ;
; 173      ; 193        ; 3        ; GND*           ;        ;              ;         ; Row I/O    ;                 ; no       ; Off          ;
; 174      ; 194        ; 3        ; GND*           ;        ;              ;         ; Row I/O    ;                 ; no       ; Off          ;
; 175      ; 195        ; 3        ; GND*           ;        ;              ;         ; Row I/O    ;                 ; no       ; Off          ;
; 176      ; 196        ; 3        ; GND*           ;        ;              ;         ; Row I/O    ;                 ; no       ; Off          ;
; 177      ; 197        ; 3        ; GND*           ;        ;              ;         ; Row I/O    ;                 ; no       ; Off          ;
; 178      ; 198        ; 3        ; GND*           ;        ;              ;         ; Row I/O    ;                 ; no       ; Off          ;
; 179      ; 199        ; 3        ; GND*           ;        ;              ;         ; Row I/O    ;                 ; no       ; Off          ;
; 180      ; 200        ; 3        ; GND*           ;        ;              ;         ; Row I/O    ;                 ; no       ; Off          ;
; 181      ; 201        ; 2        ; GND*           ;        ;              ;         ; Column I/O ;                 ; no       ; Off          ;
; 182      ; 202        ; 2        ; GND*           ;        ;              ;         ; Column I/O ;                 ; no       ; Off          ;
; 183      ; 203        ; 2        ; GND*           ;        ;              ;         ; Column I/O ;                 ; no       ; Off          ;
; 184      ; 204        ; 2        ; GND*           ;        ;              ;         ; Column I/O ;                 ; no       ; Off          ;
; 185      ; 205        ; 2        ; GND*           ;        ;              ;         ; Column I/O ;                 ; no       ; Off          ;
; 186      ; 206        ; 2        ; GND*           ;        ;              ;         ; Column I/O ;                 ; no       ; Off          ;
; 187      ; 207        ; 2        ; GND*           ;        ;              ;         ; Column I/O ;                 ; no       ; Off          ;
; 188      ; 208        ; 2        ; GND*           ;        ;              ;         ; Column I/O ;                 ; no       ; Off          ;
; 189      ;            ; 2        ; VCCIO2         ; power  ;              ; 3.3V    ; --         ;                 ; --       ; --           ;
; 190      ;            ;          ; GND            ; gnd    ;              ;         ; --         ;                 ; --       ; --           ;
; 191      ;            ;          ; VCCINT         ; power  ;              ; 1.5V    ; --         ;                 ; --       ; --           ;
; 192      ;            ;          ; GND            ; gnd    ;              ;         ; --         ;                 ; --       ; --           ;
; 193      ; 209        ; 2        ; GND*           ;        ;              ;         ; Column I/O ;                 ; no       ; Off          ;
; 194      ; 210        ; 2        ; GND*           ;        ;              ;         ; Column I/O ;                 ; no       ; Off          ;
; 195      ; 211        ; 2        ; GND*           ;        ;              ;         ; Column I/O ;                 ; no       ; Off          ;
; 196      ; 212        ; 2        ; GND*           ;        ;              ;         ; Column I/O ;                 ; no       ; Off          ;
; 197      ; 213        ; 2        ; GND*           ;        ;              ;         ; Column I/O ;                 ; no       ; Off          ;
; 198      ;            ;          ; VCCINT         ; power  ;              ; 1.5V    ; --         ;                 ; --       ; --           ;
; 199      ;            ;          ; GND            ; gnd    ;              ;         ; --         ;                 ; --       ; --           ;
; 200      ; 222        ; 2        ; GND*           ;        ;              ;         ; Column I/O ;                 ; no       ; Off          ;
; 201      ; 223        ; 2        ; GND*           ;        ;              ;         ; Column I/O ;                 ; no       ; Off          ;
; 202      ; 224        ; 2        ; GND*           ;        ;              ;         ; Column I/O ;                 ; no       ; Off          ;
; 203      ; 225        ; 2        ; GND*           ;        ;              ;         ; Column I/O ;                 ; no       ; Off          ;
; 204      ;            ;          ; VCCINT         ; power  ;              ; 1.5V    ; --         ;                 ; --       ; --           ;
; 205      ;            ;          ; GND            ; gnd    ;              ;         ; --         ;                 ; --       ; --           ;
; 206      ; 227        ; 2        ; GND*           ;        ;              ;         ; Column I/O ;                 ; no       ; Off          ;
; 207      ; 228        ; 2        ; GND*           ;        ;              ;         ; Column I/O ;                 ; no       ; Off          ;
; 208      ; 231        ; 2        ; GND*           ;        ;              ;         ; Column I/O ;                 ; no       ; Off          ;
; 209      ;            ; 2        ; VCCIO2         ; power  ;              ; 3.3V    ; --         ;                 ; --       ; --           ;
; 210      ;            ;          ; GND            ; gnd    ;              ;         ; --         ;                 ; --       ; --           ;
; 211      ;            ;          ; VCCINT         ; power  ;              ; 1.5V    ; --         ;                 ; --       ; --           ;
; 212      ;            ;          ; GND            ; gnd    ;              ;         ; --         ;                 ; --       ; --           ;
; 213      ; 239        ; 2        ; GND*           ;        ;              ;         ; Column I/O ;                 ; no       ; Off          ;
; 214      ; 240        ; 2        ; GND*           ;        ;              ;         ; Column I/O ;                 ; no       ; Off          ;
; 215      ; 241        ; 2        ; GND*           ;        ;              ;         ; Column I/O ;                 ; no       ; Off          ;
; 216      ; 242        ; 2        ; GND*           ;        ;              ;         ; Column I/O ;                 ; no       ; Off          ;
; 217      ; 243        ; 2        ; GND*           ;        ;              ;         ; Column I/O ;                 ; no       ; Off          ;
; 218      ; 244        ; 2        ; GND*           ;        ;              ;         ; Column I/O ;                 ; no       ; Off          ;
; 219      ; 245        ; 2        ; GND*           ;        ;              ;         ; Column I/O ;                 ; no       ; Off          ;
; 220      ;            ;          ; VCCINT         ; power  ;              ; 1.5V    ; --         ;                 ; --       ; --           ;
; 221      ;            ;          ; GND            ; gnd    ;              ;         ; --         ;                 ; --       ; --           ;
; 222      ; 247        ; 2        ; GND*           ;        ;              ;         ; Column I/O ;                 ; no       ; Off          ;
; 223      ; 248        ; 2        ; GND*           ;        ;              ;         ; Column I/O ;                 ; no       ; Off          ;
; 224      ; 249        ; 2        ; GND*           ;        ;              ;         ; Column I/O ;                 ; no       ; Off          ;
; 225      ; 250        ; 2        ; GND*           ;        ;              ;         ; Column I/O ;                 ; no       ; Off          ;
; 226      ; 251        ; 2        ; GND*           ;        ;              ;         ; Column I/O ;                 ; no       ; Off          ;
; 227      ; 252        ; 2        ; GND*           ;        ;              ;         ; Column I/O ;                 ; no       ; Off          ;
; 228      ; 253        ; 2        ; GND*           ;        ;              ;         ; Column I/O ;                 ; no       ; Off          ;
; 229      ;            ;          ; VCCINT         ; power  ;              ; 1.5V    ; --         ;                 ; --       ; --           ;
; 230      ;            ;          ; GND            ; gnd    ;              ;         ; --         ;                 ; --       ; --           ;
; 231      ;            ; 2        ; VCCIO2         ; power  ;              ; 3.3V    ; --         ;                 ; --       ; --           ;
; 232      ;            ;          ; GND            ; gnd    ;              ;         ; --         ;                 ; --       ; --           ;
; 233      ; 254        ; 2        ; GND*           ;        ;              ;         ; Column I/O ;                 ; no       ; Off          ;
; 234      ; 255        ; 2        ; GND*           ;        ;              ;         ; Column I/O ;                 ; no       ; Off          ;
; 235      ; 256        ; 2        ; GND*           ;        ;              ;         ; Column I/O ;                 ; no       ; Off          ;
; 236      ; 257        ; 2        ; GND*           ;        ;              ;         ; Column I/O ;                 ; no       ; Off          ;
; 237      ; 258        ; 2        ; GND*           ;        ;              ;         ; Column I/O ;                 ; no       ; Off          ;
; 238      ; 259        ; 2        ; GND*           ;        ;              ;         ; Column I/O ;                 ; no       ; Off          ;
; 239      ; 260        ; 2        ; GND*           ;        ;              ;         ; Column I/O ;                 ; no       ; Off          ;
; 240      ; 261        ; 2        ; GND*           ;        ;              ;         ; Column I/O ;                 ; no       ; Off          ;
+----------+------------+----------+----------------+--------+--------------+---------+------------+-----------------+----------+--------------+
Note: Pin directions (input, output or bidir) are based on device operating in user mode.


+------------------------------------------------------------------+
; Output Pin Default Load For Reported TCO                         ;
+---------------------+-------+------------------------------------+
; I/O Standard        ; Load  ; Termination Resistance             ;
+---------------------+-------+------------------------------------+
; 3.3-V LVTTL         ; 10 pF ; Not Available                      ;
; 3.3-V LVCMOS        ; 10 pF ; Not Available                      ;
; 2.5 V               ; 10 pF ; Not Available                      ;
; 1.8 V               ; 10 pF ; Not Available                      ;
; 1.5 V               ; 10 pF ; Not Available                      ;
; SSTL-3 Class I      ; 30 pF ; 50 Ohm (Parallel), 25 Ohm (Serial) ;
; SSTL-3 Class II     ; 30 pF ; 25 Ohm (Parallel), 25 Ohm (Serial) ;
; SSTL-2 Class I      ; 30 pF ; 50 Ohm (Parallel), 25 Ohm (Serial) ;
; SSTL-2 Class II     ; 30 pF ; 25 Ohm (Parallel), 25 Ohm (Serial) ;
; Differential SSTL-2 ; 10 pF ; (See SSTL-2)                       ;
; 3.3-V PCI           ; 10 pF ; 25 Ohm (Parallel)                  ;
; LVDS                ; 4 pF  ; 100 Ohm (Differential)             ;
; RSDS                ; 10 pF ; 100 Ohm (Differential)             ;
+---------------------+-------+------------------------------------+
Note: User assignments will override these defaults. The user specified values are listed in the Output Pins and Bidir Pins tables.


+------------------------------------------------------------------------------------------------------------------------------------------------------------------------------------------------------------------------------+
; Fitter Resource Utilization by Entity                                                                                                                                                                                        ;
+----------------------------+-------------+--------------+-------------+------+------+--------------+--------------+-------------------+------------------+-----------------+------------+---------------------+--------------+
; Compilation Hierarchy Node ; Logic Cells ; LC Registers ; Memory Bits ; M4Ks ; Pins ; Virtual Pins ; LUT-Only LCs ; Register-Only LCs ; LUT/Register LCs ; Carry Chain LCs ; Packed LCs ; Full Hierarchy Name ; Library Name ;
+----------------------------+-------------+--------------+-------------+------+------+--------------+--------------+-------------------+------------------+-----------------+------------+---------------------+--------------+
; |segb13a                   ; 125 (125)   ; 30           ; 0           ; 0    ; 31   ; 0            ; 95 (95)      ; 0 (0)             ; 30 (30)          ; 30 (30)         ; 0 (0)      ; |segb13a            ; work         ;
+----------------------------+-------------+--------------+-------------+------+------+--------------+--------------+-------------------+------------------+-----------------+------------+---------------------+--------------+
Note: For table entries with two numbers listed, the numbers in parentheses indicate the number of resources of the given type used by the specific entity alone. The numbers listed outside of parentheses indicate the total resources of the given type used by the specific entity and all of its sub-entities in the hierarchy.


+-----------------------------------------------------------------------------------+
; Delay Chain Summary                                                               ;
+----------+----------+---------------+---------------+-----------------------+-----+
; Name     ; Pin Type ; Pad to Core 0 ; Pad to Core 1 ; Pad to Input Register ; TCO ;
+----------+----------+---------------+---------------+-----------------------+-----+
; sclk     ; Input    ; OFF           ; OFF           ; --                    ; --  ;
; clr      ; Input    ; ON            ; ON            ; --                    ; --  ;
; js[4]    ; Input    ; ON            ; ON            ; --                    ; --  ;
; sel      ; Input    ; ON            ; ON            ; --                    ; --  ;
; js[5]    ; Input    ; ON            ; ON            ; --                    ; --  ;
; js[2]    ; Input    ; ON            ; ON            ; --                    ; --  ;
; js[3]    ; Input    ; ON            ; ON            ; --                    ; --  ;
; js[1]    ; Input    ; ON            ; ON            ; --                    ; --  ;
; js[0]    ; Input    ; ON            ; ON            ; --                    ; --  ;
; scndp[0] ; Output   ; --            ; --            ; --                    ; --  ;
; scndp[1] ; Output   ; --            ; --            ; --                    ; --  ;
; scndp[2] ; Output   ; --            ; --            ; --                    ; --  ;
; scndp[3] ; Output   ; --            ; --            ; --                    ; --  ;
; scndp[4] ; Output   ; --            ; --            ; --                    ; --  ;
; scndp[5] ; Output   ; --            ; --            ; --                    ; --  ;
; s[15]    ; Output   ; --            ; --            ; --                    ; --  ;
; s[14]    ; Output   ; --            ; --            ; --                    ; --  ;
; s[13]    ; Output   ; --            ; --            ; --                    ; --  ;
; s[12]    ; Output   ; --            ; --            ; --                    ; --  ;
; s[11]    ; Output   ; --            ; --            ; --                    ; --  ;
; s[10]    ; Output   ; --            ; --            ; --                    ; --  ;
; s[9]     ; Output   ; --            ; --            ; --                    ; --  ;
; s[8]     ; Output   ; --            ; --            ; --                    ; --  ;
; s[7]     ; Output   ; --            ; --            ; --                    ; --  ;
; s[6]     ; Output   ; --            ; --            ; --                    ; --  ;
; s[5]     ; Output   ; --            ; --            ; --                    ; --  ;
; s[4]     ; Output   ; --            ; --            ; --                    ; --  ;
; s[3]     ; Output   ; --            ; --            ; --                    ; --  ;
; s[2]     ; Output   ; --            ; --            ; --                    ; --  ;
; s[1]     ; Output   ; --            ; --            ; --                    ; --  ;
; s[0]     ; Output   ; --            ; --            ; --                    ; --  ;
+----------+----------+---------------+---------------+-----------------------+-----+


+-----------------------------------------------------+
; Pad To Core Delay Chain Fanout                      ;
+-----------------------+-------------------+---------+
; Source Pin / Fanout   ; Pad To Core Index ; Setting ;
+-----------------------+-------------------+---------+
; sclk                  ;                   ;         ;
; clr                   ;                   ;         ;
;      - scount[24]~120 ; 1                 ; ON      ;
; js[4]                 ;                   ;         ;
;      - j[4]~0         ; 1                 ; ON      ;
;      - s[0]~852       ; 1                 ; ON      ;
;      - s[13]~914      ; 1                 ; ON      ;
; sel                   ;                   ;         ;
;      - j[4]~0         ; 1                 ; ON      ;
;      - j[5]~1         ; 1                 ; ON      ;
;      - j[2]~2         ; 1                 ; ON      ;
;      - j[3]~3         ; 1                 ; ON      ;
;      - j[1]~4         ; 1                 ; ON      ;
;      - j[0]~5         ; 1                 ; ON      ;
;      - s[10]~850      ; 1                 ; ON      ;
;      - s[0]~853       ; 1                 ; ON      ;
;      - s[5]~868       ; 1                 ; ON      ;
;      - s[13]~914      ; 1                 ; ON      ;
;      - s[13]~915      ; 1                 ; ON      ;
;      - Equal56~6      ; 1                 ; ON      ;
;      - s[6]~916       ; 1                 ; ON      ;
;      - s[13]~917      ; 1                 ; ON      ;
; js[5]                 ;                   ;         ;
;      - j[5]~1         ; 0                 ; ON      ;
;      - s[0]~852       ; 0                 ; ON      ;
;      - s[5]~868       ; 0                 ; ON      ;
;      - Equal56~6      ; 0                 ; ON      ;
; js[2]                 ;                   ;         ;
;      - j[2]~2         ; 0                 ; ON      ;
;      - s[13]~917      ; 0                 ; ON      ;
; js[3]                 ;                   ;         ;
;      - j[3]~3         ; 0                 ; ON      ;
;      - s[10]~850      ; 0                 ; ON      ;
;      - s[0]~852       ; 0                 ; ON      ;
;      - s[13]~915      ; 0                 ; ON      ;
; js[1]                 ;                   ;         ;
;      - j[1]~4         ; 1                 ; ON      ;
;      - s[6]~916       ; 1                 ; ON      ;
; js[0]                 ;                   ;         ;
;      - j[0]~5         ; 1                 ; ON      ;
+-----------------------+-------------------+---------+


+-------------------------------------------------------------------------------------------------------------+
; Control Signals                                                                                             ;
+----------------+---------------+---------+---------------+--------+----------------------+------------------+
; Name           ; Location      ; Fan-Out ; Usage         ; Global ; Global Resource Used ; Global Line Name ;
+----------------+---------------+---------+---------------+--------+----------------------+------------------+
; s[0]~853       ; LC_X23_Y23_N2 ; 16      ; Output enable ; no     ; --                   ; --               ;
; sclk           ; PIN_28        ; 30      ; Clock         ; yes    ; Global Clock         ; GCLK2            ;
; scount[24]~120 ; LC_X41_Y11_N2 ; 30      ; Sync. clear   ; no     ; --                   ; --               ;
+----------------+---------------+---------+---------------+--------+----------------------+------------------+


+---------------------------------------------------------------------+
; Global & Other Fast Signals                                         ;
+------+----------+---------+----------------------+------------------+
; Name ; Location ; Fan-Out ; Global Resource Used ; Global Line Name ;
+------+----------+---------+----------------------+------------------+
; sclk ; PIN_28   ; 30      ; Global Clock         ; GCLK2            ;
+------+----------+---------+----------------------+------------------+


+---------------------------------+
; Non-Global High Fan-Out Signals ;
+----------------+----------------+
; Name           ; Fan-Out        ;
+----------------+----------------+
; j[0]~5         ; 37             ;
; j[1]~4         ; 37             ;
; j[2]~2         ; 37             ;
; j[3]~3         ; 32             ;
; scount[24]~120 ; 30             ;
; j[4]~0         ; 22             ;
; j[5]~1         ; 20             ;
; s[0]~853       ; 16             ;
; sel            ; 14             ;
; scount[27]     ; 7              ;
; s[13]~914      ; 6              ;
; scount[29]     ; 6              ;
; s[5]~868       ; 5              ;
; scount[19]~111 ; 5              ;
; scount[14]~101 ; 5              ;
; scount[4]~89   ; 5              ;
; scount[9]~87   ; 5              ;
; scount[28]     ; 5              ;
; scount[26]     ; 5              ;
; scount[25]     ; 5              ;
; scount[24]~61  ; 5              ;
; js[3]          ; 4              ;
; js[5]          ; 4              ;
; scount[24]     ; 4              ;
; js[4]          ; 3              ;
; s[6]~916       ; 3              ;
; s[13]~915      ; 3              ;
; js[1]          ; 2              ;
; js[2]          ; 2              ;
; Equal56~6      ; 2              ;
; s[1]~905       ; 2              ;
; s[5]~887       ; 2              ;
; s[6]~886       ; 2              ;
; s[9]~874       ; 2              ;
; s[9]~873       ; 2              ;
; s[11]~864      ; 2              ;
; Equal56~5      ; 2              ;
; s[10]~850      ; 2              ;
; s[14]~849      ; 2              ;
; s[14]~847      ; 2              ;
; Equal56~4      ; 2              ;
; scount[23]     ; 2              ;
; scount[22]     ; 2              ;
; scount[21]     ; 2              ;
; scount[20]     ; 2              ;
; scount[19]     ; 2              ;
; scount[18]     ; 2              ;
; scount[17]     ; 2              ;
; scount[16]     ; 2              ;
; scount[15]     ; 2              ;
+----------------+----------------+


+-----------------------------------------------------+
; Interconnect Usage Summary                          ;
+----------------------------+------------------------+
; Interconnect Resource Type ; Usage                  ;
+----------------------------+------------------------+
; C4s                        ; 170 / 30,600 ( < 1 % ) ;
; Direct links               ; 12 / 43,552 ( < 1 % )  ;
; Global clocks              ; 1 / 8 ( 13 % )         ;
; LAB clocks                 ; 3 / 312 ( < 1 % )      ;
; LUT chains                 ; 4 / 10,854 ( < 1 % )   ;
; Local interconnects        ; 165 / 43,552 ( < 1 % ) ;
; M4K buffers                ; 0 / 1,872 ( 0 % )      ;
; R4s                        ; 282 / 28,560 ( < 1 % ) ;
+----------------------------+------------------------+


+---------------------------------------------------------------------------+
; LAB Logic Elements                                                        ;
+--------------------------------------------+------------------------------+
; Number of Logic Elements  (Average = 6.58) ; Number of LABs  (Total = 19) ;
+--------------------------------------------+------------------------------+
; 1                                          ; 6                            ;
; 2                                          ; 1                            ;
; 3                                          ; 0                            ;
; 4                                          ; 0                            ;
; 5                                          ; 0                            ;
; 6                                          ; 0                            ;
; 7                                          ; 1                            ;
; 8                                          ; 0                            ;
; 9                                          ; 0                            ;
; 10                                         ; 11                           ;
+--------------------------------------------+------------------------------+


+-------------------------------------------------------------------+
; LAB-wide Signals                                                  ;
+------------------------------------+------------------------------+
; LAB-wide Signals  (Average = 0.32) ; Number of LABs  (Total = 19) ;
+------------------------------------+------------------------------+
; 1 Clock                            ; 3                            ;
; 1 Sync. clear                      ; 3                            ;
+------------------------------------+------------------------------+


+----------------------------------------------------------------------------+
; LAB Signals Sourced                                                        ;
+---------------------------------------------+------------------------------+
; Number of Signals Sourced  (Average = 6.58) ; Number of LABs  (Total = 19) ;
+---------------------------------------------+------------------------------+
; 0                                           ; 0                            ;
; 1                                           ; 6                            ;
; 2                                           ; 1                            ;
; 3                                           ; 0                            ;
; 4                                           ; 0                            ;
; 5                                           ; 0                            ;
; 6                                           ; 0                            ;
; 7                                           ; 1                            ;
; 8                                           ; 0                            ;
; 9                                           ; 0                            ;
; 10                                          ; 11                           ;
+---------------------------------------------+------------------------------+


+--------------------------------------------------------------------------------+
; LAB Signals Sourced Out                                                        ;
+-------------------------------------------------+------------------------------+
; Number of Signals Sourced Out  (Average = 3.84) ; Number of LABs  (Total = 19) ;
+-------------------------------------------------+------------------------------+
; 0                                               ; 0                            ;
; 1                                               ; 6                            ;
; 2                                               ; 2                            ;
; 3                                               ; 4                            ;
; 4                                               ; 3                            ;
; 5                                               ; 0                            ;
; 6                                               ; 0                            ;
; 7                                               ; 0                            ;
; 8                                               ; 0                            ;
; 9                                               ; 1                            ;
; 10                                              ; 3                            ;
+-------------------------------------------------+------------------------------+


+----------------------------------------------------------------------------+
; LAB Distinct Inputs                                                        ;
+---------------------------------------------+------------------------------+
; Number of Distinct Inputs  (Average = 7.37) ; Number of LABs  (Total = 19) ;
+---------------------------------------------+------------------------------+
; 0                                           ; 0                            ;
; 1                                           ; 0                            ;
; 2                                           ; 3                            ;
; 3                                           ; 3                            ;
; 4                                           ; 3                            ;
; 5                                           ; 1                            ;
; 6                                           ; 1                            ;
; 7                                           ; 0                            ;
; 8                                           ; 0                            ;
; 9                                           ; 0                            ;
; 10                                          ; 2                            ;
; 11                                          ; 0                            ;
; 12                                          ; 4                            ;
; 13                                          ; 0                            ;
; 14                                          ; 1                            ;
; 15                                          ; 0                            ;
; 16                                          ; 0                            ;
; 17                                          ; 0                            ;
; 18                                          ; 0                            ;
; 19                                          ; 0                            ;
; 20                                          ; 1                            ;
+---------------------------------------------+------------------------------+


+-------------------------------------------------------------------------+
; Fitter Device Options                                                   ;
+----------------------------------------------+--------------------------+
; Option                                       ; Setting                  ;
+----------------------------------------------+--------------------------+
; Enable user-supplied start-up clock (CLKUSR) ; Off                      ;
; Enable device-wide reset (DEV_CLRn)          ; Off                      ;
; Enable device-wide output enable (DEV_OE)    ; Off                      ;
; Enable INIT_DONE output                      ; Off                      ;
; Configuration scheme                         ; Passive Serial           ;
; Error detection CRC                          ; Off                      ;
; ASDO,nCSO                                    ; Unreserved               ;
; Reserve all unused pins                      ; As output driving ground ;
; Base pin-out file on sameframe device        ; Off                      ;
+----------------------------------------------+--------------------------+


+------------------------------------------------------------+
; Estimated Delay Added for Hold Timing                      ;
+-----------------+----------------------+-------------------+
; Source Clock(s) ; Destination Clock(s) ; Delay Added in ns ;
+-----------------+----------------------+-------------------+


+----------------------------+
; Advanced Data - General    ;
+--------------------+-------+
; Name               ; Value ;
+--------------------+-------+
; Status Code        ; 0     ;
; Desired User Slack ; 0     ;
; Fit Attempts       ; 1     ;
+--------------------+-------+


+-------------------------------------------------------------------------------------------+
; Advanced Data - Placement Preparation                                                     ;
+--------------------------------------------------------------------------------+----------+
; Name                                                                           ; Value    ;
+--------------------------------------------------------------------------------+----------+
; Auto Fit Point 1 - Fit Attempt 1                                               ; ff       ;
; Mid Wire Use - Fit Attempt 1                                                   ; 1        ;
; Mid Slack - Fit Attempt 1                                                      ; -7264    ;
; Internal Atom Count - Fit Attempt 1                                            ; 126      ;
; LE/ALM Count - Fit Attempt 1                                                   ; 126      ;
; LAB Count - Fit Attempt 1                                                      ; 20       ;
; Outputs per Lab - Fit Attempt 1                                                ; 3.650    ;
; Inputs per LAB - Fit Attempt 1                                                 ; 6.750    ;
; Global Inputs per LAB - Fit Attempt 1                                          ; 0.150    ;
; LAB Constraint 'non-global clock / CE pair + async load' - Fit Attempt 1       ; 0:20     ;
; LAB Constraint 'ce + sync load' - Fit Attempt 1                                ; 0:20     ;
; LAB Constraint 'non-global controls' - Fit Attempt 1                           ; 0:17;1:3 ;
; LAB Constraint 'un-route combination' - Fit Attempt 1                          ; 0:17;1:3 ;
; LAB Constraint 'non-global with asyn_clear' - Fit Attempt 1                    ; 0:17;1:3 ;
; LAB Constraint 'un-route with async_clear' - Fit Attempt 1                     ; 0:17;1:3 ;
; LAB Constraint 'non-global async clear + sync clear' - Fit Attempt 1           ; 0:17;1:3 ;
; LAB Constraint 'global non-clock/non-asynch_clear' - Fit Attempt 1             ; 0:20     ;
; LAB Constraint 'ygr_cl_ngclk_gclkce_sload_aload_constraint' - Fit Attempt 1    ; 0:20     ;
; LAB Constraint 'global control signals' - Fit Attempt 1                        ; 0:17;1:3 ;
; LAB Constraint 'clock / ce pair constraint' - Fit Attempt 1                    ; 0:17;1:3 ;
; LAB Constraint 'aload_aclr pair with aload used' - Fit Attempt 1               ; 0:20     ;
; LAB Constraint 'aload_aclr pair' - Fit Attempt 1                               ; 0:17;1:3 ;
; LAB Constraint 'sload_sclear pair' - Fit Attempt 1                             ; 0:17;1:3 ;
; LAB Constraint 'invert_a constraint' - Fit Attempt 1                           ; 0:5;1:15 ;
; LAB Constraint 'has placement constraint' - Fit Attempt 1                      ; 0:17;1:3 ;
; LAB Constraint 'use of ADATA or SDATA by registers constraint' - Fit Attempt 1 ; 0:20     ;
; LAB Constraint 'group hierarchy constraint' - Fit Attempt 1                    ; 0:1;1:19 ;
; LEs in Chains - Fit Attempt 1                                                  ; 30       ;
; LEs in Long Chains - Fit Attempt 1                                             ; 30       ;
; LABs with Chains - Fit Attempt 1                                               ; 3        ;
; LABs with Multiple Chains - Fit Attempt 1                                      ; 0        ;
; Time - Fit Attempt 1                                                           ; 0        ;
+--------------------------------------------------------------------------------+----------+


+---------------------------------------------+
; Advanced Data - Placement                   ;
+------------------------------------+--------+
; Name                               ; Value  ;
+------------------------------------+--------+
; Auto Fit Point 2 - Fit Attempt 1   ; ff     ;
; Early Wire Use - Fit Attempt 1     ; 1      ;
; Early Slack - Fit Attempt 1        ; -19755 ;
; Auto Fit Point 5 - Fit Attempt 1   ; ff     ;
; Mid Wire Use - Fit Attempt 1       ; 1      ;
; Mid Slack - Fit Attempt 1          ; -6021  ;
; Auto Fit Point 6 - Fit Attempt 1   ; ff     ;
; Auto Fit Point 6 - Fit Attempt 1   ; ff     ;
; Auto Fit Point 6 - Fit Attempt 1   ; ff     ;
; Auto Fit Point 5 - Fit Attempt 1   ; ff     ;
; Mid Wire Use - Fit Attempt 1       ; 1      ;
; Mid Slack - Fit Attempt 1          ; -6021  ;
; Auto Fit Point 6 - Fit Attempt 1   ; ff     ;
; Auto Fit Point 6 - Fit Attempt 1   ; ff     ;
; Auto Fit Point 6 - Fit Attempt 1   ; ff     ;
; Late Wire Use - Fit Attempt 1      ; 1      ;
; Late Slack - Fit Attempt 1         ; -6021  ;
; Peak Regional Wire - Fit Attempt 1 ; 0.000  ;
; Auto Fit Point 7 - Fit Attempt 1   ; ff     ;
; Time - Fit Attempt 1               ; 0      ;
+------------------------------------+--------+


+---------------------------------------------------+
; Advanced Data - Routing                           ;
+-------------------------------------+-------------+
; Name                                ; Value       ;
+-------------------------------------+-------------+
; Early Slack - Fit Attempt 1         ; -4999       ;
; Early Wire Use - Fit Attempt 1      ; 1           ;
; Peak Regional Wire - Fit Attempt 1  ; 2           ;
; Mid Slack - Fit Attempt 1           ; -5823       ;
; Late Slack - Fit Attempt 1          ; -2147483648 ;
; Late Wire Use - Fit Attempt 1       ; 1           ;
; Time - Fit Attempt 1                ; 0           ;
; Time in tsm_tan.dll - Fit Attempt 1 ; 0.031       ;
+-------------------------------------+-------------+


+-----------------+
; Fitter Messages ;
+-----------------+
Info: *******************************************************************
Info: Running Quartus II Fitter
    Info: Version 9.0 Build 235 06/17/2009 Service Pack 2 SJ Web Edition
    Info: Processing started: Mon Jun 28 09:46:14 2021
Info: Command: quartus_fit --read_settings_files=off --write_settings_files=off segb13a -c segb13a
Info: Selected device EP1C12Q240C8 for design "segb13a"
Info: Fitter is performing an Auto Fit compilation, which may decrease Fitter effort to reduce compilation time
Warning: Feature LogicLock is not available with your current license
Info: Device migration not selected. If you intend to use device migration later, you may need to change the pin assignments as they may be incompatible with other devices
    Info: Device EP1C6Q240C8 is compatible
Info: Fitter is using the Classic Timing Analyzer
Info: Timing requirements not specified -- quality metrics such as performance and power consumption may be sacrificed to reduce compilation time.
Extra Info: Performing register packing on registers with non-logic cell location assignments
Extra Info: Completed register packing on registers with non-logic cell location assignments
Info: Completed User Assigned Global Signals Promotion Operation
Info: DQS I/O pins require 0 global routing resources
Info: Automatically promoted signal "sclk" to use Global clock in PIN 28
Info: Completed Auto Global Promotion Operation
Info: Starting register packing
Extra Info: Started Fast Input/Output/OE register processing
Extra Info: Finished Fast Input/Output/OE register processing
Info: Fitter is using Normal packing mode for logic elements with Auto setting for Auto Packed Registers logic option
Extra Info: Moving registers into I/O cells, LUTs, and RAM blocks to improve timing and density
Info: Finished moving registers into I/O cells, LUTs, and RAM blocks
Info: Finished register packing
Info: Fitter preparation operations ending: elapsed time is 00:00:02
Info: Fitter placement preparation operations beginning
Info: Fitter placement preparation operations ending: elapsed time is 00:00:00
Info: Fitter placement operations beginning
Info: Fitter placement was successful
Info: Fitter placement operations ending: elapsed time is 00:00:00
Info: Estimated most critical path is register to register delay of 5.511 ns
    Info: 1: + IC(0.000 ns) + CELL(0.000 ns) = 0.000 ns; Loc. = LAB_X40_Y10; Fanout = 4; REG Node = 'scount[23]'
    Info: 2: + IC(0.855 ns) + CELL(0.114 ns) = 0.969 ns; Loc. = LAB_X39_Y10; Fanout = 1; COMB Node = 'Equal0~9'
    Info: 3: + IC(1.547 ns) + CELL(0.114 ns) = 2.630 ns; Loc. = LAB_X41_Y11; Fanout = 1; COMB Node = 'Equal0~10'
    Info: 4: + IC(0.361 ns) + CELL(0.292 ns) = 3.283 ns; Loc. = LAB_X41_Y11; Fanout = 30; COMB Node = 'scount[24]~120'
    Info: 5: + IC(1.116 ns) + CELL(1.112 ns) = 5.511 ns; Loc. = LAB_X40_Y10; Fanout = 5; REG Node = 'scount[24]'
    Info: Total cell delay = 1.632 ns ( 29.61 % )
    Info: Total interconnect delay = 3.879 ns ( 70.39 % )
Info: Fitter routing operations beginning
Info: Average interconnect usage is 0% of the available device resources
    Info: Peak interconnect usage is 2% of the available device resources in the region that extends from location X10_Y14 to location X20_Y27
Info: Fitter routing operations ending: elapsed time is 00:00:00
Info: The Fitter performed an Auto Fit compilation.  Optimizations were skipped to reduce compilation time.
    Info: Optimizations that may affect the design's routability were skipped
    Info: Optimizations that may affect the design's timing were skipped
Info: Completed Fixed Delay Chain Operation
Info: Started post-fitting delay annotation
Info: Delay annotation completed successfully
Info: Completed Auto Delay Chain Operation
Info: Quartus II Fitter was successful. 0 errors, 1 warning
    Info: Peak virtual memory: 267 megabytes
    Info: Processing ended: Mon Jun 28 09:46:24 2021
    Info: Elapsed time: 00:00:10
    Info: Total CPU time (on all processors): 00:00:05


