Analysis & Synthesis report for dots88
Wed Jun 23 09:02:43 2021
Quartus II Version 9.0 Build 235 06/17/2009 Service Pack 2 SJ Web Edition


---------------------
; Table of Contents ;
---------------------
  1. Legal Notice
  2. Analysis & Synthesis Summary
  3. Analysis & Synthesis Settings
  4. Analysis & Synthesis Source Files Read
  5. Analysis & Synthesis Resource Usage Summary
  6. Analysis & Synthesis Resource Utilization by Entity
  7. Registers Removed During Synthesis
  8. General Register Statistics
  9. Multiplexer Restructuring Statistics (Restructuring Performed)
 10. Analysis & Synthesis Messages



----------------
; Legal Notice ;
----------------
Copyright (C) 1991-2009 Altera Corporation
Your use of Altera Corporation's design tools, logic functions 
and other software and tools, and its AMPP partner logic 
functions, and any output files from any of the foregoing 
(including device programming or simulation files), and any 
associated documentation or information are expressly subject 
to the terms and conditions of the Altera Program License 
Subscription Agreement, Altera MegaCore Function License 
Agreement, or other applicable license agreement, including, 
without limitation, that your use is for the sole purpose of 
programming logic devices manufactured by Altera and sold by 
Altera or its authorized distributors.  Please refer to the 
applicable agreement for further details.



+----------------------------------------------------------------------------+
; Analysis & Synthesis Summary                                               ;
+-----------------------------+----------------------------------------------+
; Analysis & Synthesis Status ; Successful - Wed Jun 23 09:02:42 2021        ;
; Quartus II Version          ; 9.0 Build 235 06/17/2009 SP 2 SJ Web Edition ;
; Revision Name               ; dots88                                       ;
; Top-level Entity Name       ; dots88                                       ;
; Family                      ; Cyclone                                      ;
; Total logic elements        ; 242                                          ;
; Total pins                  ; 32                                           ;
; Total virtual pins          ; 0                                            ;
; Total memory bits           ; 0                                            ;
; Total PLLs                  ; 0                                            ;
+-----------------------------+----------------------------------------------+


+--------------------------------------------------------------------------------------------------------+
; Analysis & Synthesis Settings                                                                          ;
+--------------------------------------------------------------+--------------------+--------------------+
; Option                                                       ; Setting            ; Default Value      ;
+--------------------------------------------------------------+--------------------+--------------------+
; Device                                                       ; EP1C12Q240C8       ;                    ;
; Top-level entity name                                        ; dots88             ; dots88             ;
; Family name                                                  ; Cyclone            ; Stratix            ;
; Use smart compilation                                        ; Off                ; Off                ;
; Restructure Multiplexers                                     ; Auto               ; Auto               ;
; Create Debugging Nodes for IP Cores                          ; Off                ; Off                ;
; Preserve fewer node names                                    ; On                 ; On                 ;
; Disable OpenCore Plus hardware evaluation                    ; Off                ; Off                ;
; Verilog Version                                              ; Verilog_2001       ; Verilog_2001       ;
; VHDL Version                                                 ; VHDL93             ; VHDL93             ;
; State Machine Processing                                     ; Auto               ; Auto               ;
; Safe State Machine                                           ; Off                ; Off                ;
; Extract Verilog State Machines                               ; On                 ; On                 ;
; Extract VHDL State Machines                                  ; On                 ; On                 ;
; Ignore Verilog initial constructs                            ; Off                ; Off                ;
; Iteration limit for constant Verilog loops                   ; 5000               ; 5000               ;
; Iteration limit for non-constant Verilog loops               ; 250                ; 250                ;
; Add Pass-Through Logic to Inferred RAMs                      ; On                 ; On                 ;
; Parallel Synthesis                                           ; Off                ; Off                ;
; NOT Gate Push-Back                                           ; On                 ; On                 ;
; Power-Up Don't Care                                          ; On                 ; On                 ;
; Remove Redundant Logic Cells                                 ; Off                ; Off                ;
; Remove Duplicate Registers                                   ; On                 ; On                 ;
; Ignore CARRY Buffers                                         ; Off                ; Off                ;
; Ignore CASCADE Buffers                                       ; Off                ; Off                ;
; Ignore GLOBAL Buffers                                        ; Off                ; Off                ;
; Ignore ROW GLOBAL Buffers                                    ; Off                ; Off                ;
; Ignore LCELL Buffers                                         ; Off                ; Off                ;
; Ignore SOFT Buffers                                          ; On                 ; On                 ;
; Limit AHDL Integers to 32 Bits                               ; Off                ; Off                ;
; Optimization Technique                                       ; Balanced           ; Balanced           ;
; Carry Chain Length                                           ; 70                 ; 70                 ;
; Auto Carry Chains                                            ; On                 ; On                 ;
; Auto Open-Drain Pins                                         ; On                 ; On                 ;
; Perform WYSIWYG Primitive Resynthesis                        ; Off                ; Off                ;
; Auto ROM Replacement                                         ; On                 ; On                 ;
; Auto RAM Replacement                                         ; On                 ; On                 ;
; Auto Shift Register Replacement                              ; Auto               ; Auto               ;
; Auto Clock Enable Replacement                                ; On                 ; On                 ;
; Strict RAM Replacement                                       ; Off                ; Off                ;
; Allow Synchronous Control Signals                            ; On                 ; On                 ;
; Force Use of Synchronous Clear Signals                       ; Off                ; Off                ;
; Auto RAM Block Balancing                                     ; On                 ; On                 ;
; Auto RAM to Logic Cell Conversion                            ; Off                ; Off                ;
; Auto Resource Sharing                                        ; Off                ; Off                ;
; Allow Any RAM Size For Recognition                           ; Off                ; Off                ;
; Allow Any ROM Size For Recognition                           ; Off                ; Off                ;
; Allow Any Shift Register Size For Recognition                ; Off                ; Off                ;
; Use LogicLock Constraints during Resource Balancing          ; On                 ; On                 ;
; Ignore translate_off and synthesis_off directives            ; Off                ; Off                ;
; Show Parameter Settings Tables in Synthesis Report           ; On                 ; On                 ;
; Ignore Maximum Fan-Out Assignments                           ; Off                ; Off                ;
; Synchronization Register Chain Length                        ; 2                  ; 2                  ;
; PowerPlay Power Optimization                                 ; Normal compilation ; Normal compilation ;
; HDL message level                                            ; Level2             ; Level2             ;
; Suppress Register Optimization Related Messages              ; Off                ; Off                ;
; Number of Removed Registers Reported in Synthesis Report     ; 100                ; 100                ;
; Number of Inverted Registers Reported in Synthesis Report    ; 100                ; 100                ;
; Clock MUX Protection                                         ; On                 ; On                 ;
; Block Design Naming                                          ; Auto               ; Auto               ;
; Synthesis Effort                                             ; Auto               ; Auto               ;
; Shift Register Replacement - Allow Asynchronous Clear Signal ; On                 ; On                 ;
; Analysis & Synthesis Message Level                           ; Medium             ; Medium             ;
+--------------------------------------------------------------+--------------------+--------------------+


+---------------------------------------------------------------------------------------------------------------------------+
; Analysis & Synthesis Source Files Read                                                                                    ;
+----------------------------------+-----------------+-----------------+----------------------------------------------------+
; File Name with User-Entered Path ; Used in Netlist ; File Type       ; File Name with Absolute Path                       ;
+----------------------------------+-----------------+-----------------+----------------------------------------------------+
; dots88.vhd                       ; yes             ; User VHDL File  ; E:/CIC-560/Examples/Chapter6/6-5 dots88/dots88.vhd ;
+----------------------------------+-----------------+-----------------+----------------------------------------------------+


+-------------------------------------------------------+
; Analysis & Synthesis Resource Usage Summary           ;
+---------------------------------------------+---------+
; Resource                                    ; Usage   ;
+---------------------------------------------+---------+
; Total logic elements                        ; 242     ;
;     -- Combinational with no register       ; 204     ;
;     -- Register only                        ; 0       ;
;     -- Combinational with a register        ; 38      ;
;                                             ;         ;
; Logic element usage by number of LUT inputs ;         ;
;     -- 4 input functions                    ; 119     ;
;     -- 3 input functions                    ; 49      ;
;     -- 2 input functions                    ; 66      ;
;     -- 1 input functions                    ; 8       ;
;     -- 0 input functions                    ; 0       ;
;                                             ;         ;
; Logic elements by mode                      ;         ;
;     -- normal mode                          ; 182     ;
;     -- arithmetic mode                      ; 60      ;
;     -- qfbk mode                            ; 0       ;
;     -- register cascade mode                ; 0       ;
;     -- synchronous clear/load mode          ; 6       ;
;     -- asynchronous clear/load mode         ; 0       ;
;                                             ;         ;
; Total registers                             ; 38      ;
; Total logic cells in carry chains           ; 68      ;
; I/O pins                                    ; 32      ;
; Maximum fan-out node                        ; Mux13~6 ;
; Maximum fan-out                             ; 53      ;
; Total fan-out                               ; 831     ;
; Average fan-out                             ; 3.03    ;
+---------------------------------------------+---------+


+-----------------------------------------------------------------------------------------------------------------------------------------------------------------------------------------------------------------------+
; Analysis & Synthesis Resource Utilization by Entity                                                                                                                                                                   ;
+----------------------------+-------------+--------------+-------------+------+--------------+--------------+-------------------+------------------+-----------------+------------+---------------------+--------------+
; Compilation Hierarchy Node ; Logic Cells ; LC Registers ; Memory Bits ; Pins ; Virtual Pins ; LUT-Only LCs ; Register-Only LCs ; LUT/Register LCs ; Carry Chain LCs ; Packed LCs ; Full Hierarchy Name ; Library Name ;
+----------------------------+-------------+--------------+-------------+------+--------------+--------------+-------------------+------------------+-----------------+------------+---------------------+--------------+
; |dots88                    ; 242 (242)   ; 38           ; 0           ; 32   ; 0            ; 204 (204)    ; 0 (0)             ; 38 (38)          ; 68 (68)         ; 0 (0)      ; |dots88             ; work         ;
+----------------------------+-------------+--------------+-------------+------+--------------+--------------+-------------------+------------------+-----------------+------------+---------------------+--------------+
Note: For table entries with two numbers listed, the numbers in parentheses indicate the number of resources of the given type used by the specific entity alone. The numbers listed outside of parentheses indicate the total resources of the given type used by the specific entity and all of its sub-entities in the hierarchy.


+------------------------------------------------------------+
; Registers Removed During Synthesis                         ;
+---------------------------------------+--------------------+
; Register name                         ; Reason for Removal ;
+---------------------------------------+--------------------+
; scount[29]                            ; Lost fanout        ;
; Total Number of Removed Registers = 1 ;                    ;
+---------------------------------------+--------------------+


+------------------------------------------------------+
; General Register Statistics                          ;
+----------------------------------------------+-------+
; Statistic                                    ; Value ;
+----------------------------------------------+-------+
; Total registers                              ; 38    ;
; Number of registers using Synchronous Clear  ; 6     ;
; Number of registers using Synchronous Load   ; 0     ;
; Number of registers using Asynchronous Clear ; 0     ;
; Number of registers using Asynchronous Load  ; 0     ;
; Number of registers using Clock Enable       ; 0     ;
; Number of registers using Preset             ; 0     ;
+----------------------------------------------+-------+


+------------------------------------------------------------------------------------------------------------------------------------------+
; Multiplexer Restructuring Statistics (Restructuring Performed)                                                                           ;
+--------------------+-----------+---------------+----------------------+------------------------+------------+----------------------------+
; Multiplexer Inputs ; Bus Width ; Baseline Area ; Area if Restructured ; Saving if Restructured ; Registered ; Example Multiplexer Output ;
+--------------------+-----------+---------------+----------------------+------------------------+------------+----------------------------+
; 3:1                ; 3 bits    ; 6 LEs         ; 6 LEs                ; 0 LEs                  ; No         ; |dots88|dgdr[5]~745        ;
; 16:1               ; 3 bits    ; 30 LEs        ; 18 LEs               ; 12 LEs                 ; No         ; |dots88|Mux10              ;
+--------------------+-----------+---------------+----------------------+------------------------+------------+----------------------------+


+-------------------------------+
; Analysis & Synthesis Messages ;
+-------------------------------+
Info: *******************************************************************
Info: Running Quartus II Analysis & Synthesis
    Info: Version 9.0 Build 235 06/17/2009 Service Pack 2 SJ Web Edition
    Info: Processing started: Wed Jun 23 09:02:27 2021
Info: Command: quartus_map --read_settings_files=on --write_settings_files=off dots88 -c dots88
Info: Found 2 design units, including 1 entities, in source file dots88.vhd
    Info: Found design unit 1: dots88-dots88_arch
    Info: Found entity 1: dots88
Info: Elaborating entity "dots88" for the top level hierarchy
Warning (10492): VHDL Process Statement warning at dots88.vhd(32): signal "scount" is read inside the Process Statement but isn't in the Process Statement's sensitivity list
Warning (10492): VHDL Process Statement warning at dots88.vhd(33): signal "scount" is read inside the Process Statement but isn't in the Process Statement's sensitivity list
Warning (10492): VHDL Process Statement warning at dots88.vhd(34): signal "scount" is read inside the Process Statement but isn't in the Process Statement's sensitivity list
Warning (10492): VHDL Process Statement warning at dots88.vhd(35): signal "scount" is read inside the Process Statement but isn't in the Process Statement's sensitivity list
Warning (10492): VHDL Process Statement warning at dots88.vhd(36): signal "scount" is read inside the Process Statement but isn't in the Process Statement's sensitivity list
Warning (10492): VHDL Process Statement warning at dots88.vhd(37): signal "scount" is read inside the Process Statement but isn't in the Process Statement's sensitivity list
Warning (10492): VHDL Process Statement warning at dots88.vhd(38): signal "scount" is read inside the Process Statement but isn't in the Process Statement's sensitivity list
Warning (10492): VHDL Process Statement warning at dots88.vhd(67): signal "dsps" is read inside the Process Statement but isn't in the Process Statement's sensitivity list
Warning (10492): VHDL Process Statement warning at dots88.vhd(67): signal "scan" is read inside the Process Statement but isn't in the Process Statement's sensitivity list
Warning (10492): VHDL Process Statement warning at dots88.vhd(68): signal "scan" is read inside the Process Statement but isn't in the Process Statement's sensitivity list
Warning (10492): VHDL Process Statement warning at dots88.vhd(71): signal "dsps" is read inside the Process Statement but isn't in the Process Statement's sensitivity list
Warning (10492): VHDL Process Statement warning at dots88.vhd(71): signal "scan" is read inside the Process Statement but isn't in the Process Statement's sensitivity list
Warning (10492): VHDL Process Statement warning at dots88.vhd(72): signal "scan" is read inside the Process Statement but isn't in the Process Statement's sensitivity list
Warning (10492): VHDL Process Statement warning at dots88.vhd(75): signal "dsps" is read inside the Process Statement but isn't in the Process Statement's sensitivity list
Warning (10492): VHDL Process Statement warning at dots88.vhd(75): signal "scan" is read inside the Process Statement but isn't in the Process Statement's sensitivity list
Warning (10492): VHDL Process Statement warning at dots88.vhd(76): signal "scan" is read inside the Process Statement but isn't in the Process Statement's sensitivity list
Warning (10492): VHDL Process Statement warning at dots88.vhd(79): signal "dsps" is read inside the Process Statement but isn't in the Process Statement's sensitivity list
Warning (10492): VHDL Process Statement warning at dots88.vhd(79): signal "scan" is read inside the Process Statement but isn't in the Process Statement's sensitivity list
Warning (10492): VHDL Process Statement warning at dots88.vhd(80): signal "scan" is read inside the Process Statement but isn't in the Process Statement's sensitivity list
Warning (10492): VHDL Process Statement warning at dots88.vhd(83): signal "dsps" is read inside the Process Statement but isn't in the Process Statement's sensitivity list
Warning (10492): VHDL Process Statement warning at dots88.vhd(83): signal "scan" is read inside the Process Statement but isn't in the Process Statement's sensitivity list
Warning (10492): VHDL Process Statement warning at dots88.vhd(84): signal "scan" is read inside the Process Statement but isn't in the Process Statement's sensitivity list
Warning (10492): VHDL Process Statement warning at dots88.vhd(87): signal "dsps" is read inside the Process Statement but isn't in the Process Statement's sensitivity list
Warning (10492): VHDL Process Statement warning at dots88.vhd(87): signal "scan" is read inside the Process Statement but isn't in the Process Statement's sensitivity list
Warning (10492): VHDL Process Statement warning at dots88.vhd(88): signal "scan" is read inside the Process Statement but isn't in the Process Statement's sensitivity list
Warning (10492): VHDL Process Statement warning at dots88.vhd(91): signal "dsps" is read inside the Process Statement but isn't in the Process Statement's sensitivity list
Warning (10492): VHDL Process Statement warning at dots88.vhd(91): signal "scan" is read inside the Process Statement but isn't in the Process Statement's sensitivity list
Warning (10492): VHDL Process Statement warning at dots88.vhd(92): signal "scan" is read inside the Process Statement but isn't in the Process Statement's sensitivity list
Warning (10492): VHDL Process Statement warning at dots88.vhd(95): signal "dsps" is read inside the Process Statement but isn't in the Process Statement's sensitivity list
Warning (10492): VHDL Process Statement warning at dots88.vhd(95): signal "scan" is read inside the Process Statement but isn't in the Process Statement's sensitivity list
Warning (10492): VHDL Process Statement warning at dots88.vhd(96): signal "scan" is read inside the Process Statement but isn't in the Process Statement's sensitivity list
Warning: Clock multiplexers are found and protected
    Warning: Found clock multiplexer Mux0
Warning: Always-enabled tri-state buffer(s) removed
    Warning: Converted the fanout from the always-enabled tri-state buffer "dgdr[8]" to the node "dg[1]" into a wire
    Warning: Converted the fanout from the always-enabled tri-state buffer "dgdr[7]" to the node "dg[2]" into a wire
    Warning: Converted the fanout from the always-enabled tri-state buffer "dgdr[6]" to the node "dg[3]" into a wire
    Warning: Converted the fanout from the always-enabled tri-state buffer "dgdr[5]" to the node "dg[4]" into a wire
    Warning: Converted the fanout from the always-enabled tri-state buffer "dgdr[4]" to the node "dg[5]" into a wire
    Warning: Converted the fanout from the always-enabled tri-state buffer "dgdr[3]" to the node "dg[6]" into a wire
    Warning: Converted the fanout from the always-enabled tri-state buffer "dgdr[2]" to the node "dg[7]" into a wire
    Warning: Converted the fanout from the always-enabled tri-state buffer "dgdr[1]" to the node "dg[8]" into a wire
    Warning: Converted the fanout from the always-enabled tri-state buffer "dgdr[16]" to the node "dr[1]" into a wire
    Warning: Converted the fanout from the always-enabled tri-state buffer "dgdr[15]" to the node "dr[2]" into a wire
    Warning: Converted the fanout from the always-enabled tri-state buffer "dgdr[14]" to the node "dr[3]" into a wire
    Warning: Converted the fanout from the always-enabled tri-state buffer "dgdr[13]" to the node "dr[4]" into a wire
    Warning: Converted the fanout from the always-enabled tri-state buffer "dgdr[12]" to the node "dr[5]" into a wire
    Warning: Converted the fanout from the always-enabled tri-state buffer "dgdr[11]" to the node "dr[6]" into a wire
    Warning: Converted the fanout from the always-enabled tri-state buffer "dgdr[10]" to the node "dr[7]" into a wire
    Warning: Converted the fanout from the always-enabled tri-state buffer "dgdr[9]" to the node "dr[8]" into a wire
Info: 1 registers lost all their fanouts during netlist optimizations. The first 1 are displayed below.
    Info: Register "scount[29]" lost all its fanouts during netlist optimizations.
Info: Implemented 274 device resources after synthesis - the final resource count might be different
    Info: Implemented 8 input pins
    Info: Implemented 24 output pins
    Info: Implemented 242 logic cells
Info: Quartus II Analysis & Synthesis was successful. 0 errors, 50 warnings
    Info: Peak virtual memory: 246 megabytes
    Info: Processing ended: Wed Jun 23 09:02:43 2021
    Info: Elapsed time: 00:00:16
    Info: Total CPU time (on all processors): 00:00:09


