Analysis & Synthesis report for hexdec8
Sat Apr 22 22:02:28 2006
Version 5.0 Build 148 04/26/2005 SJ Full Version


---------------------
; Table of Contents ;
---------------------
  1. Legal Notice
  2. Analysis & Synthesis Summary
  3. Analysis & Synthesis Settings
  4. Analysis & Synthesis Source Files Read
  5. Analysis & Synthesis Resource Usage Summary
  6. Analysis & Synthesis Resource Utilization by Entity
  7. General Register Statistics
  8. Parameter Settings for User Entity Instance: LPM_ADD_SUB:madd
  9. Parameter Settings for User Entity Instance: LPM_ADD_SUB:ladd
 10. Parameter Settings for User Entity Instance: 74163:bcnt1
 11. Analysis & Synthesis Equations
 12. Analysis & Synthesis Messages



----------------
; Legal Notice ;
----------------
Copyright (C) 1991-2005 Altera Corporation
Your use of Altera Corporation's design tools, logic functions 
and other software and tools, and its AMPP partner logic       
functions, and any output files any of the foregoing           
(including device programming or simulation files), and any    
associated documentation or information are expressly subject  
to the terms and conditions of the Altera Program License      
Subscription Agreement, Altera MegaCore Function License       
Agreement, or other applicable license agreement, including,   
without limitation, that your use is for the sole purpose of   
programming logic devices manufactured by Altera and sold by   
Altera or its authorized distributors.  Please refer to the    
applicable agreement for further details.



+------------------------------------------------------------------------+
; Analysis & Synthesis Summary                                           ;
+-----------------------------+------------------------------------------+
; Analysis & Synthesis Status ; Successful - Sat Apr 22 22:02:28 2006    ;
; Quartus II Version          ; 5.0 Build 148 04/26/2005 SJ Full Version ;
; Revision Name               ; hexdec8                                  ;
; Top-level Entity Name       ; hexdec8                                  ;
; Family                      ; ACEX1K                                   ;
; Total logic elements        ; 74                                       ;
; Total pins                  ; 21                                       ;
; Total memory bits           ; 0                                        ;
; Total PLLs                  ; 0                                        ;
+-----------------------------+------------------------------------------+


+---------------------------------------------------------------------------------------------+
; Analysis & Synthesis Settings                                                               ;
+------------------------------------------------------------+----------------+---------------+
; Option                                                     ; Setting        ; Default Value ;
+------------------------------------------------------------+----------------+---------------+
; Device                                                     ; EP1K100QC208-3 ;               ;
; Top-level entity name                                      ; hexdec8        ; hexdec8       ;
; Family name                                                ; ACEX1K         ; Stratix       ;
; Use smart compilation                                      ; Off            ; Off           ;
; Create Debugging Nodes for IP Cores                        ; off            ; off           ;
; Preserve fewer node names                                  ; On             ; On            ;
; Disable OpenCore Plus hardware evaluation                  ; Off            ; Off           ;
; Verilog Version                                            ; Verilog_2001   ; Verilog_2001  ;
; VHDL Version                                               ; VHDL93         ; VHDL93        ;
; State Machine Processing                                   ; Auto           ; Auto          ;
; Extract Verilog State Machines                             ; On             ; On            ;
; Extract VHDL State Machines                                ; On             ; On            ;
; Add Pass-Through Logic to Inferred RAMs                    ; On             ; On            ;
; NOT Gate Push-Back                                         ; On             ; On            ;
; Power-Up Don't Care                                        ; On             ; On            ;
; Remove Redundant Logic Cells                               ; Off            ; Off           ;
; Remove Duplicate Registers                                 ; On             ; On            ;
; Ignore CARRY Buffers                                       ; Off            ; Off           ;
; Ignore CASCADE Buffers                                     ; Off            ; Off           ;
; Ignore GLOBAL Buffers                                      ; Off            ; Off           ;
; Ignore ROW GLOBAL Buffers                                  ; Off            ; Off           ;
; Ignore LCELL Buffers                                       ; Off            ; Off           ;
; Ignore SOFT Buffers                                        ; On             ; On            ;
; Limit AHDL Integers to 32 Bits                             ; Off            ; Off           ;
; Auto Implement in ROM                                      ; Off            ; Off           ;
; Optimization Technique -- FLEX 10K/10KE/10KA/ACEX 1K       ; Area           ; Area          ;
; Carry Chain Length -- FLEX 10K                             ; 32             ; 32            ;
; Cascade Chain Length                                       ; 2              ; 2             ;
; Auto Carry Chains                                          ; On             ; On            ;
; Auto Open-Drain Pins                                       ; On             ; On            ;
; Remove Duplicate Logic                                     ; On             ; On            ;
; Auto ROM Replacement                                       ; On             ; On            ;
; Auto RAM Replacement                                       ; On             ; On            ;
; Auto Clock Enable Replacement                              ; On             ; On            ;
; Auto Resource Sharing                                      ; Off            ; Off           ;
; Allow Any RAM Size For Recognition                         ; Off            ; Off           ;
; Allow Any ROM Size For Recognition                         ; Off            ; Off           ;
; Ignore translate_off and translate_on Synthesis Directives ; Off            ; Off           ;
; Show Parameter Settings Tables in Synthesis Report         ; On             ; On            ;
+------------------------------------------------------------+----------------+---------------+


+--------------------------------------------------------------------------------------------------------------------------------------------+
; Analysis & Synthesis Source Files Read                                                                                                     ;
+----------------------------------+-----------------+-----------------+---------------------------------------------------------------------+
; File Name with User-Entered Path ; Used in Netlist ; File Type       ; File Name with Absolute Path                                        ;
+----------------------------------+-----------------+-----------------+---------------------------------------------------------------------+
; ../hexdec8.vhd                   ; yes             ; User VHDL File  ; E:/max2work/exp/1k100/hexdec8.vhd                                   ;
; LPM_ADD_SUB.tdf                  ; yes             ; Megafunction    ; c:/altera/quartus50/libraries/megafunctions/LPM_ADD_SUB.tdf         ;
; addcore.inc                      ; yes             ; Other           ; c:/altera/quartus50/libraries/megafunctions/addcore.inc             ;
; look_add.inc                     ; yes             ; Other           ; c:/altera/quartus50/libraries/megafunctions/look_add.inc            ;
; bypassff.inc                     ; yes             ; Other           ; c:/altera/quartus50/libraries/megafunctions/bypassff.inc            ;
; altshift.inc                     ; yes             ; Other           ; c:/altera/quartus50/libraries/megafunctions/altshift.inc            ;
; alt_stratix_add_sub.inc          ; yes             ; Other           ; c:/altera/quartus50/libraries/megafunctions/alt_stratix_add_sub.inc ;
; alt_mercury_add_sub.inc          ; yes             ; Other           ; c:/altera/quartus50/libraries/megafunctions/alt_mercury_add_sub.inc ;
; aglobal50.inc                    ; yes             ; Other           ; c:/altera/quartus50/libraries/megafunctions/aglobal50.inc           ;
; addcore.tdf                      ; yes             ; Megafunction    ; c:/altera/quartus50/libraries/megafunctions/addcore.tdf             ;
; a_csnbuffer.inc                  ; yes             ; Other           ; c:/altera/quartus50/libraries/megafunctions/a_csnbuffer.inc         ;
; a_csnbuffer.tdf                  ; yes             ; Megafunction    ; c:/altera/quartus50/libraries/megafunctions/a_csnbuffer.tdf         ;
; altshift.tdf                     ; yes             ; Megafunction    ; c:/altera/quartus50/libraries/megafunctions/altshift.tdf            ;
; 74163.tdf                        ; yes             ; Megafunction    ; c:/altera/quartus50/libraries/others/maxplus2/74163.tdf             ;
; aglobal.inc                      ; yes             ; Other           ; c:/altera/quartus50/libraries/megafunctions/aglobal.inc             ;
; f74163.bdf                       ; yes             ; Megafunction    ; c:/altera/quartus50/libraries/others/maxplus2/f74163.bdf            ;
+----------------------------------+-----------------+-----------------+---------------------------------------------------------------------+


+---------------------------------------------+
; Analysis & Synthesis Resource Usage Summary ;
+-----------------------------------+---------+
; Resource                          ; Usage   ;
+-----------------------------------+---------+
; Total logic elements              ; 74      ;
; Total combinational functions     ; 49      ;
;     -- Total 4-input functions    ; 8       ;
;     -- Total 3-input functions    ; 22      ;
;     -- Total 2-input functions    ; 7       ;
;     -- Total 1-input functions    ; 10      ;
;     -- Total 0-input functions    ; 2       ;
; Combinational cells for routing   ; 0       ;
; Total registers                   ; 51      ;
; Total logic cells in carry chains ; 12      ;
; I/O pins                          ; 21      ;
; Maximum fan-out node              ; sysclk  ;
; Maximum fan-out                   ; 51      ;
; Total fan-out                     ; 254     ;
; Average fan-out                   ; 2.67    ;
+-----------------------------------+---------+


+--------------------------------------------------------------------------------------------------------------------------------------------------------------------------------------------------------------------------------+
; Analysis & Synthesis Resource Utilization by Entity                                                                                                                                                                            ;
+------------------------------------+-------------+--------------+-------------+------+--------------+-------------------+------------------+-----------------+-----------------------------------------------------------------+
; Compilation Hierarchy Node         ; Logic Cells ; LC Registers ; Memory Bits ; Pins ; LUT-Only LCs ; Register-Only LCs ; LUT/Register LCs ; Carry Chain LCs ; Full Hierarchy Name                                             ;
+------------------------------------+-------------+--------------+-------------+------+--------------+-------------------+------------------+-----------------+-----------------------------------------------------------------+
; |hexdec8                           ; 74 (64)     ; 51           ; 0           ; 21   ; 23 (17)      ; 25 (25)           ; 26 (22)          ; 12 (2)          ; |hexdec8                                                        ;
;    |74163:bcnt1|                   ; 4 (0)       ; 4            ; 0           ; 0    ; 0 (0)        ; 0 (0)             ; 4 (0)            ; 4 (0)           ; |hexdec8|74163:bcnt1                                            ;
;       |f74163:sub|                 ; 4 (4)       ; 4            ; 0           ; 0    ; 0 (0)        ; 0 (0)             ; 4 (4)            ; 4 (4)           ; |hexdec8|74163:bcnt1|f74163:sub                                 ;
;    |lpm_add_sub:ladd|              ; 3 (0)       ; 0            ; 0           ; 0    ; 3 (0)        ; 0 (0)             ; 0 (0)            ; 3 (0)           ; |hexdec8|lpm_add_sub:ladd                                       ;
;       |addcore:adder|              ; 3 (1)       ; 0            ; 0           ; 0    ; 3 (1)        ; 0 (0)             ; 0 (0)            ; 3 (1)           ; |hexdec8|lpm_add_sub:ladd|addcore:adder                         ;
;          |a_csnbuffer:result_node| ; 2 (2)       ; 0            ; 0           ; 0    ; 2 (2)        ; 0 (0)             ; 0 (0)            ; 2 (2)           ; |hexdec8|lpm_add_sub:ladd|addcore:adder|a_csnbuffer:result_node ;
;    |lpm_add_sub:madd|              ; 3 (0)       ; 0            ; 0           ; 0    ; 3 (0)        ; 0 (0)             ; 0 (0)            ; 3 (0)           ; |hexdec8|lpm_add_sub:madd                                       ;
;       |addcore:adder|              ; 3 (1)       ; 0            ; 0           ; 0    ; 3 (1)        ; 0 (0)             ; 0 (0)            ; 3 (1)           ; |hexdec8|lpm_add_sub:madd|addcore:adder                         ;
;          |a_csnbuffer:result_node| ; 2 (2)       ; 0            ; 0           ; 0    ; 2 (2)        ; 0 (0)             ; 0 (0)            ; 2 (2)           ; |hexdec8|lpm_add_sub:madd|addcore:adder|a_csnbuffer:result_node ;
+------------------------------------+-------------+--------------+-------------+------+--------------+-------------------+------------------+-----------------+-----------------------------------------------------------------+
Note: For table entries with two numbers listed, the numbers in parentheses indicate the number of resources of the given type used by the specific entity alone. The numbers listed outside of parentheses indicate the total resources of the given type used by the specific entity and all of its sub-entities in the hierarchy.


+------------------------------------------------------+
; General Register Statistics                          ;
+----------------------------------------------+-------+
; Statistic                                    ; Value ;
+----------------------------------------------+-------+
; Total registers                              ; 51    ;
; Number of registers using Synchronous Clear  ; 5     ;
; Number of registers using Synchronous Load   ; 2     ;
; Number of registers using Asynchronous Clear ; 0     ;
; Number of registers using Asynchronous Load  ; 0     ;
; Number of registers using Clock Enable       ; 27    ;
; Number of registers using Preset             ; 0     ;
+----------------------------------------------+-------+


+---------------------------------------------------------------+
; Parameter Settings for User Entity Instance: LPM_ADD_SUB:madd ;
+------------------------+-------------+------------------------+
; Parameter Name         ; Value       ; Type                   ;
+------------------------+-------------+------------------------+
; LPM_WIDTH              ; 4           ; Integer                ;
; LPM_REPRESENTATION     ; SIGNED      ; Untyped                ;
; LPM_DIRECTION          ; ADD         ; Untyped                ;
; ONE_INPUT_IS_CONSTANT  ; NO          ; Untyped                ;
; LPM_PIPELINE           ; 0           ; Integer                ;
; MAXIMIZE_SPEED         ; 5           ; Untyped                ;
; REGISTERED_AT_END      ; 0           ; Untyped                ;
; OPTIMIZE_FOR_SPEED     ; 1           ; Untyped                ;
; USE_CS_BUFFERS         ; 1           ; Untyped                ;
; CARRY_CHAIN            ; MANUAL      ; Untyped                ;
; CARRY_CHAIN_LENGTH     ; 48          ; CARRY_CHAIN_LENGTH     ;
; DEVICE_FAMILY          ; ACEX1K      ; Untyped                ;
; USE_WYS                ; OFF         ; Untyped                ;
; STYLE                  ; FAST        ; Untyped                ;
; CBXI_PARAMETER         ; add_sub_rpf ; Untyped                ;
; AUTO_CARRY_CHAINS      ; ON          ; AUTO_CARRY             ;
; IGNORE_CARRY_BUFFERS   ; OFF         ; IGNORE_CARRY           ;
; AUTO_CASCADE_CHAINS    ; ON          ; AUTO_CASCADE           ;
; IGNORE_CASCADE_BUFFERS ; OFF         ; IGNORE_CASCADE         ;
+------------------------+-------------+------------------------+
Note: In order to hide this table in the UI and the text report file, please set the "Show Parameter Settings Tables in Synthesis Report" option in "Analysis and Synthesis Settings -> More Settings" to "Off".


+---------------------------------------------------------------+
; Parameter Settings for User Entity Instance: LPM_ADD_SUB:ladd ;
+------------------------+-------------+------------------------+
; Parameter Name         ; Value       ; Type                   ;
+------------------------+-------------+------------------------+
; LPM_WIDTH              ; 4           ; Integer                ;
; LPM_REPRESENTATION     ; SIGNED      ; Untyped                ;
; LPM_DIRECTION          ; ADD         ; Untyped                ;
; ONE_INPUT_IS_CONSTANT  ; NO          ; Untyped                ;
; LPM_PIPELINE           ; 0           ; Integer                ;
; MAXIMIZE_SPEED         ; 5           ; Untyped                ;
; REGISTERED_AT_END      ; 0           ; Untyped                ;
; OPTIMIZE_FOR_SPEED     ; 1           ; Untyped                ;
; USE_CS_BUFFERS         ; 1           ; Untyped                ;
; CARRY_CHAIN            ; MANUAL      ; Untyped                ;
; CARRY_CHAIN_LENGTH     ; 48          ; CARRY_CHAIN_LENGTH     ;
; DEVICE_FAMILY          ; ACEX1K      ; Untyped                ;
; USE_WYS                ; OFF         ; Untyped                ;
; STYLE                  ; FAST        ; Untyped                ;
; CBXI_PARAMETER         ; add_sub_rpf ; Untyped                ;
; AUTO_CARRY_CHAINS      ; ON          ; AUTO_CARRY             ;
; IGNORE_CARRY_BUFFERS   ; OFF         ; IGNORE_CARRY           ;
; AUTO_CASCADE_CHAINS    ; ON          ; AUTO_CASCADE           ;
; IGNORE_CASCADE_BUFFERS ; OFF         ; IGNORE_CASCADE         ;
+------------------------+-------------+------------------------+
Note: In order to hide this table in the UI and the text report file, please set the "Show Parameter Settings Tables in Synthesis Report" option in "Analysis and Synthesis Settings -> More Settings" to "Off".


+----------------------------------------------------------+
; Parameter Settings for User Entity Instance: 74163:bcnt1 ;
+------------------------+--------+------------------------+
; Parameter Name         ; Value  ; Type                   ;
+------------------------+--------+------------------------+
; DEVICE_FAMILY          ; ACEX1K ; Untyped                ;
; AUTO_CARRY_CHAINS      ; ON     ; AUTO_CARRY             ;
; IGNORE_CARRY_BUFFERS   ; OFF    ; IGNORE_CARRY           ;
; AUTO_CASCADE_CHAINS    ; ON     ; AUTO_CASCADE           ;
; IGNORE_CASCADE_BUFFERS ; OFF    ; IGNORE_CASCADE         ;
+------------------------+--------+------------------------+
Note: In order to hide this table in the UI and the text report file, please set the "Show Parameter Settings Tables in Synthesis Report" option in "Analysis and Synthesis Settings -> More Settings" to "Off".


+--------------------------------+
; Analysis & Synthesis Equations ;
+--------------------------------+
The equations can be found in E:/max2work/exp/1k100/hexdec8/hexdec8.map.eqn.


+-------------------------------+
; Analysis & Synthesis Messages ;
+-------------------------------+
Info: *******************************************************************
Info: Running Quartus II Analysis & Synthesis
    Info: Version 5.0 Build 148 04/26/2005 SJ Full Version
    Info: Processing started: Sat Apr 22 22:02:25 2006
Info: Command: quartus_map --read_settings_files=on --write_settings_files=off hexdec8 -c hexdec8
Info: Found 2 design units, including 1 entities, in source file ../hexdec8.vhd
    Info: Found design unit 1: hexdec8-hexdec8_arch
    Info: Found entity 1: hexdec8
Info: Elaborating entity "hexdec8" for the top level hierarchy
Info: Found 1 design units, including 1 entities, in source file c:/altera/quartus50/libraries/megafunctions/LPM_ADD_SUB.tdf
    Info: Found entity 1: lpm_add_sub
Info: Elaborating entity "LPM_ADD_SUB" for hierarchy "LPM_ADD_SUB:madd"
Info: Found 1 design units, including 1 entities, in source file c:/altera/quartus50/libraries/megafunctions/addcore.tdf
    Info: Found entity 1: addcore
Info: Elaborating entity "addcore" for hierarchy "LPM_ADD_SUB:madd|addcore:adder"
Info: Found 1 design units, including 1 entities, in source file c:/altera/quartus50/libraries/megafunctions/a_csnbuffer.tdf
    Info: Found entity 1: a_csnbuffer
Info: Elaborating entity "a_csnbuffer" for hierarchy "LPM_ADD_SUB:madd|addcore:adder|a_csnbuffer:oflow_node"
Info: Elaborating entity "a_csnbuffer" for hierarchy "LPM_ADD_SUB:madd|addcore:adder|a_csnbuffer:result_node"
Info: Found 1 design units, including 1 entities, in source file c:/altera/quartus50/libraries/megafunctions/altshift.tdf
    Info: Found entity 1: altshift
Info: Elaborating entity "altshift" for hierarchy "LPM_ADD_SUB:madd|altshift:result_ext_latency_ffs"
Info: Elaborating entity "altshift" for hierarchy "LPM_ADD_SUB:madd|altshift:carry_ext_latency_ffs"
Info: Found 1 design units, including 1 entities, in source file c:/altera/quartus50/libraries/others/maxplus2/74163.tdf
    Info: Found entity 1: 74163
Info: Elaborating entity "74163" for hierarchy "74163:bcnt1"
Info: Found 1 design units, including 1 entities, in source file c:/altera/quartus50/libraries/others/maxplus2/f74163.bdf
    Info: Found entity 1: f74163
Info: Elaborating entity "f74163" for hierarchy "74163:bcnt1|f74163:sub"
Info: Converted 1 single input CARRY primitives to CARRY_SUM primitives
Info: Implemented 95 device resources after synthesis - the final resource count might be different
    Info: Implemented 10 input pins
    Info: Implemented 11 output pins
    Info: Implemented 74 logic cells
Info: Quartus II Analysis & Synthesis was successful. 0 errors, 0 warnings
    Info: Processing ended: Sat Apr 22 22:02:28 2006
    Info: Elapsed time: 00:00:04


