Fitter report for hexdec8
Sat Apr 22 22:02:45 2006
Version 5.0 Build 148 04/26/2005 SJ Full Version


---------------------
; Table of Contents ;
---------------------
  1. Legal Notice
  2. Fitter Summary
  3. Fitter Settings
  4. Fitter Device Options
  5. Fitter Equations
  6. Input Pins
  7. Output Pins
  8. All Package Pins
  9. Control Signals
 10. Global & Other Fast Signals
 11. Carry Chains
 12. Non-Global High Fan-Out Signals
 13. LAB
 14. Local Routing Interconnect
 15. LAB External Interconnect
 16. Row Interconnect
 17. LAB Column Interconnect
 18. LAB Column Interconnect
 19. Fitter Resource Usage Summary
 20. Fitter Resource Utilization by Entity
 21. Delay Chain Summary
 22. Pin-Out File
 23. Fitter Messages



----------------
; Legal Notice ;
----------------
Copyright (C) 1991-2005 Altera Corporation
Your use of Altera Corporation's design tools, logic functions 
and other software and tools, and its AMPP partner logic       
functions, and any output files any of the foregoing           
(including device programming or simulation files), and any    
associated documentation or information are expressly subject  
to the terms and conditions of the Altera Program License      
Subscription Agreement, Altera MegaCore Function License       
Agreement, or other applicable license agreement, including,   
without limitation, that your use is for the sole purpose of   
programming logic devices manufactured by Altera and sold by   
Altera or its authorized distributors.  Please refer to the    
applicable agreement for further details.



+------------------------------------------------------------------+
; Fitter Summary                                                   ;
+-----------------------+------------------------------------------+
; Fitter Status         ; Successful - Sat Apr 22 22:02:45 2006    ;
; Quartus II Version    ; 5.0 Build 148 04/26/2005 SJ Full Version ;
; Revision Name         ; hexdec8                                  ;
; Top-level Entity Name ; hexdec8                                  ;
; Family                ; ACEX1K                                   ;
; Device                ; EP1K100QC208-3                           ;
; Timing Models         ; Final                                    ;
; Total logic elements  ; 74 / 4,992 ( 1 % )                       ;
; Total pins            ; 21 / 147 ( 14 % )                        ;
; Total memory bits     ; 0 / 49,152 ( 0 % )                       ;
; Total PLLs            ; 0                                        ;
+-----------------------+------------------------------------------+


+------------------------------------------------------------------------------------------------------+
; Fitter Settings                                                                                      ;
+------------------------------------------------------------+--------------------+--------------------+
; Option                                                     ; Setting            ; Default Value      ;
+------------------------------------------------------------+--------------------+--------------------+
; Device                                                     ; EP1K100QC208-3     ;                    ;
; Use smart compilation                                      ; Off                ; Off                ;
; Placement Effort Multiplier                                ; 1.0                ; 1.0                ;
; Router Effort Multiplier                                   ; 1.0                ; 1.0                ;
; Optimize Timing                                            ; Normal compilation ; Normal compilation ;
; Optimize IOC Register Placement for Timing                 ; On                 ; On                 ;
; Limit to One Fitting Attempt                               ; Off                ; Off                ;
; Final Placement Optimizations                              ; Automatically      ; Automatically      ;
; Fitter Initial Placement Seed                              ; 1                  ; 1                  ;
; Slow Slew Rate                                             ; Off                ; Off                ;
; PCI I/O                                                    ; Off                ; Off                ;
; Auto Global Memory Control Signals                         ; Off                ; Off                ;
; Logic Cell Insertion - Individual Logic Cells              ; On                 ; On                 ;
; Logic Cell Insertion - I/Os Fed By Carry or Cascade Chains ; On                 ; On                 ;
; Fitter Effort                                              ; Auto Fit           ; Auto Fit           ;
; Auto Global Clock                                          ; On                 ; On                 ;
; Auto Global Output Enable                                  ; On                 ; On                 ;
; Auto Global Register Control Signals                       ; On                 ; On                 ;
+------------------------------------------------------------+--------------------+--------------------+


+-------------------------------------------------------------------------+
; Fitter Device Options                                                   ;
+----------------------------------------------+--------------------------+
; Option                                       ; Setting                  ;
+----------------------------------------------+--------------------------+
; Enable user-supplied start-up clock (CLKUSR) ; Off                      ;
; Enable device-wide reset (DEV_CLRn)          ; Off                      ;
; Enable device-wide output enable (DEV_OE)    ; Off                      ;
; Enable INIT_DONE output                      ; Off                      ;
; Configuration scheme                         ; Passive Serial           ;
; Reserve all unused pins                      ; As output driving ground ;
; Base pin-out file on sameframe device        ; Off                      ;
+----------------------------------------------+--------------------------+


+------------------+
; Fitter Equations ;
+------------------+
The equations can be found in E:/max2work/exp/1k100/hexdec8/hexdec8.fit.eqn.


+----------------------------------------------------------------------------------------------------------------------------------------------------------+
; Input Pins                                                                                                                                               ;
+--------+-------+-----+------+---------+--------+--------------+-------------------------+---------------+-----------------+---------------+--------------+
; Name   ; Pin # ; Row ; Col. ; Fan-Out ; Global ; I/O Register ; Use Local Routing Input ; Power Up High ; PCI I/O Enabled ; Single-Pin CE ; I/O Standard ;
+--------+-------+-----+------+---------+--------+--------------+-------------------------+---------------+-----------------+---------------+--------------+
; sysclk ; 79    ; --  ; --   ; 51      ; yes    ; no           ; no                      ; no            ; no              ; no            ; LVTTL/LVCMOS ;
; sta    ; 184   ; --  ; --   ; 1       ; no     ; no           ; no                      ; no            ; no              ; no            ; LVTTL/LVCMOS ;
; hin[7] ; 182   ; --  ; --   ; 1       ; no     ; no           ; no                      ; no            ; no              ; no            ; LVTTL/LVCMOS ;
; hin[6] ; 78    ; --  ; --   ; 1       ; no     ; no           ; no                      ; no            ; no              ; no            ; LVTTL/LVCMOS ;
; hin[5] ; 80    ; --  ; --   ; 1       ; no     ; no           ; no                      ; no            ; no              ; no            ; LVTTL/LVCMOS ;
; hin[4] ; 183   ; --  ; --   ; 1       ; no     ; no           ; no                      ; no            ; no              ; no            ; LVTTL/LVCMOS ;
; hin[3] ; 206   ; --  ; 50   ; 1       ; no     ; no           ; no                      ; no            ; no              ; no            ; LVTTL/LVCMOS ;
; hin[2] ; 14    ;  C  ; --   ; 1       ; no     ; no           ; no                      ; no            ; no              ; no            ; LVTTL/LVCMOS ;
; hin[1] ; 195   ; --  ; 39   ; 1       ; no     ; no           ; no                      ; no            ; no              ; no            ; LVTTL/LVCMOS ;
; hin[0] ; 141   ;  C  ; --   ; 1       ; no     ; no           ; no                      ; no            ; no              ; no            ; LVTTL/LVCMOS ;
+--------+-------+-----+------+---------+--------+--------------+-------------------------+---------------+-----------------+---------------+--------------+


+-------------------------------------------------------------------------------------------------------------------------------------------------------------------------------------------------------+
; Output Pins                                                                                                                                                                                           ;
+---------+-------+-----+------+--------------+--------------------------+---------------+----------------+-----------------+---------------+---------------+------------+---------------+--------------+
; Name    ; Pin # ; Row ; Col. ; I/O Register ; Use Local Routing Output ; Power Up High ; Slow Slew Rate ; PCI I/O Enabled ; Single-Pin OE ; Single-Pin CE ; Open Drain ; TRI Primitive ; I/O Standard ;
+---------+-------+-----+------+--------------+--------------------------+---------------+----------------+-----------------+---------------+---------------+------------+---------------+--------------+
; donf    ; 136   ;  C  ; --   ; no           ; no                       ; no            ; no             ; no              ; no            ; no            ; no         ; no            ; LVTTL/LVCMOS ;
; dout[0] ; 202   ; --  ; 47   ; no           ; no                       ; no            ; no             ; no              ; no            ; no            ; no         ; no            ; LVTTL/LVCMOS ;
; dout[1] ; 18    ;  D  ; --   ; no           ; no                       ; no            ; no             ; no              ; no            ; no            ; no         ; no            ; LVTTL/LVCMOS ;
; dout[2] ; 8     ;  A  ; --   ; no           ; no                       ; no            ; no             ; no              ; no            ; no            ; no         ; no            ; LVTTL/LVCMOS ;
; dout[3] ; 196   ; --  ; 41   ; no           ; no                       ; no            ; no             ; no              ; no            ; no            ; no         ; no            ; LVTTL/LVCMOS ;
; dout[4] ; 15    ;  C  ; --   ; no           ; no                       ; no            ; no             ; no              ; no            ; no            ; no         ; no            ; LVTTL/LVCMOS ;
; dout[5] ; 139   ;  C  ; --   ; no           ; no                       ; no            ; no             ; no              ; no            ; no            ; no         ; no            ; LVTTL/LVCMOS ;
; dout[6] ; 140   ;  C  ; --   ; no           ; no                       ; no            ; no             ; no              ; no            ; no            ; no         ; no            ; LVTTL/LVCMOS ;
; dout[7] ; 187   ; --  ; 28   ; no           ; no                       ; no            ; no             ; no              ; no            ; no            ; no         ; no            ; LVTTL/LVCMOS ;
; dout[8] ; 73    ; --  ; 29   ; no           ; no                       ; no            ; no             ; no              ; no            ; no            ; no         ; no            ; LVTTL/LVCMOS ;
; dout[9] ; 10    ;  A  ; --   ; no           ; no                       ; no            ; no             ; no              ; no            ; no            ; no         ; no            ; LVTTL/LVCMOS ;
+---------+-------+-----+------+--------------+--------------------------+---------------+----------------+-----------------+---------------+---------------+------------+---------------+--------------+


+-----------------------------------+
; All Package Pins                  ;
+-------+------------+--------------+
; Pin # ; Usage      ; I/O Standard ;
+-------+------------+--------------+
; 1     ; #TCK       ;              ;
; 2     ; ^CONF_DONE ;              ;
; 3     ; ^nCEO      ;              ;
; 4     ; #TDO       ;              ;
; 5     ; VCC_IO     ;              ;
; 6     ; GND        ;              ;
; 7     ; GND*       ;              ;
; 8     ; dout[2]    ; LVTTL/LVCMOS ;
; 9     ; GND*       ;              ;
; 10    ; dout[9]    ; LVTTL/LVCMOS ;
; 11    ; GND*       ;              ;
; 12    ; GND*       ;              ;
; 13    ; GND*       ;              ;
; 14    ; hin[2]     ; LVTTL/LVCMOS ;
; 15    ; dout[4]    ; LVTTL/LVCMOS ;
; 16    ; GND*       ;              ;
; 17    ; GND*       ;              ;
; 18    ; dout[1]    ; LVTTL/LVCMOS ;
; 19    ; GND*       ;              ;
; 20    ; GND        ;              ;
; 21    ; VCC_INT    ;              ;
; 22    ; VCC_IO     ;              ;
; 23    ; GND        ;              ;
; 24    ; GND*       ;              ;
; 25    ; GND*       ;              ;
; 26    ; GND*       ;              ;
; 27    ; GND*       ;              ;
; 28    ; GND*       ;              ;
; 29    ; GND*       ;              ;
; 30    ; GND*       ;              ;
; 31    ; GND*       ;              ;
; 32    ; GND        ;              ;
; 33    ; VCC_INT    ;              ;
; 34    ; VCC_IO     ;              ;
; 35    ; GND        ;              ;
; 36    ; GND*       ;              ;
; 37    ; GND*       ;              ;
; 38    ; GND*       ;              ;
; 39    ; GND*       ;              ;
; 40    ; GND*       ;              ;
; 41    ; GND*       ;              ;
; 42    ; VCC_IO     ;              ;
; 43    ; GND        ;              ;
; 44    ; GND*       ;              ;
; 45    ; GND*       ;              ;
; 46    ; GND*       ;              ;
; 47    ; GND*       ;              ;
; 48    ; VCC_INT    ;              ;
; 49    ; GND        ;              ;
; 50    ; #TMS       ;              ;
; 51    ; #TRST      ;              ;
; 52    ; ^nSTATUS   ;              ;
; 53    ; GND*       ;              ;
; 54    ; GND*       ;              ;
; 55    ; GND*       ;              ;
; 56    ; GND*       ;              ;
; 57    ; GND*       ;              ;
; 58    ; GND*       ;              ;
; 59    ; GND        ;              ;
; 60    ; GND*       ;              ;
; 61    ; GND*       ;              ;
; 62    ; GND*       ;              ;
; 63    ; GND*       ;              ;
; 64    ; GND*       ;              ;
; 65    ; GND*       ;              ;
; 66    ; VCC_IO     ;              ;
; 67    ; GND*       ;              ;
; 68    ; GND*       ;              ;
; 69    ; GND*       ;              ;
; 70    ; GND*       ;              ;
; 71    ; GND*       ;              ;
; 72    ; VCC_INT    ;              ;
; 73    ; dout[8]    ; LVTTL/LVCMOS ;
; 74    ; GND*       ;              ;
; 75    ; GND*       ;              ;
; 76    ; GND        ;              ;
; 77    ; VCC_CKLK   ;              ;
; 78    ; hin[6]     ; LVTTL/LVCMOS ;
; 79    ; sysclk     ; LVTTL/LVCMOS ;
; 80    ; hin[5]     ; LVTTL/LVCMOS ;
; 81    ; GND_CKLK   ;              ;
; 82    ; GND        ;              ;
; 83    ; GND*       ;              ;
; 84    ; VCC_IO     ;              ;
; 85    ; GND*       ;              ;
; 86    ; GND*       ;              ;
; 87    ; GND*       ;              ;
; 88    ; GND*       ;              ;
; 89    ; GND*       ;              ;
; 90    ; GND*       ;              ;
; 91    ; VCC_INT    ;              ;
; 92    ; GND*       ;              ;
; 93    ; GND*       ;              ;
; 94    ; GND*       ;              ;
; 95    ; GND*       ;              ;
; 96    ; GND*       ;              ;
; 97    ; GND*       ;              ;
; 98    ; VCC_IO     ;              ;
; 99    ; GND*       ;              ;
; 100   ; GND*       ;              ;
; 101   ; GND*       ;              ;
; 102   ; GND*       ;              ;
; 103   ; GND*       ;              ;
; 104   ; GND*       ;              ;
; 105   ; ^nCONFIG   ;              ;
; 106   ; VCC_INT    ;              ;
; 107   ; ^MSEL1     ;              ;
; 108   ; ^MSEL0     ;              ;
; 109   ; GND        ;              ;
; 110   ; VCC_IO     ;              ;
; 111   ; GND*       ;              ;
; 112   ; GND*       ;              ;
; 113   ; GND*       ;              ;
; 114   ; GND*       ;              ;
; 115   ; GND*       ;              ;
; 116   ; GND*       ;              ;
; 117   ; GND        ;              ;
; 118   ; VCC_IO     ;              ;
; 119   ; GND*       ;              ;
; 120   ; GND*       ;              ;
; 121   ; GND*       ;              ;
; 122   ; GND*       ;              ;
; 123   ; GND        ;              ;
; 124   ; VCC_INT    ;              ;
; 125   ; GND*       ;              ;
; 126   ; GND*       ;              ;
; 127   ; GND*       ;              ;
; 128   ; GND*       ;              ;
; 129   ; GND        ;              ;
; 130   ; VCC_INT    ;              ;
; 131   ; GND*       ;              ;
; 132   ; GND*       ;              ;
; 133   ; GND*       ;              ;
; 134   ; GND*       ;              ;
; 135   ; GND*       ;              ;
; 136   ; donf       ; LVTTL/LVCMOS ;
; 137   ; GND        ;              ;
; 138   ; VCC_IO     ;              ;
; 139   ; dout[5]    ; LVTTL/LVCMOS ;
; 140   ; dout[6]    ; LVTTL/LVCMOS ;
; 141   ; hin[0]     ; LVTTL/LVCMOS ;
; 142   ; GND*       ;              ;
; 143   ; GND*       ;              ;
; 144   ; GND*       ;              ;
; 145   ; GND        ;              ;
; 146   ; VCC_IO     ;              ;
; 147   ; GND*       ;              ;
; 148   ; GND*       ;              ;
; 149   ; GND*       ;              ;
; 150   ; GND*       ;              ;
; 151   ; GND        ;              ;
; 152   ; VCC_INT    ;              ;
; 153   ; #TDI       ;              ;
; 154   ; ^nCE       ;              ;
; 155   ; ^DCLK      ;              ;
; 156   ; ^DATA0     ;              ;
; 157   ; GND*       ;              ;
; 158   ; GND*       ;              ;
; 159   ; GND*       ;              ;
; 160   ; GND*       ;              ;
; 161   ; GND*       ;              ;
; 162   ; GND*       ;              ;
; 163   ; GND*       ;              ;
; 164   ; GND*       ;              ;
; 165   ; VCC_IO     ;              ;
; 166   ; GND*       ;              ;
; 167   ; GND*       ;              ;
; 168   ; GND*       ;              ;
; 169   ; GND*       ;              ;
; 170   ; GND*       ;              ;
; 171   ; GND        ;              ;
; 172   ; GND*       ;              ;
; 173   ; GND*       ;              ;
; 174   ; GND*       ;              ;
; 175   ; GND*       ;              ;
; 176   ; GND*       ;              ;
; 177   ; GND*       ;              ;
; 178   ; VCC_IO     ;              ;
; 179   ; GND*       ;              ;
; 180   ; GND*       ;              ;
; 181   ; GND        ;              ;
; 182   ; hin[7]     ; LVTTL/LVCMOS ;
; 183   ; hin[4]     ; LVTTL/LVCMOS ;
; 184   ; sta        ; LVTTL/LVCMOS ;
; 185   ; VCC_INT    ;              ;
; 186   ; GND*       ;              ;
; 187   ; dout[7]    ; LVTTL/LVCMOS ;
; 188   ; GND        ;              ;
; 189   ; GND*       ;              ;
; 190   ; GND*       ;              ;
; 191   ; GND*       ;              ;
; 192   ; GND*       ;              ;
; 193   ; GND*       ;              ;
; 194   ; VCC_IO     ;              ;
; 195   ; hin[1]     ; LVTTL/LVCMOS ;
; 196   ; dout[3]    ; LVTTL/LVCMOS ;
; 197   ; GND*       ;              ;
; 198   ; GND*       ;              ;
; 199   ; GND*       ;              ;
; 200   ; GND*       ;              ;
; 201   ; VCC_INT    ;              ;
; 202   ; dout[0]    ; LVTTL/LVCMOS ;
; 203   ; GND*       ;              ;
; 204   ; GND*       ;              ;
; 205   ; GND*       ;              ;
; 206   ; hin[3]     ; LVTTL/LVCMOS ;
; 207   ; GND*       ;              ;
; 208   ; GND*       ;              ;
+-------+------------+--------------+


+----------------------------------------------------------------------------+
; Control Signals                                                            ;
+------------+---------+---------+----------------------------+--------------+
; Name       ; Pin #   ; Fan-Out ; Usage                      ; Global Usage ;
+------------+---------+---------+----------------------------+--------------+
; sysclk     ; 79      ; 51      ; Clock                      ; Pin          ;
; rtl~3      ; LC3_C49 ; 4       ; Clock enable               ; Non-global   ;
; dsr[0]~263 ; LC1_C44 ; 2       ; Sync. load                 ; Non-global   ;
; tdo[0]~9   ; LC1_C39 ; 10      ; Clock enable               ; Non-global   ;
; rtl~13     ; LC2_C39 ; 4       ; Clock enable               ; Non-global   ;
; stas~0     ; LC2_C38 ; 30      ; Sync. clear / Clock enable ; Non-global   ;
+------------+---------+---------+----------------------------+--------------+


+-----------------------------------+
; Global & Other Fast Signals       ;
+--------+-------+---------+--------+
; Name   ; Pin # ; Fan-Out ; Global ;
+--------+-------+---------+--------+
; sysclk ; 79    ; 51      ; yes    ;
; sta    ; 184   ; 1       ; no     ;
; hin[7] ; 182   ; 1       ; no     ;
; hin[6] ; 78    ; 1       ; no     ;
; hin[5] ; 80    ; 1       ; no     ;
; hin[4] ; 183   ; 1       ; no     ;
+--------+-------+---------+--------+


+---------------------------------------------+
; Carry Chains                                ;
+--------------------+------------------------+
; Carry Chain Length ; Number of Carry Chains ;
+--------------------+------------------------+
; 0                  ; 0                      ;
; 1                  ; 0                      ;
; 2                  ; 0                      ;
; 3                  ; 0                      ;
; 4                  ; 3                      ;
+--------------------+------------------------+


+--------------------------------------------------------------------------+
; Non-Global High Fan-Out Signals                                          ;
+----------------------------------------------------------------+---------+
; Name                                                           ; Fan-Out ;
+----------------------------------------------------------------+---------+
; stas~35                                                        ; 30      ;
; sft~69                                                         ; 25      ;
; tdo[0]~51                                                      ; 10      ;
; stas[0]~33                                                     ; 9       ;
; done~61                                                        ; 4       ;
; rtl~396                                                        ; 4       ;
; chk~98                                                         ; 4       ;
; rtl~399                                                        ; 4       ;
; dsr[8]~272                                                     ; 3       ;
; dsr[2]~266                                                     ; 3       ;
; dsr[3]~267                                                     ; 3       ;
; lpm_add_sub:ladd|addcore:adder|a_csnbuffer:result_node|cout[0] ; 3       ;
; dsr[1]~265                                                     ; 3       ;
; dsr[7]~271                                                     ; 3       ;
; lpm_add_sub:madd|addcore:adder|a_csnbuffer:result_node|cout[0] ; 3       ;
; dsr[5]~269                                                     ; 3       ;
; dsr[6]~270                                                     ; 3       ;
; dsr[9]~273                                                     ; 2       ;
; dly~1                                                          ; 2       ;
; bcov~12                                                        ; 2       ;
; lpm_add_sub:madd|addcore:adder|a_csnbuffer:result_node|cout[1] ; 2       ;
; hsr[6]~676                                                     ; 2       ;
; hsr[5]~678                                                     ; 2       ;
; hsr[4]~680                                                     ; 2       ;
; hsr[3]~682                                                     ; 2       ;
; hsr[1]~686                                                     ; 2       ;
; hsr[2]~684                                                     ; 2       ;
; 74163:bcnt1|f74163:sub|107                                     ; 2       ;
; hsr[7]~675                                                     ; 2       ;
; stab~1                                                         ; 2       ;
; 74163:bcnt1|f74163:sub|74                                      ; 2       ;
; lpm_add_sub:ladd|addcore:adder|a_csnbuffer:result_node|cout[1] ; 2       ;
; lpm_add_sub:madd|addcore:adder|a_csnbuffer:result_node|cout[2] ; 2       ;
; 74163:bcnt1|f74163:sub|118                                     ; 2       ;
; lpm_add_sub:ladd|addcore:adder|a_csnbuffer:result_node|cout[2] ; 2       ;
; 74163:bcnt1|f74163:sub|134~7                                   ; 2       ;
; dsr[0]~274                                                     ; 2       ;
; rtl~395                                                        ; 1       ;
; lpm_add_sub:ladd|addcore:adder|unreg_res_node[3]~7             ; 1       ;
; hsr~679                                                        ; 1       ;
; hin[0]                                                         ; 1       ;
; tdo[3]~44                                                      ; 1       ;
; dout[3]~13                                                     ; 1       ;
; lpm_add_sub:madd|addcore:adder|unreg_res_node[3]~7             ; 1       ;
; stas[1]~34                                                     ; 1       ;
; hin[6]                                                         ; 1       ;
; tdo[2]~43                                                      ; 1       ;
; hsr~687                                                        ; 1       ;
; hin[4]                                                         ; 1       ;
; dout[4]~14                                                     ; 1       ;
+----------------------------------------------------------------+---------+


+-------------------------------------------+
; LAB                                       ;
+--------------------------+----------------+
; Number of Logic Elements ; Number of LABs ;
+--------------------------+----------------+
; 0                        ; 612            ;
; 1                        ; 1              ;
; 2                        ; 2              ;
; 3                        ; 0              ;
; 4                        ; 0              ;
; 5                        ; 1              ;
; 6                        ; 0              ;
; 7                        ; 0              ;
; 8                        ; 8              ;
+--------------------------+----------------+


+----------------------------------------------+
; Local Routing Interconnect                   ;
+-----------------------------+----------------+
; Local Routing Interconnects ; Number of LABs ;
+-----------------------------+----------------+
; 0                           ; 613            ;
; 1                           ; 2              ;
; 2                           ; 1              ;
; 3                           ; 0              ;
; 4                           ; 0              ;
; 5                           ; 4              ;
; 6                           ; 1              ;
; 7                           ; 1              ;
; 8                           ; 2              ;
+-----------------------------+----------------+


+---------------------------------------------+
; LAB External Interconnect                   ;
+----------------------------+----------------+
; LAB External Interconnects ; Number of LABs ;
+----------------------------+----------------+
; 0                          ; 612            ;
; 1                          ; 1              ;
; 2                          ; 2              ;
; 3                          ; 0              ;
; 4                          ; 2              ;
; 5                          ; 2              ;
; 6                          ; 2              ;
; 7                          ; 1              ;
; 8                          ; 2              ;
+----------------------------+----------------+


+-----------------------------------------------------------------------------------------+
; Row Interconnect                                                                        ;
+-------+--------------------+-----------------------------+------------------------------+
; Row   ; Interconnect Used  ; Left Half Interconnect Used ; Right Half Interconnect Used ;
+-------+--------------------+-----------------------------+------------------------------+
;  A    ;  0 / 208 ( 0 % )   ;  0 / 104 ( 0 % )            ;  2 / 104 ( 1 % )             ;
;  B    ;  0 / 208 ( 0 % )   ;  0 / 104 ( 0 % )            ;  0 / 104 ( 0 % )             ;
;  C    ;  29 / 208 ( 13 % ) ;  0 / 104 ( 0 % )            ;  3 / 104 ( 2 % )             ;
;  D    ;  0 / 208 ( 0 % )   ;  0 / 104 ( 0 % )            ;  1 / 104 ( < 1 % )           ;
;  E    ;  0 / 208 ( 0 % )   ;  0 / 104 ( 0 % )            ;  0 / 104 ( 0 % )             ;
;  F    ;  0 / 208 ( 0 % )   ;  0 / 104 ( 0 % )            ;  0 / 104 ( 0 % )             ;
;  G    ;  0 / 208 ( 0 % )   ;  0 / 104 ( 0 % )            ;  0 / 104 ( 0 % )             ;
;  H    ;  0 / 208 ( 0 % )   ;  0 / 104 ( 0 % )            ;  0 / 104 ( 0 % )             ;
;  I    ;  0 / 208 ( 0 % )   ;  0 / 104 ( 0 % )            ;  0 / 104 ( 0 % )             ;
;  J    ;  0 / 208 ( 0 % )   ;  0 / 104 ( 0 % )            ;  0 / 104 ( 0 % )             ;
;  K    ;  0 / 208 ( 0 % )   ;  0 / 104 ( 0 % )            ;  0 / 104 ( 0 % )             ;
;  L    ;  0 / 208 ( 0 % )   ;  0 / 104 ( 0 % )            ;  0 / 104 ( 0 % )             ;
; Total ;  29 / 2496 ( 1 % ) ;  0 / 1248 ( 0 % )           ;  6 / 1248 ( < 1 % )          ;
+-------+--------------------+-----------------------------+------------------------------+


+-----------------------------+
; LAB Column Interconnect     ;
+-------+---------------------+
; Col.  ; Interconnect Used   ;
+-------+---------------------+
; 1     ;  0 / 24 ( 0 % )     ;
; 2     ;  0 / 24 ( 0 % )     ;
; 3     ;  0 / 24 ( 0 % )     ;
; 4     ;  0 / 24 ( 0 % )     ;
; 5     ;  0 / 24 ( 0 % )     ;
; 6     ;  0 / 24 ( 0 % )     ;
; 7     ;  0 / 24 ( 0 % )     ;
; 8     ;  0 / 24 ( 0 % )     ;
; 9     ;  0 / 24 ( 0 % )     ;
; 10    ;  0 / 24 ( 0 % )     ;
; 11    ;  0 / 24 ( 0 % )     ;
; 12    ;  0 / 24 ( 0 % )     ;
; 13    ;  0 / 24 ( 0 % )     ;
; 14    ;  0 / 24 ( 0 % )     ;
; 15    ;  0 / 24 ( 0 % )     ;
; 16    ;  0 / 24 ( 0 % )     ;
; 17    ;  0 / 24 ( 0 % )     ;
; 18    ;  0 / 24 ( 0 % )     ;
; 19    ;  0 / 24 ( 0 % )     ;
; 20    ;  0 / 24 ( 0 % )     ;
; 21    ;  0 / 24 ( 0 % )     ;
; 22    ;  0 / 24 ( 0 % )     ;
; 23    ;  0 / 24 ( 0 % )     ;
; 24    ;  0 / 24 ( 0 % )     ;
; 25    ;  0 / 24 ( 0 % )     ;
; 26    ;  0 / 24 ( 0 % )     ;
; 27    ;  0 / 24 ( 0 % )     ;
; 28    ;  1 / 24 ( 4 % )     ;
; 29    ;  1 / 24 ( 4 % )     ;
; 30    ;  1 / 24 ( 4 % )     ;
; 31    ;  0 / 24 ( 0 % )     ;
; 32    ;  0 / 24 ( 0 % )     ;
; 33    ;  0 / 24 ( 0 % )     ;
; 34    ;  0 / 24 ( 0 % )     ;
; 35    ;  0 / 24 ( 0 % )     ;
; 36    ;  0 / 24 ( 0 % )     ;
; 37    ;  0 / 24 ( 0 % )     ;
; 38    ;  0 / 24 ( 0 % )     ;
; 39    ;  1 / 24 ( 4 % )     ;
; 40    ;  0 / 24 ( 0 % )     ;
; 41    ;  1 / 24 ( 4 % )     ;
; 42    ;  0 / 24 ( 0 % )     ;
; 43    ;  0 / 24 ( 0 % )     ;
; 44    ;  0 / 24 ( 0 % )     ;
; 45    ;  0 / 24 ( 0 % )     ;
; 46    ;  0 / 24 ( 0 % )     ;
; 47    ;  1 / 24 ( 4 % )     ;
; 48    ;  0 / 24 ( 0 % )     ;
; 49    ;  2 / 24 ( 8 % )     ;
; 50    ;  1 / 24 ( 4 % )     ;
; 51    ;  0 / 24 ( 0 % )     ;
; 52    ;  0 / 24 ( 0 % )     ;
; Total ;  9 / 1248 ( < 1 % ) ;
+-------+---------------------+


+---------------------------+
; LAB Column Interconnect   ;
+-------+-------------------+
; Col.  ; Interconnect Used ;
+-------+-------------------+
; 1     ;  0 / 48 ( 0 % )   ;
; Total ;  0 / 48 ( 0 % )   ;
+-------+-------------------+


+-----------------------------------------------------+
; Fitter Resource Usage Summary                       ;
+--------------------------------+--------------------+
; Resource                       ; Usage              ;
+--------------------------------+--------------------+
; Registers                      ; 51 / 4,992 ( 1 % ) ;
; Total LABs                     ; 0 / 624 ( 0 % )    ;
; Logic elements in carry chains ; 12                 ;
; User inserted logic elements   ; 0                  ;
; I/O pins                       ; 21 / 147 ( 14 % )  ;
;     -- Clock pins              ; 2                  ;
;     -- Dedicated input pins    ; 6 / 4 ( 150 % )    ;
; Global signals                 ; 1                  ;
; EABs                           ; 0 / 12 ( 0 % )     ;
; Total memory bits              ; 0 / 49,152 ( 0 % ) ;
; Total RAM block bits           ; 0 / 49,152 ( 0 % ) ;
; Maximum fan-out node           ; sysclk             ;
; Maximum fan-out                ; 51                 ;
; Total fan-out                  ; 254                ;
; Average fan-out                ; 2.67               ;
+--------------------------------+--------------------+


+--------------------------------------------------------------------------------------------------------------------------------------------------------------------------------------------------------------------------------+
; Fitter Resource Utilization by Entity                                                                                                                                                                                          ;
+------------------------------------+-------------+--------------+-------------+------+--------------+-------------------+------------------+-----------------+-----------------------------------------------------------------+
; Compilation Hierarchy Node         ; Logic Cells ; LC Registers ; Memory Bits ; Pins ; LUT-Only LCs ; Register-Only LCs ; LUT/Register LCs ; Carry Chain LCs ; Full Hierarchy Name                                             ;
+------------------------------------+-------------+--------------+-------------+------+--------------+-------------------+------------------+-----------------+-----------------------------------------------------------------+
; |hexdec8                           ; 74 (64)     ; 51           ; 0           ; 21   ; 23 (17)      ; 25 (25)           ; 26 (22)          ; 12 (2)          ; |hexdec8                                                        ;
;    |74163:bcnt1|                   ; 4 (0)       ; 4            ; 0           ; 0    ; 0 (0)        ; 0 (0)             ; 4 (0)            ; 4 (0)           ; |hexdec8|74163:bcnt1                                            ;
;       |f74163:sub|                 ; 4 (4)       ; 4            ; 0           ; 0    ; 0 (0)        ; 0 (0)             ; 4 (4)            ; 4 (4)           ; |hexdec8|74163:bcnt1|f74163:sub                                 ;
;    |lpm_add_sub:ladd|              ; 3 (0)       ; 0            ; 0           ; 0    ; 3 (0)        ; 0 (0)             ; 0 (0)            ; 3 (0)           ; |hexdec8|lpm_add_sub:ladd                                       ;
;       |addcore:adder|              ; 3 (1)       ; 0            ; 0           ; 0    ; 3 (1)        ; 0 (0)             ; 0 (0)            ; 3 (1)           ; |hexdec8|lpm_add_sub:ladd|addcore:adder                         ;
;          |a_csnbuffer:result_node| ; 2 (2)       ; 0            ; 0           ; 0    ; 2 (2)        ; 0 (0)             ; 0 (0)            ; 2 (2)           ; |hexdec8|lpm_add_sub:ladd|addcore:adder|a_csnbuffer:result_node ;
;    |lpm_add_sub:madd|              ; 3 (0)       ; 0            ; 0           ; 0    ; 3 (0)        ; 0 (0)             ; 0 (0)            ; 3 (0)           ; |hexdec8|lpm_add_sub:madd                                       ;
;       |addcore:adder|              ; 3 (1)       ; 0            ; 0           ; 0    ; 3 (1)        ; 0 (0)             ; 0 (0)            ; 3 (1)           ; |hexdec8|lpm_add_sub:madd|addcore:adder                         ;
;          |a_csnbuffer:result_node| ; 2 (2)       ; 0            ; 0           ; 0    ; 2 (2)        ; 0 (0)             ; 0 (0)            ; 2 (2)           ; |hexdec8|lpm_add_sub:madd|addcore:adder|a_csnbuffer:result_node ;
+------------------------------------+-------------+--------------+-------------+------+--------------+-------------------+------------------+-----------------+-----------------------------------------------------------------+
Note: For table entries with two numbers listed, the numbers in parentheses indicate the number of resources of the given type used by the specific entity alone. The numbers listed outside of parentheses indicate the total resources of the given type used by the specific entity and all of its sub-entities in the hierarchy.


+----------------------------------+
; Delay Chain Summary              ;
+---------+----------+-------------+
; Name    ; Pin Type ; Pad to Core ;
+---------+----------+-------------+
; sysclk  ; Input    ; OFF         ;
; sta     ; Input    ; OFF         ;
; hin[7]  ; Input    ; OFF         ;
; hin[6]  ; Input    ; OFF         ;
; hin[5]  ; Input    ; OFF         ;
; hin[4]  ; Input    ; ON          ;
; hin[3]  ; Input    ; ON          ;
; hin[2]  ; Input    ; ON          ;
; hin[1]  ; Input    ; ON          ;
; hin[0]  ; Input    ; ON          ;
; donf    ; Output   ; OFF         ;
; dout[0] ; Output   ; OFF         ;
; dout[1] ; Output   ; OFF         ;
; dout[2] ; Output   ; OFF         ;
; dout[3] ; Output   ; OFF         ;
; dout[4] ; Output   ; OFF         ;
; dout[5] ; Output   ; OFF         ;
; dout[6] ; Output   ; OFF         ;
; dout[7] ; Output   ; OFF         ;
; dout[8] ; Output   ; OFF         ;
; dout[9] ; Output   ; OFF         ;
+---------+----------+-------------+


+--------------+
; Pin-Out File ;
+--------------+
The pin-out file can be found in E:/max2work/exp/1k100/hexdec8/hexdec8.pin.


+-----------------+
; Fitter Messages ;
+-----------------+
Info: *******************************************************************
Info: Running Quartus II Fitter
    Info: Version 5.0 Build 148 04/26/2005 SJ Full Version
    Info: Processing started: Sat Apr 22 22:02:31 2006
Info: Command: quartus_fit --read_settings_files=off --write_settings_files=off hexdec8 -c hexdec8
Info: Selected device EP1K100QC208-3 for design "hexdec8"
Info: Timing requirements not specified -- optimizing circuit to achieve the following default global requirements
    Info: Assuming a global fmax requirement of 1000 MHz
    Info: Not setting a global tsu requirement
    Info: Not setting a global tco requirement
    Info: Not setting a global tpd requirement
Info: Inserted 0 logic cells in first fitting attempt
Info: Started fitting attempt 1 on Sat Apr 22 2006 at 22:02:36
Info: Fitter placement preparation operations beginning
Info: Fitter placement preparation operations ending: elapsed time is 00:00:00
Info: Fitter placement operations beginning
Info: Fitter placement operations ending: elapsed time is 00:00:00
Info: Fitter routing operations beginning
Info: Fitter routing operations ending: elapsed time is 00:00:00
Info: Quartus II Fitter was successful. 0 errors, 0 warnings
    Info: Processing ended: Sat Apr 22 22:02:45 2006
    Info: Elapsed time: 00:00:15


