Analysis & Synthesis report for scankey
Fri Sep 01 15:28:12 2006
Version 5.0 Build 148 04/26/2005 SJ Full Version


---------------------
; Table of Contents ;
---------------------
  1. Legal Notice
  2. Analysis & Synthesis Summary
  3. Analysis & Synthesis Settings
  4. Analysis & Synthesis Source Files Read
  5. Analysis & Synthesis Resource Usage Summary
  6. Analysis & Synthesis Resource Utilization by Entity
  7. General Register Statistics
  8. Multiplexer Restructuring Statistics (Restructuring Performed)
  9. Analysis & Synthesis Equations
 10. Analysis & Synthesis Messages



----------------
; Legal Notice ;
----------------
Copyright (C) 1991-2005 Altera Corporation
Your use of Altera Corporation's design tools, logic functions 
and other software and tools, and its AMPP partner logic       
functions, and any output files any of the foregoing           
(including device programming or simulation files), and any    
associated documentation or information are expressly subject  
to the terms and conditions of the Altera Program License      
Subscription Agreement, Altera MegaCore Function License       
Agreement, or other applicable license agreement, including,   
without limitation, that your use is for the sole purpose of   
programming logic devices manufactured by Altera and sold by   
Altera or its authorized distributors.  Please refer to the    
applicable agreement for further details.



+------------------------------------------------------------------------+
; Analysis & Synthesis Summary                                           ;
+-----------------------------+------------------------------------------+
; Analysis & Synthesis Status ; Successful - Fri Sep 01 15:28:12 2006    ;
; Quartus II Version          ; 5.0 Build 148 04/26/2005 SJ Full Version ;
; Revision Name               ; scankey                                  ;
; Top-level Entity Name       ; scankey                                  ;
; Family                      ; Cyclone                                  ;
; Total logic elements        ; 68                                       ;
; Total pins                  ; 27                                       ;
; Total virtual pins          ; 0                                        ;
; Total memory bits           ; 0                                        ;
; Total PLLs                  ; 0                                        ;
+-----------------------------+------------------------------------------+


+---------------------------------------------------------------------------------------------------+
; Analysis & Synthesis Settings                                                                     ;
+--------------------------------------------------------------------+--------------+---------------+
; Option                                                             ; Setting      ; Default Value ;
+--------------------------------------------------------------------+--------------+---------------+
; Device                                                             ; EP1C12Q240C8 ;               ;
; Top-level entity name                                              ; scankey      ; scankey       ;
; Family name                                                        ; Cyclone      ; Stratix       ;
; Use smart compilation                                              ; Off          ; Off           ;
; Restructure Multiplexers                                           ; Auto         ; Auto          ;
; Create Debugging Nodes for IP Cores                                ; off          ; off           ;
; Preserve fewer node names                                          ; On           ; On            ;
; Disable OpenCore Plus hardware evaluation                          ; Off          ; Off           ;
; Verilog Version                                                    ; Verilog_2001 ; Verilog_2001  ;
; VHDL Version                                                       ; VHDL93       ; VHDL93        ;
; State Machine Processing                                           ; Auto         ; Auto          ;
; Extract Verilog State Machines                                     ; On           ; On            ;
; Extract VHDL State Machines                                        ; On           ; On            ;
; Add Pass-Through Logic to Inferred RAMs                            ; On           ; On            ;
; NOT Gate Push-Back                                                 ; On           ; On            ;
; Power-Up Don't Care                                                ; On           ; On            ;
; Remove Redundant Logic Cells                                       ; Off          ; Off           ;
; Remove Duplicate Registers                                         ; On           ; On            ;
; Ignore CARRY Buffers                                               ; Off          ; Off           ;
; Ignore CASCADE Buffers                                             ; Off          ; Off           ;
; Ignore GLOBAL Buffers                                              ; Off          ; Off           ;
; Ignore ROW GLOBAL Buffers                                          ; Off          ; Off           ;
; Ignore LCELL Buffers                                               ; Off          ; Off           ;
; Ignore SOFT Buffers                                                ; On           ; On            ;
; Limit AHDL Integers to 32 Bits                                     ; Off          ; Off           ;
; Optimization Technique -- Cyclone                                  ; Balanced     ; Balanced      ;
; Carry Chain Length -- Stratix/Stratix GX/Cyclone/MAX II/Cyclone II ; 70           ; 70            ;
; Auto Carry Chains                                                  ; On           ; On            ;
; Auto Open-Drain Pins                                               ; On           ; On            ;
; Remove Duplicate Logic                                             ; On           ; On            ;
; Perform WYSIWYG Primitive Resynthesis                              ; Off          ; Off           ;
; Perform gate-level register retiming                               ; Off          ; Off           ;
; Allow register retiming to trade off Tsu/Tco with Fmax             ; On           ; On            ;
; Auto ROM Replacement                                               ; On           ; On            ;
; Auto RAM Replacement                                               ; On           ; On            ;
; Auto Shift Register Replacement                                    ; On           ; On            ;
; Auto Clock Enable Replacement                                      ; On           ; On            ;
; Allows Synchronous Control Signal Usage in Normal Mode Logic Cells ; On           ; On            ;
; Auto RAM Block Balancing                                           ; On           ; On            ;
; Auto Resource Sharing                                              ; Off          ; Off           ;
; Allow Any RAM Size For Recognition                                 ; Off          ; Off           ;
; Allow Any ROM Size For Recognition                                 ; Off          ; Off           ;
; Allow Any Shift Register Size For Recognition                      ; Off          ; Off           ;
; Maximum Number of M512 Memory Blocks                               ; -1           ; -1            ;
; Maximum Number of M4K Memory Blocks                                ; -1           ; -1            ;
; Maximum Number of M-RAM Memory Blocks                              ; -1           ; -1            ;
; Ignore translate_off and translate_on Synthesis Directives         ; Off          ; Off           ;
; Show Parameter Settings Tables in Synthesis Report                 ; On           ; On            ;
+--------------------------------------------------------------------+--------------+---------------+


+--------------------------------------------------------------------------------------------------------------------+
; Analysis & Synthesis Source Files Read                                                                             ;
+----------------------------------+-----------------+-----------------+---------------------------------------------+
; File Name with User-Entered Path ; Used in Netlist ; File Type       ; File Name with Absolute Path                ;
+----------------------------------+-----------------+-----------------+---------------------------------------------+
; ../scankey.vhd                   ; yes             ; User VHDL File  ; C:/ddata/qutvhd/ep1c12/muscikey/scankey.vhd ;
+----------------------------------+-----------------+-----------------+---------------------------------------------+


+---------------------------------------------+
; Analysis & Synthesis Resource Usage Summary ;
+-----------------------------------+---------+
; Resource                          ; Usage   ;
+-----------------------------------+---------+
; Total logic elements              ; 68      ;
; Total combinational functions     ; 55      ;
;     -- Total 4-input functions    ; 14      ;
;     -- Total 3-input functions    ; 3       ;
;     -- Total 2-input functions    ; 12      ;
;     -- Total 1-input functions    ; 25      ;
;     -- Total 0-input functions    ; 1       ;
; Combinational cells for routing   ; 0       ;
; Total registers                   ; 39      ;
; Total logic cells in carry chains ; 26      ;
; I/O pins                          ; 27      ;
; Maximum fan-out node              ; clk     ;
; Maximum fan-out                   ; 39      ;
; Total fan-out                     ; 225     ;
; Average fan-out                   ; 2.37    ;
+-----------------------------------+---------+


+-------------------------------------------------------------------------------------------------------------------------------------------------------------------------------------------+
; Analysis & Synthesis Resource Utilization by Entity                                                                                                                                       ;
+----------------------------+-------------+--------------+-------------+------+--------------+--------------+-------------------+------------------+-----------------+---------------------+
; Compilation Hierarchy Node ; Logic Cells ; LC Registers ; Memory Bits ; Pins ; Virtual Pins ; LUT-Only LCs ; Register-Only LCs ; LUT/Register LCs ; Carry Chain LCs ; Full Hierarchy Name ;
+----------------------------+-------------+--------------+-------------+------+--------------+--------------+-------------------+------------------+-----------------+---------------------+
; |scankey                   ; 68 (68)     ; 39           ; 0           ; 27   ; 0            ; 29 (29)      ; 13 (13)           ; 26 (26)          ; 26 (26)         ; |scankey            ;
+----------------------------+-------------+--------------+-------------+------+--------------+--------------+-------------------+------------------+-----------------+---------------------+
Note: For table entries with two numbers listed, the numbers in parentheses indicate the number of resources of the given type used by the specific entity alone. The numbers listed outside of parentheses indicate the total resources of the given type used by the specific entity and all of its sub-entities in the hierarchy.


+------------------------------------------------------+
; General Register Statistics                          ;
+----------------------------------------------+-------+
; Statistic                                    ; Value ;
+----------------------------------------------+-------+
; Total registers                              ; 39    ;
; Number of registers using Synchronous Clear  ; 0     ;
; Number of registers using Synchronous Load   ; 0     ;
; Number of registers using Asynchronous Clear ; 0     ;
; Number of registers using Asynchronous Load  ; 0     ;
; Number of registers using Clock Enable       ; 14    ;
; Number of registers using Preset             ; 0     ;
+----------------------------------------------+-------+


+------------------------------------------------------------------------------------------------------------------------------------------+
; Multiplexer Restructuring Statistics (Restructuring Performed)                                                                           ;
+--------------------+-----------+---------------+----------------------+------------------------+------------+----------------------------+
; Multiplexer Inputs ; Bus Width ; Baseline Area ; Area if Restructured ; Saving if Restructured ; Registered ; Example Multiplexer Output ;
+--------------------+-----------+---------------+----------------------+------------------------+------------+----------------------------+
; 3:1                ; 4 bits    ; 8 LEs         ; 4 LEs                ; 4 LEs                  ; Yes        ; |scankey|kdatap[3]         ;
; 16:1               ; 2 bits    ; 20 LEs        ; 2 LEs                ; 18 LEs                 ; No         ; |scankey|kdatab[3]         ;
+--------------------+-----------+---------------+----------------------+------------------------+------------+----------------------------+


+--------------------------------+
; Analysis & Synthesis Equations ;
+--------------------------------+
The equations can be found in C:/ddata/qutvhd/ep1c12/muscikey/scankey/scankey.map.eqn.


+-------------------------------+
; Analysis & Synthesis Messages ;
+-------------------------------+
Info: *******************************************************************
Info: Running Quartus II Analysis & Synthesis
    Info: Version 5.0 Build 148 04/26/2005 SJ Full Version
    Info: Processing started: Fri Sep 01 15:28:09 2006
Info: Command: quartus_map --read_settings_files=on --write_settings_files=off scankey -c scankey
Info: Found 2 design units, including 1 entities, in source file ../scankey.vhd
    Info: Found design unit 1: scankey-scankey_arch
    Info: Found entity 1: scankey
Info: Elaborating entity "scankey" for the top level hierarchy
Info: Implemented 95 device resources after synthesis - the final resource count might be different
    Info: Implemented 6 input pins
    Info: Implemented 21 output pins
    Info: Implemented 68 logic cells
Info: Quartus II Analysis & Synthesis was successful. 0 errors, 0 warnings
    Info: Processing ended: Fri Sep 01 15:28:12 2006
    Info: Elapsed time: 00:00:04


