Fitter report for scankey
Fri Sep 01 15:28:21 2006
Version 5.0 Build 148 04/26/2005 SJ Full Version


---------------------
; Table of Contents ;
---------------------
  1. Legal Notice
  2. Fitter Summary
  3. Fitter Settings
  4. Fitter Device Options
  5. Fitter Equations
  6. Pin-Out File
  7. Fitter Resource Usage Summary
  8. Input Pins
  9. Output Pins
 10. I/O Bank Usage
 11. All Package Pins
 12. Output Pin Default Load For Reported TCO
 13. Fitter Resource Utilization by Entity
 14. Delay Chain Summary
 15. Pad To Core Delay Chain Fanout
 16. Control Signals
 17. Global & Other Fast Signals
 18. Non-Global High Fan-Out Signals
 19. Interconnect Usage Summary
 20. LAB Logic Elements
 21. LAB-wide Signals
 22. LAB Signals Sourced
 23. LAB Signals Sourced Out
 24. LAB Distinct Inputs
 25. Fitter Messages



----------------
; Legal Notice ;
----------------
Copyright (C) 1991-2005 Altera Corporation
Your use of Altera Corporation's design tools, logic functions 
and other software and tools, and its AMPP partner logic       
functions, and any output files any of the foregoing           
(including device programming or simulation files), and any    
associated documentation or information are expressly subject  
to the terms and conditions of the Altera Program License      
Subscription Agreement, Altera MegaCore Function License       
Agreement, or other applicable license agreement, including,   
without limitation, that your use is for the sole purpose of   
programming logic devices manufactured by Altera and sold by   
Altera or its authorized distributors.  Please refer to the    
applicable agreement for further details.



+------------------------------------------------------------------+
; Fitter Summary                                                   ;
+-----------------------+------------------------------------------+
; Fitter Status         ; Successful - Fri Sep 01 15:28:21 2006    ;
; Quartus II Version    ; 5.0 Build 148 04/26/2005 SJ Full Version ;
; Revision Name         ; scankey                                  ;
; Top-level Entity Name ; scankey                                  ;
; Family                ; Cyclone                                  ;
; Device                ; EP1C12Q240C8                             ;
; Timing Models         ; Final                                    ;
; Total logic elements  ; 59 / 12,060 ( < 1 % )                    ;
; Total pins            ; 27 / 173 ( 15 % )                        ;
; Total virtual pins    ; 0                                        ;
; Total memory bits     ; 0 / 239,616 ( 0 % )                      ;
; Total PLLs            ; 0 / 2 ( 0 % )                            ;
+-----------------------+------------------------------------------+


+----------------------------------------------------------------------------------------------------------------------+
; Fitter Settings                                                                                                      ;
+----------------------------------------------------+--------------------------------+--------------------------------+
; Option                                             ; Setting                        ; Default Value                  ;
+----------------------------------------------------+--------------------------------+--------------------------------+
; Device                                             ; EP1C12Q240C8                   ;                                ;
; Use smart compilation                              ; Off                            ; Off                            ;
; Placement Effort Multiplier                        ; 1.0                            ; 1.0                            ;
; Router Effort Multiplier                           ; 1.0                            ; 1.0                            ;
; Optimize Hold Timing                               ; IO Paths and Minimum TPD Paths ; IO Paths and Minimum TPD Paths ;
; Optimize Fast-Corner Timing                        ; Off                            ; Off                            ;
; Optimize Timing                                    ; Normal compilation             ; Normal compilation             ;
; Optimize IOC Register Placement for Timing         ; On                             ; On                             ;
; Limit to One Fitting Attempt                       ; Off                            ; Off                            ;
; Final Placement Optimizations                      ; Automatically                  ; Automatically                  ;
; Fitter Initial Placement Seed                      ; 1                              ; 1                              ;
; Slow Slew Rate                                     ; Off                            ; Off                            ;
; PCI I/O                                            ; Off                            ; Off                            ;
; Weak Pull-Up Resistor                              ; Off                            ; Off                            ;
; Enable Bus-Hold Circuitry                          ; Off                            ; Off                            ;
; Auto Global Memory Control Signals                 ; Off                            ; Off                            ;
; Auto Packed Registers -- Cyclone                   ; Auto                           ; Auto                           ;
; Auto Delay Chains                                  ; On                             ; On                             ;
; Auto Merge PLLs                                    ; On                             ; On                             ;
; Perform Physical Synthesis for Combinational Logic ; Off                            ; Off                            ;
; Perform Register Duplication                       ; Off                            ; Off                            ;
; Perform Register Retiming                          ; Off                            ; Off                            ;
; Fitter Effort                                      ; Auto Fit                       ; Auto Fit                       ;
; Physical Synthesis Effort Level                    ; Normal                         ; Normal                         ;
; Logic Cell Insertion - Logic Duplication           ; Auto                           ; Auto                           ;
; Auto Register Duplication                          ; Off                            ; Off                            ;
; Auto Global Clock                                  ; On                             ; On                             ;
; Auto Global Register Control Signals               ; On                             ; On                             ;
+----------------------------------------------------+--------------------------------+--------------------------------+


+-------------------------------------------------------------------------+
; Fitter Device Options                                                   ;
+----------------------------------------------+--------------------------+
; Option                                       ; Setting                  ;
+----------------------------------------------+--------------------------+
; Enable user-supplied start-up clock (CLKUSR) ; Off                      ;
; Enable device-wide reset (DEV_CLRn)          ; Off                      ;
; Enable device-wide output enable (DEV_OE)    ; Off                      ;
; Enable INIT_DONE output                      ; Off                      ;
; Configuration scheme                         ; Active Serial            ;
; Error detection CRC                          ; Off                      ;
; Reserve all unused pins                      ; As output driving ground ;
; Base pin-out file on sameframe device        ; Off                      ;
+----------------------------------------------+--------------------------+


+------------------+
; Fitter Equations ;
+------------------+
The equations can be found in C:/ddata/qutvhd/ep1c12/muscikey/scankey/scankey.fit.eqn.


+--------------+
; Pin-Out File ;
+--------------+
The pin-out file can be found in C:/ddata/qutvhd/ep1c12/muscikey/scankey/scankey.pin.


+---------------------------------------------------------------------+
; Fitter Resource Usage Summary                                       ;
+---------------------------------------------+-----------------------+
; Resource                                    ; Usage                 ;
+---------------------------------------------+-----------------------+
; Total logic elements                        ; 59 / 12,060 ( < 1 % ) ;
;     -- Combinational with no register       ; 20                    ;
;     -- Register only                        ; 2                     ;
;     -- Combinational with a register        ; 37                    ;
;                                             ;                       ;
; Logic element usage by number of LUT inputs ;                       ;
;     -- 4 input functions                    ; 14                    ;
;     -- 3 input functions                    ; 3                     ;
;     -- 2 input functions                    ; 35                    ;
;     -- 1 input functions                    ; 6                     ;
;     -- 0 input functions                    ; 1                     ;
;                                             ;                       ;
; Logic elements by mode                      ;                       ;
;     -- normal mode                          ; 35                    ;
;     -- arithmetic mode                      ; 24                    ;
;     -- qfbk mode                            ; 6                     ;
;     -- register cascade mode                ; 0                     ;
;     -- synchronous clear/load mode          ; 7                     ;
;     -- asynchronous clear/load mode         ; 0                     ;
;                                             ;                       ;
; Total LABs                                  ; 8 / 1,206 ( < 1 % )   ;
; Logic elements in carry chains              ; 26                    ;
; User inserted logic elements                ; 0                     ;
; Virtual pins                                ; 0                     ;
; I/O pins                                    ; 27 / 173 ( 15 % )     ;
;     -- Clock pins                           ; 1 / 2 ( 50 % )        ;
; Global signals                              ; 1                     ;
; M4Ks                                        ; 0 / 52 ( 0 % )        ;
; Total memory bits                           ; 0 / 239,616 ( 0 % )   ;
; Total RAM block bits                        ; 0 / 239,616 ( 0 % )   ;
; Global clocks                               ; 1 / 8 ( 12 % )        ;
; Maximum fan-out node                        ; clk                   ;
; Maximum fan-out                             ; 39                    ;
; Total fan-out                               ; 220                   ;
; Average fan-out                             ; 2.50                  ;
+---------------------------------------------+-----------------------+


+---------------------------------------------------------------------------------------------------------------------------------------------------------------------------------------------------------------------------------------------------------------+
; Input Pins                                                                                                                                                                                                                                                    ;
+---------+-------+----------+--------------+--------------+-------------+-----------------------+--------------------+--------+----------------+---------------+-----------------+----------+--------------+--------------+-------------+----------------------+
; Name    ; Pin # ; I/O Bank ; X coordinate ; Y coordinate ; Cell number ; Combinational Fan-Out ; Registered Fan-Out ; Global ; Input Register ; Power Up High ; PCI I/O Enabled ; Bus Hold ; Weak Pull Up ; I/O Standard ; Termination ; Location assigned by ;
+---------+-------+----------+--------------+--------------+-------------+-----------------------+--------------------+--------+----------------+---------------+-----------------+----------+--------------+--------------+-------------+----------------------+
; clk     ; 28    ; 1        ; 0            ; 15           ; 2           ; 39                    ; 0                  ; yes    ; no             ; no            ; no              ; no       ; Off          ; LVTTL        ; Off         ; User                 ;
; htone   ; 125   ; 3        ; 53           ; 2            ; 0           ; 1                     ; 0                  ; no     ; no             ; no            ; no              ; no       ; Off          ; LVTTL        ; Off         ; User                 ;
; kcol[0] ; 173   ; 3        ; 53           ; 24           ; 2           ; 3                     ; 0                  ; no     ; no             ; no            ; no              ; no       ; Off          ; LVTTL        ; Off         ; User                 ;
; kcol[1] ; 170   ; 3        ; 53           ; 23           ; 0           ; 3                     ; 0                  ; no     ; no             ; no            ; no              ; no       ; Off          ; LVTTL        ; Off         ; User                 ;
; kcol[2] ; 169   ; 3        ; 53           ; 23           ; 1           ; 3                     ; 0                  ; no     ; no             ; no            ; no              ; no       ; Off          ; LVTTL        ; Off         ; User                 ;
; kcol[3] ; 168   ; 3        ; 53           ; 23           ; 2           ; 3                     ; 0                  ; no     ; no             ; no            ; no              ; no       ; Off          ; LVTTL        ; Off         ; User                 ;
+---------+-------+----------+--------------+--------------+-------------+-----------------------+--------------------+--------+----------------+---------------+-----------------+----------+--------------+--------------+-------------+----------------------+


+----------------------------------------------------------------------------------------------------------------------------------------------------------------------------------------------------------------------------------------------------------------------------------------------------------------------+
; Output Pins                                                                                                                                                                                                                                                                                                          ;
+-------------+-------+----------+--------------+--------------+-------------+-----------------+------------------------+---------------+----------------+-----------------+------------+---------------+----------+--------------+--------------+------------------+-------------+----------------------+-------------+
; Name        ; Pin # ; I/O Bank ; X coordinate ; Y coordinate ; Cell number ; Output Register ; Output Enable Register ; Power Up High ; Slow Slew Rate ; PCI I/O Enabled ; Open Drain ; TRI Primitive ; Bus Hold ; Weak Pull Up ; I/O Standard ; Current Strength ; Termination ; Location assigned by ; Load        ;
+-------------+-------+----------+--------------+--------------+-------------+-----------------+------------------------+---------------+----------------+-----------------+------------+---------------+----------+--------------+--------------+------------------+-------------+----------------------+-------------+
; intp        ; 136   ; 3        ; 53           ; 5            ; 0           ; no              ; no                     ; no            ; no             ; no              ; no         ; no            ; no       ; Off          ; LVTTL        ; 24mA             ; Off         ; User                 ; Unspecified ;
; kdata[0]    ; 163   ; 3        ; 53           ; 21           ; 1           ; no              ; no                     ; no            ; no             ; no              ; no         ; no            ; no       ; Off          ; LVTTL        ; 24mA             ; Off         ; User                 ; Unspecified ;
; kdata[1]    ; 162   ; 3        ; 53           ; 21           ; 2           ; no              ; no                     ; no            ; no             ; no              ; no         ; no            ; no       ; Off          ; LVTTL        ; 24mA             ; Off         ; User                 ; Unspecified ;
; kdata[2]    ; 161   ; 3        ; 53           ; 20           ; 0           ; no              ; no                     ; no            ; no             ; no              ; no         ; no            ; no       ; Off          ; LVTTL        ; 24mA             ; Off         ; User                 ; Unspecified ;
; kdata[3]    ; 160   ; 3        ; 53           ; 20           ; 1           ; no              ; no                     ; no            ; no             ; no              ; no         ; no            ; no       ; Off          ; LVTTL        ; 24mA             ; Off         ; User                 ; Unspecified ;
; keypress    ; 143   ; 3        ; 53           ; 12           ; 1           ; no              ; no                     ; no            ; no             ; no              ; no         ; no            ; no       ; Off          ; LVTTL        ; 24mA             ; Off         ; User                 ; Unspecified ;
; krow[0]     ; 167   ; 3        ; 53           ; 22           ; 0           ; no              ; no                     ; no            ; no             ; no              ; no         ; no            ; no       ; Off          ; LVTTL        ; 24mA             ; Off         ; User                 ; Unspecified ;
; krow[1]     ; 166   ; 3        ; 53           ; 22           ; 1           ; no              ; no                     ; no            ; no             ; no              ; no         ; no            ; no       ; Off          ; LVTTL        ; 24mA             ; Off         ; User                 ; Unspecified ;
; krow[2]     ; 165   ; 3        ; 53           ; 22           ; 2           ; no              ; no                     ; no            ; no             ; no              ; no         ; no            ; no       ; Off          ; LVTTL        ; 24mA             ; Off         ; User                 ; Unspecified ;
; krow[3]     ; 164   ; 3        ; 53           ; 21           ; 0           ; no              ; no                     ; no            ; no             ; no              ; no         ; no            ; no       ; Off          ; LVTTL        ; 24mA             ; Off         ; User                 ; Unspecified ;
; ltdata[0]   ; 159   ; 3        ; 53           ; 20           ; 2           ; no              ; no                     ; no            ; no             ; no              ; no         ; no            ; no       ; Off          ; LVTTL        ; 24mA             ; Off         ; User                 ; Unspecified ;
; ltdata[1]   ; 158   ; 3        ; 53           ; 19           ; 0           ; no              ; no                     ; no            ; no             ; no              ; no         ; no            ; no       ; Off          ; LVTTL        ; 24mA             ; Off         ; User                 ; Unspecified ;
; ltdata[2]   ; 156   ; 3        ; 53           ; 16           ; 2           ; no              ; no                     ; no            ; no             ; no              ; no         ; no            ; no       ; Off          ; LVTTL        ; 24mA             ; Off         ; User                 ; Unspecified ;
; ltdata[3]   ; 144   ; 3        ; 53           ; 12           ; 0           ; no              ; no                     ; no            ; no             ; no              ; no         ; no            ; no       ; Off          ; LVTTL        ; 24mA             ; Off         ; User                 ; Unspecified ;
; musickey[0] ; 201   ; 2        ; 32           ; 27           ; 1           ; no              ; no                     ; no            ; no             ; no              ; no         ; no            ; no       ; Off          ; LVTTL        ; 24mA             ; Off         ; User                 ; Unspecified ;
; musickey[1] ; 202   ; 2        ; 32           ; 27           ; 2           ; no              ; no                     ; no            ; no             ; no              ; no         ; no            ; no       ; Off          ; LVTTL        ; 24mA             ; Off         ; User                 ; Unspecified ;
; musickey[2] ; 203   ; 2        ; 30           ; 27           ; 0           ; no              ; no                     ; no            ; no             ; no              ; no         ; no            ; no       ; Off          ; LVTTL        ; 24mA             ; Off         ; User                 ; Unspecified ;
; musickey[3] ; 206   ; 2        ; 28           ; 27           ; 0           ; no              ; no                     ; no            ; no             ; no              ; no         ; no            ; no       ; Off          ; LVTTL        ; 24mA             ; Off         ; User                 ; Unspecified ;
; musickey[4] ; 207   ; 2        ; 28           ; 27           ; 1           ; no              ; no                     ; no            ; no             ; no              ; no         ; no            ; no       ; Off          ; LVTTL        ; 24mA             ; Off         ; User                 ; Unspecified ;
; musickey[5] ; 208   ; 2        ; 26           ; 27           ; 2           ; no              ; no                     ; no            ; no             ; no              ; no         ; no            ; no       ; Off          ; LVTTL        ; 24mA             ; Off         ; User                 ; Unspecified ;
; strobe      ; 141   ; 3        ; 53           ; 7            ; 0           ; no              ; no                     ; no            ; no             ; no              ; no         ; no            ; no       ; Off          ; LVTTL        ; 24mA             ; Off         ; User                 ; Unspecified ;
+-------------+-------+----------+--------------+--------------+-------------+-----------------+------------------------+---------------+----------------+-----------------+------------+---------------+----------+--------------+--------------+------------------+-------------+----------------------+-------------+


+------------------------------------------------------------+
; I/O Bank Usage                                             ;
+----------+------------------+---------------+--------------+
; I/O Bank ; Usage            ; VCCIO Voltage ; VREF Voltage ;
+----------+------------------+---------------+--------------+
; 1        ; 3 / 44 ( 6 % )   ; 3.3V          ; --           ;
; 2        ; 6 / 42 ( 14 % )  ; 3.3V          ; --           ;
; 3        ; 20 / 45 ( 44 % ) ; 3.3V          ; --           ;
; 4        ; 0 / 42 ( 0 % )   ; 3.3V          ; --           ;
+----------+------------------+---------------+--------------+


+--------------------------------------------------------------------------------------------------------------------+
; All Package Pins                                                                                                   ;
+----------+------------+----------+----------------+--------+--------------+---------+------------+-----------------+
; Location ; Pad Number ; I/O Bank ; Pin Name/Usage ; Dir.   ; I/O Standard ; Voltage ; I/O Type   ; User Assignment ;
+----------+------------+----------+----------------+--------+--------------+---------+------------+-----------------+
; 1        ; 0          ; 1        ; GND*           ;        ;              ;         ; Row I/O    ;                 ;
; 2        ; 1          ; 1        ; GND*           ;        ;              ;         ; Row I/O    ;                 ;
; 3        ; 2          ; 1        ; GND*           ;        ;              ;         ; Row I/O    ;                 ;
; 4        ; 3          ; 1        ; GND*           ;        ;              ;         ; Row I/O    ;                 ;
; 5        ; 4          ; 1        ; GND*           ;        ;              ;         ; Row I/O    ;                 ;
; 6        ; 5          ; 1        ; GND*           ;        ;              ;         ; Row I/O    ;                 ;
; 7        ; 6          ; 1        ; GND*           ;        ;              ;         ; Row I/O    ;                 ;
; 8        ; 7          ; 1        ; GND*           ;        ;              ;         ; Row I/O    ;                 ;
; 9        ;            ; 1        ; VCCIO1         ; power  ;              ; 3.3V    ; --         ;                 ;
; 10       ;            ;          ; GND            ; gnd    ;              ;         ; --         ;                 ;
; 11       ; 8          ; 1        ; GND*           ;        ;              ;         ; Row I/O    ;                 ;
; 12       ; 9          ; 1        ; GND*           ;        ;              ;         ; Row I/O    ;                 ;
; 13       ; 10         ; 1        ; GND*           ;        ;              ;         ; Row I/O    ;                 ;
; 14       ; 11         ; 1        ; GND*           ;        ;              ;         ; Row I/O    ;                 ;
; 15       ; 12         ; 1        ; GND*           ;        ;              ;         ; Row I/O    ;                 ;
; 16       ; 13         ; 1        ; GND*           ;        ;              ;         ; Row I/O    ;                 ;
; 17       ; 14         ; 1        ; GND*           ;        ;              ;         ; Row I/O    ;                 ;
; 18       ; 15         ; 1        ; GND*           ;        ;              ;         ; Row I/O    ;                 ;
; 19       ; 16         ; 1        ; GND*           ;        ;              ;         ; Row I/O    ;                 ;
; 20       ; 17         ; 1        ; GND*           ;        ;              ;         ; Row I/O    ;                 ;
; 21       ; 18         ; 1        ; GND*           ;        ;              ;         ; Row I/O    ;                 ;
; 22       ;            ; 1        ; VCCIO1         ; power  ;              ; 3.3V    ; --         ;                 ;
; 23       ; 28         ; 1        ; GND*           ;        ;              ;         ; Row I/O    ;                 ;
; 24       ; 29         ; 1        ; *~nCSO~ / GND* ; output ; LVTTL        ;         ; Row I/O    ; N               ;
; 25       ; 30         ; 1        ; ^DATA0         ; input  ;              ;         ; --         ;                 ;
; 26       ; 31         ; 1        ; ^nCONFIG       ;        ;              ;         ; --         ;                 ;
; 27       ;            ;          ; VCCA_PLL1      ; power  ;              ; 1.5V    ; --         ;                 ;
; 28       ; 32         ; 1        ; clk            ; input  ; LVTTL        ;         ; Row I/O    ; Y               ;
; 29       ; 33         ; 1        ; GND+           ;        ;              ;         ; Row I/O    ;                 ;
; 30       ;            ;          ; GNDA_PLL1      ; gnd    ;              ;         ; --         ;                 ;
; 31       ;            ;          ; GNDG_PLL1      ; gnd    ;              ;         ; --         ;                 ;
; 32       ; 34         ; 1        ; ^nCEO          ;        ;              ;         ; --         ;                 ;
; 33       ; 35         ; 1        ; ^nCE           ;        ;              ;         ; --         ;                 ;
; 34       ; 36         ; 1        ; ^MSEL0         ;        ;              ;         ; --         ;                 ;
; 35       ; 37         ; 1        ; ^MSEL1         ;        ;              ;         ; --         ;                 ;
; 36       ; 38         ; 1        ; ^DCLK          ; bidir  ;              ;         ; --         ;                 ;
; 37       ; 39         ; 1        ; *~ASDO~ / GND* ; output ; LVTTL        ;         ; Row I/O    ; N               ;
; 38       ; 40         ; 1        ; GND*           ;        ;              ;         ; Row I/O    ;                 ;
; 39       ; 41         ; 1        ; GND*           ;        ;              ;         ; Row I/O    ;                 ;
; 40       ;            ;          ; GND            ; gnd    ;              ;         ; --         ;                 ;
; 41       ; 52         ; 1        ; GND*           ;        ;              ;         ; Row I/O    ;                 ;
; 42       ; 53         ; 1        ; GND*           ;        ;              ;         ; Row I/O    ;                 ;
; 43       ; 54         ; 1        ; GND*           ;        ;              ;         ; Row I/O    ;                 ;
; 44       ; 55         ; 1        ; GND*           ;        ;              ;         ; Row I/O    ;                 ;
; 45       ; 56         ; 1        ; GND*           ;        ;              ;         ; Row I/O    ;                 ;
; 46       ; 57         ; 1        ; GND*           ;        ;              ;         ; Row I/O    ;                 ;
; 47       ; 58         ; 1        ; GND*           ;        ;              ;         ; Row I/O    ;                 ;
; 48       ; 59         ; 1        ; GND*           ;        ;              ;         ; Row I/O    ;                 ;
; 49       ; 60         ; 1        ; GND*           ;        ;              ;         ; Row I/O    ;                 ;
; 50       ; 61         ; 1        ; GND*           ;        ;              ;         ; Row I/O    ;                 ;
; 51       ;            ; 1        ; VCCIO1         ; power  ;              ; 3.3V    ; --         ;                 ;
; 52       ;            ;          ; GND            ; gnd    ;              ;         ; --         ;                 ;
; 53       ; 62         ; 1        ; GND*           ;        ;              ;         ; Row I/O    ;                 ;
; 54       ; 63         ; 1        ; GND*           ;        ;              ;         ; Row I/O    ;                 ;
; 55       ; 64         ; 1        ; GND*           ;        ;              ;         ; Row I/O    ;                 ;
; 56       ; 65         ; 1        ; GND*           ;        ;              ;         ; Row I/O    ;                 ;
; 57       ; 66         ; 1        ; GND*           ;        ;              ;         ; Row I/O    ;                 ;
; 58       ; 67         ; 1        ; GND*           ;        ;              ;         ; Row I/O    ;                 ;
; 59       ; 68         ; 1        ; GND*           ;        ;              ;         ; Row I/O    ;                 ;
; 60       ; 69         ; 1        ; GND*           ;        ;              ;         ; Row I/O    ;                 ;
; 61       ; 70         ; 4        ; GND*           ;        ;              ;         ; Column I/O ;                 ;
; 62       ; 71         ; 4        ; GND*           ;        ;              ;         ; Column I/O ;                 ;
; 63       ; 72         ; 4        ; GND*           ;        ;              ;         ; Column I/O ;                 ;
; 64       ; 73         ; 4        ; GND*           ;        ;              ;         ; Column I/O ;                 ;
; 65       ; 74         ; 4        ; GND*           ;        ;              ;         ; Column I/O ;                 ;
; 66       ; 75         ; 4        ; GND*           ;        ;              ;         ; Column I/O ;                 ;
; 67       ; 76         ; 4        ; GND*           ;        ;              ;         ; Column I/O ;                 ;
; 68       ; 77         ; 4        ; GND*           ;        ;              ;         ; Column I/O ;                 ;
; 69       ;            ;          ; GND            ; gnd    ;              ;         ; --         ;                 ;
; 70       ;            ; 4        ; VCCIO4         ; power  ;              ; 3.3V    ; --         ;                 ;
; 71       ;            ;          ; GND            ; gnd    ;              ;         ; --         ;                 ;
; 72       ;            ;          ; VCCINT         ; power  ;              ; 1.5V    ; --         ;                 ;
; 73       ; 78         ; 4        ; GND*           ;        ;              ;         ; Column I/O ;                 ;
; 74       ; 79         ; 4        ; GND*           ;        ;              ;         ; Column I/O ;                 ;
; 75       ; 80         ; 4        ; GND*           ;        ;              ;         ; Column I/O ;                 ;
; 76       ; 81         ; 4        ; GND*           ;        ;              ;         ; Column I/O ;                 ;
; 77       ; 82         ; 4        ; GND*           ;        ;              ;         ; Column I/O ;                 ;
; 78       ; 83         ; 4        ; GND*           ;        ;              ;         ; Column I/O ;                 ;
; 79       ; 84         ; 4        ; GND*           ;        ;              ;         ; Column I/O ;                 ;
; 80       ;            ;          ; GND            ; gnd    ;              ;         ; --         ;                 ;
; 81       ;            ;          ; VCCINT         ; power  ;              ; 1.5V    ; --         ;                 ;
; 82       ; 86         ; 4        ; GND*           ;        ;              ;         ; Column I/O ;                 ;
; 83       ; 87         ; 4        ; GND*           ;        ;              ;         ; Column I/O ;                 ;
; 84       ; 88         ; 4        ; GND*           ;        ;              ;         ; Column I/O ;                 ;
; 85       ; 89         ; 4        ; GND*           ;        ;              ;         ; Column I/O ;                 ;
; 86       ; 90         ; 4        ; GND*           ;        ;              ;         ; Column I/O ;                 ;
; 87       ; 91         ; 4        ; GND*           ;        ;              ;         ; Column I/O ;                 ;
; 88       ; 92         ; 4        ; GND*           ;        ;              ;         ; Column I/O ;                 ;
; 89       ;            ;          ; GND            ; gnd    ;              ;         ; --         ;                 ;
; 90       ;            ;          ; VCCINT         ; power  ;              ; 1.5V    ; --         ;                 ;
; 91       ;            ;          ; GND            ; gnd    ;              ;         ; --         ;                 ;
; 92       ;            ; 4        ; VCCIO4         ; power  ;              ; 3.3V    ; --         ;                 ;
; 93       ; 100        ; 4        ; GND*           ;        ;              ;         ; Column I/O ;                 ;
; 94       ; 103        ; 4        ; GND*           ;        ;              ;         ; Column I/O ;                 ;
; 95       ; 104        ; 4        ; GND*           ;        ;              ;         ; Column I/O ;                 ;
; 96       ;            ;          ; GND            ; gnd    ;              ;         ; --         ;                 ;
; 97       ;            ;          ; VCCINT         ; power  ;              ; 1.5V    ; --         ;                 ;
; 98       ; 106        ; 4        ; GND*           ;        ;              ;         ; Column I/O ;                 ;
; 99       ; 107        ; 4        ; GND*           ;        ;              ;         ; Column I/O ;                 ;
; 100      ; 108        ; 4        ; GND*           ;        ;              ;         ; Column I/O ;                 ;
; 101      ; 109        ; 4        ; GND*           ;        ;              ;         ; Column I/O ;                 ;
; 102      ;            ;          ; GND            ; gnd    ;              ;         ; --         ;                 ;
; 103      ;            ;          ; VCCINT         ; power  ;              ; 1.5V    ; --         ;                 ;
; 104      ; 118        ; 4        ; GND*           ;        ;              ;         ; Column I/O ;                 ;
; 105      ; 119        ; 4        ; GND*           ;        ;              ;         ; Column I/O ;                 ;
; 106      ; 120        ; 4        ; GND*           ;        ;              ;         ; Column I/O ;                 ;
; 107      ; 121        ; 4        ; GND*           ;        ;              ;         ; Column I/O ;                 ;
; 108      ; 122        ; 4        ; GND*           ;        ;              ;         ; Column I/O ;                 ;
; 109      ;            ;          ; GND            ; gnd    ;              ;         ; --         ;                 ;
; 110      ;            ;          ; VCCINT         ; power  ;              ; 1.5V    ; --         ;                 ;
; 111      ;            ;          ; GND            ; gnd    ;              ;         ; --         ;                 ;
; 112      ;            ; 4        ; VCCIO4         ; power  ;              ; 3.3V    ; --         ;                 ;
; 113      ; 123        ; 4        ; GND*           ;        ;              ;         ; Column I/O ;                 ;
; 114      ; 124        ; 4        ; GND*           ;        ;              ;         ; Column I/O ;                 ;
; 115      ; 125        ; 4        ; GND*           ;        ;              ;         ; Column I/O ;                 ;
; 116      ; 126        ; 4        ; GND*           ;        ;              ;         ; Column I/O ;                 ;
; 117      ; 127        ; 4        ; GND*           ;        ;              ;         ; Column I/O ;                 ;
; 118      ; 128        ; 4        ; GND*           ;        ;              ;         ; Column I/O ;                 ;
; 119      ; 129        ; 4        ; GND*           ;        ;              ;         ; Column I/O ;                 ;
; 120      ; 130        ; 4        ; GND*           ;        ;              ;         ; Column I/O ;                 ;
; 121      ; 131        ; 3        ; GND*           ;        ;              ;         ; Row I/O    ;                 ;
; 122      ; 132        ; 3        ; GND*           ;        ;              ;         ; Row I/O    ;                 ;
; 123      ; 133        ; 3        ; GND*           ;        ;              ;         ; Row I/O    ;                 ;
; 124      ; 134        ; 3        ; GND*           ;        ;              ;         ; Row I/O    ;                 ;
; 125      ; 135        ; 3        ; htone          ; input  ; LVTTL        ;         ; Row I/O    ; Y               ;
; 126      ; 136        ; 3        ; GND*           ;        ;              ;         ; Row I/O    ;                 ;
; 127      ; 137        ; 3        ; GND*           ;        ;              ;         ; Row I/O    ;                 ;
; 128      ; 138        ; 3        ; GND*           ;        ;              ;         ; Row I/O    ;                 ;
; 129      ;            ;          ; GND            ; gnd    ;              ;         ; --         ;                 ;
; 130      ;            ; 3        ; VCCIO3         ; power  ;              ; 3.3V    ; --         ;                 ;
; 131      ; 139        ; 3        ; GND*           ;        ;              ;         ; Row I/O    ;                 ;
; 132      ; 140        ; 3        ; GND*           ;        ;              ;         ; Row I/O    ;                 ;
; 133      ; 141        ; 3        ; GND*           ;        ;              ;         ; Row I/O    ;                 ;
; 134      ; 142        ; 3        ; GND*           ;        ;              ;         ; Row I/O    ;                 ;
; 135      ; 143        ; 3        ; GND*           ;        ;              ;         ; Row I/O    ;                 ;
; 136      ; 144        ; 3        ; intp           ; output ; LVTTL        ;         ; Row I/O    ; Y               ;
; 137      ; 145        ; 3        ; GND*           ;        ;              ;         ; Row I/O    ;                 ;
; 138      ; 146        ; 3        ; GND*           ;        ;              ;         ; Row I/O    ;                 ;
; 139      ; 147        ; 3        ; GND*           ;        ;              ;         ; Row I/O    ;                 ;
; 140      ; 148        ; 3        ; GND*           ;        ;              ;         ; Row I/O    ;                 ;
; 141      ; 149        ; 3        ; strobe         ; output ; LVTTL        ;         ; Row I/O    ; Y               ;
; 142      ;            ;          ; GND            ; gnd    ;              ;         ; --         ;                 ;
; 143      ; 160        ; 3        ; keypress       ; output ; LVTTL        ;         ; Row I/O    ; Y               ;
; 144      ; 161        ; 3        ; ltdata[3]      ; output ; LVTTL        ;         ; Row I/O    ; Y               ;
; 145      ; 162        ; 3        ; ^CONF_DONE     ;        ;              ;         ; --         ;                 ;
; 146      ; 163        ; 3        ; ^nSTATUS       ;        ;              ;         ; --         ;                 ;
; 147      ; 164        ; 3        ; #TCK           ; input  ;              ;         ; --         ;                 ;
; 148      ; 165        ; 3        ; #TMS           ; input  ;              ;         ; --         ;                 ;
; 149      ; 166        ; 3        ; #TDO           ; output ;              ;         ; --         ;                 ;
; 150      ;            ;          ; GNDG_PLL2      ; gnd    ;              ;         ; --         ;                 ;
; 151      ;            ;          ; GNDA_PLL2      ; gnd    ;              ;         ; --         ;                 ;
; 152      ; 167        ; 3        ; GND+           ;        ;              ;         ; Row I/O    ;                 ;
; 153      ; 168        ; 3        ; GND+           ;        ;              ;         ; Row I/O    ;                 ;
; 154      ;            ;          ; VCCA_PLL2      ; power  ;              ; 1.5V    ; --         ;                 ;
; 155      ; 169        ; 3        ; #TDI           ; input  ;              ;         ; --         ;                 ;
; 156      ; 170        ; 3        ; ltdata[2]      ; output ; LVTTL        ;         ; Row I/O    ; Y               ;
; 157      ;            ; 3        ; VCCIO3         ; power  ;              ; 3.3V    ; --         ;                 ;
; 158      ; 180        ; 3        ; ltdata[1]      ; output ; LVTTL        ;         ; Row I/O    ; Y               ;
; 159      ; 181        ; 3        ; ltdata[0]      ; output ; LVTTL        ;         ; Row I/O    ; Y               ;
; 160      ; 182        ; 3        ; kdata[3]       ; output ; LVTTL        ;         ; Row I/O    ; Y               ;
; 161      ; 183        ; 3        ; kdata[2]       ; output ; LVTTL        ;         ; Row I/O    ; Y               ;
; 162      ; 184        ; 3        ; kdata[1]       ; output ; LVTTL        ;         ; Row I/O    ; Y               ;
; 163      ; 185        ; 3        ; kdata[0]       ; output ; LVTTL        ;         ; Row I/O    ; Y               ;
; 164      ; 186        ; 3        ; krow[3]        ; output ; LVTTL        ;         ; Row I/O    ; Y               ;
; 165      ; 187        ; 3        ; krow[2]        ; output ; LVTTL        ;         ; Row I/O    ; Y               ;
; 166      ; 188        ; 3        ; krow[1]        ; output ; LVTTL        ;         ; Row I/O    ; Y               ;
; 167      ; 189        ; 3        ; krow[0]        ; output ; LVTTL        ;         ; Row I/O    ; Y               ;
; 168      ; 190        ; 3        ; kcol[3]        ; input  ; LVTTL        ;         ; Row I/O    ; Y               ;
; 169      ; 191        ; 3        ; kcol[2]        ; input  ; LVTTL        ;         ; Row I/O    ; Y               ;
; 170      ; 192        ; 3        ; kcol[1]        ; input  ; LVTTL        ;         ; Row I/O    ; Y               ;
; 171      ;            ;          ; GND            ; gnd    ;              ;         ; --         ;                 ;
; 172      ;            ; 3        ; VCCIO3         ; power  ;              ; 3.3V    ; --         ;                 ;
; 173      ; 193        ; 3        ; kcol[0]        ; input  ; LVTTL        ;         ; Row I/O    ; Y               ;
; 174      ; 194        ; 3        ; GND*           ;        ;              ;         ; Row I/O    ;                 ;
; 175      ; 195        ; 3        ; GND*           ;        ;              ;         ; Row I/O    ;                 ;
; 176      ; 196        ; 3        ; GND*           ;        ;              ;         ; Row I/O    ;                 ;
; 177      ; 197        ; 3        ; GND*           ;        ;              ;         ; Row I/O    ;                 ;
; 178      ; 198        ; 3        ; GND*           ;        ;              ;         ; Row I/O    ;                 ;
; 179      ; 199        ; 3        ; GND*           ;        ;              ;         ; Row I/O    ;                 ;
; 180      ; 200        ; 3        ; GND*           ;        ;              ;         ; Row I/O    ;                 ;
; 181      ; 201        ; 2        ; GND*           ;        ;              ;         ; Column I/O ;                 ;
; 182      ; 202        ; 2        ; GND*           ;        ;              ;         ; Column I/O ;                 ;
; 183      ; 203        ; 2        ; GND*           ;        ;              ;         ; Column I/O ;                 ;
; 184      ; 204        ; 2        ; GND*           ;        ;              ;         ; Column I/O ;                 ;
; 185      ; 205        ; 2        ; GND*           ;        ;              ;         ; Column I/O ;                 ;
; 186      ; 206        ; 2        ; GND*           ;        ;              ;         ; Column I/O ;                 ;
; 187      ; 207        ; 2        ; GND*           ;        ;              ;         ; Column I/O ;                 ;
; 188      ; 208        ; 2        ; GND*           ;        ;              ;         ; Column I/O ;                 ;
; 189      ;            ; 2        ; VCCIO2         ; power  ;              ; 3.3V    ; --         ;                 ;
; 190      ;            ;          ; GND            ; gnd    ;              ;         ; --         ;                 ;
; 191      ;            ;          ; VCCINT         ; power  ;              ; 1.5V    ; --         ;                 ;
; 192      ;            ;          ; GND            ; gnd    ;              ;         ; --         ;                 ;
; 193      ; 209        ; 2        ; GND*           ;        ;              ;         ; Column I/O ;                 ;
; 194      ; 210        ; 2        ; GND*           ;        ;              ;         ; Column I/O ;                 ;
; 195      ; 211        ; 2        ; GND*           ;        ;              ;         ; Column I/O ;                 ;
; 196      ; 212        ; 2        ; GND*           ;        ;              ;         ; Column I/O ;                 ;
; 197      ; 213        ; 2        ; GND*           ;        ;              ;         ; Column I/O ;                 ;
; 198      ;            ;          ; VCCINT         ; power  ;              ; 1.5V    ; --         ;                 ;
; 199      ;            ;          ; GND            ; gnd    ;              ;         ; --         ;                 ;
; 200      ; 222        ; 2        ; GND*           ;        ;              ;         ; Column I/O ;                 ;
; 201      ; 223        ; 2        ; musickey[0]    ; output ; LVTTL        ;         ; Column I/O ; Y               ;
; 202      ; 224        ; 2        ; musickey[1]    ; output ; LVTTL        ;         ; Column I/O ; Y               ;
; 203      ; 225        ; 2        ; musickey[2]    ; output ; LVTTL        ;         ; Column I/O ; Y               ;
; 204      ;            ;          ; VCCINT         ; power  ;              ; 1.5V    ; --         ;                 ;
; 205      ;            ;          ; GND            ; gnd    ;              ;         ; --         ;                 ;
; 206      ; 227        ; 2        ; musickey[3]    ; output ; LVTTL        ;         ; Column I/O ; Y               ;
; 207      ; 228        ; 2        ; musickey[4]    ; output ; LVTTL        ;         ; Column I/O ; Y               ;
; 208      ; 231        ; 2        ; musickey[5]    ; output ; LVTTL        ;         ; Column I/O ; Y               ;
; 209      ;            ; 2        ; VCCIO2         ; power  ;              ; 3.3V    ; --         ;                 ;
; 210      ;            ;          ; GND            ; gnd    ;              ;         ; --         ;                 ;
; 211      ;            ;          ; VCCINT         ; power  ;              ; 1.5V    ; --         ;                 ;
; 212      ;            ;          ; GND            ; gnd    ;              ;         ; --         ;                 ;
; 213      ; 239        ; 2        ; GND*           ;        ;              ;         ; Column I/O ;                 ;
; 214      ; 240        ; 2        ; GND*           ;        ;              ;         ; Column I/O ;                 ;
; 215      ; 241        ; 2        ; GND*           ;        ;              ;         ; Column I/O ;                 ;
; 216      ; 242        ; 2        ; GND*           ;        ;              ;         ; Column I/O ;                 ;
; 217      ; 243        ; 2        ; GND*           ;        ;              ;         ; Column I/O ;                 ;
; 218      ; 244        ; 2        ; GND*           ;        ;              ;         ; Column I/O ;                 ;
; 219      ; 245        ; 2        ; GND*           ;        ;              ;         ; Column I/O ;                 ;
; 220      ;            ;          ; VCCINT         ; power  ;              ; 1.5V    ; --         ;                 ;
; 221      ;            ;          ; GND            ; gnd    ;              ;         ; --         ;                 ;
; 222      ; 247        ; 2        ; GND*           ;        ;              ;         ; Column I/O ;                 ;
; 223      ; 248        ; 2        ; GND*           ;        ;              ;         ; Column I/O ;                 ;
; 224      ; 249        ; 2        ; GND*           ;        ;              ;         ; Column I/O ;                 ;
; 225      ; 250        ; 2        ; GND*           ;        ;              ;         ; Column I/O ;                 ;
; 226      ; 251        ; 2        ; GND*           ;        ;              ;         ; Column I/O ;                 ;
; 227      ; 252        ; 2        ; GND*           ;        ;              ;         ; Column I/O ;                 ;
; 228      ; 253        ; 2        ; GND*           ;        ;              ;         ; Column I/O ;                 ;
; 229      ;            ;          ; VCCINT         ; power  ;              ; 1.5V    ; --         ;                 ;
; 230      ;            ;          ; GND            ; gnd    ;              ;         ; --         ;                 ;
; 231      ;            ; 2        ; VCCIO2         ; power  ;              ; 3.3V    ; --         ;                 ;
; 232      ;            ;          ; GND            ; gnd    ;              ;         ; --         ;                 ;
; 233      ; 254        ; 2        ; GND*           ;        ;              ;         ; Column I/O ;                 ;
; 234      ; 255        ; 2        ; GND*           ;        ;              ;         ; Column I/O ;                 ;
; 235      ; 256        ; 2        ; GND*           ;        ;              ;         ; Column I/O ;                 ;
; 236      ; 257        ; 2        ; GND*           ;        ;              ;         ; Column I/O ;                 ;
; 237      ; 258        ; 2        ; GND*           ;        ;              ;         ; Column I/O ;                 ;
; 238      ; 259        ; 2        ; GND*           ;        ;              ;         ; Column I/O ;                 ;
; 239      ; 260        ; 2        ; GND*           ;        ;              ;         ; Column I/O ;                 ;
; 240      ; 261        ; 2        ; GND*           ;        ;              ;         ; Column I/O ;                 ;
+----------+------------+----------+----------------+--------+--------------+---------+------------+-----------------+


+------------------------------------------------------------------+
; Output Pin Default Load For Reported TCO                         ;
+---------------------+-------+------------------------------------+
; I/O Standard        ; Load  ; Termination Resistance             ;
+---------------------+-------+------------------------------------+
; LVTTL               ; 10 pF ; Not Available                      ;
; LVCMOS              ; 10 pF ; Not Available                      ;
; 2.5 V               ; 10 pF ; Not Available                      ;
; 1.8 V               ; 10 pF ; Not Available                      ;
; 1.5 V               ; 10 pF ; Not Available                      ;
; SSTL-3 Class I      ; 30 pF ; 50 Ohm (Parallel), 25 Ohm (Serial) ;
; SSTL-3 Class II     ; 30 pF ; 25 Ohm (Parallel), 25 Ohm (Serial) ;
; SSTL-2 Class I      ; 30 pF ; 50 Ohm (Parallel), 25 Ohm (Serial) ;
; SSTL-2 Class II     ; 30 pF ; 25 Ohm (Parallel), 25 Ohm (Serial) ;
; Differential SSTL-2 ; 30 pF ; (See SSTL-2)                       ;
; 3.3-V PCI           ; 10 pF ; 25 Ohm (Parallel)                  ;
; LVDS                ; 4 pF  ; 100 Ohm (Differential)             ;
; RSDS                ; 0 pF  ; 100 Ohm (Differential)             ;
+---------------------+-------+------------------------------------+
Note: User assignments will override these defaults. The user specified values are listed in the Output Pins and Bidir Pins tables.


+-------------------------------------------------------------------------------------------------------------------------------------------------------------------------------------------+
; Fitter Resource Utilization by Entity                                                                                                                                                     ;
+----------------------------+-------------+--------------+-------------+------+--------------+--------------+-------------------+------------------+-----------------+---------------------+
; Compilation Hierarchy Node ; Logic Cells ; LC Registers ; Memory Bits ; Pins ; Virtual Pins ; LUT-Only LCs ; Register-Only LCs ; LUT/Register LCs ; Carry Chain LCs ; Full Hierarchy Name ;
+----------------------------+-------------+--------------+-------------+------+--------------+--------------+-------------------+------------------+-----------------+---------------------+
; |scankey                   ; 59 (59)     ; 39           ; 0           ; 27   ; 0            ; 20 (20)      ; 4 (4)             ; 35 (35)          ; 26 (26)         ; |scankey            ;
+----------------------------+-------------+--------------+-------------+------+--------------+--------------+-------------------+------------------+-----------------+---------------------+
Note: For table entries with two numbers listed, the numbers in parentheses indicate the number of resources of the given type used by the specific entity alone. The numbers listed outside of parentheses indicate the total resources of the given type used by the specific entity and all of its sub-entities in the hierarchy.


+--------------------------------------------------------------------------------------+
; Delay Chain Summary                                                                  ;
+-------------+----------+---------------+---------------+-----------------------+-----+
; Name        ; Pin Type ; Pad to Core 0 ; Pad to Core 1 ; Pad to Input Register ; TCO ;
+-------------+----------+---------------+---------------+-----------------------+-----+
; kcol[0]     ; Input    ; ON            ; ON            ; --                    ; --  ;
; kcol[1]     ; Input    ; ON            ; ON            ; --                    ; --  ;
; kcol[2]     ; Input    ; ON            ; ON            ; --                    ; --  ;
; kcol[3]     ; Input    ; ON            ; ON            ; --                    ; --  ;
; clk         ; Input    ; OFF           ; OFF           ; --                    ; --  ;
; htone       ; Input    ; ON            ; ON            ; --                    ; --  ;
; krow[0]     ; Output   ; --            ; --            ; --                    ; --  ;
; krow[1]     ; Output   ; --            ; --            ; --                    ; --  ;
; krow[2]     ; Output   ; --            ; --            ; --                    ; --  ;
; krow[3]     ; Output   ; --            ; --            ; --                    ; --  ;
; musickey[0] ; Output   ; --            ; --            ; --                    ; --  ;
; musickey[1] ; Output   ; --            ; --            ; --                    ; --  ;
; musickey[2] ; Output   ; --            ; --            ; --                    ; --  ;
; musickey[3] ; Output   ; --            ; --            ; --                    ; --  ;
; musickey[4] ; Output   ; --            ; --            ; --                    ; --  ;
; musickey[5] ; Output   ; --            ; --            ; --                    ; --  ;
; kdata[0]    ; Output   ; --            ; --            ; --                    ; --  ;
; kdata[1]    ; Output   ; --            ; --            ; --                    ; --  ;
; kdata[2]    ; Output   ; --            ; --            ; --                    ; --  ;
; kdata[3]    ; Output   ; --            ; --            ; --                    ; --  ;
; ltdata[0]   ; Output   ; --            ; --            ; --                    ; --  ;
; ltdata[1]   ; Output   ; --            ; --            ; --                    ; --  ;
; ltdata[2]   ; Output   ; --            ; --            ; --                    ; --  ;
; ltdata[3]   ; Output   ; --            ; --            ; --                    ; --  ;
; keypress    ; Output   ; --            ; --            ; --                    ; --  ;
; intp        ; Output   ; --            ; --            ; --                    ; --  ;
; strobe      ; Output   ; --            ; --            ; --                    ; --  ;
+-------------+----------+---------------+---------------+-----------------------+-----+


+---------------------------------------------------+
; Pad To Core Delay Chain Fanout                    ;
+---------------------+-------------------+---------+
; Source Pin / Fanout ; Pad To Core Index ; Setting ;
+---------------------+-------------------+---------+
; kcol[0]             ;                   ;         ;
;      - dlp1         ; 0                 ; ON      ;
;      - ltdatap[0]   ; 0                 ; ON      ;
;      - ltdatap[1]   ; 0                 ; ON      ;
; kcol[1]             ;                   ;         ;
;      - dlp1         ; 0                 ; ON      ;
;      - ltdatap[0]   ; 0                 ; ON      ;
;      - ltdatap[1]   ; 0                 ; ON      ;
; kcol[2]             ;                   ;         ;
;      - dlp1         ; 1                 ; ON      ;
;      - ltdatap[0]   ; 1                 ; ON      ;
;      - ltdatap[1]   ; 1                 ; ON      ;
; kcol[3]             ;                   ;         ;
;      - dlp1         ; 0                 ; ON      ;
;      - ltdatap[0]   ; 0                 ; ON      ;
;      - ltdatap[1]   ; 0                 ; ON      ;
; clk                 ;                   ;         ;
; htone               ;                   ;         ;
;      - add~333      ; 0                 ; ON      ;
+---------------------+-------------------+---------+


+-----------------------------------------------------------------------------------------------------------+
; Control Signals                                                                                           ;
+---------------+---------------+---------+--------------+--------+----------------------+------------------+
; Name          ; Location      ; Fan-Out ; Usage        ; Global ; Global Resource Used ; Global Line Name ;
+---------------+---------------+---------+--------------+--------+----------------------+------------------+
; clk           ; PIN_28        ; 39      ; Clock        ; yes    ; Global clock         ; GCLK2            ;
; kdatap[3]~172 ; LC_X52_Y17_N9 ; 4       ; Clock enable ; no     ; --                   ; --               ;
; krcnt[1]~30   ; LC_X52_Y18_N7 ; 1       ; Clock enable ; no     ; --                   ; --               ;
; ltd           ; LC_X52_Y17_N5 ; 4       ; Clock enable ; no     ; --                   ; --               ;
; reduce_nor~0  ; LC_X52_Y19_N9 ; 1       ; Clock enable ; no     ; --                   ; --               ;
; reduce_nor~1  ; LC_X52_Y19_N4 ; 4       ; Clock enable ; no     ; --                   ; --               ;
+---------------+---------------+---------+--------------+--------+----------------------+------------------+


+---------------------------------------------------------------------+
; Global & Other Fast Signals                                         ;
+------+----------+---------+----------------------+------------------+
; Name ; Location ; Fan-Out ; Global Resource Used ; Global Line Name ;
+------+----------+---------+----------------------+------------------+
; clk  ; PIN_28   ; 39      ; Global clock         ; GCLK2            ;
+------+----------+---------+----------------------+------------------+


+---------------------------------+
; Non-Global High Fan-Out Signals ;
+----------------+----------------+
; Name           ; Fan-Out        ;
+----------------+----------------+
; dlt1           ; 8              ;
; krcnt[0]       ; 8              ;
; krcnt[1]       ; 7              ;
; dlt            ; 6              ;
; kdatab[4]~299  ; 6              ;
; scount[14]~469 ; 5              ;
; scount[9]~449  ; 5              ;
; scount[4]~429  ; 5              ;
; reduce_nor~1   ; 4              ;
; ltd            ; 4              ;
; kdatap[3]~172  ; 4              ;
; scount[1]      ; 4              ;
; scount[3]      ; 4              ;
; kcol[3]        ; 3              ;
; kcol[2]        ; 3              ;
; kcol[1]        ; 3              ;
; kcol[0]        ; 3              ;
; reduce_nor~149 ; 3              ;
; reduce_nor~148 ; 3              ;
; scount[19]     ; 2              ;
; scount[18]     ; 2              ;
; scount[17]     ; 2              ;
; scount[16]     ; 2              ;
; scount[15]     ; 2              ;
; scount[14]     ; 2              ;
; scount[13]     ; 2              ;
; scount[12]     ; 2              ;
; scount[11]     ; 2              ;
; scount[10]     ; 2              ;
; scount[9]      ; 2              ;
; scount[8]      ; 2              ;
; scount[7]      ; 2              ;
; scount[6]      ; 2              ;
; scount[5]      ; 2              ;
; scount[4]      ; 2              ;
; scount[2]      ; 2              ;
; scount[0]      ; 2              ;
; release~3      ; 2              ;
; dlp1           ; 2              ;
; dlp3           ; 2              ;
; kdatap[3]      ; 2              ;
; kdatap[2]      ; 2              ;
; kdatap[1]      ; 2              ;
; kdatap[0]      ; 2              ;
; add~330        ; 2              ;
; htone          ; 1              ;
; dlt3           ; 1              ;
; ltdatap[1]     ; 1              ;
; kdatab[1]~301  ; 1              ;
; ltdatap[0]     ; 1              ;
+----------------+----------------+


+----------------------------------------------------+
; Interconnect Usage Summary                         ;
+----------------------------+-----------------------+
; Interconnect Resource Type ; Usage                 ;
+----------------------------+-----------------------+
; C4s                        ; 73 / 30,600 ( < 1 % ) ;
; Direct links               ; 10 / 43,552 ( < 1 % ) ;
; Global clocks              ; 1 / 8 ( 12 % )        ;
; LAB clocks                 ; 4 / 312 ( 1 % )       ;
; LUT chains                 ; 1 / 10,854 ( < 1 % )  ;
; Local interconnects        ; 75 / 43,552 ( < 1 % ) ;
; M4K buffers                ; 0 / 1,872 ( 0 % )     ;
; R4s                        ; 42 / 28,560 ( < 1 % ) ;
+----------------------------+-----------------------+


+--------------------------------------------------------------------------+
; LAB Logic Elements                                                       ;
+--------------------------------------------+-----------------------------+
; Number of Logic Elements  (Average = 7.38) ; Number of LABs  (Total = 8) ;
+--------------------------------------------+-----------------------------+
; 1                                          ; 1                           ;
; 2                                          ; 1                           ;
; 3                                          ; 0                           ;
; 4                                          ; 0                           ;
; 5                                          ; 0                           ;
; 6                                          ; 1                           ;
; 7                                          ; 0                           ;
; 8                                          ; 0                           ;
; 9                                          ; 0                           ;
; 10                                         ; 5                           ;
+--------------------------------------------+-----------------------------+


+------------------------------------------------------------------+
; LAB-wide Signals                                                 ;
+------------------------------------+-----------------------------+
; LAB-wide Signals  (Average = 1.00) ; Number of LABs  (Total = 8) ;
+------------------------------------+-----------------------------+
; 1 Clock                            ; 6                           ;
; 1 Clock enable                     ; 1                           ;
; 2 Clock enables                    ; 1                           ;
+------------------------------------+-----------------------------+


+---------------------------------------------------------------------------+
; LAB Signals Sourced                                                       ;
+---------------------------------------------+-----------------------------+
; Number of Signals Sourced  (Average = 8.25) ; Number of LABs  (Total = 8) ;
+---------------------------------------------+-----------------------------+
; 0                                           ; 0                           ;
; 1                                           ; 1                           ;
; 2                                           ; 0                           ;
; 3                                           ; 0                           ;
; 4                                           ; 1                           ;
; 5                                           ; 0                           ;
; 6                                           ; 1                           ;
; 7                                           ; 0                           ;
; 8                                           ; 0                           ;
; 9                                           ; 0                           ;
; 10                                          ; 2                           ;
; 11                                          ; 2                           ;
; 12                                          ; 0                           ;
; 13                                          ; 1                           ;
+---------------------------------------------+-----------------------------+


+-------------------------------------------------------------------------------+
; LAB Signals Sourced Out                                                       ;
+-------------------------------------------------+-----------------------------+
; Number of Signals Sourced Out  (Average = 6.50) ; Number of LABs  (Total = 8) ;
+-------------------------------------------------+-----------------------------+
; 0                                               ; 0                           ;
; 1                                               ; 1                           ;
; 2                                               ; 0                           ;
; 3                                               ; 0                           ;
; 4                                               ; 2                           ;
; 5                                               ; 0                           ;
; 6                                               ; 1                           ;
; 7                                               ; 0                           ;
; 8                                               ; 1                           ;
; 9                                               ; 1                           ;
; 10                                              ; 2                           ;
+-------------------------------------------------+-----------------------------+


+---------------------------------------------------------------------------+
; LAB Distinct Inputs                                                       ;
+---------------------------------------------+-----------------------------+
; Number of Distinct Inputs  (Average = 7.25) ; Number of LABs  (Total = 8) ;
+---------------------------------------------+-----------------------------+
; 0                                           ; 0                           ;
; 1                                           ; 1                           ;
; 2                                           ; 1                           ;
; 3                                           ; 0                           ;
; 4                                           ; 1                           ;
; 5                                           ; 1                           ;
; 6                                           ; 0                           ;
; 7                                           ; 2                           ;
; 8                                           ; 0                           ;
; 9                                           ; 0                           ;
; 10                                          ; 0                           ;
; 11                                          ; 0                           ;
; 12                                          ; 0                           ;
; 13                                          ; 1                           ;
; 14                                          ; 0                           ;
; 15                                          ; 0                           ;
; 16                                          ; 0                           ;
; 17                                          ; 0                           ;
; 18                                          ; 0                           ;
; 19                                          ; 1                           ;
+---------------------------------------------+-----------------------------+


+-----------------+
; Fitter Messages ;
+-----------------+
Info: *******************************************************************
Info: Running Quartus II Fitter
    Info: Version 5.0 Build 148 04/26/2005 SJ Full Version
    Info: Processing started: Fri Sep 01 15:28:14 2006
Info: Command: quartus_fit --read_settings_files=off --write_settings_files=off scankey -c scankey
Info: Selected device EP1C12Q240C8 for design "scankey"
Info: Fitter is performing an Auto Fit compilation, which may decrease Fitter effort to reduce compilation time
Info: Device migration not selected. If you intend to use device migration later, you may need to change the pin assignments as they may be incompatible with other devices. 
    Info: Device EP1C6Q240C8 is compatible
Info: Timing requirements not specified -- optimizing circuit to achieve the following default global requirements
    Info: Assuming a global fmax requirement of 1 MHz
    Info: Not setting a global tsu requirement
    Info: Not setting a global tco requirement
    Info: Not setting a global tpd requirement
Info: Performing register packing on registers with non-logic cell location assignments
Info: Completed register packing on registers with non-logic cell location assignments
Info: Completed User Assigned Global Signals Promotion Operation
Info: DQS I/O pins require 0 global routing resources.
Info: Automatically promoted signal "clk" to use Global clock in PIN 28
Info: Completed Auto Global Promotion Operation
Info: Starting register packing
Info: Started Fast Input/Output/OE register processing
Info: Finished Fast Input/Output/OE register processing
Info: Fitter is using Normal packing mode for logic elements with Auto setting for Auto Packed Registers logic option
Info: Moving registers into I/O cells, LUTs, and RAM blocks to improve timing and density
Info: Finished moving registers into I/O cells, LUTs, and RAM blocks
Info: Finished register packing
Info: Fitter placement preparation operations beginning
Info: Fitter placement preparation operations ending: elapsed time is 00:00:00
Info: Fitter placement operations beginning
Info: Fitter placement was successful
Info: Estimated most critical path is register to register delay of 5.409 ns
    Info: 1: + IC(0.000 ns) + CELL(0.000 ns) = 0.000 ns; Loc. = LAB_X51_Y18; Fanout = 3; REG Node = 'scount[14]'
    Info: 2: + IC(0.852 ns) + CELL(0.590 ns) = 1.442 ns; Loc. = LAB_X50_Y19; Fanout = 1; COMB Node = 'reduce_nor~147'
    Info: 3: + IC(1.181 ns) + CELL(0.114 ns) = 2.737 ns; Loc. = LAB_X52_Y19; Fanout = 3; COMB Node = 'reduce_nor~148'
    Info: 4: + IC(0.927 ns) + CELL(0.442 ns) = 4.106 ns; Loc. = LAB_X52_Y18; Fanout = 1; COMB Node = 'krcnt[1]~30'
    Info: 5: + IC(0.436 ns) + CELL(0.867 ns) = 5.409 ns; Loc. = LAB_X52_Y18; Fanout = 7; REG Node = 'krcnt[1]'
    Info: Total cell delay = 2.013 ns ( 37.22 % )
    Info: Total interconnect delay = 3.396 ns ( 62.78 % )
Info: Fitter placement operations ending: elapsed time is 00:00:00
Info: Fitter routing operations beginning
Info: Average interconnect usage is 0% of the available device resources. Peak interconnect usage is 1%.
Info: Fitter routing operations ending: elapsed time is 00:00:00
Info: Fitter performed an Auto Fit compilation. Optimizations were skipped to reduce compilation time.
Info: Completed Fixed Delay Chain Operation
Info: Started post-fitting delay annotation
Info: Delay annotation completed successfully
Info: Completed Auto Delay Chain Operation
Info: Quartus II Fitter was successful. 0 errors, 0 warnings
    Info: Processing ended: Fri Sep 01 15:28:21 2006
    Info: Elapsed time: 00:00:08


