Analysis & Synthesis report for scndp5
Sun Apr 23 12:27:57 2006
Version 5.0 Build 148 04/26/2005 SJ Full Version


---------------------
; Table of Contents ;
---------------------
  1. Legal Notice
  2. Analysis & Synthesis Summary
  3. Analysis & Synthesis Settings
  4. Analysis & Synthesis Source Files Read
  5. Analysis & Synthesis Resource Usage Summary
  6. Analysis & Synthesis Resource Utilization by Entity
  7. General Register Statistics
  8. Analysis & Synthesis Equations
  9. Analysis & Synthesis Messages



----------------
; Legal Notice ;
----------------
Copyright (C) 1991-2005 Altera Corporation
Your use of Altera Corporation's design tools, logic functions 
and other software and tools, and its AMPP partner logic       
functions, and any output files any of the foregoing           
(including device programming or simulation files), and any    
associated documentation or information are expressly subject  
to the terms and conditions of the Altera Program License      
Subscription Agreement, Altera MegaCore Function License       
Agreement, or other applicable license agreement, including,   
without limitation, that your use is for the sole purpose of   
programming logic devices manufactured by Altera and sold by   
Altera or its authorized distributors.  Please refer to the    
applicable agreement for further details.



+------------------------------------------------------------------------+
; Analysis & Synthesis Summary                                           ;
+-----------------------------+------------------------------------------+
; Analysis & Synthesis Status ; Successful - Sun Apr 23 12:27:57 2006    ;
; Quartus II Version          ; 5.0 Build 148 04/26/2005 SJ Full Version ;
; Revision Name               ; scndp5                                   ;
; Top-level Entity Name       ; scndp5                                   ;
; Family                      ; ACEX1K                                   ;
; Total logic elements        ; 51                                       ;
; Total pins                  ; 31                                       ;
; Total memory bits           ; 0                                        ;
; Total PLLs                  ; 0                                        ;
+-----------------------------+------------------------------------------+


+---------------------------------------------------------------------------------------------+
; Analysis & Synthesis Settings                                                               ;
+------------------------------------------------------------+----------------+---------------+
; Option                                                     ; Setting        ; Default Value ;
+------------------------------------------------------------+----------------+---------------+
; Device                                                     ; EP1K100QC208-3 ;               ;
; Top-level entity name                                      ; scndp5         ; scndp5        ;
; Family name                                                ; ACEX1K         ; Stratix       ;
; Use smart compilation                                      ; Off            ; Off           ;
; Create Debugging Nodes for IP Cores                        ; off            ; off           ;
; Preserve fewer node names                                  ; On             ; On            ;
; Disable OpenCore Plus hardware evaluation                  ; Off            ; Off           ;
; Verilog Version                                            ; Verilog_2001   ; Verilog_2001  ;
; VHDL Version                                               ; VHDL93         ; VHDL93        ;
; State Machine Processing                                   ; Auto           ; Auto          ;
; Extract Verilog State Machines                             ; On             ; On            ;
; Extract VHDL State Machines                                ; On             ; On            ;
; Add Pass-Through Logic to Inferred RAMs                    ; On             ; On            ;
; NOT Gate Push-Back                                         ; On             ; On            ;
; Power-Up Don't Care                                        ; On             ; On            ;
; Remove Redundant Logic Cells                               ; Off            ; Off           ;
; Remove Duplicate Registers                                 ; On             ; On            ;
; Ignore CARRY Buffers                                       ; Off            ; Off           ;
; Ignore CASCADE Buffers                                     ; Off            ; Off           ;
; Ignore GLOBAL Buffers                                      ; Off            ; Off           ;
; Ignore ROW GLOBAL Buffers                                  ; Off            ; Off           ;
; Ignore LCELL Buffers                                       ; Off            ; Off           ;
; Ignore SOFT Buffers                                        ; On             ; On            ;
; Limit AHDL Integers to 32 Bits                             ; Off            ; Off           ;
; Auto Implement in ROM                                      ; Off            ; Off           ;
; Optimization Technique -- FLEX 10K/10KE/10KA/ACEX 1K       ; Area           ; Area          ;
; Carry Chain Length -- FLEX 10K                             ; 32             ; 32            ;
; Cascade Chain Length                                       ; 2              ; 2             ;
; Auto Carry Chains                                          ; On             ; On            ;
; Auto Open-Drain Pins                                       ; On             ; On            ;
; Remove Duplicate Logic                                     ; On             ; On            ;
; Auto ROM Replacement                                       ; On             ; On            ;
; Auto RAM Replacement                                       ; On             ; On            ;
; Auto Clock Enable Replacement                              ; On             ; On            ;
; Auto Resource Sharing                                      ; Off            ; Off           ;
; Allow Any RAM Size For Recognition                         ; Off            ; Off           ;
; Allow Any ROM Size For Recognition                         ; Off            ; Off           ;
; Ignore translate_off and translate_on Synthesis Directives ; Off            ; Off           ;
; Show Parameter Settings Tables in Synthesis Report         ; On             ; On            ;
+------------------------------------------------------------+----------------+---------------+


+-----------------------------------------------------------------------------------------------------------------+
; Analysis & Synthesis Source Files Read                                                                          ;
+----------------------------------+-----------------+-----------------+------------------------------------------+
; File Name with User-Entered Path ; Used in Netlist ; File Type       ; File Name with Absolute Path             ;
+----------------------------------+-----------------+-----------------+------------------------------------------+
; ../scndp10/scndp5.vhd            ; yes             ; User VHDL File  ; E:/max2work/exp/1k100/scndp10/scndp5.vhd ;
+----------------------------------+-----------------+-----------------+------------------------------------------+


+-----------------------------------------------+
; Analysis & Synthesis Resource Usage Summary   ;
+---------------------------------+-------------+
; Resource                        ; Usage       ;
+---------------------------------+-------------+
; Total logic elements            ; 51          ;
; Total combinational functions   ; 51          ;
;     -- Total 4-input functions  ; 38          ;
;     -- Total 3-input functions  ; 11          ;
;     -- Total 2-input functions  ; 2           ;
;     -- Total 1-input functions  ; 0           ;
;     -- Total 0-input functions  ; 0           ;
; Combinational cells for routing ; 0           ;
; Total registers                 ; 3           ;
; I/O pins                        ; 31          ;
; Maximum fan-out node            ; hexd[3]~895 ;
; Maximum fan-out                 ; 22          ;
; Total fan-out                   ; 215         ;
; Average fan-out                 ; 2.62        ;
+---------------------------------+-------------+


+----------------------------------------------------------------------------------------------------------------------------------------------------------------------------+
; Analysis & Synthesis Resource Utilization by Entity                                                                                                                        ;
+----------------------------+-------------+--------------+-------------+------+--------------+-------------------+------------------+-----------------+---------------------+
; Compilation Hierarchy Node ; Logic Cells ; LC Registers ; Memory Bits ; Pins ; LUT-Only LCs ; Register-Only LCs ; LUT/Register LCs ; Carry Chain LCs ; Full Hierarchy Name ;
+----------------------------+-------------+--------------+-------------+------+--------------+-------------------+------------------+-----------------+---------------------+
; |scndp5                    ; 51 (51)     ; 3            ; 0           ; 31   ; 48 (48)      ; 0 (0)             ; 3 (3)            ; 0 (0)           ; |scndp5             ;
+----------------------------+-------------+--------------+-------------+------+--------------+-------------------+------------------+-----------------+---------------------+
Note: For table entries with two numbers listed, the numbers in parentheses indicate the number of resources of the given type used by the specific entity alone. The numbers listed outside of parentheses indicate the total resources of the given type used by the specific entity and all of its sub-entities in the hierarchy.


+------------------------------------------------------+
; General Register Statistics                          ;
+----------------------------------------------+-------+
; Statistic                                    ; Value ;
+----------------------------------------------+-------+
; Total registers                              ; 3     ;
; Number of registers using Synchronous Clear  ; 0     ;
; Number of registers using Synchronous Load   ; 0     ;
; Number of registers using Asynchronous Clear ; 0     ;
; Number of registers using Asynchronous Load  ; 0     ;
; Number of registers using Clock Enable       ; 0     ;
; Number of registers using Preset             ; 0     ;
+----------------------------------------------+-------+


+--------------------------------+
; Analysis & Synthesis Equations ;
+--------------------------------+
The equations can be found in E:/max2work/exp/1k100/scndp5/scndp5.map.eqn.


+-------------------------------+
; Analysis & Synthesis Messages ;
+-------------------------------+
Info: *******************************************************************
Info: Running Quartus II Analysis & Synthesis
    Info: Version 5.0 Build 148 04/26/2005 SJ Full Version
    Info: Processing started: Sun Apr 23 12:27:56 2006
Info: Command: quartus_map --read_settings_files=on --write_settings_files=off scndp5 -c scndp5
Info: Found 2 design units, including 1 entities, in source file ../scndp10/scndp5.vhd
    Info: Found design unit 1: scndp5-scndp5_arch
    Info: Found entity 1: scndp5
Info: Elaborating entity "scndp5" for the top level hierarchy
Warning: VHDL Process Statement warning at scndp5.vhd(45): signal "datah" is read inside the Process Statement but isn't in the Process Statement's sensivitity list
Warning: VHDL Process Statement warning at scndp5.vhd(48): signal "datah" is read inside the Process Statement but isn't in the Process Statement's sensivitity list
Info: Implemented 82 device resources after synthesis - the final resource count might be different
    Info: Implemented 19 input pins
    Info: Implemented 12 output pins
    Info: Implemented 51 logic cells
Info: Quartus II Analysis & Synthesis was successful. 0 errors, 2 warnings
    Info: Processing ended: Sun Apr 23 12:27:57 2006
    Info: Elapsed time: 00:00:02


