Flow report for lcmddr
Thu May 30 10:23:44 2024
Quartus II Version 9.0 Build 235 06/17/2009 Service Pack 2 SJ Web Edition


---------------------
; Table of Contents ;
---------------------
  1. Legal Notice
  2. Flow Summary
  3. Flow Settings
  4. Flow Non-Default Global Settings
  5. Flow Elapsed Time
  6. Flow OS Summary
  7. Flow Log



----------------
; Legal Notice ;
----------------
Copyright (C) 1991-2009 Altera Corporation
Your use of Altera Corporation's design tools, logic functions 
and other software and tools, and its AMPP partner logic 
functions, and any output files from any of the foregoing 
(including device programming or simulation files), and any 
associated documentation or information are expressly subject 
to the terms and conditions of the Altera Program License 
Subscription Agreement, Altera MegaCore Function License 
Agreement, or other applicable license agreement, including, 
without limitation, that your use is for the sole purpose of 
programming logic devices manufactured by Altera and sold by 
Altera or its authorized distributors.  Please refer to the 
applicable agreement for further details.



+------------------------------------------------------------------------+
; Flow Summary                                                           ;
+-------------------------+----------------------------------------------+
; Flow Status             ; Successful - Thu May 30 10:23:44 2024        ;
; Quartus II Version      ; 9.0 Build 235 06/17/2009 SP 2 SJ Web Edition ;
; Revision Name           ; lcmddr                                       ;
; Top-level Entity Name   ; lcmddr                                       ;
; Family                  ; Cyclone                                      ;
; Device                  ; EP1C12Q240C8                                 ;
; Timing Models           ; Final                                        ;
; Met timing requirements ; Yes                                          ;
; Total logic elements    ; 95 / 12,060 ( < 1 % )                        ;
; Total pins              ; 29 / 173 ( 17 % )                            ;
; Total virtual pins      ; 0                                            ;
; Total memory bits       ; 4,608 / 239,616 ( 2 % )                      ;
; Total PLLs              ; 0 / 2 ( 0 % )                                ;
+-------------------------+----------------------------------------------+


+-----------------------------------------+
; Flow Settings                           ;
+-------------------+---------------------+
; Option            ; Setting             ;
+-------------------+---------------------+
; Start date & time ; 05/30/2024 10:23:34 ;
; Main task         ; Compilation         ;
; Revision Name     ; lcmddr              ;
+-------------------+---------------------+


+----------------------------------------------------------------------------------------------------------------------------------------------------------+
; Flow Non-Default Global Settings                                                                                                                         ;
+-----------------------+---------------------------------------------------------------------------------------+---------------+-------------+------------+
; Assignment Name       ; Value                                                                                 ; Default Value ; Entity Name ; Section Id ;
+-----------------------+---------------------------------------------------------------------------------------+---------------+-------------+------------+
; COMPILER_SIGNATURE_ID ; 10995770589191.171703941419228                                                        ; --            ; --          ; --         ;
; MISC_FILE             ; E:/CIC-560/Examples/Chapter6/6-7 lcdmddr/lcmddr.dpf                                   ; --            ; --          ; --         ;
; MISC_FILE             ; G:/POLMAN/SEMESTER 4/PRAKTEK/STT1/RABU/Praktikum 6 VHDL LCD Display 128x64/lcmddr.dpf ; --            ; --          ; --         ;
+-----------------------+---------------------------------------------------------------------------------------+---------------+-------------+------------+


+-----------------------------------------------------------------------------------------------------------------------------+
; Flow Elapsed Time                                                                                                           ;
+-------------------------+--------------+-------------------------+---------------------+------------------------------------+
; Module Name             ; Elapsed Time ; Average Processors Used ; Peak Virtual Memory ; Total CPU Time (on all processors) ;
+-------------------------+--------------+-------------------------+---------------------+------------------------------------+
; Analysis & Synthesis    ; 00:00:03     ; 1.0                     ; 254 MB              ; 00:00:01                           ;
; Fitter                  ; 00:00:03     ; 1.0                     ; 268 MB              ; 00:00:02                           ;
; Assembler               ; 00:00:01     ; 1.0                     ; 229 MB              ; 00:00:01                           ;
; Classic Timing Analyzer ; 00:00:01     ; 1.0                     ; 177 MB              ; 00:00:00                           ;
; Total                   ; 00:00:08     ; --                      ; --                  ; 00:00:04                           ;
+-------------------------+--------------+-------------------------+---------------------+------------------------------------+


+------------------------------------------------------------------------------------------+
; Flow OS Summary                                                                          ;
+-------------------------+------------------+---------------+------------+----------------+
; Module Name             ; Machine Hostname ; OS Name       ; OS Version ; Processor type ;
+-------------------------+------------------+---------------+------------+----------------+
; Analysis & Synthesis    ; DESKTOP-MBGI9OU  ; Windows Vista ; 6.2        ; x86_64         ;
; Fitter                  ; DESKTOP-MBGI9OU  ; Windows Vista ; 6.2        ; x86_64         ;
; Assembler               ; DESKTOP-MBGI9OU  ; Windows Vista ; 6.2        ; x86_64         ;
; Classic Timing Analyzer ; DESKTOP-MBGI9OU  ; Windows Vista ; 6.2        ; x86_64         ;
+-------------------------+------------------+---------------+------------+----------------+


------------
; Flow Log ;
------------
quartus_map --read_settings_files=on --write_settings_files=off lcmddr -c lcmddr
quartus_fit --read_settings_files=off --write_settings_files=off lcmddr -c lcmddr
quartus_asm --read_settings_files=off --write_settings_files=off lcmddr -c lcmddr
quartus_tan --read_settings_files=off --write_settings_files=off lcmddr -c lcmddr --timing_analysis_only



