Assembler report for decode1
Fri Feb 23 21:39:07 2024
Quartus II Version 9.0 Build 235 06/17/2009 Service Pack 2 SJ Web Edition


---------------------
; Table of Contents ;
---------------------
  1. Legal Notice
  2. Assembler Summary
  3. Assembler Settings
  4. Assembler Generated Files
  5. Assembler Device Options: G:/POLMAN/SEMESTER 4/PRAKTEK/STT1/SELASA/Praktikum 2 VHDL Basic Decoder/decode1.sof
  6. Assembler Device Options: G:/POLMAN/SEMESTER 4/PRAKTEK/STT1/SELASA/Praktikum 2 VHDL Basic Decoder/decode1.pof
  7. Assembler Messages



----------------
; Legal Notice ;
----------------
Copyright (C) 1991-2009 Altera Corporation
Your use of Altera Corporation's design tools, logic functions 
and other software and tools, and its AMPP partner logic 
functions, and any output files from any of the foregoing 
(including device programming or simulation files), and any 
associated documentation or information are expressly subject 
to the terms and conditions of the Altera Program License 
Subscription Agreement, Altera MegaCore Function License 
Agreement, or other applicable license agreement, including, 
without limitation, that your use is for the sole purpose of 
programming logic devices manufactured by Altera and sold by 
Altera or its authorized distributors.  Please refer to the 
applicable agreement for further details.



+---------------------------------------------------------------+
; Assembler Summary                                             ;
+-----------------------+---------------------------------------+
; Assembler Status      ; Successful - Fri Feb 23 21:39:07 2024 ;
; Revision Name         ; decode1                               ;
; Top-level Entity Name ; decode1                               ;
; Family                ; Cyclone                               ;
; Device                ; EP1C12Q240C8                          ;
+-----------------------+---------------------------------------+


+--------------------------------------------------------------------------------------------------------+
; Assembler Settings                                                                                     ;
+-----------------------------------------------------------------------------+----------+---------------+
; Option                                                                      ; Setting  ; Default Value ;
+-----------------------------------------------------------------------------+----------+---------------+
; Use smart compilation                                                       ; On       ; Off           ;
; Configuration device                                                        ; Epc2     ; Auto          ;
; Generate compressed bitstreams                                              ; On       ; On            ;
; Compression mode                                                            ; Off      ; Off           ;
; Clock source for configuration device                                       ; Internal ; Internal      ;
; Clock frequency of the configuration device                                 ; 10 MHZ   ; 10 MHz        ;
; Divide clock frequency by                                                   ; 1        ; 1             ;
; Auto user code                                                              ; Off      ; Off           ;
; Use configuration device                                                    ; On       ; On            ;
; Configuration device auto user code                                         ; Off      ; Off           ;
; Auto-increment JTAG user code for multiple configuration devices            ; On       ; On            ;
; Generate Tabular Text File (.ttf) For Target Device                         ; Off      ; Off           ;
; Generate Raw Binary File (.rbf) For Target Device                           ; Off      ; Off           ;
; Generate Hexadecimal (Intel-Format) Output File (.hexout) for Target Device ; Off      ; Off           ;
; Hexadecimal Output File start address                                       ; 0        ; 0             ;
; Hexadecimal Output File count direction                                     ; Up       ; Up            ;
; Release clears before tri-states                                            ; Off      ; Off           ;
; Auto-restart configuration after error                                      ; On       ; On            ;
; Generate Serial Vector Format File (.svf) for Target Device                 ; Off      ; Off           ;
; Generate a JEDEC STAPL Format File (.jam) for Target Device                 ; Off      ; Off           ;
; Generate a compressed Jam STAPL Byte Code 2.0 File (.jbc) for Target Device ; Off      ; Off           ;
; Generate a compressed Jam STAPL Byte Code 2.0 File (.jbc) for Target Device ; On       ; On            ;
+-----------------------------------------------------------------------------+----------+---------------+


+-------------------------------------------------------------------------------------+
; Assembler Generated Files                                                           ;
+-------------------------------------------------------------------------------------+
; File Name                                                                           ;
+-------------------------------------------------------------------------------------+
; G:/POLMAN/SEMESTER 4/PRAKTEK/STT1/SELASA/Praktikum 2 VHDL Basic Decoder/decode1.sof ;
; G:/POLMAN/SEMESTER 4/PRAKTEK/STT1/SELASA/Praktikum 2 VHDL Basic Decoder/decode1.pof ;
+-------------------------------------------------------------------------------------+


+---------------------------------------------------------------------------------------------------------------+
; Assembler Device Options: G:/POLMAN/SEMESTER 4/PRAKTEK/STT1/SELASA/Praktikum 2 VHDL Basic Decoder/decode1.sof ;
+----------------+----------------------------------------------------------------------------------------------+
; Option         ; Setting                                                                                      ;
+----------------+----------------------------------------------------------------------------------------------+
; Device         ; EP1C12Q240C8                                                                                 ;
; JTAG usercode  ; 0xFFFFFFFF                                                                                   ;
; Checksum       ; 0x00119E6A                                                                                   ;
+----------------+----------------------------------------------------------------------------------------------+


+---------------------------------------------------------------------------------------------------------------+
; Assembler Device Options: G:/POLMAN/SEMESTER 4/PRAKTEK/STT1/SELASA/Praktikum 2 VHDL Basic Decoder/decode1.pof ;
+--------------------+------------------------------------------------------------------------------------------+
; Option             ; Setting                                                                                  ;
+--------------------+------------------------------------------------------------------------------------------+
; Device             ; EPC2                                                                                     ;
; JTAG usercode      ; 0x00000000                                                                               ;
; Checksum           ; 0x0202EE5F                                                                               ;
; Compression Ratio  ; 3                                                                                        ;
+--------------------+------------------------------------------------------------------------------------------+


+--------------------+
; Assembler Messages ;
+--------------------+
Info: *******************************************************************
Info: Running Quartus II Assembler
    Info: Version 9.0 Build 235 06/17/2009 Service Pack 2 SJ Web Edition
    Info: Processing started: Fri Feb 23 21:39:06 2024
Info: Command: quartus_asm --read_settings_files=off --write_settings_files=off decode1 -c decode1
Info: Assembler is generating device programming files
Info: Quartus II Assembler was successful. 0 errors, 0 warnings
    Info: Peak virtual memory: 229 megabytes
    Info: Processing ended: Fri Feb 23 21:39:07 2024
    Info: Elapsed time: 00:00:01
    Info: Total CPU time (on all processors): 00:00:00


