Flow report for opcnt31p
Mon Jun 28 11:47:59 2021
Quartus II Version 9.0 Build 235 06/17/2009 Service Pack 2 SJ Web Edition


---------------------
; Table of Contents ;
---------------------
  1. Legal Notice
  2. Flow Summary
  3. Flow Settings
  4. Flow Non-Default Global Settings
  5. Flow Elapsed Time
  6. Flow OS Summary
  7. Flow Log



----------------
; Legal Notice ;
----------------
Copyright (C) 1991-2009 Altera Corporation
Your use of Altera Corporation's design tools, logic functions 
and other software and tools, and its AMPP partner logic 
functions, and any output files from any of the foregoing 
(including device programming or simulation files), and any 
associated documentation or information are expressly subject 
to the terms and conditions of the Altera Program License 
Subscription Agreement, Altera MegaCore Function License 
Agreement, or other applicable license agreement, including, 
without limitation, that your use is for the sole purpose of 
programming logic devices manufactured by Altera and sold by 
Altera or its authorized distributors.  Please refer to the 
applicable agreement for further details.



+------------------------------------------------------------------------+
; Flow Summary                                                           ;
+-------------------------+----------------------------------------------+
; Flow Status             ; Successful - Mon Jun 28 11:47:59 2021        ;
; Quartus II Version      ; 9.0 Build 235 06/17/2009 SP 2 SJ Web Edition ;
; Revision Name           ; opcnt31p                                     ;
; Top-level Entity Name   ; opcnt31p                                     ;
; Family                  ; Cyclone                                      ;
; Device                  ; EP1C12Q240C8                                 ;
; Timing Models           ; Final                                        ;
; Met timing requirements ; Yes                                          ;
; Total logic elements    ; 293 / 12,060 ( 2 % )                         ;
; Total pins              ; 52 / 173 ( 30 % )                            ;
; Total virtual pins      ; 0                                            ;
; Total memory bits       ; 0 / 239,616 ( 0 % )                          ;
; Total PLLs              ; 0 / 2 ( 0 % )                                ;
+-------------------------+----------------------------------------------+


+-----------------------------------------+
; Flow Settings                           ;
+-------------------+---------------------+
; Option            ; Setting             ;
+-------------------+---------------------+
; Start date & time ; 06/28/2021 11:47:04 ;
; Main task         ; Compilation         ;
; Revision Name     ; opcnt31p            ;
+-------------------+---------------------+


+---------------------------------------------------------------------------------------------------+
; Flow Non-Default Global Settings                                                                  ;
+-----------------------+--------------------------------+---------------+-------------+------------+
; Assignment Name       ; Value                          ; Default Value ; Entity Name ; Section Id ;
+-----------------------+--------------------------------+---------------+-------------+------------+
; COMPILER_SIGNATURE_ID ; 61762879423217.162485562300540 ; --            ; --          ; --         ;
; SMART_RECOMPILE       ; On                             ; Off           ; --          ; --         ;
+-----------------------+--------------------------------+---------------+-------------+------------+


+-----------------------------------------------------------------------------------------------------------------------------+
; Flow Elapsed Time                                                                                                           ;
+-------------------------+--------------+-------------------------+---------------------+------------------------------------+
; Module Name             ; Elapsed Time ; Average Processors Used ; Peak Virtual Memory ; Total CPU Time (on all processors) ;
+-------------------------+--------------+-------------------------+---------------------+------------------------------------+
; Analysis & Synthesis    ; 00:00:18     ; 1.0                     ; 246 MB              ; 00:00:06                           ;
; Fitter                  ; 00:00:12     ; 1.0                     ; 264 MB              ; 00:00:07                           ;
; Assembler               ; 00:00:04     ; 1.0                     ; 226 MB              ; 00:00:02                           ;
; Classic Timing Analyzer ; 00:00:02     ; 1.0                     ; 175 MB              ; 00:00:00                           ;
; Total                   ; 00:00:36     ; --                      ; --                  ; 00:00:15                           ;
+-------------------------+--------------+-------------------------+---------------------+------------------------------------+


+------------------------------------------------------------------------------------------+
; Flow OS Summary                                                                          ;
+-------------------------+------------------+---------------+------------+----------------+
; Module Name             ; Machine Hostname ; OS Name       ; OS Version ; Processor type ;
+-------------------------+------------------+---------------+------------+----------------+
; Analysis & Synthesis    ; DESKTOP-KDQ9PME  ; Windows Vista ; 6.2        ; x86_64         ;
; Fitter                  ; DESKTOP-KDQ9PME  ; Windows Vista ; 6.2        ; x86_64         ;
; Assembler               ; DESKTOP-KDQ9PME  ; Windows Vista ; 6.2        ; x86_64         ;
; Classic Timing Analyzer ; DESKTOP-KDQ9PME  ; Windows Vista ; 6.2        ; x86_64         ;
+-------------------------+------------------+---------------+------------+----------------+


------------
; Flow Log ;
------------
quartus_map --read_settings_files=on --write_settings_files=off opcnt31p -c opcnt31p
quartus_fit --read_settings_files=off --write_settings_files=off opcnt31p -c opcnt31p
quartus_asm --read_settings_files=off --write_settings_files=off opcnt31p -c opcnt31p
quartus_tan --read_settings_files=off --write_settings_files=off opcnt31p -c opcnt31p --timing_analysis_only



