Analysis & Synthesis report for PWMP16
Wed Jun 30 09:26:19 2021
Quartus II Version 9.0 Build 235 06/17/2009 Service Pack 2 SJ Web Edition


---------------------
; Table of Contents ;
---------------------
  1. Legal Notice
  2. Analysis & Synthesis Summary
  3. Analysis & Synthesis Settings
  4. Analysis & Synthesis Source Files Read
  5. Analysis & Synthesis Resource Usage Summary
  6. Analysis & Synthesis Resource Utilization by Entity
  7. Registers Removed During Synthesis
  8. General Register Statistics
  9. Multiplexer Restructuring Statistics (Restructuring Performed)
 10. Source assignments for scankdpp4:inst7|keybpg:key|LPM_COUNTER:count4
 11. Parameter Settings for User Entity Instance: scankdpp4:inst7|keybpg:key|LPM_COUNTER:count4
 12. Port Connectivity Checks: "scankdpp4:inst7|sftd15:sft"
 13. Analysis & Synthesis Messages



----------------
; Legal Notice ;
----------------
Copyright (C) 1991-2009 Altera Corporation
Your use of Altera Corporation's design tools, logic functions 
and other software and tools, and its AMPP partner logic 
functions, and any output files from any of the foregoing 
(including device programming or simulation files), and any 
associated documentation or information are expressly subject 
to the terms and conditions of the Altera Program License 
Subscription Agreement, Altera MegaCore Function License 
Agreement, or other applicable license agreement, including, 
without limitation, that your use is for the sole purpose of 
programming logic devices manufactured by Altera and sold by 
Altera or its authorized distributors.  Please refer to the 
applicable agreement for further details.



+----------------------------------------------------------------------------+
; Analysis & Synthesis Summary                                               ;
+-----------------------------+----------------------------------------------+
; Analysis & Synthesis Status ; Successful - Wed Jun 30 09:26:19 2021        ;
; Quartus II Version          ; 9.0 Build 235 06/17/2009 SP 2 SJ Web Edition ;
; Revision Name               ; PWMP16                                       ;
; Top-level Entity Name       ; pwmp16                                       ;
; Family                      ; Cyclone                                      ;
; Total logic elements        ; 150                                          ;
; Total pins                  ; 49                                           ;
; Total virtual pins          ; 0                                            ;
; Total memory bits           ; 0                                            ;
; Total PLLs                  ; 0                                            ;
+-----------------------------+----------------------------------------------+


+--------------------------------------------------------------------------------------------------------+
; Analysis & Synthesis Settings                                                                          ;
+--------------------------------------------------------------+--------------------+--------------------+
; Option                                                       ; Setting            ; Default Value      ;
+--------------------------------------------------------------+--------------------+--------------------+
; Device                                                       ; EP1C12Q240C8       ;                    ;
; Top-level entity name                                        ; pwmp16             ; PWMP16             ;
; Family name                                                  ; Cyclone            ; Stratix            ;
; Use smart compilation                                        ; On                 ; Off                ;
; Restructure Multiplexers                                     ; Auto               ; Auto               ;
; Create Debugging Nodes for IP Cores                          ; Off                ; Off                ;
; Preserve fewer node names                                    ; On                 ; On                 ;
; Disable OpenCore Plus hardware evaluation                    ; Off                ; Off                ;
; Verilog Version                                              ; Verilog_2001       ; Verilog_2001       ;
; VHDL Version                                                 ; VHDL93             ; VHDL93             ;
; State Machine Processing                                     ; Auto               ; Auto               ;
; Safe State Machine                                           ; Off                ; Off                ;
; Extract Verilog State Machines                               ; On                 ; On                 ;
; Extract VHDL State Machines                                  ; On                 ; On                 ;
; Ignore Verilog initial constructs                            ; Off                ; Off                ;
; Iteration limit for constant Verilog loops                   ; 5000               ; 5000               ;
; Iteration limit for non-constant Verilog loops               ; 250                ; 250                ;
; Add Pass-Through Logic to Inferred RAMs                      ; On                 ; On                 ;
; Parallel Synthesis                                           ; Off                ; Off                ;
; NOT Gate Push-Back                                           ; On                 ; On                 ;
; Power-Up Don't Care                                          ; On                 ; On                 ;
; Remove Redundant Logic Cells                                 ; Off                ; Off                ;
; Remove Duplicate Registers                                   ; On                 ; On                 ;
; Ignore CARRY Buffers                                         ; Off                ; Off                ;
; Ignore CASCADE Buffers                                       ; Off                ; Off                ;
; Ignore GLOBAL Buffers                                        ; Off                ; Off                ;
; Ignore ROW GLOBAL Buffers                                    ; Off                ; Off                ;
; Ignore LCELL Buffers                                         ; Off                ; Off                ;
; Ignore SOFT Buffers                                          ; On                 ; On                 ;
; Limit AHDL Integers to 32 Bits                               ; Off                ; Off                ;
; Optimization Technique                                       ; Balanced           ; Balanced           ;
; Carry Chain Length                                           ; 70                 ; 70                 ;
; Auto Carry Chains                                            ; On                 ; On                 ;
; Auto Open-Drain Pins                                         ; On                 ; On                 ;
; Perform WYSIWYG Primitive Resynthesis                        ; Off                ; Off                ;
; Auto ROM Replacement                                         ; On                 ; On                 ;
; Auto RAM Replacement                                         ; On                 ; On                 ;
; Auto Shift Register Replacement                              ; Auto               ; Auto               ;
; Auto Clock Enable Replacement                                ; On                 ; On                 ;
; Strict RAM Replacement                                       ; Off                ; Off                ;
; Allow Synchronous Control Signals                            ; On                 ; On                 ;
; Force Use of Synchronous Clear Signals                       ; Off                ; Off                ;
; Auto RAM Block Balancing                                     ; On                 ; On                 ;
; Auto RAM to Logic Cell Conversion                            ; Off                ; Off                ;
; Auto Resource Sharing                                        ; Off                ; Off                ;
; Allow Any RAM Size For Recognition                           ; Off                ; Off                ;
; Allow Any ROM Size For Recognition                           ; Off                ; Off                ;
; Allow Any Shift Register Size For Recognition                ; Off                ; Off                ;
; Use LogicLock Constraints during Resource Balancing          ; On                 ; On                 ;
; Maximum Number of M512 Memory Blocks                         ; -1                 ; -1                 ;
; Maximum Number of M4K/M9K Memory Blocks                      ; -1                 ; -1                 ;
; Maximum Number of M-RAM/M144K Memory Blocks                  ; -1                 ; -1                 ;
; Ignore translate_off and synthesis_off directives            ; Off                ; Off                ;
; Show Parameter Settings Tables in Synthesis Report           ; On                 ; On                 ;
; Ignore Maximum Fan-Out Assignments                           ; Off                ; Off                ;
; Synchronization Register Chain Length                        ; 2                  ; 2                  ;
; PowerPlay Power Optimization                                 ; Normal compilation ; Normal compilation ;
; HDL message level                                            ; Level2             ; Level2             ;
; Suppress Register Optimization Related Messages              ; Off                ; Off                ;
; Number of Removed Registers Reported in Synthesis Report     ; 100                ; 100                ;
; Number of Inverted Registers Reported in Synthesis Report    ; 100                ; 100                ;
; Clock MUX Protection                                         ; On                 ; On                 ;
; Block Design Naming                                          ; Auto               ; Auto               ;
; Synthesis Effort                                             ; Auto               ; Auto               ;
; Shift Register Replacement - Allow Asynchronous Clear Signal ; On                 ; On                 ;
; Analysis & Synthesis Message Level                           ; Medium             ; Medium             ;
+--------------------------------------------------------------+--------------------+--------------------+


+-------------------------------------------------------------------------------------------------------------------------------------------------------------------+
; Analysis & Synthesis Source Files Read                                                                                                                            ;
+----------------------------------+-----------------+------------------------------------+-------------------------------------------------------------------------+
; File Name with User-Entered Path ; Used in Netlist ; File Type                          ; File Name with Absolute Path                                            ;
+----------------------------------+-----------------+------------------------------------+-------------------------------------------------------------------------+
; pwm16.vhd                        ; yes             ; User VHDL File                     ; E:/CIC-560/Examples/Chapter6/6-14 pwmp16/pwm16.vhd                      ;
; pwmp16.bdf                       ; yes             ; User Block Diagram/Schematic File  ; E:/CIC-560/Examples/Chapter6/6-14 pwmp16/pwmp16.bdf                     ;
; scankdpp4.vhd                    ; yes             ; Auto-Found VHDL File               ; E:/CIC-560/Examples/Chapter6/6-14 pwmp16/scankdpp4.vhd                  ;
; keybpg.vhd                       ; yes             ; Auto-Found VHDL File               ; E:/CIC-560/Examples/Chapter6/6-14 pwmp16/keybpg.vhd                     ;
; LPM_COUNTER.tdf                  ; yes             ; Megafunction                       ; c:/altera/90sp2/quartus/libraries/megafunctions/LPM_COUNTER.tdf         ;
; lpm_constant.inc                 ; yes             ; Megafunction                       ; c:/altera/90sp2/quartus/libraries/megafunctions/lpm_constant.inc        ;
; lpm_decode.inc                   ; yes             ; Megafunction                       ; c:/altera/90sp2/quartus/libraries/megafunctions/lpm_decode.inc          ;
; lpm_add_sub.inc                  ; yes             ; Megafunction                       ; c:/altera/90sp2/quartus/libraries/megafunctions/lpm_add_sub.inc         ;
; cmpconst.inc                     ; yes             ; Megafunction                       ; c:/altera/90sp2/quartus/libraries/megafunctions/cmpconst.inc            ;
; lpm_compare.inc                  ; yes             ; Megafunction                       ; c:/altera/90sp2/quartus/libraries/megafunctions/lpm_compare.inc         ;
; lpm_counter.inc                  ; yes             ; Megafunction                       ; c:/altera/90sp2/quartus/libraries/megafunctions/lpm_counter.inc         ;
; dffeea.inc                       ; yes             ; Megafunction                       ; c:/altera/90sp2/quartus/libraries/megafunctions/dffeea.inc              ;
; alt_synch_counter.inc            ; yes             ; Megafunction                       ; c:/altera/90sp2/quartus/libraries/megafunctions/alt_synch_counter.inc   ;
; alt_synch_counter_f.inc          ; yes             ; Megafunction                       ; c:/altera/90sp2/quartus/libraries/megafunctions/alt_synch_counter_f.inc ;
; alt_counter_f10ke.inc            ; yes             ; Megafunction                       ; c:/altera/90sp2/quartus/libraries/megafunctions/alt_counter_f10ke.inc   ;
; alt_counter_stratix.inc          ; yes             ; Megafunction                       ; c:/altera/90sp2/quartus/libraries/megafunctions/alt_counter_stratix.inc ;
; aglobal90.inc                    ; yes             ; Megafunction                       ; c:/altera/90sp2/quartus/libraries/megafunctions/aglobal90.inc           ;
; db/cntr_n8i.tdf                  ; yes             ; Auto-Generated Megafunction        ; E:/CIC-560/Examples/Chapter6/6-14 pwmp16/db/cntr_n8i.tdf                ;
; debounceg.vhd                    ; yes             ; Auto-Found VHDL File               ; E:/CIC-560/Examples/Chapter6/6-14 pwmp16/debounceg.vhd                  ;
; sel4.vhd                         ; yes             ; Auto-Found VHDL File               ; E:/CIC-560/Examples/Chapter6/6-14 pwmp16/sel4.vhd                       ;
; decod4.vhd                       ; yes             ; Auto-Found VHDL File               ; E:/CIC-560/Examples/Chapter6/6-14 pwmp16/decod4.vhd                     ;
; keyps4.vhd                       ; yes             ; Auto-Found VHDL File               ; E:/CIC-560/Examples/Chapter6/6-14 pwmp16/keyps4.vhd                     ;
; sftd15.vhd                       ; yes             ; Auto-Found VHDL File               ; E:/CIC-560/Examples/Chapter6/6-14 pwmp16/sftd15.vhd                     ;
+----------------------------------+-----------------+------------------------------------+-------------------------------------------------------------------------+


+-----------------------------------------------------+
; Analysis & Synthesis Resource Usage Summary         ;
+---------------------------------------------+-------+
; Resource                                    ; Usage ;
+---------------------------------------------+-------+
; Total logic elements                        ; 150   ;
;     -- Combinational with no register       ; 60    ;
;     -- Register only                        ; 41    ;
;     -- Combinational with a register        ; 49    ;
;                                             ;       ;
; Logic element usage by number of LUT inputs ;       ;
;     -- 4 input functions                    ; 36    ;
;     -- 3 input functions                    ; 37    ;
;     -- 2 input functions                    ; 32    ;
;     -- 1 input functions                    ; 3     ;
;     -- 0 input functions                    ; 1     ;
;                                             ;       ;
; Logic elements by mode                      ;       ;
;     -- normal mode                          ; 98    ;
;     -- arithmetic mode                      ; 52    ;
;     -- qfbk mode                            ; 0     ;
;     -- register cascade mode                ; 0     ;
;     -- synchronous clear/load mode          ; 33    ;
;     -- asynchronous clear/load mode         ; 20    ;
;                                             ;       ;
; Total registers                             ; 90    ;
; Total logic cells in carry chains           ; 57    ;
; I/O pins                                    ; 49    ;
; Maximum fan-out node                        ; sclk  ;
; Maximum fan-out                             ; 37    ;
; Total fan-out                               ; 585   ;
; Average fan-out                             ; 2.94  ;
+---------------------------------------------+-------+


+--------------------------------------------------------------------------------------------------------------------------------------------------------------------------------------------------------------------------------------------------------------------------------------------+
; Analysis & Synthesis Resource Utilization by Entity                                                                                                                                                                                                                                        ;
+---------------------------------------+-------------+--------------+-------------+------+--------------+--------------+-------------------+------------------+-----------------+------------+-------------------------------------------------------------------------------+--------------+
; Compilation Hierarchy Node            ; Logic Cells ; LC Registers ; Memory Bits ; Pins ; Virtual Pins ; LUT-Only LCs ; Register-Only LCs ; LUT/Register LCs ; Carry Chain LCs ; Packed LCs ; Full Hierarchy Name                                                           ; Library Name ;
+---------------------------------------+-------------+--------------+-------------+------+--------------+--------------+-------------------+------------------+-----------------+------------+-------------------------------------------------------------------------------+--------------+
; |pwmp16                               ; 150 (0)     ; 90           ; 0           ; 49   ; 0            ; 60 (0)       ; 41 (0)            ; 49 (0)           ; 57 (0)          ; 0 (0)      ; |pwmp16                                                                       ; work         ;
;    |pwm16:inst|                       ; 61 (61)     ; 33           ; 0           ; 0    ; 0            ; 28 (28)      ; 16 (16)           ; 17 (17)          ; 32 (32)         ; 0 (0)      ; |pwmp16|pwm16:inst                                                            ; work         ;
;    |scankdpp4:inst7|                  ; 89 (27)     ; 57           ; 0           ; 0    ; 0            ; 32 (19)      ; 25 (2)            ; 32 (6)           ; 25 (5)          ; 0 (0)      ; |pwmp16|scankdpp4:inst7                                                       ; work         ;
;       |keybpg:key|                    ; 42 (4)      ; 29           ; 0           ; 0    ; 0            ; 13 (0)       ; 4 (4)             ; 25 (0)           ; 20 (0)          ; 0 (0)      ; |pwmp16|scankdpp4:inst7|keybpg:key                                            ; work         ;
;          |debounceg:u0|               ; 23 (23)     ; 16           ; 0           ; 0    ; 0            ; 7 (7)        ; 0 (0)             ; 16 (16)          ; 16 (16)         ; 0 (0)      ; |pwmp16|scankdpp4:inst7|keybpg:key|debounceg:u0                               ; work         ;
;          |decod4:u2|                  ; 4 (4)       ; 0            ; 0           ; 0    ; 0            ; 4 (4)        ; 0 (0)             ; 0 (0)            ; 0 (0)           ; 0 (0)      ; |pwmp16|scankdpp4:inst7|keybpg:key|decod4:u2                                  ; work         ;
;          |keyps4:u3|                  ; 5 (5)       ; 5            ; 0           ; 0    ; 0            ; 0 (0)        ; 0 (0)             ; 5 (5)            ; 0 (0)           ; 0 (0)      ; |pwmp16|scankdpp4:inst7|keybpg:key|keyps4:u3                                  ; work         ;
;          |lpm_counter:count4|         ; 4 (0)       ; 4            ; 0           ; 0    ; 0            ; 0 (0)        ; 0 (0)             ; 4 (0)            ; 4 (0)           ; 0 (0)      ; |pwmp16|scankdpp4:inst7|keybpg:key|lpm_counter:count4                         ; work         ;
;             |cntr_n8i:auto_generated| ; 4 (4)       ; 4            ; 0           ; 0    ; 0            ; 0 (0)        ; 0 (0)             ; 4 (4)            ; 4 (4)           ; 0 (0)      ; |pwmp16|scankdpp4:inst7|keybpg:key|lpm_counter:count4|cntr_n8i:auto_generated ; work         ;
;          |sel4:u1|                    ; 2 (2)       ; 0            ; 0           ; 0    ; 0            ; 2 (2)        ; 0 (0)             ; 0 (0)            ; 0 (0)           ; 0 (0)      ; |pwmp16|scankdpp4:inst7|keybpg:key|sel4:u1                                    ; work         ;
;       |sftd15:sft|                    ; 20 (20)     ; 20           ; 0           ; 0    ; 0            ; 0 (0)        ; 19 (19)           ; 1 (1)            ; 0 (0)           ; 0 (0)      ; |pwmp16|scankdpp4:inst7|sftd15:sft                                            ; work         ;
+---------------------------------------+-------------+--------------+-------------+------+--------------+--------------+-------------------+------------------+-----------------+------------+-------------------------------------------------------------------------------+--------------+
Note: For table entries with two numbers listed, the numbers in parentheses indicate the number of resources of the given type used by the specific entity alone. The numbers listed outside of parentheses indicate the total resources of the given type used by the specific entity and all of its sub-entities in the hierarchy.


+------------------------------------------------------------+
; Registers Removed During Synthesis                         ;
+---------------------------------------+--------------------+
; Register name                         ; Reason for Removal ;
+---------------------------------------+--------------------+
; scankdpp4:inst7|divd[6]               ; Lost fanout        ;
; Total Number of Removed Registers = 1 ;                    ;
+---------------------------------------+--------------------+


+------------------------------------------------------+
; General Register Statistics                          ;
+----------------------------------------------+-------+
; Statistic                                    ; Value ;
+----------------------------------------------+-------+
; Total registers                              ; 90    ;
; Number of registers using Synchronous Clear  ; 17    ;
; Number of registers using Synchronous Load   ; 16    ;
; Number of registers using Asynchronous Clear ; 16    ;
; Number of registers using Asynchronous Load  ; 4     ;
; Number of registers using Clock Enable       ; 36    ;
; Number of registers using Preset             ; 0     ;
+----------------------------------------------+-------+


+------------------------------------------------------------------------------------------------------------------------------------------------------------------------+
; Multiplexer Restructuring Statistics (Restructuring Performed)                                                                                                         ;
+--------------------+-----------+---------------+----------------------+------------------------+------------+----------------------------------------------------------+
; Multiplexer Inputs ; Bus Width ; Baseline Area ; Area if Restructured ; Saving if Restructured ; Registered ; Example Multiplexer Output                               ;
+--------------------+-----------+---------------+----------------------+------------------------+------------+----------------------------------------------------------+
; 3:1                ; 16 bits   ; 32 LEs        ; 16 LEs               ; 16 LEs                 ; Yes        ; |pwmp16|pwm16:inst|cnt[11]                               ;
; 3:1                ; 16 bits   ; 32 LEs        ; 16 LEs               ; 16 LEs                 ; Yes        ; |pwmp16|scankdpp4:inst7|keybpg:key|debounceg:u0|count[0] ;
; 4:1                ; 4 bits    ; 8 LEs         ; 8 LEs                ; 0 LEs                  ; No         ; |pwmp16|scankdpp4:inst7|Mux4                             ;
+--------------------+-----------+---------------+----------------------+------------------------+------------+----------------------------------------------------------+


+----------------------------------------------------------------------+
; Source assignments for scankdpp4:inst7|keybpg:key|LPM_COUNTER:count4 ;
+---------------------------+-------+------+---------------------------+
; Assignment                ; Value ; From ; To                        ;
+---------------------------+-------+------+---------------------------+
; SUPPRESS_DA_RULE_INTERNAL ; a101  ; -    ; -                         ;
; SUPPRESS_DA_RULE_INTERNAL ; s102  ; -    ; -                         ;
; SUPPRESS_DA_RULE_INTERNAL ; s103  ; -    ; -                         ;
+---------------------------+-------+------+---------------------------+


+--------------------------------------------------------------------------------------------+
; Parameter Settings for User Entity Instance: scankdpp4:inst7|keybpg:key|LPM_COUNTER:count4 ;
+------------------------+-------------------+-----------------------------------------------+
; Parameter Name         ; Value             ; Type                                          ;
+------------------------+-------------------+-----------------------------------------------+
; AUTO_CARRY_CHAINS      ; ON                ; AUTO_CARRY                                    ;
; IGNORE_CARRY_BUFFERS   ; OFF               ; IGNORE_CARRY                                  ;
; AUTO_CASCADE_CHAINS    ; ON                ; AUTO_CASCADE                                  ;
; IGNORE_CASCADE_BUFFERS ; OFF               ; IGNORE_CASCADE                                ;
; LPM_WIDTH              ; 4                 ; Signed Integer                                ;
; LPM_DIRECTION          ; DEFAULT           ; Untyped                                       ;
; LPM_MODULUS            ; 0                 ; Signed Integer                                ;
; LPM_AVALUE             ; UNUSED            ; Untyped                                       ;
; LPM_SVALUE             ; UNUSED            ; Untyped                                       ;
; LPM_PORT_UPDOWN        ; PORT_CONNECTIVITY ; Untyped                                       ;
; DEVICE_FAMILY          ; Cyclone           ; Untyped                                       ;
; CARRY_CHAIN            ; MANUAL            ; Untyped                                       ;
; CARRY_CHAIN_LENGTH     ; 48                ; CARRY_CHAIN_LENGTH                            ;
; NOT_GATE_PUSH_BACK     ; ON                ; NOT_GATE_PUSH_BACK                            ;
; CARRY_CNT_EN           ; SMART             ; Untyped                                       ;
; LABWIDE_SCLR           ; ON                ; Untyped                                       ;
; USE_NEW_VERSION        ; TRUE              ; Untyped                                       ;
; CBXI_PARAMETER         ; cntr_n8i          ; Untyped                                       ;
+------------------------+-------------------+-----------------------------------------------+
Note: In order to hide this table in the UI and the text report file, please set the "Show Parameter Settings Tables in Synthesis Report" option in "Analysis and Synthesis Settings -> More Settings" to "Off".


+----------------------------------------------------------------------------------------------------------------+
; Port Connectivity Checks: "scankdpp4:inst7|sftd15:sft"                                                         ;
+------+--------+----------+-------------------------------------------------------------------------------------+
; Port ; Type   ; Severity ; Details                                                                             ;
+------+--------+----------+-------------------------------------------------------------------------------------+
; sfto ; Output ; Info     ; Connected to dangling logic. Logic that only feeds a dangling port will be removed. ;
+------+--------+----------+-------------------------------------------------------------------------------------+


+-------------------------------+
; Analysis & Synthesis Messages ;
+-------------------------------+
Info: *******************************************************************
Info: Running Quartus II Analysis & Synthesis
    Info: Version 9.0 Build 235 06/17/2009 Service Pack 2 SJ Web Edition
    Info: Processing started: Wed Jun 30 09:26:05 2021
Info: Command: quartus_map --read_settings_files=on --write_settings_files=off pwmp16 -c PWMP16
Info: Found 2 design units, including 1 entities, in source file pwm16.vhd
    Info: Found design unit 1: pwm16-pwm16_arch
    Info: Found entity 1: pwm16
Info: Found 1 design units, including 1 entities, in source file pwmp16.bdf
    Info: Found entity 1: pwmp16
Warning: Can't analyze file -- file E:/CIC-560/Examples/Chapter6/scankdpp4/sftd15.vhd is missing
Warning: Can't analyze file -- file E:/CIC-560/Examples/Chapter6/scankdpp4/debounceg.vhd is missing
Warning: Can't analyze file -- file E:/CIC-560/Examples/Chapter6/scankdpp4/decod4.vhd is missing
Warning: Can't analyze file -- file E:/CIC-560/Examples/Chapter6/scankdpp4/fgdkey.bdf is missing
Warning: Can't analyze file -- file E:/CIC-560/Examples/Chapter6/scankdpp4/keybpg.vhd is missing
Warning: Can't analyze file -- file E:/CIC-560/Examples/Chapter6/scankdpp4/keyps4.vhd is missing
Warning: Can't analyze file -- file E:/CIC-560/Examples/Chapter6/scankdpp4/scankdpp4.vhd is missing
Warning: Can't analyze file -- file E:/CIC-560/Examples/Chapter6/scankdpp4/sel4.vhd is missing
Warning: Can't analyze file -- file E:/CIC-560/Examples/Chapter6/scankdpp4/keybpg/scank44.vhd is missing
Warning: Can't analyze file -- file E:/CIC-560/Examples/Chapter6/ACPWMSINE/scank44.vhd is missing
Info: Elaborating entity "pwmp16" for the top level hierarchy
Info: Elaborating entity "pwm16" for hierarchy "pwm16:inst"
Warning (10492): VHDL Process Statement warning at pwm16.vhd(24): signal "prd" is read inside the Process Statement but isn't in the Process Statement's sensitivity list
Warning (10492): VHDL Process Statement warning at pwm16.vhd(52): signal "en" is read inside the Process Statement but isn't in the Process Statement's sensitivity list
Warning (10492): VHDL Process Statement warning at pwm16.vhd(52): signal "prd" is read inside the Process Statement but isn't in the Process Statement's sensitivity list
Warning: Using design file scankdpp4.vhd, which is not specified as a design file for the current project, but contains definitions for 2 design units and 1 entities in project
    Info: Found design unit 1: scankdpp4-scankdpp4_arch
    Info: Found entity 1: scankdpp4
Info: Elaborating entity "scankdpp4" for hierarchy "scankdpp4:inst7"
Warning (10036): Verilog HDL or VHDL warning at scankdpp4.vhd(21): object "sfto" assigned a value but never read
Warning: Using design file keybpg.vhd, which is not specified as a design file for the current project, but contains definitions for 2 design units and 1 entities in project
    Info: Found design unit 1: keybpg-keybpg_ARCH
    Info: Found entity 1: keybpg
Info: Elaborating entity "keybpg" for hierarchy "scankdpp4:inst7|keybpg:key"
Info: Elaborating entity "LPM_COUNTER" for hierarchy "scankdpp4:inst7|keybpg:key|LPM_COUNTER:count4"
Info: Elaborated megafunction instantiation "scankdpp4:inst7|keybpg:key|LPM_COUNTER:count4"
Info: Instantiated megafunction "scankdpp4:inst7|keybpg:key|LPM_COUNTER:count4" with the following parameter:
    Info: Parameter "LPM_WIDTH" = "4"
    Info: Parameter "LPM_MODULUS" = "0"
    Info: Parameter "LPM_DIRECTION" = "UNUSED"
    Info: Parameter "LPM_AVALUE" = "UNUSED"
    Info: Parameter "LPM_SVALUE" = "UNUSED"
    Info: Parameter "LPM_PORT_UPDOWN" = "PORT_CONNECTIVITY"
    Info: Parameter "LPM_PVALUE" = "UNUSED"
    Info: Parameter "LPM_TYPE" = "LPM_COUNTER"
    Info: Parameter "LPM_HINT" = "UNUSED"
Info: Found 1 design units, including 1 entities, in source file db/cntr_n8i.tdf
    Info: Found entity 1: cntr_n8i
Info: Elaborating entity "cntr_n8i" for hierarchy "scankdpp4:inst7|keybpg:key|LPM_COUNTER:count4|cntr_n8i:auto_generated"
Warning: Using design file debounceg.vhd, which is not specified as a design file for the current project, but contains definitions for 2 design units and 1 entities in project
    Info: Found design unit 1: debounceg-debounceg_arch
    Info: Found entity 1: debounceg
Info: Elaborating entity "debounceg" for hierarchy "scankdpp4:inst7|keybpg:key|debounceg:u0"
Warning: Using design file sel4.vhd, which is not specified as a design file for the current project, but contains definitions for 2 design units and 1 entities in project
    Info: Found design unit 1: sel4-sel4_arch
    Info: Found entity 1: sel4
Info: Elaborating entity "sel4" for hierarchy "scankdpp4:inst7|keybpg:key|sel4:u1"
Warning: Using design file decod4.vhd, which is not specified as a design file for the current project, but contains definitions for 2 design units and 1 entities in project
    Info: Found design unit 1: decod4-decod4_arch
    Info: Found entity 1: decod4
Info: Elaborating entity "decod4" for hierarchy "scankdpp4:inst7|keybpg:key|decod4:u2"
Warning: Using design file keyps4.vhd, which is not specified as a design file for the current project, but contains definitions for 2 design units and 1 entities in project
    Info: Found design unit 1: keyps4-keyps4_arch
    Info: Found entity 1: keyps4
Info: Elaborating entity "keyps4" for hierarchy "scankdpp4:inst7|keybpg:key|keyps4:u3"
Warning: Using design file sftd15.vhd, which is not specified as a design file for the current project, but contains definitions for 2 design units and 1 entities in project
    Info: Found design unit 1: sftd15-sftd15_arch
    Info: Found entity 1: sftd15
Info: Elaborating entity "sftd15" for hierarchy "scankdpp4:inst7|sftd15:sft"
Warning (10492): VHDL Process Statement warning at sftd15.vhd(46): signal "clr" is read inside the Process Statement but isn't in the Process Statement's sensitivity list
Info: 1 registers lost all their fanouts during netlist optimizations. The first 1 are displayed below.
    Info: Register "scankdpp4:inst7|divd[6]" lost all its fanouts during netlist optimizations.
Info: Implemented 199 device resources after synthesis - the final resource count might be different
    Info: Implemented 10 input pins
    Info: Implemented 39 output pins
    Info: Implemented 150 logic cells
Info: Quartus II Analysis & Synthesis was successful. 0 errors, 22 warnings
    Info: Peak virtual memory: 249 megabytes
    Info: Processing ended: Wed Jun 30 09:26:20 2021
    Info: Elapsed time: 00:00:15
    Info: Total CPU time (on all processors): 00:00:06


