Classic Timing Analyzer report for SEGMENT7
Thu May 30 13:19:04 2024
Quartus II Version 9.0 Build 235 06/17/2009 Service Pack 2 SJ Web Edition


---------------------
; Table of Contents ;
---------------------
  1. Legal Notice
  2. Timing Analyzer Summary
  3. Timing Analyzer Settings
  4. Parallel Compilation
  5. tpd
  6. Minimum tpd
  7. Timing Analyzer Messages



----------------
; Legal Notice ;
----------------
Copyright (C) 1991-2009 Altera Corporation
Your use of Altera Corporation's design tools, logic functions 
and other software and tools, and its AMPP partner logic 
functions, and any output files from any of the foregoing 
(including device programming or simulation files), and any 
associated documentation or information are expressly subject 
to the terms and conditions of the Altera Program License 
Subscription Agreement, Altera MegaCore Function License 
Agreement, or other applicable license agreement, including, 
without limitation, that your use is for the sole purpose of 
programming logic devices manufactured by Altera and sold by 
Altera or its authorized distributors.  Please refer to the 
applicable agreement for further details.



+---------------------------------------------------------------------------------------------------------------------------+
; Timing Analyzer Summary                                                                                                   ;
+------------------------------+-------+---------------+-------------+------+--------+------------+----------+--------------+
; Type                         ; Slack ; Required Time ; Actual Time ; From ; To     ; From Clock ; To Clock ; Failed Paths ;
+------------------------------+-------+---------------+-------------+------+--------+------------+----------+--------------+
; Worst-case tpd               ; N/A   ; None          ; 10.967 ns   ; i[0] ; seg[1] ; --         ; --       ; 0            ;
; Worst-case Minimum tpd       ; N/A   ; None          ; 10.029 ns   ; i[1] ; seg[4] ; --         ; --       ; 0            ;
; Total number of failed paths ;       ;               ;             ;      ;        ;            ;          ; 0            ;
+------------------------------+-------+---------------+-------------+------+--------+------------+----------+--------------+


+--------------------------------------------------------------------------------------------------------------------+
; Timing Analyzer Settings                                                                                           ;
+---------------------------------------------------------------------+--------------------+------+----+-------------+
; Option                                                              ; Setting            ; From ; To ; Entity Name ;
+---------------------------------------------------------------------+--------------------+------+----+-------------+
; Device Name                                                         ; EP1C12Q240C8       ;      ;    ;             ;
; Timing Models                                                       ; Final              ;      ;    ;             ;
; Default hold multicycle                                             ; Same as Multicycle ;      ;    ;             ;
; Cut paths between unrelated clock domains                           ; On                 ;      ;    ;             ;
; Cut off read during write signal paths                              ; On                 ;      ;    ;             ;
; Cut off feedback from I/O pins                                      ; On                 ;      ;    ;             ;
; Report Combined Fast/Slow Timing                                    ; Off                ;      ;    ;             ;
; Ignore Clock Settings                                               ; Off                ;      ;    ;             ;
; Analyze latches as synchronous elements                             ; Off                ;      ;    ;             ;
; Enable Recovery/Removal analysis                                    ; Off                ;      ;    ;             ;
; Enable Clock Latency                                                ; Off                ;      ;    ;             ;
; Use TimeQuest Timing Analyzer                                       ; Off                ;      ;    ;             ;
; Number of source nodes to report per destination node               ; 10                 ;      ;    ;             ;
; Number of destination nodes to report                               ; 10                 ;      ;    ;             ;
; Number of paths to report                                           ; 200                ;      ;    ;             ;
; Report Minimum Timing Checks                                        ; On                 ;      ;    ;             ;
; Use Fast Timing Models                                              ; Off                ;      ;    ;             ;
; Report IO Paths Separately                                          ; Off                ;      ;    ;             ;
; Perform Multicorner Analysis                                        ; Off                ;      ;    ;             ;
; Reports the worst-case path for each clock domain and analysis      ; Off                ;      ;    ;             ;
; Removes common clock path pessimism (CCPP) during slack computation ; Off                ;      ;    ;             ;
; Output I/O Timing Endpoint                                          ; Near End           ;      ;    ;             ;
+---------------------------------------------------------------------+--------------------+------+----+-------------+


Parallel compilation was disabled, but you have multiple processors available. Enable parallel compilation to reduce compilation time.
+-------------------------------------+
; Parallel Compilation                ;
+----------------------------+--------+
; Processors                 ; Number ;
+----------------------------+--------+
; Number detected on machine ; 8      ;
; Maximum allowed            ; 1      ;
+----------------------------+--------+


+-------------------------------------------------------------+
; tpd                                                         ;
+-------+-------------------+-----------------+------+--------+
; Slack ; Required P2P Time ; Actual P2P Time ; From ; To     ;
+-------+-------------------+-----------------+------+--------+
; N/A   ; None              ; 10.967 ns       ; i[0] ; seg[1] ;
; N/A   ; None              ; 10.962 ns       ; i[0] ; seg[2] ;
; N/A   ; None              ; 10.960 ns       ; i[0] ; seg[0] ;
; N/A   ; None              ; 10.959 ns       ; i[0] ; seg[3] ;
; N/A   ; None              ; 10.786 ns       ; i[2] ; seg[1] ;
; N/A   ; None              ; 10.781 ns       ; i[2] ; seg[2] ;
; N/A   ; None              ; 10.774 ns       ; i[2] ; seg[0] ;
; N/A   ; None              ; 10.770 ns       ; i[2] ; seg[3] ;
; N/A   ; None              ; 10.664 ns       ; i[3] ; seg[1] ;
; N/A   ; None              ; 10.660 ns       ; i[3] ; seg[2] ;
; N/A   ; None              ; 10.660 ns       ; i[3] ; seg[0] ;
; N/A   ; None              ; 10.651 ns       ; i[3] ; seg[3] ;
; N/A   ; None              ; 10.526 ns       ; i[0] ; seg[6] ;
; N/A   ; None              ; 10.523 ns       ; i[0] ; seg[4] ;
; N/A   ; None              ; 10.522 ns       ; i[0] ; seg[5] ;
; N/A   ; None              ; 10.474 ns       ; i[1] ; seg[1] ;
; N/A   ; None              ; 10.469 ns       ; i[1] ; seg[2] ;
; N/A   ; None              ; 10.463 ns       ; i[1] ; seg[0] ;
; N/A   ; None              ; 10.454 ns       ; i[1] ; seg[3] ;
; N/A   ; None              ; 10.345 ns       ; i[2] ; seg[6] ;
; N/A   ; None              ; 10.341 ns       ; i[2] ; seg[5] ;
; N/A   ; None              ; 10.341 ns       ; i[2] ; seg[4] ;
; N/A   ; None              ; 10.224 ns       ; i[3] ; seg[5] ;
; N/A   ; None              ; 10.221 ns       ; i[3] ; seg[6] ;
; N/A   ; None              ; 10.218 ns       ; i[3] ; seg[4] ;
; N/A   ; None              ; 10.032 ns       ; i[1] ; seg[6] ;
; N/A   ; None              ; 10.029 ns       ; i[1] ; seg[5] ;
; N/A   ; None              ; 10.029 ns       ; i[1] ; seg[4] ;
+-------+-------------------+-----------------+------+--------+


+---------------------------------------------------------------------+
; Minimum tpd                                                         ;
+---------------+-------------------+-----------------+------+--------+
; Minimum Slack ; Required P2P Time ; Actual P2P Time ; From ; To     ;
+---------------+-------------------+-----------------+------+--------+
; N/A           ; None              ; 10.029 ns       ; i[1] ; seg[4] ;
; N/A           ; None              ; 10.029 ns       ; i[1] ; seg[5] ;
; N/A           ; None              ; 10.032 ns       ; i[1] ; seg[6] ;
; N/A           ; None              ; 10.218 ns       ; i[3] ; seg[4] ;
; N/A           ; None              ; 10.221 ns       ; i[3] ; seg[6] ;
; N/A           ; None              ; 10.224 ns       ; i[3] ; seg[5] ;
; N/A           ; None              ; 10.341 ns       ; i[2] ; seg[4] ;
; N/A           ; None              ; 10.341 ns       ; i[2] ; seg[5] ;
; N/A           ; None              ; 10.345 ns       ; i[2] ; seg[6] ;
; N/A           ; None              ; 10.454 ns       ; i[1] ; seg[3] ;
; N/A           ; None              ; 10.463 ns       ; i[1] ; seg[0] ;
; N/A           ; None              ; 10.469 ns       ; i[1] ; seg[2] ;
; N/A           ; None              ; 10.474 ns       ; i[1] ; seg[1] ;
; N/A           ; None              ; 10.522 ns       ; i[0] ; seg[5] ;
; N/A           ; None              ; 10.523 ns       ; i[0] ; seg[4] ;
; N/A           ; None              ; 10.526 ns       ; i[0] ; seg[6] ;
; N/A           ; None              ; 10.651 ns       ; i[3] ; seg[3] ;
; N/A           ; None              ; 10.660 ns       ; i[3] ; seg[0] ;
; N/A           ; None              ; 10.660 ns       ; i[3] ; seg[2] ;
; N/A           ; None              ; 10.664 ns       ; i[3] ; seg[1] ;
; N/A           ; None              ; 10.770 ns       ; i[2] ; seg[3] ;
; N/A           ; None              ; 10.774 ns       ; i[2] ; seg[0] ;
; N/A           ; None              ; 10.781 ns       ; i[2] ; seg[2] ;
; N/A           ; None              ; 10.786 ns       ; i[2] ; seg[1] ;
; N/A           ; None              ; 10.959 ns       ; i[0] ; seg[3] ;
; N/A           ; None              ; 10.960 ns       ; i[0] ; seg[0] ;
; N/A           ; None              ; 10.962 ns       ; i[0] ; seg[2] ;
; N/A           ; None              ; 10.967 ns       ; i[0] ; seg[1] ;
+---------------+-------------------+-----------------+------+--------+


+--------------------------+
; Timing Analyzer Messages ;
+--------------------------+
Info: *******************************************************************
Info: Running Quartus II Classic Timing Analyzer
    Info: Version 9.0 Build 235 06/17/2009 Service Pack 2 SJ Web Edition
    Info: Processing started: Thu May 30 13:19:04 2024
Info: Command: quartus_tan --read_settings_files=off --write_settings_files=off SEGMENT7 -c SEGMENT7 --timing_analysis_only
Info: Longest tpd from source pin "i[0]" to destination pin "seg[1]" is 10.967 ns
    Info: 1: + IC(0.000 ns) + CELL(1.469 ns) = 1.469 ns; Loc. = PIN_1; Fanout = 7; PIN Node = 'i[0]'
    Info: 2: + IC(5.248 ns) + CELL(0.590 ns) = 7.307 ns; Loc. = LC_X1_Y23_N5; Fanout = 1; COMB Node = 'seg~118'
    Info: 3: + IC(1.536 ns) + CELL(2.124 ns) = 10.967 ns; Loc. = PIN_16; Fanout = 0; PIN Node = 'seg[1]'
    Info: Total cell delay = 4.183 ns ( 38.14 % )
    Info: Total interconnect delay = 6.784 ns ( 61.86 % )
Info: Shortest tpd from source pin "i[1]" to destination pin "seg[4]" is 10.029 ns
    Info: 1: + IC(0.000 ns) + CELL(1.469 ns) = 1.469 ns; Loc. = PIN_2; Fanout = 7; PIN Node = 'i[1]'
    Info: 2: + IC(5.230 ns) + CELL(0.114 ns) = 6.813 ns; Loc. = LC_X1_Y23_N6; Fanout = 1; COMB Node = 'seg~121'
    Info: 3: + IC(1.092 ns) + CELL(2.124 ns) = 10.029 ns; Loc. = PIN_13; Fanout = 0; PIN Node = 'seg[4]'
    Info: Total cell delay = 3.707 ns ( 36.96 % )
    Info: Total interconnect delay = 6.322 ns ( 63.04 % )
Info: Quartus II Classic Timing Analyzer was successful. 0 errors, 0 warnings
    Info: Peak virtual memory: 191 megabytes
    Info: Processing ended: Thu May 30 13:19:05 2024
    Info: Elapsed time: 00:00:01
    Info: Total CPU time (on all processors): 00:00:00


