Flow report for SEGMENT7
Thu May 30 13:19:04 2024
Quartus II Version 9.0 Build 235 06/17/2009 Service Pack 2 SJ Web Edition


---------------------
; Table of Contents ;
---------------------
  1. Legal Notice
  2. Flow Summary
  3. Flow Settings
  4. Flow Non-Default Global Settings
  5. Flow Elapsed Time
  6. Flow OS Summary
  7. Flow Log



----------------
; Legal Notice ;
----------------
Copyright (C) 1991-2009 Altera Corporation
Your use of Altera Corporation's design tools, logic functions 
and other software and tools, and its AMPP partner logic 
functions, and any output files from any of the foregoing 
(including device programming or simulation files), and any 
associated documentation or information are expressly subject 
to the terms and conditions of the Altera Program License 
Subscription Agreement, Altera MegaCore Function License 
Agreement, or other applicable license agreement, including, 
without limitation, that your use is for the sole purpose of 
programming logic devices manufactured by Altera and sold by 
Altera or its authorized distributors.  Please refer to the 
applicable agreement for further details.



+------------------------------------------------------------------------+
; Flow Summary                                                           ;
+-------------------------+----------------------------------------------+
; Flow Status             ; Successful - Thu May 30 13:19:04 2024        ;
; Quartus II Version      ; 9.0 Build 235 06/17/2009 SP 2 SJ Web Edition ;
; Revision Name           ; SEGMENT7                                     ;
; Top-level Entity Name   ; SEGMENT7                                     ;
; Family                  ; Cyclone                                      ;
; Device                  ; EP1C12Q240C8                                 ;
; Timing Models           ; Final                                        ;
; Met timing requirements ; Yes                                          ;
; Total logic elements    ; 7 / 12,060 ( < 1 % )                         ;
; Total pins              ; 11 / 173 ( 6 % )                             ;
; Total virtual pins      ; 0                                            ;
; Total memory bits       ; 0 / 239,616 ( 0 % )                          ;
; Total PLLs              ; 0 / 2 ( 0 % )                                ;
+-------------------------+----------------------------------------------+


+-----------------------------------------+
; Flow Settings                           ;
+-------------------+---------------------+
; Option            ; Setting             ;
+-------------------+---------------------+
; Start date & time ; 05/30/2024 13:17:35 ;
; Main task         ; Compilation         ;
; Revision Name     ; SEGMENT7            ;
+-------------------+---------------------+


+-----------------------------------------------------------------------------------------------------------------------------------------------------------------------------------------+
; Flow Non-Default Global Settings                                                                                                                                                        ;
+-----------------------------------------------------------+----------------------------------------------------------------------------------+---------------+-------------+------------+
; Assignment Name                                           ; Value                                                                            ; Default Value ; Entity Name ; Section Id ;
+-----------------------------------------------------------+----------------------------------------------------------------------------------+---------------+-------------+------------+
; ALLOW_LVTTL_LVCMOS_INPUT_LEVELS_TO_OVERDRIVE_INPUT_BUFFER ; On                                                                               ; Off           ; --          ; --         ;
; COMPILER_SIGNATURE_ID                                     ; 10995770589191.171704985512980                                                   ; --            ; --          ; --         ;
; FITTER_EFFORT                                             ; Standard Fit                                                                     ; Auto Fit      ; --          ; --         ;
; MAX_CONSECUTIVE_OUTPUTS_FOR_ELECTROMIGRATION              ; 100                                                                              ; --            ; --          ; --         ;
; MAX_CONSECUTIVE_VIO_OUTPUTS_FOR_ELECTROMIGRATION          ; 100                                                                              ; --            ; --          ; --         ;
; MAX_CURRENT_FOR_ELECTROMIGRATION                          ; 320                                                                              ; --            ; --          ; --         ;
; MAX_CURRENT_FOR_VIO_ELECTROMIGRATION                      ; 320                                                                              ; --            ; --          ; --         ;
; MISC_FILE                                                 ; G:/POLMAN/SEMESTER 4/PRAKTEK/STT1/SELASA/Praktikum 3 VHDL 7 Segment/SEGMENT7.dpf ; --            ; --          ; --         ;
; OVERRIDE_DEFAULT_ELECTROMIGRATION_PARAMETERS              ; On                                                                               ; Off           ; --          ; --         ;
; SMART_RECOMPILE                                           ; On                                                                               ; Off           ; --          ; --         ;
+-----------------------------------------------------------+----------------------------------------------------------------------------------+---------------+-------------+------------+


+-----------------------------------------------------------------------------------------------------------------------------+
; Flow Elapsed Time                                                                                                           ;
+-------------------------+--------------+-------------------------+---------------------+------------------------------------+
; Module Name             ; Elapsed Time ; Average Processors Used ; Peak Virtual Memory ; Total CPU Time (on all processors) ;
+-------------------------+--------------+-------------------------+---------------------+------------------------------------+
; Analysis & Synthesis    ; 00:00:02     ; 1.0                     ; 244 MB              ; 00:00:01                           ;
; Fitter                  ; 00:00:03     ; 1.0                     ; 267 MB              ; 00:00:02                           ;
; Assembler               ; 00:00:01     ; 1.0                     ; 229 MB              ; 00:00:01                           ;
; Classic Timing Analyzer ; 00:00:00     ; 1.0                     ; 178 MB              ; 00:00:00                           ;
; Fitter                  ; 00:00:03     ; 1.0                     ; 293 MB              ; 00:00:02                           ;
; Assembler               ; 00:00:01     ; 1.0                     ; 229 MB              ; 00:00:01                           ;
; Classic Timing Analyzer ; 00:00:01     ; 1.0                     ; 178 MB              ; 00:00:00                           ;
; Fitter                  ; 00:00:03     ; 1.0                     ; 293 MB              ; 00:00:02                           ;
; Assembler               ; 00:00:01     ; 1.0                     ; 229 MB              ; 00:00:01                           ;
; Classic Timing Analyzer ; 00:00:00     ; 1.0                     ; 178 MB              ; 00:00:00                           ;
; Total                   ; 00:00:15     ; --                      ; --                  ; 00:00:10                           ;
+-------------------------+--------------+-------------------------+---------------------+------------------------------------+


+------------------------------------------------------------------------------------------+
; Flow OS Summary                                                                          ;
+-------------------------+------------------+---------------+------------+----------------+
; Module Name             ; Machine Hostname ; OS Name       ; OS Version ; Processor type ;
+-------------------------+------------------+---------------+------------+----------------+
; Analysis & Synthesis    ; DESKTOP-MBGI9OU  ; Windows Vista ; 6.2        ; x86_64         ;
; Fitter                  ; DESKTOP-MBGI9OU  ; Windows Vista ; 6.2        ; x86_64         ;
; Assembler               ; DESKTOP-MBGI9OU  ; Windows Vista ; 6.2        ; x86_64         ;
; Classic Timing Analyzer ; DESKTOP-MBGI9OU  ; Windows Vista ; 6.2        ; x86_64         ;
; Fitter                  ; DESKTOP-MBGI9OU  ; Windows Vista ; 6.2        ; x86_64         ;
; Assembler               ; DESKTOP-MBGI9OU  ; Windows Vista ; 6.2        ; x86_64         ;
; Classic Timing Analyzer ; DESKTOP-MBGI9OU  ; Windows Vista ; 6.2        ; x86_64         ;
; Fitter                  ; DESKTOP-MBGI9OU  ; Windows Vista ; 6.2        ; x86_64         ;
; Assembler               ; DESKTOP-MBGI9OU  ; Windows Vista ; 6.2        ; x86_64         ;
; Classic Timing Analyzer ; DESKTOP-MBGI9OU  ; Windows Vista ; 6.2        ; x86_64         ;
+-------------------------+------------------+---------------+------------+----------------+


------------
; Flow Log ;
------------
quartus_map --read_settings_files=on --write_settings_files=off SEGMENT7 -c SEGMENT7
quartus_fit --read_settings_files=off --write_settings_files=off SEGMENT7 -c SEGMENT7
quartus_asm --read_settings_files=off --write_settings_files=off SEGMENT7 -c SEGMENT7
quartus_tan --read_settings_files=off --write_settings_files=off SEGMENT7 -c SEGMENT7 --timing_analysis_only
quartus_fit --read_settings_files=on --write_settings_files=off SEGMENT7 -c SEGMENT7
quartus_asm --read_settings_files=off --write_settings_files=off SEGMENT7 -c SEGMENT7
quartus_tan --read_settings_files=off --write_settings_files=off SEGMENT7 -c SEGMENT7 --timing_analysis_only
quartus_fit --read_settings_files=on --write_settings_files=off SEGMENT7 -c SEGMENT7
quartus_asm --read_settings_files=off --write_settings_files=off SEGMENT7 -c SEGMENT7
quartus_tan --read_settings_files=off --write_settings_files=off SEGMENT7 -c SEGMENT7 --timing_analysis_only



